<?xml version="1.0" encoding="UTF-8"?>
<testsuites name="jest tests" tests="74" failures="72" errors="0" time="453.076">
  <testsuite name="Header Component" errors="0" failures="11" skipped="0" timestamp="2025-03-30T15:09:03" time="40.13" tests="12">
    <testcase classname="Header Component renders logo and brand name" name="Header Component renders logo and brand name" time="0.485">
      <failure>TestingLibraryElementError: Unable to find an element with the text: /sistema de canchas/i. This could be because the text is broken up by multiple elements. In this case, you can provide a function for your text matcher to make your matcher more flexible.

Ignored nodes: comments, script, style
&lt;body&gt;
  &lt;div&gt;
    &lt;div
      class=&quot;MuiBox-root css-i9gxme&quot;
    &gt;
      &lt;header
        class=&quot;MuiPaper-root MuiPaper-elevation MuiPaper-elevation4 MuiAppBar-root MuiAppBar-colorPrimary MuiAppBar-positionStatic css-hip9hq-MuiPaper-root-MuiAppBar-root&quot;
      &gt;
        &lt;div
          class=&quot;MuiToolbar-root MuiToolbar-gutters MuiToolbar-regular css-hyum1k-MuiToolbar-root&quot;
        &gt;
          &lt;div
            class=&quot;MuiTypography-root MuiTypography-h6 css-1juivf6-MuiTypography-root&quot;
          &gt;
            Canchas App
          &lt;/div&gt;
          &lt;button
            class=&quot;MuiButtonBase-root MuiIconButton-root MuiIconButton-colorInherit MuiIconButton-sizeMedium css-zylse7-MuiButtonBase-root-MuiIconButton-root&quot;
            tabindex=&quot;0&quot;
            title=&quot;Cerrar sesión&quot;
            type=&quot;button&quot;
          &gt;
            &lt;svg
              aria-hidden=&quot;true&quot;
              class=&quot;MuiSvgIcon-root MuiSvgIcon-fontSizeMedium css-i4bv87-MuiSvgIcon-root&quot;
              data-testid=&quot;ExitToAppIcon&quot;
              focusable=&quot;false&quot;
              viewBox=&quot;0 0 24 24&quot;
            &gt;
              &lt;path
                d=&quot;M10.09 15.59 11.5 17l5-5-5-5-1.41 1.41L12.67 11H3v2h9.67zM19 3H5c-1.11 0-2 .9-2 2v4h2V5h14v14H5v-4H3v4c0 1.1.89 2 2 2h14c1.1 0 2-.9 2-2V5c0-1.1-.9-2-2-2&quot;
              /&gt;
            &lt;/svg&gt;
            &lt;span
              class=&quot;MuiTouchRipple-root css-8je8zh-MuiTouchRipple-root&quot;
            /&gt;
          &lt;/button&gt;
        &lt;/div&gt;
      &lt;/header&gt;
    &lt;/div&gt;
  &lt;/div&gt;
&lt;/body&gt;
    at Object.getElementError (C:\Users\nicol\OneDrive\Documentos\GitHub\metricas\cliente\node_modules\@testing-library\dom\dist\config.js:37:19)
    at C:\Users\nicol\OneDrive\Documentos\GitHub\metricas\cliente\node_modules\@testing-library\dom\dist\query-helpers.js:76:38
    at C:\Users\nicol\OneDrive\Documentos\GitHub\metricas\cliente\node_modules\@testing-library\dom\dist\query-helpers.js:52:17
    at C:\Users\nicol\OneDrive\Documentos\GitHub\metricas\cliente\node_modules\@testing-library\dom\dist\query-helpers.js:95:19
    at Object.getByText (C:\Users\nicol\OneDrive\Documentos\GitHub\metricas\cliente\src\components\__tests__\Header.test.jsx:45:19)
    at Promise.then.completed (C:\Users\nicol\OneDrive\Documentos\GitHub\metricas\cliente\node_modules\jest-circus\build\utils.js:298:28)
    at new Promise (&lt;anonymous&gt;)
    at callAsyncCircusFn (C:\Users\nicol\OneDrive\Documentos\GitHub\metricas\cliente\node_modules\jest-circus\build\utils.js:231:10)
    at _callCircusTest (C:\Users\nicol\OneDrive\Documentos\GitHub\metricas\cliente\node_modules\jest-circus\build\run.js:316:40)
    at processTicksAndRejections (node:internal/process/task_queues:105:5)
    at _runTest (C:\Users\nicol\OneDrive\Documentos\GitHub\metricas\cliente\node_modules\jest-circus\build\run.js:252:3)
    at _runTestsForDescribeBlock (C:\Users\nicol\OneDrive\Documentos\GitHub\metricas\cliente\node_modules\jest-circus\build\run.js:126:9)
    at _runTestsForDescribeBlock (C:\Users\nicol\OneDrive\Documentos\GitHub\metricas\cliente\node_modules\jest-circus\build\run.js:121:9)
    at run (C:\Users\nicol\OneDrive\Documentos\GitHub\metricas\cliente\node_modules\jest-circus\build\run.js:71:3)
    at runAndTransformResultsToJestFormat (C:\Users\nicol\OneDrive\Documentos\GitHub\metricas\cliente\node_modules\jest-circus\build\legacy-code-todo-rewrite\jestAdapterInit.js:122:21)
    at jestAdapter (C:\Users\nicol\OneDrive\Documentos\GitHub\metricas\cliente\node_modules\jest-circus\build\legacy-code-todo-rewrite\jestAdapter.js:79:19)
    at runTestInternal (C:\Users\nicol\OneDrive\Documentos\GitHub\metricas\cliente\node_modules\jest-runner\build\runTest.js:367:16)
    at runTest (C:\Users\nicol\OneDrive\Documentos\GitHub\metricas\cliente\node_modules\jest-runner\build\runTest.js:444:34)
    at Object.worker (C:\Users\nicol\OneDrive\Documentos\GitHub\metricas\cliente\node_modules\jest-runner\build\testWorker.js:106:12)</failure>
    </testcase>
    <testcase classname="Header Component displays login and register links when not authenticated" name="Header Component displays login and register links when not authenticated" time="0.022">
      <failure>TestingLibraryElementError: Unable to find an element with the text: /iniciar sesión/i. This could be because the text is broken up by multiple elements. In this case, you can provide a function for your text matcher to make your matcher more flexible.

Ignored nodes: comments, script, style
&lt;body&gt;
  &lt;div&gt;
    &lt;div
      class=&quot;MuiBox-root css-i9gxme&quot;
    &gt;
      &lt;header
        class=&quot;MuiPaper-root MuiPaper-elevation MuiPaper-elevation4 MuiAppBar-root MuiAppBar-colorPrimary MuiAppBar-positionStatic css-hip9hq-MuiPaper-root-MuiAppBar-root&quot;
      &gt;
        &lt;div
          class=&quot;MuiToolbar-root MuiToolbar-gutters MuiToolbar-regular css-hyum1k-MuiToolbar-root&quot;
        &gt;
          &lt;div
            class=&quot;MuiTypography-root MuiTypography-h6 css-1juivf6-MuiTypography-root&quot;
          &gt;
            Canchas App
          &lt;/div&gt;
          &lt;button
            class=&quot;MuiButtonBase-root MuiIconButton-root MuiIconButton-colorInherit MuiIconButton-sizeMedium css-zylse7-MuiButtonBase-root-MuiIconButton-root&quot;
            tabindex=&quot;0&quot;
            title=&quot;Cerrar sesión&quot;
            type=&quot;button&quot;
          &gt;
            &lt;svg
              aria-hidden=&quot;true&quot;
              class=&quot;MuiSvgIcon-root MuiSvgIcon-fontSizeMedium css-i4bv87-MuiSvgIcon-root&quot;
              data-testid=&quot;ExitToAppIcon&quot;
              focusable=&quot;false&quot;
              viewBox=&quot;0 0 24 24&quot;
            &gt;
              &lt;path
                d=&quot;M10.09 15.59 11.5 17l5-5-5-5-1.41 1.41L12.67 11H3v2h9.67zM19 3H5c-1.11 0-2 .9-2 2v4h2V5h14v14H5v-4H3v4c0 1.1.89 2 2 2h14c1.1 0 2-.9 2-2V5c0-1.1-.9-2-2-2&quot;
              /&gt;
            &lt;/svg&gt;
            &lt;span
              class=&quot;MuiTouchRipple-root css-8je8zh-MuiTouchRipple-root&quot;
            /&gt;
          &lt;/button&gt;
        &lt;/div&gt;
      &lt;/header&gt;
    &lt;/div&gt;
  &lt;/div&gt;
&lt;/body&gt;
    at Object.getElementError (C:\Users\nicol\OneDrive\Documentos\GitHub\metricas\cliente\node_modules\@testing-library\dom\dist\config.js:37:19)
    at C:\Users\nicol\OneDrive\Documentos\GitHub\metricas\cliente\node_modules\@testing-library\dom\dist\query-helpers.js:76:38
    at C:\Users\nicol\OneDrive\Documentos\GitHub\metricas\cliente\node_modules\@testing-library\dom\dist\query-helpers.js:52:17
    at C:\Users\nicol\OneDrive\Documentos\GitHub\metricas\cliente\node_modules\@testing-library\dom\dist\query-helpers.js:95:19
    at Object.getByText (C:\Users\nicol\OneDrive\Documentos\GitHub\metricas\cliente\src\components\__tests__\Header.test.jsx:52:19)
    at Promise.then.completed (C:\Users\nicol\OneDrive\Documentos\GitHub\metricas\cliente\node_modules\jest-circus\build\utils.js:298:28)
    at new Promise (&lt;anonymous&gt;)
    at callAsyncCircusFn (C:\Users\nicol\OneDrive\Documentos\GitHub\metricas\cliente\node_modules\jest-circus\build\utils.js:231:10)
    at _callCircusTest (C:\Users\nicol\OneDrive\Documentos\GitHub\metricas\cliente\node_modules\jest-circus\build\run.js:316:40)
    at processTicksAndRejections (node:internal/process/task_queues:105:5)
    at _runTest (C:\Users\nicol\OneDrive\Documentos\GitHub\metricas\cliente\node_modules\jest-circus\build\run.js:252:3)
    at _runTestsForDescribeBlock (C:\Users\nicol\OneDrive\Documentos\GitHub\metricas\cliente\node_modules\jest-circus\build\run.js:126:9)
    at _runTestsForDescribeBlock (C:\Users\nicol\OneDrive\Documentos\GitHub\metricas\cliente\node_modules\jest-circus\build\run.js:121:9)
    at run (C:\Users\nicol\OneDrive\Documentos\GitHub\metricas\cliente\node_modules\jest-circus\build\run.js:71:3)
    at runAndTransformResultsToJestFormat (C:\Users\nicol\OneDrive\Documentos\GitHub\metricas\cliente\node_modules\jest-circus\build\legacy-code-todo-rewrite\jestAdapterInit.js:122:21)
    at jestAdapter (C:\Users\nicol\OneDrive\Documentos\GitHub\metricas\cliente\node_modules\jest-circus\build\legacy-code-todo-rewrite\jestAdapter.js:79:19)
    at runTestInternal (C:\Users\nicol\OneDrive\Documentos\GitHub\metricas\cliente\node_modules\jest-runner\build\runTest.js:367:16)
    at runTest (C:\Users\nicol\OneDrive\Documentos\GitHub\metricas\cliente\node_modules\jest-runner\build\runTest.js:444:34)
    at Object.worker (C:\Users\nicol\OneDrive\Documentos\GitHub\metricas\cliente\node_modules\jest-runner\build\testWorker.js:106:12)</failure>
    </testcase>
    <testcase classname="Header Component displays user info and logout when authenticated" name="Header Component displays user info and logout when authenticated" time="0.024">
      <failure>TestingLibraryElementError: Unable to find an element with the text: Test User. This could be because the text is broken up by multiple elements. In this case, you can provide a function for your text matcher to make your matcher more flexible.

Ignored nodes: comments, script, style
&lt;body&gt;
  &lt;div&gt;
    &lt;div
      class=&quot;MuiBox-root css-i9gxme&quot;
    &gt;
      &lt;header
        class=&quot;MuiPaper-root MuiPaper-elevation MuiPaper-elevation4 MuiAppBar-root MuiAppBar-colorPrimary MuiAppBar-positionStatic css-hip9hq-MuiPaper-root-MuiAppBar-root&quot;
      &gt;
        &lt;div
          class=&quot;MuiToolbar-root MuiToolbar-gutters MuiToolbar-regular css-hyum1k-MuiToolbar-root&quot;
        &gt;
          &lt;div
            class=&quot;MuiTypography-root MuiTypography-h6 css-1juivf6-MuiTypography-root&quot;
          &gt;
            Canchas App
          &lt;/div&gt;
          &lt;button
            class=&quot;MuiButtonBase-root MuiIconButton-root MuiIconButton-colorInherit MuiIconButton-sizeMedium css-zylse7-MuiButtonBase-root-MuiIconButton-root&quot;
            tabindex=&quot;0&quot;
            title=&quot;Cerrar sesión&quot;
            type=&quot;button&quot;
          &gt;
            &lt;svg
              aria-hidden=&quot;true&quot;
              class=&quot;MuiSvgIcon-root MuiSvgIcon-fontSizeMedium css-i4bv87-MuiSvgIcon-root&quot;
              data-testid=&quot;ExitToAppIcon&quot;
              focusable=&quot;false&quot;
              viewBox=&quot;0 0 24 24&quot;
            &gt;
              &lt;path
                d=&quot;M10.09 15.59 11.5 17l5-5-5-5-1.41 1.41L12.67 11H3v2h9.67zM19 3H5c-1.11 0-2 .9-2 2v4h2V5h14v14H5v-4H3v4c0 1.1.89 2 2 2h14c1.1 0 2-.9 2-2V5c0-1.1-.9-2-2-2&quot;
              /&gt;
            &lt;/svg&gt;
            &lt;span
              class=&quot;MuiTouchRipple-root css-8je8zh-MuiTouchRipple-root&quot;
            /&gt;
          &lt;/button&gt;
        &lt;/div&gt;
      &lt;/header&gt;
    &lt;/div&gt;
  &lt;/div&gt;
&lt;/body&gt;
    at Object.getElementError (C:\Users\nicol\OneDrive\Documentos\GitHub\metricas\cliente\node_modules\@testing-library\dom\dist\config.js:37:19)
    at C:\Users\nicol\OneDrive\Documentos\GitHub\metricas\cliente\node_modules\@testing-library\dom\dist\query-helpers.js:76:38
    at C:\Users\nicol\OneDrive\Documentos\GitHub\metricas\cliente\node_modules\@testing-library\dom\dist\query-helpers.js:52:17
    at C:\Users\nicol\OneDrive\Documentos\GitHub\metricas\cliente\node_modules\@testing-library\dom\dist\query-helpers.js:95:19
    at Object.getByText (C:\Users\nicol\OneDrive\Documentos\GitHub\metricas\cliente\src\components\__tests__\Header.test.jsx:67:19)
    at Promise.then.completed (C:\Users\nicol\OneDrive\Documentos\GitHub\metricas\cliente\node_modules\jest-circus\build\utils.js:298:28)
    at new Promise (&lt;anonymous&gt;)
    at callAsyncCircusFn (C:\Users\nicol\OneDrive\Documentos\GitHub\metricas\cliente\node_modules\jest-circus\build\utils.js:231:10)
    at _callCircusTest (C:\Users\nicol\OneDrive\Documentos\GitHub\metricas\cliente\node_modules\jest-circus\build\run.js:316:40)
    at processTicksAndRejections (node:internal/process/task_queues:105:5)
    at _runTest (C:\Users\nicol\OneDrive\Documentos\GitHub\metricas\cliente\node_modules\jest-circus\build\run.js:252:3)
    at _runTestsForDescribeBlock (C:\Users\nicol\OneDrive\Documentos\GitHub\metricas\cliente\node_modules\jest-circus\build\run.js:126:9)
    at _runTestsForDescribeBlock (C:\Users\nicol\OneDrive\Documentos\GitHub\metricas\cliente\node_modules\jest-circus\build\run.js:121:9)
    at run (C:\Users\nicol\OneDrive\Documentos\GitHub\metricas\cliente\node_modules\jest-circus\build\run.js:71:3)
    at runAndTransformResultsToJestFormat (C:\Users\nicol\OneDrive\Documentos\GitHub\metricas\cliente\node_modules\jest-circus\build\legacy-code-todo-rewrite\jestAdapterInit.js:122:21)
    at jestAdapter (C:\Users\nicol\OneDrive\Documentos\GitHub\metricas\cliente\node_modules\jest-circus\build\legacy-code-todo-rewrite\jestAdapter.js:79:19)
    at runTestInternal (C:\Users\nicol\OneDrive\Documentos\GitHub\metricas\cliente\node_modules\jest-runner\build\runTest.js:367:16)
    at runTest (C:\Users\nicol\OneDrive\Documentos\GitHub\metricas\cliente\node_modules\jest-runner\build\runTest.js:444:34)
    at Object.worker (C:\Users\nicol\OneDrive\Documentos\GitHub\metricas\cliente\node_modules\jest-runner\build\testWorker.js:106:12)</failure>
    </testcase>
    <testcase classname="Header Component handles logout click" name="Header Component handles logout click" time="0.016">
      <failure>TestingLibraryElementError: Unable to find an element with the text: /cerrar sesión/i. This could be because the text is broken up by multiple elements. In this case, you can provide a function for your text matcher to make your matcher more flexible.

Ignored nodes: comments, script, style
&lt;body&gt;
  &lt;div&gt;
    &lt;div
      class=&quot;MuiBox-root css-i9gxme&quot;
    &gt;
      &lt;header
        class=&quot;MuiPaper-root MuiPaper-elevation MuiPaper-elevation4 MuiAppBar-root MuiAppBar-colorPrimary MuiAppBar-positionStatic css-hip9hq-MuiPaper-root-MuiAppBar-root&quot;
      &gt;
        &lt;div
          class=&quot;MuiToolbar-root MuiToolbar-gutters MuiToolbar-regular css-hyum1k-MuiToolbar-root&quot;
        &gt;
          &lt;div
            class=&quot;MuiTypography-root MuiTypography-h6 css-1juivf6-MuiTypography-root&quot;
          &gt;
            Canchas App
          &lt;/div&gt;
          &lt;button
            class=&quot;MuiButtonBase-root MuiIconButton-root MuiIconButton-colorInherit MuiIconButton-sizeMedium css-zylse7-MuiButtonBase-root-MuiIconButton-root&quot;
            tabindex=&quot;0&quot;
            title=&quot;Cerrar sesión&quot;
            type=&quot;button&quot;
          &gt;
            &lt;svg
              aria-hidden=&quot;true&quot;
              class=&quot;MuiSvgIcon-root MuiSvgIcon-fontSizeMedium css-i4bv87-MuiSvgIcon-root&quot;
              data-testid=&quot;ExitToAppIcon&quot;
              focusable=&quot;false&quot;
              viewBox=&quot;0 0 24 24&quot;
            &gt;
              &lt;path
                d=&quot;M10.09 15.59 11.5 17l5-5-5-5-1.41 1.41L12.67 11H3v2h9.67zM19 3H5c-1.11 0-2 .9-2 2v4h2V5h14v14H5v-4H3v4c0 1.1.89 2 2 2h14c1.1 0 2-.9 2-2V5c0-1.1-.9-2-2-2&quot;
              /&gt;
            &lt;/svg&gt;
            &lt;span
              class=&quot;MuiTouchRipple-root css-8je8zh-MuiTouchRipple-root&quot;
            /&gt;
          &lt;/button&gt;
        &lt;/div&gt;
      &lt;/header&gt;
    &lt;/div&gt;
  &lt;/div&gt;
&lt;/body&gt;
    at Object.getElementError (C:\Users\nicol\OneDrive\Documentos\GitHub\metricas\cliente\node_modules\@testing-library\dom\dist\config.js:37:19)
    at C:\Users\nicol\OneDrive\Documentos\GitHub\metricas\cliente\node_modules\@testing-library\dom\dist\query-helpers.js:76:38
    at C:\Users\nicol\OneDrive\Documentos\GitHub\metricas\cliente\node_modules\@testing-library\dom\dist\query-helpers.js:52:17
    at C:\Users\nicol\OneDrive\Documentos\GitHub\metricas\cliente\node_modules\@testing-library\dom\dist\query-helpers.js:95:19
    at getByText (C:\Users\nicol\OneDrive\Documentos\GitHub\metricas\cliente\src\components\__tests__\Header.test.jsx:81:33)
    at call (C:\Users\nicol\OneDrive\Documentos\GitHub\metricas\cliente\src\components\__tests__\Header.test.jsx:2:1)
    at Generator.tryCatch (C:\Users\nicol\OneDrive\Documentos\GitHub\metricas\cliente\src\components\__tests__\Header.test.jsx:2:1)
    at Generator._invoke [as next] (C:\Users\nicol\OneDrive\Documentos\GitHub\metricas\cliente\src\components\__tests__\Header.test.jsx:2:1)
    at asyncGeneratorStep (C:\Users\nicol\OneDrive\Documentos\GitHub\metricas\cliente\src\components\__tests__\Header.test.jsx:2:1)
    at asyncGeneratorStep (C:\Users\nicol\OneDrive\Documentos\GitHub\metricas\cliente\src\components\__tests__\Header.test.jsx:2:1)
    at _next (C:\Users\nicol\OneDrive\Documentos\GitHub\metricas\cliente\src\components\__tests__\Header.test.jsx:2:1)
    at new Promise (&lt;anonymous&gt;)
    at Object.&lt;anonymous&gt; (C:\Users\nicol\OneDrive\Documentos\GitHub\metricas\cliente\src\components\__tests__\Header.test.jsx:2:1)
    at Promise.then.completed (C:\Users\nicol\OneDrive\Documentos\GitHub\metricas\cliente\node_modules\jest-circus\build\utils.js:298:28)
    at new Promise (&lt;anonymous&gt;)
    at callAsyncCircusFn (C:\Users\nicol\OneDrive\Documentos\GitHub\metricas\cliente\node_modules\jest-circus\build\utils.js:231:10)
    at _callCircusTest (C:\Users\nicol\OneDrive\Documentos\GitHub\metricas\cliente\node_modules\jest-circus\build\run.js:316:40)
    at processTicksAndRejections (node:internal/process/task_queues:105:5)
    at _runTest (C:\Users\nicol\OneDrive\Documentos\GitHub\metricas\cliente\node_modules\jest-circus\build\run.js:252:3)
    at _runTestsForDescribeBlock (C:\Users\nicol\OneDrive\Documentos\GitHub\metricas\cliente\node_modules\jest-circus\build\run.js:126:9)
    at _runTestsForDescribeBlock (C:\Users\nicol\OneDrive\Documentos\GitHub\metricas\cliente\node_modules\jest-circus\build\run.js:121:9)
    at run (C:\Users\nicol\OneDrive\Documentos\GitHub\metricas\cliente\node_modules\jest-circus\build\run.js:71:3)
    at runAndTransformResultsToJestFormat (C:\Users\nicol\OneDrive\Documentos\GitHub\metricas\cliente\node_modules\jest-circus\build\legacy-code-todo-rewrite\jestAdapterInit.js:122:21)
    at jestAdapter (C:\Users\nicol\OneDrive\Documentos\GitHub\metricas\cliente\node_modules\jest-circus\build\legacy-code-todo-rewrite\jestAdapter.js:79:19)
    at runTestInternal (C:\Users\nicol\OneDrive\Documentos\GitHub\metricas\cliente\node_modules\jest-runner\build\runTest.js:367:16)
    at runTest (C:\Users\nicol\OneDrive\Documentos\GitHub\metricas\cliente\node_modules\jest-runner\build\runTest.js:444:34)
    at Object.worker (C:\Users\nicol\OneDrive\Documentos\GitHub\metricas\cliente\node_modules\jest-runner\build\testWorker.js:106:12)</failure>
    </testcase>
    <testcase classname="Header Component navigates to home on logo click" name="Header Component navigates to home on logo click" time="0.305">
      <failure>TestingLibraryElementError: Unable to find an accessible element with the role &quot;img&quot; and name `/logo/i`

Here are the accessible roles:

  banner:

  Name &quot;&quot;:
  &lt;header
    class=&quot;MuiPaper-root MuiPaper-elevation MuiPaper-elevation4 MuiAppBar-root MuiAppBar-colorPrimary MuiAppBar-positionStatic css-hip9hq-MuiPaper-root-MuiAppBar-root&quot;
  /&gt;

  --------------------------------------------------
  button:

  Name &quot;Cerrar sesión&quot;:
  &lt;button
    class=&quot;MuiButtonBase-root MuiIconButton-root MuiIconButton-colorInherit MuiIconButton-sizeMedium css-zylse7-MuiButtonBase-root-MuiIconButton-root&quot;
    tabindex=&quot;0&quot;
    title=&quot;Cerrar sesión&quot;
    type=&quot;button&quot;
  /&gt;

  --------------------------------------------------

Ignored nodes: comments, script, style
&lt;body&gt;
  &lt;div&gt;
    &lt;div
      class=&quot;MuiBox-root css-i9gxme&quot;
    &gt;
      &lt;header
        class=&quot;MuiPaper-root MuiPaper-elevation MuiPaper-elevation4 MuiAppBar-root MuiAppBar-colorPrimary MuiAppBar-positionStatic css-hip9hq-MuiPaper-root-MuiAppBar-root&quot;
      &gt;
        &lt;div
          class=&quot;MuiToolbar-root MuiToolbar-gutters MuiToolbar-regular css-hyum1k-MuiToolbar-root&quot;
        &gt;
          &lt;div
            class=&quot;MuiTypography-root MuiTypography-h6 css-1juivf6-MuiTypography-root&quot;
          &gt;
            Canchas App
          &lt;/div&gt;
          &lt;button
            class=&quot;MuiButtonBase-root MuiIconButton-root MuiIconButton-colorInherit MuiIconButton-sizeMedium css-zylse7-MuiButtonBase-root-MuiIconButton-root&quot;
            tabindex=&quot;0&quot;
            title=&quot;Cerrar sesión&quot;
            type=&quot;button&quot;
          &gt;
            &lt;svg
              aria-hidden=&quot;true&quot;
              class=&quot;MuiSvgIcon-root MuiSvgIcon-fontSizeMedium css-i4bv87-MuiSvgIcon-root&quot;
              data-testid=&quot;ExitToAppIcon&quot;
              focusable=&quot;false&quot;
              viewBox=&quot;0 0 24 24&quot;
            &gt;
              &lt;path
                d=&quot;M10.09 15.59 11.5 17l5-5-5-5-1.41 1.41L12.67 11H3v2h9.67zM19 3H5c-1.11 0-2 .9-2 2v4h2V5h14v14H5v-4H3v4c0 1.1.89 2 2 2h14c1.1 0 2-.9 2-2V5c0-1.1-.9-2-2-2&quot;
              /&gt;
            &lt;/svg&gt;
            &lt;span
              class=&quot;MuiTouchRipple-root css-8je8zh-MuiTouchRipple-root&quot;
            /&gt;
          &lt;/button&gt;
        &lt;/div&gt;
      &lt;/header&gt;
    &lt;/div&gt;
  &lt;/div&gt;
&lt;/body&gt;
    at Object.getElementError (C:\Users\nicol\OneDrive\Documentos\GitHub\metricas\cliente\node_modules\@testing-library\dom\dist\config.js:37:19)
    at C:\Users\nicol\OneDrive\Documentos\GitHub\metricas\cliente\node_modules\@testing-library\dom\dist\query-helpers.js:76:38
    at C:\Users\nicol\OneDrive\Documentos\GitHub\metricas\cliente\node_modules\@testing-library\dom\dist\query-helpers.js:52:17
    at C:\Users\nicol\OneDrive\Documentos\GitHub\metricas\cliente\node_modules\@testing-library\dom\dist\query-helpers.js:95:19
    at Object.getByRole (C:\Users\nicol\OneDrive\Documentos\GitHub\metricas\cliente\src\components\__tests__\Header.test.jsx:90:25)
    at Promise.then.completed (C:\Users\nicol\OneDrive\Documentos\GitHub\metricas\cliente\node_modules\jest-circus\build\utils.js:298:28)
    at new Promise (&lt;anonymous&gt;)
    at callAsyncCircusFn (C:\Users\nicol\OneDrive\Documentos\GitHub\metricas\cliente\node_modules\jest-circus\build\utils.js:231:10)
    at _callCircusTest (C:\Users\nicol\OneDrive\Documentos\GitHub\metricas\cliente\node_modules\jest-circus\build\run.js:316:40)
    at processTicksAndRejections (node:internal/process/task_queues:105:5)
    at _runTest (C:\Users\nicol\OneDrive\Documentos\GitHub\metricas\cliente\node_modules\jest-circus\build\run.js:252:3)
    at _runTestsForDescribeBlock (C:\Users\nicol\OneDrive\Documentos\GitHub\metricas\cliente\node_modules\jest-circus\build\run.js:126:9)
    at _runTestsForDescribeBlock (C:\Users\nicol\OneDrive\Documentos\GitHub\metricas\cliente\node_modules\jest-circus\build\run.js:121:9)
    at run (C:\Users\nicol\OneDrive\Documentos\GitHub\metricas\cliente\node_modules\jest-circus\build\run.js:71:3)
    at runAndTransformResultsToJestFormat (C:\Users\nicol\OneDrive\Documentos\GitHub\metricas\cliente\node_modules\jest-circus\build\legacy-code-todo-rewrite\jestAdapterInit.js:122:21)
    at jestAdapter (C:\Users\nicol\OneDrive\Documentos\GitHub\metricas\cliente\node_modules\jest-circus\build\legacy-code-todo-rewrite\jestAdapter.js:79:19)
    at runTestInternal (C:\Users\nicol\OneDrive\Documentos\GitHub\metricas\cliente\node_modules\jest-runner\build\runTest.js:367:16)
    at runTest (C:\Users\nicol\OneDrive\Documentos\GitHub\metricas\cliente\node_modules\jest-runner\build\runTest.js:444:34)
    at Object.worker (C:\Users\nicol\OneDrive\Documentos\GitHub\metricas\cliente\node_modules\jest-runner\build\testWorker.js:106:12)</failure>
    </testcase>
    <testcase classname="Header Component displays admin controls for admin users" name="Header Component displays admin controls for admin users" time="0.023">
      <failure>TestingLibraryElementError: Unable to find an element with the text: /panel de administración/i. This could be because the text is broken up by multiple elements. In this case, you can provide a function for your text matcher to make your matcher more flexible.

Ignored nodes: comments, script, style
&lt;body&gt;
  &lt;div&gt;
    &lt;div
      class=&quot;MuiBox-root css-i9gxme&quot;
    &gt;
      &lt;header
        class=&quot;MuiPaper-root MuiPaper-elevation MuiPaper-elevation4 MuiAppBar-root MuiAppBar-colorPrimary MuiAppBar-positionStatic css-hip9hq-MuiPaper-root-MuiAppBar-root&quot;
      &gt;
        &lt;div
          class=&quot;MuiToolbar-root MuiToolbar-gutters MuiToolbar-regular css-hyum1k-MuiToolbar-root&quot;
        &gt;
          &lt;div
            class=&quot;MuiTypography-root MuiTypography-h6 css-1juivf6-MuiTypography-root&quot;
          &gt;
            Canchas App
          &lt;/div&gt;
          &lt;button
            class=&quot;MuiButtonBase-root MuiIconButton-root MuiIconButton-colorInherit MuiIconButton-sizeMedium css-zylse7-MuiButtonBase-root-MuiIconButton-root&quot;
            tabindex=&quot;0&quot;
            title=&quot;Cerrar sesión&quot;
            type=&quot;button&quot;
          &gt;
            &lt;svg
              aria-hidden=&quot;true&quot;
              class=&quot;MuiSvgIcon-root MuiSvgIcon-fontSizeMedium css-i4bv87-MuiSvgIcon-root&quot;
              data-testid=&quot;ExitToAppIcon&quot;
              focusable=&quot;false&quot;
              viewBox=&quot;0 0 24 24&quot;
            &gt;
              &lt;path
                d=&quot;M10.09 15.59 11.5 17l5-5-5-5-1.41 1.41L12.67 11H3v2h9.67zM19 3H5c-1.11 0-2 .9-2 2v4h2V5h14v14H5v-4H3v4c0 1.1.89 2 2 2h14c1.1 0 2-.9 2-2V5c0-1.1-.9-2-2-2&quot;
              /&gt;
            &lt;/svg&gt;
            &lt;span
              class=&quot;MuiTouchRipple-root css-8je8zh-MuiTouchRipple-root&quot;
            /&gt;
          &lt;/button&gt;
        &lt;/div&gt;
      &lt;/header&gt;
    &lt;/div&gt;
  &lt;/div&gt;
&lt;/body&gt;
    at Object.getElementError (C:\Users\nicol\OneDrive\Documentos\GitHub\metricas\cliente\node_modules\@testing-library\dom\dist\config.js:37:19)
    at C:\Users\nicol\OneDrive\Documentos\GitHub\metricas\cliente\node_modules\@testing-library\dom\dist\query-helpers.js:76:38
    at C:\Users\nicol\OneDrive\Documentos\GitHub\metricas\cliente\node_modules\@testing-library\dom\dist\query-helpers.js:52:17
    at C:\Users\nicol\OneDrive\Documentos\GitHub\metricas\cliente\node_modules\@testing-library\dom\dist\query-helpers.js:95:19
    at Object.getByText (C:\Users\nicol\OneDrive\Documentos\GitHub\metricas\cliente\src\components\__tests__\Header.test.jsx:102:19)
    at Promise.then.completed (C:\Users\nicol\OneDrive\Documentos\GitHub\metricas\cliente\node_modules\jest-circus\build\utils.js:298:28)
    at new Promise (&lt;anonymous&gt;)
    at callAsyncCircusFn (C:\Users\nicol\OneDrive\Documentos\GitHub\metricas\cliente\node_modules\jest-circus\build\utils.js:231:10)
    at _callCircusTest (C:\Users\nicol\OneDrive\Documentos\GitHub\metricas\cliente\node_modules\jest-circus\build\run.js:316:40)
    at processTicksAndRejections (node:internal/process/task_queues:105:5)
    at _runTest (C:\Users\nicol\OneDrive\Documentos\GitHub\metricas\cliente\node_modules\jest-circus\build\run.js:252:3)
    at _runTestsForDescribeBlock (C:\Users\nicol\OneDrive\Documentos\GitHub\metricas\cliente\node_modules\jest-circus\build\run.js:126:9)
    at _runTestsForDescribeBlock (C:\Users\nicol\OneDrive\Documentos\GitHub\metricas\cliente\node_modules\jest-circus\build\run.js:121:9)
    at run (C:\Users\nicol\OneDrive\Documentos\GitHub\metricas\cliente\node_modules\jest-circus\build\run.js:71:3)
    at runAndTransformResultsToJestFormat (C:\Users\nicol\OneDrive\Documentos\GitHub\metricas\cliente\node_modules\jest-circus\build\legacy-code-todo-rewrite\jestAdapterInit.js:122:21)
    at jestAdapter (C:\Users\nicol\OneDrive\Documentos\GitHub\metricas\cliente\node_modules\jest-circus\build\legacy-code-todo-rewrite\jestAdapter.js:79:19)
    at runTestInternal (C:\Users\nicol\OneDrive\Documentos\GitHub\metricas\cliente\node_modules\jest-runner\build\runTest.js:367:16)
    at runTest (C:\Users\nicol\OneDrive\Documentos\GitHub\metricas\cliente\node_modules\jest-runner\build\runTest.js:444:34)
    at Object.worker (C:\Users\nicol\OneDrive\Documentos\GitHub\metricas\cliente\node_modules\jest-runner\build\testWorker.js:106:12)</failure>
    </testcase>
    <testcase classname="Header Component hides admin controls for regular users" name="Header Component hides admin controls for regular users" time="0.02">
    </testcase>
    <testcase classname="Header Component handles navigation menu for mobile view" name="Header Component handles navigation menu for mobile view" time="0.106">
      <failure>TestingLibraryElementError: Unable to find an accessible element with the role &quot;button&quot; and name `/menú/i`

Here are the accessible roles:

  banner:

  Name &quot;&quot;:
  &lt;header
    class=&quot;MuiPaper-root MuiPaper-elevation MuiPaper-elevation4 MuiAppBar-root MuiAppBar-colorPrimary MuiAppBar-positionStatic css-hip9hq-MuiPaper-root-MuiAppBar-root&quot;
  /&gt;

  --------------------------------------------------
  button:

  Name &quot;Cerrar sesión&quot;:
  &lt;button
    class=&quot;MuiButtonBase-root MuiIconButton-root MuiIconButton-colorInherit MuiIconButton-sizeMedium css-zylse7-MuiButtonBase-root-MuiIconButton-root&quot;
    tabindex=&quot;0&quot;
    title=&quot;Cerrar sesión&quot;
    type=&quot;button&quot;
  /&gt;

  --------------------------------------------------

Ignored nodes: comments, script, style
&lt;body&gt;
  &lt;div&gt;
    &lt;div
      class=&quot;MuiBox-root css-i9gxme&quot;
    &gt;
      &lt;header
        class=&quot;MuiPaper-root MuiPaper-elevation MuiPaper-elevation4 MuiAppBar-root MuiAppBar-colorPrimary MuiAppBar-positionStatic css-hip9hq-MuiPaper-root-MuiAppBar-root&quot;
      &gt;
        &lt;div
          class=&quot;MuiToolbar-root MuiToolbar-gutters MuiToolbar-regular css-hyum1k-MuiToolbar-root&quot;
        &gt;
          &lt;div
            class=&quot;MuiTypography-root MuiTypography-h6 css-1juivf6-MuiTypography-root&quot;
          &gt;
            Canchas App
          &lt;/div&gt;
          &lt;button
            class=&quot;MuiButtonBase-root MuiIconButton-root MuiIconButton-colorInherit MuiIconButton-sizeMedium css-zylse7-MuiButtonBase-root-MuiIconButton-root&quot;
            tabindex=&quot;0&quot;
            title=&quot;Cerrar sesión&quot;
            type=&quot;button&quot;
          &gt;
            &lt;svg
              aria-hidden=&quot;true&quot;
              class=&quot;MuiSvgIcon-root MuiSvgIcon-fontSizeMedium css-i4bv87-MuiSvgIcon-root&quot;
              data-testid=&quot;ExitToAppIcon&quot;
              focusable=&quot;false&quot;
              viewBox=&quot;0 0 24 24&quot;
            &gt;
              &lt;path
                d=&quot;M10.09 15.59 11.5 17l5-5-5-5-1.41 1.41L12.67 11H3v2h9.67zM19 3H5c-1.11 0-2 .9-2 2v4h2V5h14v14H5v-4H3v4c0 1.1.89 2 2 2h14c1.1 0 2-.9 2-2V5c0-1.1-.9-2-2-2&quot;
              /&gt;
            &lt;/svg&gt;
            &lt;span
              class=&quot;MuiTouchRipple-root css-8je8zh-MuiTouchRipple-root&quot;
            /&gt;
          &lt;/button&gt;
        &lt;/div&gt;
      &lt;/header&gt;
    &lt;/div&gt;
  &lt;/div&gt;
&lt;/body&gt;
    at Object.getElementError (C:\Users\nicol\OneDrive\Documentos\GitHub\metricas\cliente\node_modules\@testing-library\dom\dist\config.js:37:19)
    at C:\Users\nicol\OneDrive\Documentos\GitHub\metricas\cliente\node_modules\@testing-library\dom\dist\query-helpers.js:76:38
    at C:\Users\nicol\OneDrive\Documentos\GitHub\metricas\cliente\node_modules\@testing-library\dom\dist\query-helpers.js:52:17
    at C:\Users\nicol\OneDrive\Documentos\GitHub\metricas\cliente\node_modules\@testing-library\dom\dist\query-helpers.js:95:19
    at Object.getByRole (C:\Users\nicol\OneDrive\Documentos\GitHub\metricas\cliente\src\components\__tests__\Header.test.jsx:117:31)
    at Promise.then.completed (C:\Users\nicol\OneDrive\Documentos\GitHub\metricas\cliente\node_modules\jest-circus\build\utils.js:298:28)
    at new Promise (&lt;anonymous&gt;)
    at callAsyncCircusFn (C:\Users\nicol\OneDrive\Documentos\GitHub\metricas\cliente\node_modules\jest-circus\build\utils.js:231:10)
    at _callCircusTest (C:\Users\nicol\OneDrive\Documentos\GitHub\metricas\cliente\node_modules\jest-circus\build\run.js:316:40)
    at processTicksAndRejections (node:internal/process/task_queues:105:5)
    at _runTest (C:\Users\nicol\OneDrive\Documentos\GitHub\metricas\cliente\node_modules\jest-circus\build\run.js:252:3)
    at _runTestsForDescribeBlock (C:\Users\nicol\OneDrive\Documentos\GitHub\metricas\cliente\node_modules\jest-circus\build\run.js:126:9)
    at _runTestsForDescribeBlock (C:\Users\nicol\OneDrive\Documentos\GitHub\metricas\cliente\node_modules\jest-circus\build\run.js:121:9)
    at run (C:\Users\nicol\OneDrive\Documentos\GitHub\metricas\cliente\node_modules\jest-circus\build\run.js:71:3)
    at runAndTransformResultsToJestFormat (C:\Users\nicol\OneDrive\Documentos\GitHub\metricas\cliente\node_modules\jest-circus\build\legacy-code-todo-rewrite\jestAdapterInit.js:122:21)
    at jestAdapter (C:\Users\nicol\OneDrive\Documentos\GitHub\metricas\cliente\node_modules\jest-circus\build\legacy-code-todo-rewrite\jestAdapter.js:79:19)
    at runTestInternal (C:\Users\nicol\OneDrive\Documentos\GitHub\metricas\cliente\node_modules\jest-runner\build\runTest.js:367:16)
    at runTest (C:\Users\nicol\OneDrive\Documentos\GitHub\metricas\cliente\node_modules\jest-runner\build\runTest.js:444:34)
    at Object.worker (C:\Users\nicol\OneDrive\Documentos\GitHub\metricas\cliente\node_modules\jest-runner\build\testWorker.js:106:12)</failure>
    </testcase>
    <testcase classname="Header Component closes mobile menu when clicking outside" name="Header Component closes mobile menu when clicking outside" time="0.104">
      <failure>TestingLibraryElementError: Unable to find an accessible element with the role &quot;button&quot; and name `/menú/i`

Here are the accessible roles:

  banner:

  Name &quot;&quot;:
  &lt;header
    class=&quot;MuiPaper-root MuiPaper-elevation MuiPaper-elevation4 MuiAppBar-root MuiAppBar-colorPrimary MuiAppBar-positionStatic css-hip9hq-MuiPaper-root-MuiAppBar-root&quot;
  /&gt;

  --------------------------------------------------
  button:

  Name &quot;Cerrar sesión&quot;:
  &lt;button
    class=&quot;MuiButtonBase-root MuiIconButton-root MuiIconButton-colorInherit MuiIconButton-sizeMedium css-zylse7-MuiButtonBase-root-MuiIconButton-root&quot;
    tabindex=&quot;0&quot;
    title=&quot;Cerrar sesión&quot;
    type=&quot;button&quot;
  /&gt;

  --------------------------------------------------

Ignored nodes: comments, script, style
&lt;body&gt;
  &lt;div&gt;
    &lt;div
      class=&quot;MuiBox-root css-i9gxme&quot;
    &gt;
      &lt;header
        class=&quot;MuiPaper-root MuiPaper-elevation MuiPaper-elevation4 MuiAppBar-root MuiAppBar-colorPrimary MuiAppBar-positionStatic css-hip9hq-MuiPaper-root-MuiAppBar-root&quot;
      &gt;
        &lt;div
          class=&quot;MuiToolbar-root MuiToolbar-gutters MuiToolbar-regular css-hyum1k-MuiToolbar-root&quot;
        &gt;
          &lt;div
            class=&quot;MuiTypography-root MuiTypography-h6 css-1juivf6-MuiTypography-root&quot;
          &gt;
            Canchas App
          &lt;/div&gt;
          &lt;button
            class=&quot;MuiButtonBase-root MuiIconButton-root MuiIconButton-colorInherit MuiIconButton-sizeMedium css-zylse7-MuiButtonBase-root-MuiIconButton-root&quot;
            tabindex=&quot;0&quot;
            title=&quot;Cerrar sesión&quot;
            type=&quot;button&quot;
          &gt;
            &lt;svg
              aria-hidden=&quot;true&quot;
              class=&quot;MuiSvgIcon-root MuiSvgIcon-fontSizeMedium css-i4bv87-MuiSvgIcon-root&quot;
              data-testid=&quot;ExitToAppIcon&quot;
              focusable=&quot;false&quot;
              viewBox=&quot;0 0 24 24&quot;
            &gt;
              &lt;path
                d=&quot;M10.09 15.59 11.5 17l5-5-5-5-1.41 1.41L12.67 11H3v2h9.67zM19 3H5c-1.11 0-2 .9-2 2v4h2V5h14v14H5v-4H3v4c0 1.1.89 2 2 2h14c1.1 0 2-.9 2-2V5c0-1.1-.9-2-2-2&quot;
              /&gt;
            &lt;/svg&gt;
            &lt;span
              class=&quot;MuiTouchRipple-root css-8je8zh-MuiTouchRipple-root&quot;
            /&gt;
          &lt;/button&gt;
        &lt;/div&gt;
      &lt;/header&gt;
    &lt;/div&gt;
  &lt;/div&gt;
&lt;/body&gt;
    at Object.getElementError (C:\Users\nicol\OneDrive\Documentos\GitHub\metricas\cliente\node_modules\@testing-library\dom\dist\config.js:37:19)
    at C:\Users\nicol\OneDrive\Documentos\GitHub\metricas\cliente\node_modules\@testing-library\dom\dist\query-helpers.js:76:38
    at C:\Users\nicol\OneDrive\Documentos\GitHub\metricas\cliente\node_modules\@testing-library\dom\dist\query-helpers.js:52:17
    at C:\Users\nicol\OneDrive\Documentos\GitHub\metricas\cliente\node_modules\@testing-library\dom\dist\query-helpers.js:95:19
    at Object.getByRole (C:\Users\nicol\OneDrive\Documentos\GitHub\metricas\cliente\src\components\__tests__\Header.test.jsx:129:31)
    at Promise.then.completed (C:\Users\nicol\OneDrive\Documentos\GitHub\metricas\cliente\node_modules\jest-circus\build\utils.js:298:28)
    at new Promise (&lt;anonymous&gt;)
    at callAsyncCircusFn (C:\Users\nicol\OneDrive\Documentos\GitHub\metricas\cliente\node_modules\jest-circus\build\utils.js:231:10)
    at _callCircusTest (C:\Users\nicol\OneDrive\Documentos\GitHub\metricas\cliente\node_modules\jest-circus\build\run.js:316:40)
    at processTicksAndRejections (node:internal/process/task_queues:105:5)
    at _runTest (C:\Users\nicol\OneDrive\Documentos\GitHub\metricas\cliente\node_modules\jest-circus\build\run.js:252:3)
    at _runTestsForDescribeBlock (C:\Users\nicol\OneDrive\Documentos\GitHub\metricas\cliente\node_modules\jest-circus\build\run.js:126:9)
    at _runTestsForDescribeBlock (C:\Users\nicol\OneDrive\Documentos\GitHub\metricas\cliente\node_modules\jest-circus\build\run.js:121:9)
    at run (C:\Users\nicol\OneDrive\Documentos\GitHub\metricas\cliente\node_modules\jest-circus\build\run.js:71:3)
    at runAndTransformResultsToJestFormat (C:\Users\nicol\OneDrive\Documentos\GitHub\metricas\cliente\node_modules\jest-circus\build\legacy-code-todo-rewrite\jestAdapterInit.js:122:21)
    at jestAdapter (C:\Users\nicol\OneDrive\Documentos\GitHub\metricas\cliente\node_modules\jest-circus\build\legacy-code-todo-rewrite\jestAdapter.js:79:19)
    at runTestInternal (C:\Users\nicol\OneDrive\Documentos\GitHub\metricas\cliente\node_modules\jest-runner\build\runTest.js:367:16)
    at runTest (C:\Users\nicol\OneDrive\Documentos\GitHub\metricas\cliente\node_modules\jest-runner\build\runTest.js:444:34)
    at Object.worker (C:\Users\nicol\OneDrive\Documentos\GitHub\metricas\cliente\node_modules\jest-runner\build\testWorker.js:106:12)</failure>
    </testcase>
    <testcase classname="Header Component navigates to profile page when clicking user name" name="Header Component navigates to profile page when clicking user name" time="0.014">
      <failure>TestingLibraryElementError: Unable to find an element with the text: Test User. This could be because the text is broken up by multiple elements. In this case, you can provide a function for your text matcher to make your matcher more flexible.

Ignored nodes: comments, script, style
&lt;body&gt;
  &lt;div&gt;
    &lt;div
      class=&quot;MuiBox-root css-i9gxme&quot;
    &gt;
      &lt;header
        class=&quot;MuiPaper-root MuiPaper-elevation MuiPaper-elevation4 MuiAppBar-root MuiAppBar-colorPrimary MuiAppBar-positionStatic css-hip9hq-MuiPaper-root-MuiAppBar-root&quot;
      &gt;
        &lt;div
          class=&quot;MuiToolbar-root MuiToolbar-gutters MuiToolbar-regular css-hyum1k-MuiToolbar-root&quot;
        &gt;
          &lt;div
            class=&quot;MuiTypography-root MuiTypography-h6 css-1juivf6-MuiTypography-root&quot;
          &gt;
            Canchas App
          &lt;/div&gt;
          &lt;button
            class=&quot;MuiButtonBase-root MuiIconButton-root MuiIconButton-colorInherit MuiIconButton-sizeMedium css-zylse7-MuiButtonBase-root-MuiIconButton-root&quot;
            tabindex=&quot;0&quot;
            title=&quot;Cerrar sesión&quot;
            type=&quot;button&quot;
          &gt;
            &lt;svg
              aria-hidden=&quot;true&quot;
              class=&quot;MuiSvgIcon-root MuiSvgIcon-fontSizeMedium css-i4bv87-MuiSvgIcon-root&quot;
              data-testid=&quot;ExitToAppIcon&quot;
              focusable=&quot;false&quot;
              viewBox=&quot;0 0 24 24&quot;
            &gt;
              &lt;path
                d=&quot;M10.09 15.59 11.5 17l5-5-5-5-1.41 1.41L12.67 11H3v2h9.67zM19 3H5c-1.11 0-2 .9-2 2v4h2V5h14v14H5v-4H3v4c0 1.1.89 2 2 2h14c1.1 0 2-.9 2-2V5c0-1.1-.9-2-2-2&quot;
              /&gt;
            &lt;/svg&gt;
            &lt;span
              class=&quot;MuiTouchRipple-root css-8je8zh-MuiTouchRipple-root&quot;
            /&gt;
          &lt;/button&gt;
        &lt;/div&gt;
      &lt;/header&gt;
    &lt;/div&gt;
  &lt;/div&gt;
&lt;/body&gt;
    at Object.getElementError (C:\Users\nicol\OneDrive\Documentos\GitHub\metricas\cliente\node_modules\@testing-library\dom\dist\config.js:37:19)
    at C:\Users\nicol\OneDrive\Documentos\GitHub\metricas\cliente\node_modules\@testing-library\dom\dist\query-helpers.js:76:38
    at C:\Users\nicol\OneDrive\Documentos\GitHub\metricas\cliente\node_modules\@testing-library\dom\dist\query-helpers.js:52:17
    at C:\Users\nicol\OneDrive\Documentos\GitHub\metricas\cliente\node_modules\@testing-library\dom\dist\query-helpers.js:95:19
    at Object.getByText (C:\Users\nicol\OneDrive\Documentos\GitHub\metricas\cliente\src\components\__tests__\Header.test.jsx:142:33)
    at Promise.then.completed (C:\Users\nicol\OneDrive\Documentos\GitHub\metricas\cliente\node_modules\jest-circus\build\utils.js:298:28)
    at new Promise (&lt;anonymous&gt;)
    at callAsyncCircusFn (C:\Users\nicol\OneDrive\Documentos\GitHub\metricas\cliente\node_modules\jest-circus\build\utils.js:231:10)
    at _callCircusTest (C:\Users\nicol\OneDrive\Documentos\GitHub\metricas\cliente\node_modules\jest-circus\build\run.js:316:40)
    at processTicksAndRejections (node:internal/process/task_queues:105:5)
    at _runTest (C:\Users\nicol\OneDrive\Documentos\GitHub\metricas\cliente\node_modules\jest-circus\build\run.js:252:3)
    at _runTestsForDescribeBlock (C:\Users\nicol\OneDrive\Documentos\GitHub\metricas\cliente\node_modules\jest-circus\build\run.js:126:9)
    at _runTestsForDescribeBlock (C:\Users\nicol\OneDrive\Documentos\GitHub\metricas\cliente\node_modules\jest-circus\build\run.js:121:9)
    at run (C:\Users\nicol\OneDrive\Documentos\GitHub\metricas\cliente\node_modules\jest-circus\build\run.js:71:3)
    at runAndTransformResultsToJestFormat (C:\Users\nicol\OneDrive\Documentos\GitHub\metricas\cliente\node_modules\jest-circus\build\legacy-code-todo-rewrite\jestAdapterInit.js:122:21)
    at jestAdapter (C:\Users\nicol\OneDrive\Documentos\GitHub\metricas\cliente\node_modules\jest-circus\build\legacy-code-todo-rewrite\jestAdapter.js:79:19)
    at runTestInternal (C:\Users\nicol\OneDrive\Documentos\GitHub\metricas\cliente\node_modules\jest-runner\build\runTest.js:367:16)
    at runTest (C:\Users\nicol\OneDrive\Documentos\GitHub\metricas\cliente\node_modules\jest-runner\build\runTest.js:444:34)
    at Object.worker (C:\Users\nicol\OneDrive\Documentos\GitHub\metricas\cliente\node_modules\jest-runner\build\testWorker.js:106:12)</failure>
    </testcase>
    <testcase classname="Header Component displays notification badge when notifications exist" name="Header Component displays notification badge when notifications exist" time="0.012">
      <failure>TestingLibraryElementError: Unable to find an element by: [data-testid=&quot;notification-badge&quot;]

Ignored nodes: comments, script, style
&lt;body&gt;
  &lt;div&gt;
    &lt;div
      class=&quot;MuiBox-root css-i9gxme&quot;
    &gt;
      &lt;header
        class=&quot;MuiPaper-root MuiPaper-elevation MuiPaper-elevation4 MuiAppBar-root MuiAppBar-colorPrimary MuiAppBar-positionStatic css-hip9hq-MuiPaper-root-MuiAppBar-root&quot;
      &gt;
        &lt;div
          class=&quot;MuiToolbar-root MuiToolbar-gutters MuiToolbar-regular css-hyum1k-MuiToolbar-root&quot;
        &gt;
          &lt;div
            class=&quot;MuiTypography-root MuiTypography-h6 css-1juivf6-MuiTypography-root&quot;
          &gt;
            Canchas App
          &lt;/div&gt;
          &lt;button
            class=&quot;MuiButtonBase-root MuiIconButton-root MuiIconButton-colorInherit MuiIconButton-sizeMedium css-zylse7-MuiButtonBase-root-MuiIconButton-root&quot;
            tabindex=&quot;0&quot;
            title=&quot;Cerrar sesión&quot;
            type=&quot;button&quot;
          &gt;
            &lt;svg
              aria-hidden=&quot;true&quot;
              class=&quot;MuiSvgIcon-root MuiSvgIcon-fontSizeMedium css-i4bv87-MuiSvgIcon-root&quot;
              data-testid=&quot;ExitToAppIcon&quot;
              focusable=&quot;false&quot;
              viewBox=&quot;0 0 24 24&quot;
            &gt;
              &lt;path
                d=&quot;M10.09 15.59 11.5 17l5-5-5-5-1.41 1.41L12.67 11H3v2h9.67zM19 3H5c-1.11 0-2 .9-2 2v4h2V5h14v14H5v-4H3v4c0 1.1.89 2 2 2h14c1.1 0 2-.9 2-2V5c0-1.1-.9-2-2-2&quot;
              /&gt;
            &lt;/svg&gt;
            &lt;span
              class=&quot;MuiTouchRipple-root css-8je8zh-MuiTouchRipple-root&quot;
            /&gt;
          &lt;/button&gt;
        &lt;/div&gt;
      &lt;/header&gt;
    &lt;/div&gt;
  &lt;/div&gt;
&lt;/body&gt;
    at Object.getElementError (C:\Users\nicol\OneDrive\Documentos\GitHub\metricas\cliente\node_modules\@testing-library\dom\dist\config.js:37:19)
    at C:\Users\nicol\OneDrive\Documentos\GitHub\metricas\cliente\node_modules\@testing-library\dom\dist\query-helpers.js:76:38
    at C:\Users\nicol\OneDrive\Documentos\GitHub\metricas\cliente\node_modules\@testing-library\dom\dist\query-helpers.js:52:17
    at C:\Users\nicol\OneDrive\Documentos\GitHub\metricas\cliente\node_modules\@testing-library\dom\dist\query-helpers.js:95:19
    at Object.getByTestId (C:\Users\nicol\OneDrive\Documentos\GitHub\metricas\cliente\src\components\__tests__\Header.test.jsx:157:19)
    at Promise.then.completed (C:\Users\nicol\OneDrive\Documentos\GitHub\metricas\cliente\node_modules\jest-circus\build\utils.js:298:28)
    at new Promise (&lt;anonymous&gt;)
    at callAsyncCircusFn (C:\Users\nicol\OneDrive\Documentos\GitHub\metricas\cliente\node_modules\jest-circus\build\utils.js:231:10)
    at _callCircusTest (C:\Users\nicol\OneDrive\Documentos\GitHub\metricas\cliente\node_modules\jest-circus\build\run.js:316:40)
    at processTicksAndRejections (node:internal/process/task_queues:105:5)
    at _runTest (C:\Users\nicol\OneDrive\Documentos\GitHub\metricas\cliente\node_modules\jest-circus\build\run.js:252:3)
    at _runTestsForDescribeBlock (C:\Users\nicol\OneDrive\Documentos\GitHub\metricas\cliente\node_modules\jest-circus\build\run.js:126:9)
    at _runTestsForDescribeBlock (C:\Users\nicol\OneDrive\Documentos\GitHub\metricas\cliente\node_modules\jest-circus\build\run.js:121:9)
    at run (C:\Users\nicol\OneDrive\Documentos\GitHub\metricas\cliente\node_modules\jest-circus\build\run.js:71:3)
    at runAndTransformResultsToJestFormat (C:\Users\nicol\OneDrive\Documentos\GitHub\metricas\cliente\node_modules\jest-circus\build\legacy-code-todo-rewrite\jestAdapterInit.js:122:21)
    at jestAdapter (C:\Users\nicol\OneDrive\Documentos\GitHub\metricas\cliente\node_modules\jest-circus\build\legacy-code-todo-rewrite\jestAdapter.js:79:19)
    at runTestInternal (C:\Users\nicol\OneDrive\Documentos\GitHub\metricas\cliente\node_modules\jest-runner\build\runTest.js:367:16)
    at runTest (C:\Users\nicol\OneDrive\Documentos\GitHub\metricas\cliente\node_modules\jest-runner\build\runTest.js:444:34)
    at Object.worker (C:\Users\nicol\OneDrive\Documentos\GitHub\metricas\cliente\node_modules\jest-runner\build\testWorker.js:106:12)</failure>
    </testcase>
    <testcase classname="Header Component handles theme toggle" name="Header Component handles theme toggle" time="0.12">
      <failure>TestingLibraryElementError: Unable to find an accessible element with the role &quot;button&quot; and name `/cambiar tema/i`

Here are the accessible roles:

  banner:

  Name &quot;&quot;:
  &lt;header
    class=&quot;MuiPaper-root MuiPaper-elevation MuiPaper-elevation4 MuiAppBar-root MuiAppBar-colorPrimary MuiAppBar-positionStatic css-hip9hq-MuiPaper-root-MuiAppBar-root&quot;
  /&gt;

  --------------------------------------------------
  button:

  Name &quot;Cerrar sesión&quot;:
  &lt;button
    class=&quot;MuiButtonBase-root MuiIconButton-root MuiIconButton-colorInherit MuiIconButton-sizeMedium css-zylse7-MuiButtonBase-root-MuiIconButton-root&quot;
    tabindex=&quot;0&quot;
    title=&quot;Cerrar sesión&quot;
    type=&quot;button&quot;
  /&gt;

  --------------------------------------------------

Ignored nodes: comments, script, style
&lt;body&gt;
  &lt;div&gt;
    &lt;div
      class=&quot;MuiBox-root css-i9gxme&quot;
    &gt;
      &lt;header
        class=&quot;MuiPaper-root MuiPaper-elevation MuiPaper-elevation4 MuiAppBar-root MuiAppBar-colorPrimary MuiAppBar-positionStatic css-hip9hq-MuiPaper-root-MuiAppBar-root&quot;
      &gt;
        &lt;div
          class=&quot;MuiToolbar-root MuiToolbar-gutters MuiToolbar-regular css-hyum1k-MuiToolbar-root&quot;
        &gt;
          &lt;div
            class=&quot;MuiTypography-root MuiTypography-h6 css-1juivf6-MuiTypography-root&quot;
          &gt;
            Canchas App
          &lt;/div&gt;
          &lt;button
            class=&quot;MuiButtonBase-root MuiIconButton-root MuiIconButton-colorInherit MuiIconButton-sizeMedium css-zylse7-MuiButtonBase-root-MuiIconButton-root&quot;
            tabindex=&quot;0&quot;
            title=&quot;Cerrar sesión&quot;
            type=&quot;button&quot;
          &gt;
            &lt;svg
              aria-hidden=&quot;true&quot;
              class=&quot;MuiSvgIcon-root MuiSvgIcon-fontSizeMedium css-i4bv87-MuiSvgIcon-root&quot;
              data-testid=&quot;ExitToAppIcon&quot;
              focusable=&quot;false&quot;
              viewBox=&quot;0 0 24 24&quot;
            &gt;
              &lt;path
                d=&quot;M10.09 15.59 11.5 17l5-5-5-5-1.41 1.41L12.67 11H3v2h9.67zM19 3H5c-1.11 0-2 .9-2 2v4h2V5h14v14H5v-4H3v4c0 1.1.89 2 2 2h14c1.1 0 2-.9 2-2V5c0-1.1-.9-2-2-2&quot;
              /&gt;
            &lt;/svg&gt;
            &lt;span
              class=&quot;MuiTouchRipple-root css-8je8zh-MuiTouchRipple-root&quot;
            /&gt;
          &lt;/button&gt;
        &lt;/div&gt;
      &lt;/header&gt;
    &lt;/div&gt;
  &lt;/div&gt;
&lt;/body&gt;
    at Object.getElementError (C:\Users\nicol\OneDrive\Documentos\GitHub\metricas\cliente\node_modules\@testing-library\dom\dist\config.js:37:19)
    at C:\Users\nicol\OneDrive\Documentos\GitHub\metricas\cliente\node_modules\@testing-library\dom\dist\query-helpers.js:76:38
    at C:\Users\nicol\OneDrive\Documentos\GitHub\metricas\cliente\node_modules\@testing-library\dom\dist\query-helpers.js:52:17
    at C:\Users\nicol\OneDrive\Documentos\GitHub\metricas\cliente\node_modules\@testing-library\dom\dist\query-helpers.js:95:19
    at Object.getByRole (C:\Users\nicol\OneDrive\Documentos\GitHub\metricas\cliente\src\components\__tests__\Header.test.jsx:164:32)
    at Promise.then.completed (C:\Users\nicol\OneDrive\Documentos\GitHub\metricas\cliente\node_modules\jest-circus\build\utils.js:298:28)
    at new Promise (&lt;anonymous&gt;)
    at callAsyncCircusFn (C:\Users\nicol\OneDrive\Documentos\GitHub\metricas\cliente\node_modules\jest-circus\build\utils.js:231:10)
    at _callCircusTest (C:\Users\nicol\OneDrive\Documentos\GitHub\metricas\cliente\node_modules\jest-circus\build\run.js:316:40)
    at processTicksAndRejections (node:internal/process/task_queues:105:5)
    at _runTest (C:\Users\nicol\OneDrive\Documentos\GitHub\metricas\cliente\node_modules\jest-circus\build\run.js:252:3)
    at _runTestsForDescribeBlock (C:\Users\nicol\OneDrive\Documentos\GitHub\metricas\cliente\node_modules\jest-circus\build\run.js:126:9)
    at _runTestsForDescribeBlock (C:\Users\nicol\OneDrive\Documentos\GitHub\metricas\cliente\node_modules\jest-circus\build\run.js:121:9)
    at run (C:\Users\nicol\OneDrive\Documentos\GitHub\metricas\cliente\node_modules\jest-circus\build\run.js:71:3)
    at runAndTransformResultsToJestFormat (C:\Users\nicol\OneDrive\Documentos\GitHub\metricas\cliente\node_modules\jest-circus\build\legacy-code-todo-rewrite\jestAdapterInit.js:122:21)
    at jestAdapter (C:\Users\nicol\OneDrive\Documentos\GitHub\metricas\cliente\node_modules\jest-circus\build\legacy-code-todo-rewrite\jestAdapter.js:79:19)
    at runTestInternal (C:\Users\nicol\OneDrive\Documentos\GitHub\metricas\cliente\node_modules\jest-runner\build\runTest.js:367:16)
    at runTest (C:\Users\nicol\OneDrive\Documentos\GitHub\metricas\cliente\node_modules\jest-runner\build\runTest.js:444:34)
    at Object.worker (C:\Users\nicol\OneDrive\Documentos\GitHub\metricas\cliente\node_modules\jest-runner\build\testWorker.js:106:12)</failure>
    </testcase>
  </testsuite>
  <testsuite name="Reviews Component" errors="0" failures="8" skipped="0" timestamp="2025-03-30T15:09:03" time="45.626" tests="8">
    <testcase classname="Reviews Component renders reviews list" name="Reviews Component renders reviews list" time="1.471">
      <failure>Error: Unable to find an element with the text: Excelente cancha. This could be because the text is broken up by multiple elements. In this case, you can provide a function for your text matcher to make your matcher more flexible.

Ignored nodes: comments, script, style
&lt;body&gt;
  &lt;div&gt;
    &lt;div
      class=&quot;MuiPaper-root MuiPaper-elevation MuiPaper-rounded MuiPaper-elevation1 css-1aaowik-MuiPaper-root&quot;
    &gt;
      &lt;p
        class=&quot;MuiTypography-root MuiTypography-body1 MuiTypography-alignCenter css-12wjmzy-MuiTypography-root&quot;
      &gt;
        No hay reseñas disponibles. Por favor, agrega una reseña.
      &lt;/p&gt;
    &lt;/div&gt;
  &lt;/div&gt;
&lt;/body&gt;
    at waitForWrapper (C:\Users\nicol\OneDrive\Documentos\GitHub\metricas\cliente\node_modules\@testing-library\dom\dist\wait-for.js:166:27)
    at _callee$ (C:\Users\nicol\OneDrive\Documentos\GitHub\metricas\cliente\src\components\__tests__\Reviews.test.jsx:58:18)
    at call (C:\Users\nicol\OneDrive\Documentos\GitHub\metricas\cliente\src\components\__tests__\Reviews.test.jsx:2:1)
    at Generator.tryCatch (C:\Users\nicol\OneDrive\Documentos\GitHub\metricas\cliente\src\components\__tests__\Reviews.test.jsx:2:1)
    at Generator._invoke [as next] (C:\Users\nicol\OneDrive\Documentos\GitHub\metricas\cliente\src\components\__tests__\Reviews.test.jsx:2:1)
    at asyncGeneratorStep (C:\Users\nicol\OneDrive\Documentos\GitHub\metricas\cliente\src\components\__tests__\Reviews.test.jsx:2:1)
    at asyncGeneratorStep (C:\Users\nicol\OneDrive\Documentos\GitHub\metricas\cliente\src\components\__tests__\Reviews.test.jsx:2:1)
    at _next (C:\Users\nicol\OneDrive\Documentos\GitHub\metricas\cliente\src\components\__tests__\Reviews.test.jsx:2:1)
    at new Promise (&lt;anonymous&gt;)
    at Object.&lt;anonymous&gt; (C:\Users\nicol\OneDrive\Documentos\GitHub\metricas\cliente\src\components\__tests__\Reviews.test.jsx:2:1)
    at Promise.then.completed (C:\Users\nicol\OneDrive\Documentos\GitHub\metricas\cliente\node_modules\jest-circus\build\utils.js:298:28)
    at new Promise (&lt;anonymous&gt;)
    at callAsyncCircusFn (C:\Users\nicol\OneDrive\Documentos\GitHub\metricas\cliente\node_modules\jest-circus\build\utils.js:231:10)
    at _callCircusTest (C:\Users\nicol\OneDrive\Documentos\GitHub\metricas\cliente\node_modules\jest-circus\build\run.js:316:40)
    at processTicksAndRejections (node:internal/process/task_queues:105:5)
    at _runTest (C:\Users\nicol\OneDrive\Documentos\GitHub\metricas\cliente\node_modules\jest-circus\build\run.js:252:3)
    at _runTestsForDescribeBlock (C:\Users\nicol\OneDrive\Documentos\GitHub\metricas\cliente\node_modules\jest-circus\build\run.js:126:9)
    at _runTestsForDescribeBlock (C:\Users\nicol\OneDrive\Documentos\GitHub\metricas\cliente\node_modules\jest-circus\build\run.js:121:9)
    at run (C:\Users\nicol\OneDrive\Documentos\GitHub\metricas\cliente\node_modules\jest-circus\build\run.js:71:3)
    at runAndTransformResultsToJestFormat (C:\Users\nicol\OneDrive\Documentos\GitHub\metricas\cliente\node_modules\jest-circus\build\legacy-code-todo-rewrite\jestAdapterInit.js:122:21)
    at jestAdapter (C:\Users\nicol\OneDrive\Documentos\GitHub\metricas\cliente\node_modules\jest-circus\build\legacy-code-todo-rewrite\jestAdapter.js:79:19)
    at runTestInternal (C:\Users\nicol\OneDrive\Documentos\GitHub\metricas\cliente\node_modules\jest-runner\build\runTest.js:367:16)
    at runTest (C:\Users\nicol\OneDrive\Documentos\GitHub\metricas\cliente\node_modules\jest-runner\build\runTest.js:444:34)
    at Object.worker (C:\Users\nicol\OneDrive\Documentos\GitHub\metricas\cliente\node_modules\jest-runner\build\testWorker.js:106:12)</failure>
    </testcase>
    <testcase classname="Reviews Component displays star ratings correctly" name="Reviews Component displays star ratings correctly" time="1.033">
      <failure>Error: Unable to find an element by: [data-testid=&quot;star-rating-1&quot;]

Ignored nodes: comments, script, style
&lt;body&gt;
  &lt;div&gt;
    &lt;div
      class=&quot;MuiPaper-root MuiPaper-elevation MuiPaper-rounded MuiPaper-elevation1 css-1aaowik-MuiPaper-root&quot;
    &gt;
      &lt;p
        class=&quot;MuiTypography-root MuiTypography-body1 MuiTypography-alignCenter css-12wjmzy-MuiTypography-root&quot;
      &gt;
        No hay reseñas disponibles. Por favor, agrega una reseña.
      &lt;/p&gt;
    &lt;/div&gt;
  &lt;/div&gt;
&lt;/body&gt;
    at waitForWrapper (C:\Users\nicol\OneDrive\Documentos\GitHub\metricas\cliente\node_modules\@testing-library\dom\dist\wait-for.js:166:27)
    at _callee2$ (C:\Users\nicol\OneDrive\Documentos\GitHub\metricas\cliente\src\components\__tests__\Reviews.test.jsx:70:18)
    at call (C:\Users\nicol\OneDrive\Documentos\GitHub\metricas\cliente\src\components\__tests__\Reviews.test.jsx:2:1)
    at Generator.tryCatch (C:\Users\nicol\OneDrive\Documentos\GitHub\metricas\cliente\src\components\__tests__\Reviews.test.jsx:2:1)
    at Generator._invoke [as next] (C:\Users\nicol\OneDrive\Documentos\GitHub\metricas\cliente\src\components\__tests__\Reviews.test.jsx:2:1)
    at asyncGeneratorStep (C:\Users\nicol\OneDrive\Documentos\GitHub\metricas\cliente\src\components\__tests__\Reviews.test.jsx:2:1)
    at asyncGeneratorStep (C:\Users\nicol\OneDrive\Documentos\GitHub\metricas\cliente\src\components\__tests__\Reviews.test.jsx:2:1)
    at _next (C:\Users\nicol\OneDrive\Documentos\GitHub\metricas\cliente\src\components\__tests__\Reviews.test.jsx:2:1)
    at new Promise (&lt;anonymous&gt;)
    at Object.&lt;anonymous&gt; (C:\Users\nicol\OneDrive\Documentos\GitHub\metricas\cliente\src\components\__tests__\Reviews.test.jsx:2:1)
    at Promise.then.completed (C:\Users\nicol\OneDrive\Documentos\GitHub\metricas\cliente\node_modules\jest-circus\build\utils.js:298:28)
    at new Promise (&lt;anonymous&gt;)
    at callAsyncCircusFn (C:\Users\nicol\OneDrive\Documentos\GitHub\metricas\cliente\node_modules\jest-circus\build\utils.js:231:10)
    at _callCircusTest (C:\Users\nicol\OneDrive\Documentos\GitHub\metricas\cliente\node_modules\jest-circus\build\run.js:316:40)
    at _runTest (C:\Users\nicol\OneDrive\Documentos\GitHub\metricas\cliente\node_modules\jest-circus\build\run.js:252:3)
    at _runTestsForDescribeBlock (C:\Users\nicol\OneDrive\Documentos\GitHub\metricas\cliente\node_modules\jest-circus\build\run.js:126:9)
    at _runTestsForDescribeBlock (C:\Users\nicol\OneDrive\Documentos\GitHub\metricas\cliente\node_modules\jest-circus\build\run.js:121:9)
    at run (C:\Users\nicol\OneDrive\Documentos\GitHub\metricas\cliente\node_modules\jest-circus\build\run.js:71:3)
    at runAndTransformResultsToJestFormat (C:\Users\nicol\OneDrive\Documentos\GitHub\metricas\cliente\node_modules\jest-circus\build\legacy-code-todo-rewrite\jestAdapterInit.js:122:21)
    at jestAdapter (C:\Users\nicol\OneDrive\Documentos\GitHub\metricas\cliente\node_modules\jest-circus\build\legacy-code-todo-rewrite\jestAdapter.js:79:19)
    at runTestInternal (C:\Users\nicol\OneDrive\Documentos\GitHub\metricas\cliente\node_modules\jest-runner\build\runTest.js:367:16)
    at runTest (C:\Users\nicol\OneDrive\Documentos\GitHub\metricas\cliente\node_modules\jest-runner\build\runTest.js:444:34)
    at Object.worker (C:\Users\nicol\OneDrive\Documentos\GitHub\metricas\cliente\node_modules\jest-runner\build\testWorker.js:106:12)</failure>
    </testcase>
    <testcase classname="Reviews Component handles adding new review" name="Reviews Component handles adding new review" time="0.019">
      <failure>TestingLibraryElementError: Unable to find an element with the text: /escribir reseña/i. This could be because the text is broken up by multiple elements. In this case, you can provide a function for your text matcher to make your matcher more flexible.

Ignored nodes: comments, script, style
&lt;body&gt;
  &lt;div&gt;
    &lt;div
      class=&quot;MuiPaper-root MuiPaper-elevation MuiPaper-rounded MuiPaper-elevation1 css-1aaowik-MuiPaper-root&quot;
    &gt;
      &lt;p
        class=&quot;MuiTypography-root MuiTypography-body1 MuiTypography-alignCenter css-12wjmzy-MuiTypography-root&quot;
      &gt;
        No hay reseñas disponibles. Por favor, agrega una reseña.
      &lt;/p&gt;
    &lt;/div&gt;
  &lt;/div&gt;
&lt;/body&gt;
    at Object.getElementError (C:\Users\nicol\OneDrive\Documentos\GitHub\metricas\cliente\node_modules\@testing-library\dom\dist\config.js:37:19)
    at C:\Users\nicol\OneDrive\Documentos\GitHub\metricas\cliente\node_modules\@testing-library\dom\dist\query-helpers.js:76:38
    at C:\Users\nicol\OneDrive\Documentos\GitHub\metricas\cliente\node_modules\@testing-library\dom\dist\query-helpers.js:52:17
    at C:\Users\nicol\OneDrive\Documentos\GitHub\metricas\cliente\node_modules\@testing-library\dom\dist\query-helpers.js:95:19
    at getByText (C:\Users\nicol\OneDrive\Documentos\GitHub\metricas\cliente\src\components\__tests__\Reviews.test.jsx:97:28)
    at call (C:\Users\nicol\OneDrive\Documentos\GitHub\metricas\cliente\src\components\__tests__\Reviews.test.jsx:2:1)
    at Generator.tryCatch (C:\Users\nicol\OneDrive\Documentos\GitHub\metricas\cliente\src\components\__tests__\Reviews.test.jsx:2:1)
    at Generator._invoke [as next] (C:\Users\nicol\OneDrive\Documentos\GitHub\metricas\cliente\src\components\__tests__\Reviews.test.jsx:2:1)
    at asyncGeneratorStep (C:\Users\nicol\OneDrive\Documentos\GitHub\metricas\cliente\src\components\__tests__\Reviews.test.jsx:2:1)
    at asyncGeneratorStep (C:\Users\nicol\OneDrive\Documentos\GitHub\metricas\cliente\src\components\__tests__\Reviews.test.jsx:2:1)
    at _next (C:\Users\nicol\OneDrive\Documentos\GitHub\metricas\cliente\src\components\__tests__\Reviews.test.jsx:2:1)
    at new Promise (&lt;anonymous&gt;)
    at Object.&lt;anonymous&gt; (C:\Users\nicol\OneDrive\Documentos\GitHub\metricas\cliente\src\components\__tests__\Reviews.test.jsx:2:1)
    at Promise.then.completed (C:\Users\nicol\OneDrive\Documentos\GitHub\metricas\cliente\node_modules\jest-circus\build\utils.js:298:28)
    at new Promise (&lt;anonymous&gt;)
    at callAsyncCircusFn (C:\Users\nicol\OneDrive\Documentos\GitHub\metricas\cliente\node_modules\jest-circus\build\utils.js:231:10)
    at _callCircusTest (C:\Users\nicol\OneDrive\Documentos\GitHub\metricas\cliente\node_modules\jest-circus\build\run.js:316:40)
    at _runTest (C:\Users\nicol\OneDrive\Documentos\GitHub\metricas\cliente\node_modules\jest-circus\build\run.js:252:3)
    at _runTestsForDescribeBlock (C:\Users\nicol\OneDrive\Documentos\GitHub\metricas\cliente\node_modules\jest-circus\build\run.js:126:9)
    at _runTestsForDescribeBlock (C:\Users\nicol\OneDrive\Documentos\GitHub\metricas\cliente\node_modules\jest-circus\build\run.js:121:9)
    at run (C:\Users\nicol\OneDrive\Documentos\GitHub\metricas\cliente\node_modules\jest-circus\build\run.js:71:3)
    at runAndTransformResultsToJestFormat (C:\Users\nicol\OneDrive\Documentos\GitHub\metricas\cliente\node_modules\jest-circus\build\legacy-code-todo-rewrite\jestAdapterInit.js:122:21)
    at jestAdapter (C:\Users\nicol\OneDrive\Documentos\GitHub\metricas\cliente\node_modules\jest-circus\build\legacy-code-todo-rewrite\jestAdapter.js:79:19)
    at runTestInternal (C:\Users\nicol\OneDrive\Documentos\GitHub\metricas\cliente\node_modules\jest-runner\build\runTest.js:367:16)
    at runTest (C:\Users\nicol\OneDrive\Documentos\GitHub\metricas\cliente\node_modules\jest-runner\build\runTest.js:444:34)
    at Object.worker (C:\Users\nicol\OneDrive\Documentos\GitHub\metricas\cliente\node_modules\jest-runner\build\testWorker.js:106:12)</failure>
    </testcase>
    <testcase classname="Reviews Component validates review form submission" name="Reviews Component validates review form submission" time="0.01">
      <failure>TestingLibraryElementError: Unable to find an element with the text: /escribir reseña/i. This could be because the text is broken up by multiple elements. In this case, you can provide a function for your text matcher to make your matcher more flexible.

Ignored nodes: comments, script, style
&lt;body&gt;
  &lt;div&gt;
    &lt;div
      class=&quot;MuiPaper-root MuiPaper-elevation MuiPaper-rounded MuiPaper-elevation1 css-1aaowik-MuiPaper-root&quot;
    &gt;
      &lt;p
        class=&quot;MuiTypography-root MuiTypography-body1 MuiTypography-alignCenter css-12wjmzy-MuiTypography-root&quot;
      &gt;
        No hay reseñas disponibles. Por favor, agrega una reseña.
      &lt;/p&gt;
    &lt;/div&gt;
  &lt;/div&gt;
&lt;/body&gt;
    at Object.getElementError (C:\Users\nicol\OneDrive\Documentos\GitHub\metricas\cliente\node_modules\@testing-library\dom\dist\config.js:37:19)
    at C:\Users\nicol\OneDrive\Documentos\GitHub\metricas\cliente\node_modules\@testing-library\dom\dist\query-helpers.js:76:38
    at C:\Users\nicol\OneDrive\Documentos\GitHub\metricas\cliente\node_modules\@testing-library\dom\dist\query-helpers.js:52:17
    at C:\Users\nicol\OneDrive\Documentos\GitHub\metricas\cliente\node_modules\@testing-library\dom\dist\query-helpers.js:95:19
    at getByText (C:\Users\nicol\OneDrive\Documentos\GitHub\metricas\cliente\src\components\__tests__\Reviews.test.jsx:120:28)
    at call (C:\Users\nicol\OneDrive\Documentos\GitHub\metricas\cliente\src\components\__tests__\Reviews.test.jsx:2:1)
    at Generator.tryCatch (C:\Users\nicol\OneDrive\Documentos\GitHub\metricas\cliente\src\components\__tests__\Reviews.test.jsx:2:1)
    at Generator._invoke [as next] (C:\Users\nicol\OneDrive\Documentos\GitHub\metricas\cliente\src\components\__tests__\Reviews.test.jsx:2:1)
    at asyncGeneratorStep (C:\Users\nicol\OneDrive\Documentos\GitHub\metricas\cliente\src\components\__tests__\Reviews.test.jsx:2:1)
    at asyncGeneratorStep (C:\Users\nicol\OneDrive\Documentos\GitHub\metricas\cliente\src\components\__tests__\Reviews.test.jsx:2:1)
    at _next (C:\Users\nicol\OneDrive\Documentos\GitHub\metricas\cliente\src\components\__tests__\Reviews.test.jsx:2:1)
    at new Promise (&lt;anonymous&gt;)
    at Object.&lt;anonymous&gt; (C:\Users\nicol\OneDrive\Documentos\GitHub\metricas\cliente\src\components\__tests__\Reviews.test.jsx:2:1)
    at Promise.then.completed (C:\Users\nicol\OneDrive\Documentos\GitHub\metricas\cliente\node_modules\jest-circus\build\utils.js:298:28)
    at new Promise (&lt;anonymous&gt;)
    at callAsyncCircusFn (C:\Users\nicol\OneDrive\Documentos\GitHub\metricas\cliente\node_modules\jest-circus\build\utils.js:231:10)
    at _callCircusTest (C:\Users\nicol\OneDrive\Documentos\GitHub\metricas\cliente\node_modules\jest-circus\build\run.js:316:40)
    at _runTest (C:\Users\nicol\OneDrive\Documentos\GitHub\metricas\cliente\node_modules\jest-circus\build\run.js:252:3)
    at _runTestsForDescribeBlock (C:\Users\nicol\OneDrive\Documentos\GitHub\metricas\cliente\node_modules\jest-circus\build\run.js:126:9)
    at _runTestsForDescribeBlock (C:\Users\nicol\OneDrive\Documentos\GitHub\metricas\cliente\node_modules\jest-circus\build\run.js:121:9)
    at run (C:\Users\nicol\OneDrive\Documentos\GitHub\metricas\cliente\node_modules\jest-circus\build\run.js:71:3)
    at runAndTransformResultsToJestFormat (C:\Users\nicol\OneDrive\Documentos\GitHub\metricas\cliente\node_modules\jest-circus\build\legacy-code-todo-rewrite\jestAdapterInit.js:122:21)
    at jestAdapter (C:\Users\nicol\OneDrive\Documentos\GitHub\metricas\cliente\node_modules\jest-circus\build\legacy-code-todo-rewrite\jestAdapter.js:79:19)
    at runTestInternal (C:\Users\nicol\OneDrive\Documentos\GitHub\metricas\cliente\node_modules\jest-runner\build\runTest.js:367:16)
    at runTest (C:\Users\nicol\OneDrive\Documentos\GitHub\metricas\cliente\node_modules\jest-runner\build\runTest.js:444:34)
    at Object.worker (C:\Users\nicol\OneDrive\Documentos\GitHub\metricas\cliente\node_modules\jest-runner\build\testWorker.js:106:12)</failure>
    </testcase>
    <testcase classname="Reviews Component handles review deletion" name="Reviews Component handles review deletion" time="1.063">
      <failure>Error: Unable to find role=&quot;button&quot; and name `/eliminar reseña/i`

Ignored nodes: comments, script, style
&lt;body&gt;
  &lt;div&gt;
    &lt;div
      class=&quot;MuiPaper-root MuiPaper-elevation MuiPaper-rounded MuiPaper-elevation1 css-1aaowik-MuiPaper-root&quot;
    &gt;
      &lt;p
        class=&quot;MuiTypography-root MuiTypography-body1 MuiTypography-alignCenter css-12wjmzy-MuiTypography-root&quot;
      &gt;
        No hay reseñas disponibles. Por favor, agrega una reseña.
      &lt;/p&gt;
    &lt;/div&gt;
  &lt;/div&gt;
&lt;/body&gt;
    at waitForWrapper (C:\Users\nicol\OneDrive\Documentos\GitHub\metricas\cliente\node_modules\@testing-library\dom\dist\wait-for.js:166:27)
    at _callee5$ (C:\Users\nicol\OneDrive\Documentos\GitHub\metricas\cliente\src\components\__tests__\Reviews.test.jsx:135:18)
    at call (C:\Users\nicol\OneDrive\Documentos\GitHub\metricas\cliente\src\components\__tests__\Reviews.test.jsx:2:1)
    at Generator.tryCatch (C:\Users\nicol\OneDrive\Documentos\GitHub\metricas\cliente\src\components\__tests__\Reviews.test.jsx:2:1)
    at Generator._invoke [as next] (C:\Users\nicol\OneDrive\Documentos\GitHub\metricas\cliente\src\components\__tests__\Reviews.test.jsx:2:1)
    at asyncGeneratorStep (C:\Users\nicol\OneDrive\Documentos\GitHub\metricas\cliente\src\components\__tests__\Reviews.test.jsx:2:1)
    at asyncGeneratorStep (C:\Users\nicol\OneDrive\Documentos\GitHub\metricas\cliente\src\components\__tests__\Reviews.test.jsx:2:1)
    at _next (C:\Users\nicol\OneDrive\Documentos\GitHub\metricas\cliente\src\components\__tests__\Reviews.test.jsx:2:1)
    at new Promise (&lt;anonymous&gt;)
    at Object.&lt;anonymous&gt; (C:\Users\nicol\OneDrive\Documentos\GitHub\metricas\cliente\src\components\__tests__\Reviews.test.jsx:2:1)
    at Promise.then.completed (C:\Users\nicol\OneDrive\Documentos\GitHub\metricas\cliente\node_modules\jest-circus\build\utils.js:298:28)
    at new Promise (&lt;anonymous&gt;)
    at callAsyncCircusFn (C:\Users\nicol\OneDrive\Documentos\GitHub\metricas\cliente\node_modules\jest-circus\build\utils.js:231:10)
    at _callCircusTest (C:\Users\nicol\OneDrive\Documentos\GitHub\metricas\cliente\node_modules\jest-circus\build\run.js:316:40)
    at _runTest (C:\Users\nicol\OneDrive\Documentos\GitHub\metricas\cliente\node_modules\jest-circus\build\run.js:252:3)
    at _runTestsForDescribeBlock (C:\Users\nicol\OneDrive\Documentos\GitHub\metricas\cliente\node_modules\jest-circus\build\run.js:126:9)
    at _runTestsForDescribeBlock (C:\Users\nicol\OneDrive\Documentos\GitHub\metricas\cliente\node_modules\jest-circus\build\run.js:121:9)
    at run (C:\Users\nicol\OneDrive\Documentos\GitHub\metricas\cliente\node_modules\jest-circus\build\run.js:71:3)
    at runAndTransformResultsToJestFormat (C:\Users\nicol\OneDrive\Documentos\GitHub\metricas\cliente\node_modules\jest-circus\build\legacy-code-todo-rewrite\jestAdapterInit.js:122:21)
    at jestAdapter (C:\Users\nicol\OneDrive\Documentos\GitHub\metricas\cliente\node_modules\jest-circus\build\legacy-code-todo-rewrite\jestAdapter.js:79:19)
    at runTestInternal (C:\Users\nicol\OneDrive\Documentos\GitHub\metricas\cliente\node_modules\jest-runner\build\runTest.js:367:16)
    at runTest (C:\Users\nicol\OneDrive\Documentos\GitHub\metricas\cliente\node_modules\jest-runner\build\runTest.js:444:34)
    at Object.worker (C:\Users\nicol\OneDrive\Documentos\GitHub\metricas\cliente\node_modules\jest-runner\build\testWorker.js:106:12)</failure>
    </testcase>
    <testcase classname="Reviews Component handles error when fetching reviews" name="Reviews Component handles error when fetching reviews" time="1.031">
      <failure>Error: Unable to find an element with the text: /error al cargar las reseñas/i. This could be because the text is broken up by multiple elements. In this case, you can provide a function for your text matcher to make your matcher more flexible.

Ignored nodes: comments, script, style
&lt;body&gt;
  &lt;div&gt;
    &lt;div
      class=&quot;MuiPaper-root MuiPaper-elevation MuiPaper-rounded MuiPaper-elevation1 css-1aaowik-MuiPaper-root&quot;
    &gt;
      &lt;p
        class=&quot;MuiTypography-root MuiTypography-body1 MuiTypography-alignCenter css-12wjmzy-MuiTypography-root&quot;
      &gt;
        No hay reseñas disponibles. Por favor, agrega una reseña.
      &lt;/p&gt;
    &lt;/div&gt;
  &lt;/div&gt;
&lt;/body&gt;
    at waitForWrapper (C:\Users\nicol\OneDrive\Documentos\GitHub\metricas\cliente\node_modules\@testing-library\dom\dist\wait-for.js:166:27)
    at _callee6$ (C:\Users\nicol\OneDrive\Documentos\GitHub\metricas\cliente\src\components\__tests__\Reviews.test.jsx:156:18)
    at call (C:\Users\nicol\OneDrive\Documentos\GitHub\metricas\cliente\src\components\__tests__\Reviews.test.jsx:2:1)
    at Generator.tryCatch (C:\Users\nicol\OneDrive\Documentos\GitHub\metricas\cliente\src\components\__tests__\Reviews.test.jsx:2:1)
    at Generator._invoke [as next] (C:\Users\nicol\OneDrive\Documentos\GitHub\metricas\cliente\src\components\__tests__\Reviews.test.jsx:2:1)
    at asyncGeneratorStep (C:\Users\nicol\OneDrive\Documentos\GitHub\metricas\cliente\src\components\__tests__\Reviews.test.jsx:2:1)
    at asyncGeneratorStep (C:\Users\nicol\OneDrive\Documentos\GitHub\metricas\cliente\src\components\__tests__\Reviews.test.jsx:2:1)
    at _next (C:\Users\nicol\OneDrive\Documentos\GitHub\metricas\cliente\src\components\__tests__\Reviews.test.jsx:2:1)
    at new Promise (&lt;anonymous&gt;)
    at Object.&lt;anonymous&gt; (C:\Users\nicol\OneDrive\Documentos\GitHub\metricas\cliente\src\components\__tests__\Reviews.test.jsx:2:1)
    at Promise.then.completed (C:\Users\nicol\OneDrive\Documentos\GitHub\metricas\cliente\node_modules\jest-circus\build\utils.js:298:28)
    at new Promise (&lt;anonymous&gt;)
    at callAsyncCircusFn (C:\Users\nicol\OneDrive\Documentos\GitHub\metricas\cliente\node_modules\jest-circus\build\utils.js:231:10)
    at _callCircusTest (C:\Users\nicol\OneDrive\Documentos\GitHub\metricas\cliente\node_modules\jest-circus\build\run.js:316:40)
    at _runTest (C:\Users\nicol\OneDrive\Documentos\GitHub\metricas\cliente\node_modules\jest-circus\build\run.js:252:3)
    at _runTestsForDescribeBlock (C:\Users\nicol\OneDrive\Documentos\GitHub\metricas\cliente\node_modules\jest-circus\build\run.js:126:9)
    at _runTestsForDescribeBlock (C:\Users\nicol\OneDrive\Documentos\GitHub\metricas\cliente\node_modules\jest-circus\build\run.js:121:9)
    at run (C:\Users\nicol\OneDrive\Documentos\GitHub\metricas\cliente\node_modules\jest-circus\build\run.js:71:3)
    at runAndTransformResultsToJestFormat (C:\Users\nicol\OneDrive\Documentos\GitHub\metricas\cliente\node_modules\jest-circus\build\legacy-code-todo-rewrite\jestAdapterInit.js:122:21)
    at jestAdapter (C:\Users\nicol\OneDrive\Documentos\GitHub\metricas\cliente\node_modules\jest-circus\build\legacy-code-todo-rewrite\jestAdapter.js:79:19)
    at runTestInternal (C:\Users\nicol\OneDrive\Documentos\GitHub\metricas\cliente\node_modules\jest-runner\build\runTest.js:367:16)
    at runTest (C:\Users\nicol\OneDrive\Documentos\GitHub\metricas\cliente\node_modules\jest-runner\build\runTest.js:444:34)
    at Object.worker (C:\Users\nicol\OneDrive\Documentos\GitHub\metricas\cliente\node_modules\jest-runner\build\testWorker.js:106:12)</failure>
    </testcase>
    <testcase classname="Reviews Component calculates and displays average rating" name="Reviews Component calculates and displays average rating" time="1.016">
      <failure>Error: Unable to find an element with the text: /4.5/. This could be because the text is broken up by multiple elements. In this case, you can provide a function for your text matcher to make your matcher more flexible.

Ignored nodes: comments, script, style
&lt;body&gt;
  &lt;div&gt;
    &lt;div
      class=&quot;MuiPaper-root MuiPaper-elevation MuiPaper-rounded MuiPaper-elevation1 css-1aaowik-MuiPaper-root&quot;
    &gt;
      &lt;p
        class=&quot;MuiTypography-root MuiTypography-body1 MuiTypography-alignCenter css-12wjmzy-MuiTypography-root&quot;
      &gt;
        No hay reseñas disponibles. Por favor, agrega una reseña.
      &lt;/p&gt;
    &lt;/div&gt;
  &lt;/div&gt;
&lt;/body&gt;
    at waitForWrapper (C:\Users\nicol\OneDrive\Documentos\GitHub\metricas\cliente\node_modules\@testing-library\dom\dist\wait-for.js:166:27)
    at _callee7$ (C:\Users\nicol\OneDrive\Documentos\GitHub\metricas\cliente\src\components\__tests__\Reviews.test.jsx:164:18)
    at call (C:\Users\nicol\OneDrive\Documentos\GitHub\metricas\cliente\src\components\__tests__\Reviews.test.jsx:2:1)
    at Generator.tryCatch (C:\Users\nicol\OneDrive\Documentos\GitHub\metricas\cliente\src\components\__tests__\Reviews.test.jsx:2:1)
    at Generator._invoke [as next] (C:\Users\nicol\OneDrive\Documentos\GitHub\metricas\cliente\src\components\__tests__\Reviews.test.jsx:2:1)
    at asyncGeneratorStep (C:\Users\nicol\OneDrive\Documentos\GitHub\metricas\cliente\src\components\__tests__\Reviews.test.jsx:2:1)
    at asyncGeneratorStep (C:\Users\nicol\OneDrive\Documentos\GitHub\metricas\cliente\src\components\__tests__\Reviews.test.jsx:2:1)
    at _next (C:\Users\nicol\OneDrive\Documentos\GitHub\metricas\cliente\src\components\__tests__\Reviews.test.jsx:2:1)
    at new Promise (&lt;anonymous&gt;)
    at Object.&lt;anonymous&gt; (C:\Users\nicol\OneDrive\Documentos\GitHub\metricas\cliente\src\components\__tests__\Reviews.test.jsx:2:1)
    at Promise.then.completed (C:\Users\nicol\OneDrive\Documentos\GitHub\metricas\cliente\node_modules\jest-circus\build\utils.js:298:28)
    at new Promise (&lt;anonymous&gt;)
    at callAsyncCircusFn (C:\Users\nicol\OneDrive\Documentos\GitHub\metricas\cliente\node_modules\jest-circus\build\utils.js:231:10)
    at _callCircusTest (C:\Users\nicol\OneDrive\Documentos\GitHub\metricas\cliente\node_modules\jest-circus\build\run.js:316:40)
    at _runTest (C:\Users\nicol\OneDrive\Documentos\GitHub\metricas\cliente\node_modules\jest-circus\build\run.js:252:3)
    at _runTestsForDescribeBlock (C:\Users\nicol\OneDrive\Documentos\GitHub\metricas\cliente\node_modules\jest-circus\build\run.js:126:9)
    at _runTestsForDescribeBlock (C:\Users\nicol\OneDrive\Documentos\GitHub\metricas\cliente\node_modules\jest-circus\build\run.js:121:9)
    at run (C:\Users\nicol\OneDrive\Documentos\GitHub\metricas\cliente\node_modules\jest-circus\build\run.js:71:3)
    at runAndTransformResultsToJestFormat (C:\Users\nicol\OneDrive\Documentos\GitHub\metricas\cliente\node_modules\jest-circus\build\legacy-code-todo-rewrite\jestAdapterInit.js:122:21)
    at jestAdapter (C:\Users\nicol\OneDrive\Documentos\GitHub\metricas\cliente\node_modules\jest-circus\build\legacy-code-todo-rewrite\jestAdapter.js:79:19)
    at runTestInternal (C:\Users\nicol\OneDrive\Documentos\GitHub\metricas\cliente\node_modules\jest-runner\build\runTest.js:367:16)
    at runTest (C:\Users\nicol\OneDrive\Documentos\GitHub\metricas\cliente\node_modules\jest-runner\build\runTest.js:444:34)
    at Object.worker (C:\Users\nicol\OneDrive\Documentos\GitHub\metricas\cliente\node_modules\jest-runner\build\testWorker.js:106:12)</failure>
    </testcase>
    <testcase classname="Reviews Component sorts reviews by date" name="Reviews Component sorts reviews by date" time="1.019">
      <failure>Error: Unable to find role=&quot;button&quot; and name `/ordenar por fecha/i`

Ignored nodes: comments, script, style
&lt;body&gt;
  &lt;div&gt;
    &lt;div
      class=&quot;MuiPaper-root MuiPaper-elevation MuiPaper-rounded MuiPaper-elevation1 css-1aaowik-MuiPaper-root&quot;
    &gt;
      &lt;p
        class=&quot;MuiTypography-root MuiTypography-body1 MuiTypography-alignCenter css-12wjmzy-MuiTypography-root&quot;
      &gt;
        No hay reseñas disponibles. Por favor, agrega una reseña.
      &lt;/p&gt;
    &lt;/div&gt;
  &lt;/div&gt;
&lt;/body&gt;
    at waitForWrapper (C:\Users\nicol\OneDrive\Documentos\GitHub\metricas\cliente\node_modules\@testing-library\dom\dist\wait-for.js:166:27)
    at _callee8$ (C:\Users\nicol\OneDrive\Documentos\GitHub\metricas\cliente\src\components\__tests__\Reviews.test.jsx:173:18)
    at call (C:\Users\nicol\OneDrive\Documentos\GitHub\metricas\cliente\src\components\__tests__\Reviews.test.jsx:2:1)
    at Generator.tryCatch (C:\Users\nicol\OneDrive\Documentos\GitHub\metricas\cliente\src\components\__tests__\Reviews.test.jsx:2:1)
    at Generator._invoke [as next] (C:\Users\nicol\OneDrive\Documentos\GitHub\metricas\cliente\src\components\__tests__\Reviews.test.jsx:2:1)
    at asyncGeneratorStep (C:\Users\nicol\OneDrive\Documentos\GitHub\metricas\cliente\src\components\__tests__\Reviews.test.jsx:2:1)
    at asyncGeneratorStep (C:\Users\nicol\OneDrive\Documentos\GitHub\metricas\cliente\src\components\__tests__\Reviews.test.jsx:2:1)
    at _next (C:\Users\nicol\OneDrive\Documentos\GitHub\metricas\cliente\src\components\__tests__\Reviews.test.jsx:2:1)
    at new Promise (&lt;anonymous&gt;)
    at Object.&lt;anonymous&gt; (C:\Users\nicol\OneDrive\Documentos\GitHub\metricas\cliente\src\components\__tests__\Reviews.test.jsx:2:1)
    at Promise.then.completed (C:\Users\nicol\OneDrive\Documentos\GitHub\metricas\cliente\node_modules\jest-circus\build\utils.js:298:28)
    at new Promise (&lt;anonymous&gt;)
    at callAsyncCircusFn (C:\Users\nicol\OneDrive\Documentos\GitHub\metricas\cliente\node_modules\jest-circus\build\utils.js:231:10)
    at _callCircusTest (C:\Users\nicol\OneDrive\Documentos\GitHub\metricas\cliente\node_modules\jest-circus\build\run.js:316:40)
    at _runTest (C:\Users\nicol\OneDrive\Documentos\GitHub\metricas\cliente\node_modules\jest-circus\build\run.js:252:3)
    at _runTestsForDescribeBlock (C:\Users\nicol\OneDrive\Documentos\GitHub\metricas\cliente\node_modules\jest-circus\build\run.js:126:9)
    at _runTestsForDescribeBlock (C:\Users\nicol\OneDrive\Documentos\GitHub\metricas\cliente\node_modules\jest-circus\build\run.js:121:9)
    at run (C:\Users\nicol\OneDrive\Documentos\GitHub\metricas\cliente\node_modules\jest-circus\build\run.js:71:3)
    at runAndTransformResultsToJestFormat (C:\Users\nicol\OneDrive\Documentos\GitHub\metricas\cliente\node_modules\jest-circus\build\legacy-code-todo-rewrite\jestAdapterInit.js:122:21)
    at jestAdapter (C:\Users\nicol\OneDrive\Documentos\GitHub\metricas\cliente\node_modules\jest-circus\build\legacy-code-todo-rewrite\jestAdapter.js:79:19)
    at runTestInternal (C:\Users\nicol\OneDrive\Documentos\GitHub\metricas\cliente\node_modules\jest-runner\build\runTest.js:367:16)
    at runTest (C:\Users\nicol\OneDrive\Documentos\GitHub\metricas\cliente\node_modules\jest-runner\build\runTest.js:444:34)
    at Object.worker (C:\Users\nicol\OneDrive\Documentos\GitHub\metricas\cliente\node_modules\jest-runner\build\testWorker.js:106:12)</failure>
    </testcase>
  </testsuite>
  <testsuite name="Dashboard Component" errors="0" failures="8" skipped="0" timestamp="2025-03-30T15:09:03" time="48.072" tests="9">
    <testcase classname="Dashboard Component renders dashboard with canchas and reviews" name="Dashboard Component renders dashboard with canchas and reviews" time="1.752">
      <failure>Error: Unable to find an element with the text: Cancha 1. This could be because the text is broken up by multiple elements. In this case, you can provide a function for your text matcher to make your matcher more flexible.

Ignored nodes: comments, script, style
&lt;body&gt;
  &lt;div&gt;
    &lt;div
      class=&quot;MuiBox-root css-i9gxme&quot;
    &gt;
      &lt;div
        class=&quot;MuiBox-root css-i9gxme&quot;
      &gt;
        &lt;header
          class=&quot;MuiPaper-root MuiPaper-elevation MuiPaper-elevation4 MuiAppBar-root MuiAppBar-colorPrimary MuiAppBar-positionStatic css-hip9hq-MuiPaper-root-MuiAppBar-root&quot;
        &gt;
          &lt;div
            class=&quot;MuiToolbar-root MuiToolbar-gutters MuiToolbar-regular css-hyum1k-MuiToolbar-root&quot;
          &gt;
            &lt;div
              class=&quot;MuiTypography-root MuiTypography-h6 css-1juivf6-MuiTypography-root&quot;
            &gt;
              Canchas App
            &lt;/div&gt;
            &lt;button
              class=&quot;MuiButtonBase-root MuiIconButton-root MuiIconButton-colorInherit MuiIconButton-sizeMedium css-zylse7-MuiButtonBase-root-MuiIconButton-root&quot;
              tabindex=&quot;0&quot;
              title=&quot;Cerrar sesión&quot;
              type=&quot;button&quot;
            &gt;
              &lt;svg
                aria-hidden=&quot;true&quot;
                class=&quot;MuiSvgIcon-root MuiSvgIcon-fontSizeMedium css-i4bv87-MuiSvgIcon-root&quot;
                data-testid=&quot;ExitToAppIcon&quot;
                focusable=&quot;false&quot;
                viewBox=&quot;0 0 24 24&quot;
              &gt;
                &lt;path
                  d=&quot;M10.09 15.59 11.5 17l5-5-5-5-1.41 1.41L12.67 11H3v2h9.67zM19 3H5c-1.11 0-2 .9-2 2v4h2V5h14v14H5v-4H3v4c0 1.1.89 2 2 2h14c1.1 0 2-.9 2-2V5c0-1.1-.9-2-2-2&quot;
                /&gt;
              &lt;/svg&gt;
              &lt;span
                class=&quot;MuiTouchRipple-root css-8je8zh-MuiTouchRipple-root&quot;
              /&gt;
            &lt;/button&gt;
          &lt;/div&gt;
        &lt;/header&gt;
      &lt;/div&gt;
      &lt;div
        class=&quot;MuiContainer-root MuiContainer-maxWidthLg css-1f2kw6w-MuiContainer-root&quot;
      &gt;
        &lt;div
          class=&quot;MuiBox-root css-v08z5u&quot;
        &gt;
          &lt;h1
            class=&quot;MuiTypography-root MuiTypography-h4 css-5lbw0b-MuiTypography-root&quot;
          &gt;
            Bienvenido, 
          &lt;/h1&gt;
          &lt;button
            class=&quot;MuiButtonBase-root MuiButton-root MuiButton-contained MuiButton-containedPrimary MuiButton-sizeMedium MuiButton-containedSizeMedium MuiButton-colorPrimary MuiButton-root MuiButton-contained MuiButton-containedPrimary MuiButton-sizeMedium MuiButton-containedSizeMedium MuiButton-colorPrimary css-sghohy-MuiButtonBase-root-MuiButton-root&quot;
            tabindex=&quot;0&quot;
            type=&quot;button&quot;
          &gt;
            &lt;span
              class=&quot;MuiButton-icon MuiButton-startIcon MuiButton-iconSizeMedium css-1d6wzja-MuiButton-startIcon&quot;
            &gt;
              &lt;svg
                aria-hidden=&quot;true&quot;
                class=&quot;MuiSvgIcon-root MuiSvgIcon-fontSizeMedium css-i4bv87-MuiSvgIcon-root&quot;
                data-testid=&quot;AddIcon&quot;
                focusable=&quot;false&quot;
                viewBox=&quot;0 0 24 24&quot;
              &gt;
                &lt;path
                  d=&quot;M19 13h-6v6h-2v-6H5v-2h6V5h2v6h6z&quot;
                /&gt;
              &lt;/svg&gt;
            &lt;/span&gt;
            Agregar Cancha
            &lt;span
              class=&quot;MuiTouchRipple-root css-8je8zh-MuiTouchRipple-root&quot;
            /&gt;
          &lt;/button&gt;
        &lt;/div&gt;
        &lt;div
          class=&quot;MuiBox-root css-1muzjf8&quot;
        &gt;
          &lt;div
            class=&quot;MuiTabs-root css-1ujnqem-MuiTabs-root&quot;
          &gt;
            &lt;div
              class=&quot;MuiTabs-scroller MuiTabs-fixed css-jpln7h-MuiTabs-scroller&quot;
              style=&quot;overflow: hidden; margin-bottom: 0px;&quot;
            &gt;
              &lt;div
                class=&quot;MuiTabs-flexContainer css-heg063-MuiTabs-flexContainer&quot;
                role=&quot;tablist&quot;
              &gt;
                &lt;button
                  aria-selected=&quot;true&quot;
                  class=&quot;MuiButtonBase-root MuiTab-root MuiTab-textColorPrimary Mui-selected css-1h9z7r5-MuiButtonBase-root-MuiTab-root&quot;
                  role=&quot;tab&quot;
                  tabindex=&quot;0&quot;
                  type=&quot;button&quot;
                &gt;
                  Todas las Canchas
                  &lt;span
                    class=&quot;MuiTouchRipple-root css-8je8zh-MuiTouchRipple-root&quot;
                  /&gt;
                &lt;/button&gt;
                &lt;button
                  aria-selected=&quot;false&quot;
                  class=&quot;MuiButtonBase-root MuiTab-root MuiTab-textColorPrimary css-1h9z7r5-MuiButtonBase-root-MuiTab-root&quot;
                  role=&quot;tab&quot;
                  tabindex=&quot;-1&quot;
                  type=&quot;button&quot;
                &gt;
                  Mis Reseñas
                  &lt;span
                    class=&quot;MuiTouchRipple-root css-8je8zh-MuiTouchRipple-root&quot;
                  /&gt;
                &lt;/button&gt;
              &lt;/div&gt;
              &lt;span
                class=&quot;MuiTabs-indicator css-1aquho2-MuiTabs-indicator&quot;
                style=&quot;left: 0px; width: 0px;&quot;
              /&gt;
            &lt;/div&gt;
          &lt;/div&gt;
        &lt;/div&gt;
        &lt;div
          class=&quot;MuiBox-root css-0&quot;
        &gt;
          &lt;div
            class=&quot;MuiGrid-root MuiGrid-container MuiGrid-spacing-xs-3 css-zow5z4-MuiGrid-root&quot;
          &gt;
            &lt;div
              class=&quot;MuiGrid-root MuiGrid-item MuiGrid-grid-xs-12 css-1idn90j-MuiGrid-root&quot;
            &gt;
              &lt;div
                class=&quot;MuiBox-root css-4oqe9z&quot;
              &gt;
                &lt;h6
                  class=&quot;MuiTypography-root MuiTypography-h6 css-1jgmn5n-MuiTypography-root&quot;
                &gt;
                  No hay canchas disponibles
                &lt;/h6&gt;
              &lt;/div&gt;
            &lt;/div&gt;
          &lt;/div&gt;
        &lt;/div&gt;
      &lt;/div&gt;
    &lt;/div&gt;
  &lt;/div&gt;
&lt;/body&gt;
    at waitForWrapper (C:\Users\nicol\OneDrive\Documentos\GitHub\metricas\cliente\node_modules\@testing-library\dom\dist\wait-for.js:166:27)
    at _callee$ (C:\Users\nicol\OneDrive\Documentos\GitHub\metricas\cliente\src\components\__tests__\Dashboard.test.jsx:78:18)
    at call (C:\Users\nicol\OneDrive\Documentos\GitHub\metricas\cliente\src\components\__tests__\Dashboard.test.jsx:2:1)
    at Generator.tryCatch (C:\Users\nicol\OneDrive\Documentos\GitHub\metricas\cliente\src\components\__tests__\Dashboard.test.jsx:2:1)
    at Generator._invoke [as next] (C:\Users\nicol\OneDrive\Documentos\GitHub\metricas\cliente\src\components\__tests__\Dashboard.test.jsx:2:1)
    at asyncGeneratorStep (C:\Users\nicol\OneDrive\Documentos\GitHub\metricas\cliente\src\components\__tests__\Dashboard.test.jsx:2:1)
    at asyncGeneratorStep (C:\Users\nicol\OneDrive\Documentos\GitHub\metricas\cliente\src\components\__tests__\Dashboard.test.jsx:2:1)
    at _next (C:\Users\nicol\OneDrive\Documentos\GitHub\metricas\cliente\src\components\__tests__\Dashboard.test.jsx:2:1)
    at new Promise (&lt;anonymous&gt;)
    at Object.&lt;anonymous&gt; (C:\Users\nicol\OneDrive\Documentos\GitHub\metricas\cliente\src\components\__tests__\Dashboard.test.jsx:2:1)
    at Promise.then.completed (C:\Users\nicol\OneDrive\Documentos\GitHub\metricas\cliente\node_modules\jest-circus\build\utils.js:298:28)
    at new Promise (&lt;anonymous&gt;)
    at callAsyncCircusFn (C:\Users\nicol\OneDrive\Documentos\GitHub\metricas\cliente\node_modules\jest-circus\build\utils.js:231:10)
    at _callCircusTest (C:\Users\nicol\OneDrive\Documentos\GitHub\metricas\cliente\node_modules\jest-circus\build\run.js:316:40)
    at processTicksAndRejections (node:internal/process/task_queues:105:5)
    at _runTest (C:\Users\nicol\OneDrive\Documentos\GitHub\metricas\cliente\node_modules\jest-circus\build\run.js:252:3)
    at _runTestsForDescribeBlock (C:\Users\nicol\OneDrive\Documentos\GitHub\metricas\cliente\node_modules\jest-circus\build\run.js:126:9)
    at _runTestsForDescribeBlock (C:\Users\nicol\OneDrive\Documentos\GitHub\metricas\cliente\node_modules\jest-circus\build\run.js:121:9)
    at run (C:\Users\nicol\OneDrive\Documentos\GitHub\metricas\cliente\node_modules\jest-circus\build\run.js:71:3)
    at runAndTransformResultsToJestFormat (C:\Users\nicol\OneDrive\Documentos\GitHub\metricas\cliente\node_modules\jest-circus\build\legacy-code-todo-rewrite\jestAdapterInit.js:122:21)
    at jestAdapter (C:\Users\nicol\OneDrive\Documentos\GitHub\metricas\cliente\node_modules\jest-circus\build\legacy-code-todo-rewrite\jestAdapter.js:79:19)
    at runTestInternal (C:\Users\nicol\OneDrive\Documentos\GitHub\metricas\cliente\node_modules\jest-runner\build\runTest.js:367:16)
    at runTest (C:\Users\nicol\OneDrive\Documentos\GitHub\metricas\cliente\node_modules\jest-runner\build\runTest.js:444:34)
    at Object.worker (C:\Users\nicol\OneDrive\Documentos\GitHub\metricas\cliente\node_modules\jest-runner\build\testWorker.js:106:12)</failure>
    </testcase>
    <testcase classname="Dashboard Component displays loading state" name="Dashboard Component displays loading state" time="0.13">
      <failure>TestingLibraryElementError: Unable to find an element with the text: /cargando/i. This could be because the text is broken up by multiple elements. In this case, you can provide a function for your text matcher to make your matcher more flexible.

Ignored nodes: comments, script, style
&lt;body&gt;
  &lt;div&gt;
    &lt;div
      class=&quot;MuiBox-root css-i9gxme&quot;
    &gt;
      &lt;div
        class=&quot;MuiBox-root css-i9gxme&quot;
      &gt;
        &lt;header
          class=&quot;MuiPaper-root MuiPaper-elevation MuiPaper-elevation4 MuiAppBar-root MuiAppBar-colorPrimary MuiAppBar-positionStatic css-hip9hq-MuiPaper-root-MuiAppBar-root&quot;
        &gt;
          &lt;div
            class=&quot;MuiToolbar-root MuiToolbar-gutters MuiToolbar-regular css-hyum1k-MuiToolbar-root&quot;
          &gt;
            &lt;div
              class=&quot;MuiTypography-root MuiTypography-h6 css-1juivf6-MuiTypography-root&quot;
            &gt;
              Canchas App
            &lt;/div&gt;
            &lt;button
              class=&quot;MuiButtonBase-root MuiIconButton-root MuiIconButton-colorInherit MuiIconButton-sizeMedium css-zylse7-MuiButtonBase-root-MuiIconButton-root&quot;
              tabindex=&quot;0&quot;
              title=&quot;Cerrar sesión&quot;
              type=&quot;button&quot;
            &gt;
              &lt;svg
                aria-hidden=&quot;true&quot;
                class=&quot;MuiSvgIcon-root MuiSvgIcon-fontSizeMedium css-i4bv87-MuiSvgIcon-root&quot;
                data-testid=&quot;ExitToAppIcon&quot;
                focusable=&quot;false&quot;
                viewBox=&quot;0 0 24 24&quot;
              &gt;
                &lt;path
                  d=&quot;M10.09 15.59 11.5 17l5-5-5-5-1.41 1.41L12.67 11H3v2h9.67zM19 3H5c-1.11 0-2 .9-2 2v4h2V5h14v14H5v-4H3v4c0 1.1.89 2 2 2h14c1.1 0 2-.9 2-2V5c0-1.1-.9-2-2-2&quot;
                /&gt;
              &lt;/svg&gt;
              &lt;span
                class=&quot;MuiTouchRipple-root css-8je8zh-MuiTouchRipple-root&quot;
              /&gt;
            &lt;/button&gt;
          &lt;/div&gt;
        &lt;/header&gt;
      &lt;/div&gt;
      &lt;div
        class=&quot;MuiContainer-root MuiContainer-maxWidthLg css-1f2kw6w-MuiContainer-root&quot;
      &gt;
        &lt;div
          class=&quot;MuiBox-root css-v08z5u&quot;
        &gt;
          &lt;h1
            class=&quot;MuiTypography-root MuiTypography-h4 css-5lbw0b-MuiTypography-root&quot;
          &gt;
            Bienvenido, 
          &lt;/h1&gt;
          &lt;button
            class=&quot;MuiButtonBase-root MuiButton-root MuiButton-contained MuiButton-containedPrimary MuiButton-sizeMedium MuiButton-containedSizeMedium MuiButton-colorPrimary MuiButton-root MuiButton-contained MuiButton-containedPrimary MuiButton-sizeMedium MuiButton-containedSizeMedium MuiButton-colorPrimary css-sghohy-MuiButtonBase-root-MuiButton-root&quot;
            tabindex=&quot;0&quot;
            type=&quot;button&quot;
          &gt;
            &lt;span
              class=&quot;MuiButton-icon MuiButton-startIcon MuiButton-iconSizeMedium css-1d6wzja-MuiButton-startIcon&quot;
            &gt;
              &lt;svg
                aria-hidden=&quot;true&quot;
                class=&quot;MuiSvgIcon-root MuiSvgIcon-fontSizeMedium css-i4bv87-MuiSvgIcon-root&quot;
                data-testid=&quot;AddIcon&quot;
                focusable=&quot;false&quot;
                viewBox=&quot;0 0 24 24&quot;
              &gt;
                &lt;path
                  d=&quot;M19 13h-6v6h-2v-6H5v-2h6V5h2v6h6z&quot;
                /&gt;
              &lt;/svg&gt;
            &lt;/span&gt;
            Agregar Cancha
            &lt;span
              class=&quot;MuiTouchRipple-root css-8je8zh-MuiTouchRipple-root&quot;
            /&gt;
          &lt;/button&gt;
        &lt;/div&gt;
        &lt;div
          class=&quot;MuiBox-root css-1muzjf8&quot;
        &gt;
          &lt;div
            class=&quot;MuiTabs-root css-1ujnqem-MuiTabs-root&quot;
          &gt;
            &lt;div
              class=&quot;MuiTabs-scroller MuiTabs-fixed css-jpln7h-MuiTabs-scroller&quot;
              style=&quot;overflow: hidden; margin-bottom: 0px;&quot;
            &gt;
              &lt;div
                class=&quot;MuiTabs-flexContainer css-heg063-MuiTabs-flexContainer&quot;
                role=&quot;tablist&quot;
              &gt;
                &lt;button
                  aria-selected=&quot;true&quot;
                  class=&quot;MuiButtonBase-root MuiTab-root MuiTab-textColorPrimary Mui-selected css-1h9z7r5-MuiButtonBase-root-MuiTab-root&quot;
                  role=&quot;tab&quot;
                  tabindex=&quot;0&quot;
                  type=&quot;button&quot;
                &gt;
                  Todas las Canchas
                  &lt;span
                    class=&quot;MuiTouchRipple-root css-8je8zh-MuiTouchRipple-root&quot;
                  /&gt;
                &lt;/button&gt;
                &lt;button
                  aria-selected=&quot;false&quot;
                  class=&quot;MuiButtonBase-root MuiTab-root MuiTab-textColorPrimary css-1h9z7r5-MuiButtonBase-root-MuiTab-root&quot;
                  role=&quot;tab&quot;
                  tabindex=&quot;-1&quot;
                  type=&quot;button&quot;
                &gt;
                  Mis Reseñas
                  &lt;span
                    class=&quot;MuiTouchRipple-root css-8je8zh-MuiTouchRipple-root&quot;
                  /&gt;
                &lt;/button&gt;
              &lt;/div&gt;
              &lt;span
                class=&quot;MuiTabs-indicator css-1aquho2-MuiTabs-indicator&quot;
                style=&quot;left: 0px; width: 0px;&quot;
              /&gt;
            &lt;/div&gt;
          &lt;/div&gt;
        &lt;/div&gt;
        &lt;div
          class=&quot;MuiBox-root css-0&quot;
        &gt;
          &lt;div
            class=&quot;MuiGrid-root MuiGrid-container MuiGrid-spacing-xs-3 css-zow5z4-MuiGrid-root&quot;
          &gt;
            &lt;div
              class=&quot;MuiGrid-root MuiGrid-item MuiGrid-grid-xs-12 css-1idn90j-MuiGrid-root&quot;
            &gt;
              &lt;div
                class=&quot;MuiBox-root css-4oqe9z&quot;
              &gt;
                &lt;h6
                  class=&quot;MuiTypography-root MuiTypography-h6 css-1jgmn5n-MuiTypography-root&quot;
                &gt;
                  No hay canchas disponibles
                &lt;/h6&gt;
              &lt;/div&gt;
            &lt;/div&gt;
          &lt;/div&gt;
        &lt;/div&gt;
      &lt;/div&gt;
    &lt;/div&gt;
  &lt;/div&gt;
&lt;/body&gt;
    at Object.getElementError (C:\Users\nicol\OneDrive\Documentos\GitHub\metricas\cliente\node_modules\@testing-library\dom\dist\config.js:37:19)
    at C:\Users\nicol\OneDrive\Documentos\GitHub\metricas\cliente\node_modules\@testing-library\dom\dist\query-helpers.js:76:38
    at C:\Users\nicol\OneDrive\Documentos\GitHub\metricas\cliente\node_modules\@testing-library\dom\dist\query-helpers.js:52:17
    at C:\Users\nicol\OneDrive\Documentos\GitHub\metricas\cliente\node_modules\@testing-library\dom\dist\query-helpers.js:95:19
    at Object.getByText (C:\Users\nicol\OneDrive\Documentos\GitHub\metricas\cliente\src\components\__tests__\Dashboard.test.jsx:101:19)
    at Promise.then.completed (C:\Users\nicol\OneDrive\Documentos\GitHub\metricas\cliente\node_modules\jest-circus\build\utils.js:298:28)
    at new Promise (&lt;anonymous&gt;)
    at callAsyncCircusFn (C:\Users\nicol\OneDrive\Documentos\GitHub\metricas\cliente\node_modules\jest-circus\build\utils.js:231:10)
    at _callCircusTest (C:\Users\nicol\OneDrive\Documentos\GitHub\metricas\cliente\node_modules\jest-circus\build\run.js:316:40)
    at _runTest (C:\Users\nicol\OneDrive\Documentos\GitHub\metricas\cliente\node_modules\jest-circus\build\run.js:252:3)
    at _runTestsForDescribeBlock (C:\Users\nicol\OneDrive\Documentos\GitHub\metricas\cliente\node_modules\jest-circus\build\run.js:126:9)
    at _runTestsForDescribeBlock (C:\Users\nicol\OneDrive\Documentos\GitHub\metricas\cliente\node_modules\jest-circus\build\run.js:121:9)
    at run (C:\Users\nicol\OneDrive\Documentos\GitHub\metricas\cliente\node_modules\jest-circus\build\run.js:71:3)
    at runAndTransformResultsToJestFormat (C:\Users\nicol\OneDrive\Documentos\GitHub\metricas\cliente\node_modules\jest-circus\build\legacy-code-todo-rewrite\jestAdapterInit.js:122:21)
    at jestAdapter (C:\Users\nicol\OneDrive\Documentos\GitHub\metricas\cliente\node_modules\jest-circus\build\legacy-code-todo-rewrite\jestAdapter.js:79:19)
    at runTestInternal (C:\Users\nicol\OneDrive\Documentos\GitHub\metricas\cliente\node_modules\jest-runner\build\runTest.js:367:16)
    at runTest (C:\Users\nicol\OneDrive\Documentos\GitHub\metricas\cliente\node_modules\jest-runner\build\runTest.js:444:34)
    at Object.worker (C:\Users\nicol\OneDrive\Documentos\GitHub\metricas\cliente\node_modules\jest-runner\build\testWorker.js:106:12)</failure>
    </testcase>
    <testcase classname="Dashboard Component handles error state" name="Dashboard Component handles error state" time="1.252">
      <failure>Error: Unable to find an element with the text: /error al cargar los datos/i. This could be because the text is broken up by multiple elements. In this case, you can provide a function for your text matcher to make your matcher more flexible.

Ignored nodes: comments, script, style
&lt;body&gt;
  &lt;div&gt;
    &lt;div
      class=&quot;MuiBox-root css-i9gxme&quot;
    &gt;
      &lt;div
        class=&quot;MuiBox-root css-i9gxme&quot;
      &gt;
        &lt;header
          class=&quot;MuiPaper-root MuiPaper-elevation MuiPaper-elevation4 MuiAppBar-root MuiAppBar-colorPrimary MuiAppBar-positionStatic css-hip9hq-MuiPaper-root-MuiAppBar-root&quot;
        &gt;
          &lt;div
            class=&quot;MuiToolbar-root MuiToolbar-gutters MuiToolbar-regular css-hyum1k-MuiToolbar-root&quot;
          &gt;
            &lt;div
              class=&quot;MuiTypography-root MuiTypography-h6 css-1juivf6-MuiTypography-root&quot;
            &gt;
              Canchas App
            &lt;/div&gt;
            &lt;button
              class=&quot;MuiButtonBase-root MuiIconButton-root MuiIconButton-colorInherit MuiIconButton-sizeMedium css-zylse7-MuiButtonBase-root-MuiIconButton-root&quot;
              tabindex=&quot;0&quot;
              title=&quot;Cerrar sesión&quot;
              type=&quot;button&quot;
            &gt;
              &lt;svg
                aria-hidden=&quot;true&quot;
                class=&quot;MuiSvgIcon-root MuiSvgIcon-fontSizeMedium css-i4bv87-MuiSvgIcon-root&quot;
                data-testid=&quot;ExitToAppIcon&quot;
                focusable=&quot;false&quot;
                viewBox=&quot;0 0 24 24&quot;
              &gt;
                &lt;path
                  d=&quot;M10.09 15.59 11.5 17l5-5-5-5-1.41 1.41L12.67 11H3v2h9.67zM19 3H5c-1.11 0-2 .9-2 2v4h2V5h14v14H5v-4H3v4c0 1.1.89 2 2 2h14c1.1 0 2-.9 2-2V5c0-1.1-.9-2-2-2&quot;
                /&gt;
              &lt;/svg&gt;
              &lt;span
                class=&quot;MuiTouchRipple-root css-8je8zh-MuiTouchRipple-root&quot;
              /&gt;
            &lt;/button&gt;
          &lt;/div&gt;
        &lt;/header&gt;
      &lt;/div&gt;
      &lt;div
        class=&quot;MuiContainer-root MuiContainer-maxWidthLg css-1f2kw6w-MuiContainer-root&quot;
      &gt;
        &lt;div
          class=&quot;MuiBox-root css-v08z5u&quot;
        &gt;
          &lt;h1
            class=&quot;MuiTypography-root MuiTypography-h4 css-5lbw0b-MuiTypography-root&quot;
          &gt;
            Bienvenido, 
          &lt;/h1&gt;
          &lt;button
            class=&quot;MuiButtonBase-root MuiButton-root MuiButton-contained MuiButton-containedPrimary MuiButton-sizeMedium MuiButton-containedSizeMedium MuiButton-colorPrimary MuiButton-root MuiButton-contained MuiButton-containedPrimary MuiButton-sizeMedium MuiButton-containedSizeMedium MuiButton-colorPrimary css-sghohy-MuiButtonBase-root-MuiButton-root&quot;
            tabindex=&quot;0&quot;
            type=&quot;button&quot;
          &gt;
            &lt;span
              class=&quot;MuiButton-icon MuiButton-startIcon MuiButton-iconSizeMedium css-1d6wzja-MuiButton-startIcon&quot;
            &gt;
              &lt;svg
                aria-hidden=&quot;true&quot;
                class=&quot;MuiSvgIcon-root MuiSvgIcon-fontSizeMedium css-i4bv87-MuiSvgIcon-root&quot;
                data-testid=&quot;AddIcon&quot;
                focusable=&quot;false&quot;
                viewBox=&quot;0 0 24 24&quot;
              &gt;
                &lt;path
                  d=&quot;M19 13h-6v6h-2v-6H5v-2h6V5h2v6h6z&quot;
                /&gt;
              &lt;/svg&gt;
            &lt;/span&gt;
            Agregar Cancha
            &lt;span
              class=&quot;MuiTouchRipple-root css-8je8zh-MuiTouchRipple-root&quot;
            /&gt;
          &lt;/button&gt;
        &lt;/div&gt;
        &lt;div
          class=&quot;MuiBox-root css-1muzjf8&quot;
        &gt;
          &lt;div
            class=&quot;MuiTabs-root css-1ujnqem-MuiTabs-root&quot;
          &gt;
            &lt;div
              class=&quot;MuiTabs-scroller MuiTabs-fixed css-jpln7h-MuiTabs-scroller&quot;
              style=&quot;overflow: hidden; margin-bottom: 0px;&quot;
            &gt;
              &lt;div
                class=&quot;MuiTabs-flexContainer css-heg063-MuiTabs-flexContainer&quot;
                role=&quot;tablist&quot;
              &gt;
                &lt;button
                  aria-selected=&quot;true&quot;
                  class=&quot;MuiButtonBase-root MuiTab-root MuiTab-textColorPrimary Mui-selected css-1h9z7r5-MuiButtonBase-root-MuiTab-root&quot;
                  role=&quot;tab&quot;
                  tabindex=&quot;0&quot;
                  type=&quot;button&quot;
                &gt;
                  Todas las Canchas
                  &lt;span
                    class=&quot;MuiTouchRipple-root css-8je8zh-MuiTouchRipple-root&quot;
                  /&gt;
                &lt;/button&gt;
                &lt;button
                  aria-selected=&quot;false&quot;
                  class=&quot;MuiButtonBase-root MuiTab-root MuiTab-textColorPrimary css-1h9z7r5-MuiButtonBase-root-MuiTab-root&quot;
                  role=&quot;tab&quot;
                  tabindex=&quot;-1&quot;
                  type=&quot;button&quot;
                &gt;
                  Mis Reseñas
                  &lt;span
                    class=&quot;MuiTouchRipple-root css-8je8zh-MuiTouchRipple-root&quot;
                  /&gt;
                &lt;/button&gt;
              &lt;/div&gt;
              &lt;span
                class=&quot;MuiTabs-indicator css-1aquho2-MuiTabs-indicator&quot;
                style=&quot;left: 0px; width: 0px;&quot;
              /&gt;
            &lt;/div&gt;
          &lt;/div&gt;
        &lt;/div&gt;
        &lt;div
          class=&quot;MuiBox-root css-0&quot;
        &gt;
          &lt;div
            class=&quot;MuiGrid-root MuiGrid-container MuiGrid-spacing-xs-3 css-zow5z4-MuiGrid-root&quot;
          &gt;
            &lt;div
              class=&quot;MuiGrid-root MuiGrid-item MuiGrid-grid-xs-12 css-1idn90j-MuiGrid-root&quot;
            &gt;
              &lt;div
                class=&quot;MuiBox-root css-4oqe9z&quot;
              &gt;
                &lt;h6
                  class=&quot;MuiTypography-root MuiTypography-h6 css-1jgmn5n-MuiTypography-root&quot;
                &gt;
                  No hay canchas disponibles
                &lt;/h6&gt;
              &lt;/div&gt;
            &lt;/div&gt;
          &lt;/div&gt;
        &lt;/div&gt;
      &lt;/div&gt;
    &lt;/div&gt;
  &lt;/div&gt;
&lt;/body&gt;
    at waitForWrapper (C:\Users\nicol\OneDrive\Documentos\GitHub\metricas\cliente\node_modules\@testing-library\dom\dist\wait-for.js:166:27)
    at _callee2$ (C:\Users\nicol\OneDrive\Documentos\GitHub\metricas\cliente\src\components\__tests__\Dashboard.test.jsx:110:18)
    at call (C:\Users\nicol\OneDrive\Documentos\GitHub\metricas\cliente\src\components\__tests__\Dashboard.test.jsx:2:1)
    at Generator.tryCatch (C:\Users\nicol\OneDrive\Documentos\GitHub\metricas\cliente\src\components\__tests__\Dashboard.test.jsx:2:1)
    at Generator._invoke [as next] (C:\Users\nicol\OneDrive\Documentos\GitHub\metricas\cliente\src\components\__tests__\Dashboard.test.jsx:2:1)
    at asyncGeneratorStep (C:\Users\nicol\OneDrive\Documentos\GitHub\metricas\cliente\src\components\__tests__\Dashboard.test.jsx:2:1)
    at asyncGeneratorStep (C:\Users\nicol\OneDrive\Documentos\GitHub\metricas\cliente\src\components\__tests__\Dashboard.test.jsx:2:1)
    at _next (C:\Users\nicol\OneDrive\Documentos\GitHub\metricas\cliente\src\components\__tests__\Dashboard.test.jsx:2:1)
    at new Promise (&lt;anonymous&gt;)
    at Object.&lt;anonymous&gt; (C:\Users\nicol\OneDrive\Documentos\GitHub\metricas\cliente\src\components\__tests__\Dashboard.test.jsx:2:1)
    at Promise.then.completed (C:\Users\nicol\OneDrive\Documentos\GitHub\metricas\cliente\node_modules\jest-circus\build\utils.js:298:28)
    at new Promise (&lt;anonymous&gt;)
    at callAsyncCircusFn (C:\Users\nicol\OneDrive\Documentos\GitHub\metricas\cliente\node_modules\jest-circus\build\utils.js:231:10)
    at _callCircusTest (C:\Users\nicol\OneDrive\Documentos\GitHub\metricas\cliente\node_modules\jest-circus\build\run.js:316:40)
    at _runTest (C:\Users\nicol\OneDrive\Documentos\GitHub\metricas\cliente\node_modules\jest-circus\build\run.js:252:3)
    at _runTestsForDescribeBlock (C:\Users\nicol\OneDrive\Documentos\GitHub\metricas\cliente\node_modules\jest-circus\build\run.js:126:9)
    at _runTestsForDescribeBlock (C:\Users\nicol\OneDrive\Documentos\GitHub\metricas\cliente\node_modules\jest-circus\build\run.js:121:9)
    at run (C:\Users\nicol\OneDrive\Documentos\GitHub\metricas\cliente\node_modules\jest-circus\build\run.js:71:3)
    at runAndTransformResultsToJestFormat (C:\Users\nicol\OneDrive\Documentos\GitHub\metricas\cliente\node_modules\jest-circus\build\legacy-code-todo-rewrite\jestAdapterInit.js:122:21)
    at jestAdapter (C:\Users\nicol\OneDrive\Documentos\GitHub\metricas\cliente\node_modules\jest-circus\build\legacy-code-todo-rewrite\jestAdapter.js:79:19)
    at runTestInternal (C:\Users\nicol\OneDrive\Documentos\GitHub\metricas\cliente\node_modules\jest-runner\build\runTest.js:367:16)
    at runTest (C:\Users\nicol\OneDrive\Documentos\GitHub\metricas\cliente\node_modules\jest-runner\build\runTest.js:444:34)
    at Object.worker (C:\Users\nicol\OneDrive\Documentos\GitHub\metricas\cliente\node_modules\jest-runner\build\testWorker.js:106:12)</failure>
    </testcase>
    <testcase classname="Dashboard Component filters canchas by search term" name="Dashboard Component filters canchas by search term" time="1.067">
      <failure>Error: Unable to find an element with the text: Cancha 1. This could be because the text is broken up by multiple elements. In this case, you can provide a function for your text matcher to make your matcher more flexible.

Ignored nodes: comments, script, style
&lt;body&gt;
  &lt;div&gt;
    &lt;div
      class=&quot;MuiBox-root css-i9gxme&quot;
    &gt;
      &lt;div
        class=&quot;MuiBox-root css-i9gxme&quot;
      &gt;
        &lt;header
          class=&quot;MuiPaper-root MuiPaper-elevation MuiPaper-elevation4 MuiAppBar-root MuiAppBar-colorPrimary MuiAppBar-positionStatic css-hip9hq-MuiPaper-root-MuiAppBar-root&quot;
        &gt;
          &lt;div
            class=&quot;MuiToolbar-root MuiToolbar-gutters MuiToolbar-regular css-hyum1k-MuiToolbar-root&quot;
          &gt;
            &lt;div
              class=&quot;MuiTypography-root MuiTypography-h6 css-1juivf6-MuiTypography-root&quot;
            &gt;
              Canchas App
            &lt;/div&gt;
            &lt;button
              class=&quot;MuiButtonBase-root MuiIconButton-root MuiIconButton-colorInherit MuiIconButton-sizeMedium css-zylse7-MuiButtonBase-root-MuiIconButton-root&quot;
              tabindex=&quot;0&quot;
              title=&quot;Cerrar sesión&quot;
              type=&quot;button&quot;
            &gt;
              &lt;svg
                aria-hidden=&quot;true&quot;
                class=&quot;MuiSvgIcon-root MuiSvgIcon-fontSizeMedium css-i4bv87-MuiSvgIcon-root&quot;
                data-testid=&quot;ExitToAppIcon&quot;
                focusable=&quot;false&quot;
                viewBox=&quot;0 0 24 24&quot;
              &gt;
                &lt;path
                  d=&quot;M10.09 15.59 11.5 17l5-5-5-5-1.41 1.41L12.67 11H3v2h9.67zM19 3H5c-1.11 0-2 .9-2 2v4h2V5h14v14H5v-4H3v4c0 1.1.89 2 2 2h14c1.1 0 2-.9 2-2V5c0-1.1-.9-2-2-2&quot;
                /&gt;
              &lt;/svg&gt;
              &lt;span
                class=&quot;MuiTouchRipple-root css-8je8zh-MuiTouchRipple-root&quot;
              /&gt;
            &lt;/button&gt;
          &lt;/div&gt;
        &lt;/header&gt;
      &lt;/div&gt;
      &lt;div
        class=&quot;MuiContainer-root MuiContainer-maxWidthLg css-1f2kw6w-MuiContainer-root&quot;
      &gt;
        &lt;div
          class=&quot;MuiBox-root css-v08z5u&quot;
        &gt;
          &lt;h1
            class=&quot;MuiTypography-root MuiTypography-h4 css-5lbw0b-MuiTypography-root&quot;
          &gt;
            Bienvenido, 
          &lt;/h1&gt;
          &lt;button
            class=&quot;MuiButtonBase-root MuiButton-root MuiButton-contained MuiButton-containedPrimary MuiButton-sizeMedium MuiButton-containedSizeMedium MuiButton-colorPrimary MuiButton-root MuiButton-contained MuiButton-containedPrimary MuiButton-sizeMedium MuiButton-containedSizeMedium MuiButton-colorPrimary css-sghohy-MuiButtonBase-root-MuiButton-root&quot;
            tabindex=&quot;0&quot;
            type=&quot;button&quot;
          &gt;
            &lt;span
              class=&quot;MuiButton-icon MuiButton-startIcon MuiButton-iconSizeMedium css-1d6wzja-MuiButton-startIcon&quot;
            &gt;
              &lt;svg
                aria-hidden=&quot;true&quot;
                class=&quot;MuiSvgIcon-root MuiSvgIcon-fontSizeMedium css-i4bv87-MuiSvgIcon-root&quot;
                data-testid=&quot;AddIcon&quot;
                focusable=&quot;false&quot;
                viewBox=&quot;0 0 24 24&quot;
              &gt;
                &lt;path
                  d=&quot;M19 13h-6v6h-2v-6H5v-2h6V5h2v6h6z&quot;
                /&gt;
              &lt;/svg&gt;
            &lt;/span&gt;
            Agregar Cancha
            &lt;span
              class=&quot;MuiTouchRipple-root css-8je8zh-MuiTouchRipple-root&quot;
            /&gt;
          &lt;/button&gt;
        &lt;/div&gt;
        &lt;div
          class=&quot;MuiBox-root css-1muzjf8&quot;
        &gt;
          &lt;div
            class=&quot;MuiTabs-root css-1ujnqem-MuiTabs-root&quot;
          &gt;
            &lt;div
              class=&quot;MuiTabs-scroller MuiTabs-fixed css-jpln7h-MuiTabs-scroller&quot;
              style=&quot;overflow: hidden; margin-bottom: 0px;&quot;
            &gt;
              &lt;div
                class=&quot;MuiTabs-flexContainer css-heg063-MuiTabs-flexContainer&quot;
                role=&quot;tablist&quot;
              &gt;
                &lt;button
                  aria-selected=&quot;true&quot;
                  class=&quot;MuiButtonBase-root MuiTab-root MuiTab-textColorPrimary Mui-selected css-1h9z7r5-MuiButtonBase-root-MuiTab-root&quot;
                  role=&quot;tab&quot;
                  tabindex=&quot;0&quot;
                  type=&quot;button&quot;
                &gt;
                  Todas las Canchas
                  &lt;span
                    class=&quot;MuiTouchRipple-root css-8je8zh-MuiTouchRipple-root&quot;
                  /&gt;
                &lt;/button&gt;
                &lt;button
                  aria-selected=&quot;false&quot;
                  class=&quot;MuiButtonBase-root MuiTab-root MuiTab-textColorPrimary css-1h9z7r5-MuiButtonBase-root-MuiTab-root&quot;
                  role=&quot;tab&quot;
                  tabindex=&quot;-1&quot;
                  type=&quot;button&quot;
                &gt;
                  Mis Reseñas
                  &lt;span
                    class=&quot;MuiTouchRipple-root css-8je8zh-MuiTouchRipple-root&quot;
                  /&gt;
                &lt;/button&gt;
              &lt;/div&gt;
              &lt;span
                class=&quot;MuiTabs-indicator css-1aquho2-MuiTabs-indicator&quot;
                style=&quot;left: 0px; width: 0px;&quot;
              /&gt;
            &lt;/div&gt;
          &lt;/div&gt;
        &lt;/div&gt;
        &lt;div
          class=&quot;MuiBox-root css-0&quot;
        &gt;
          &lt;div
            class=&quot;MuiGrid-root MuiGrid-container MuiGrid-spacing-xs-3 css-zow5z4-MuiGrid-root&quot;
          &gt;
            &lt;div
              class=&quot;MuiGrid-root MuiGrid-item MuiGrid-grid-xs-12 css-1idn90j-MuiGrid-root&quot;
            &gt;
              &lt;div
                class=&quot;MuiBox-root css-4oqe9z&quot;
              &gt;
                &lt;h6
                  class=&quot;MuiTypography-root MuiTypography-h6 css-1jgmn5n-MuiTypography-root&quot;
                &gt;
                  No hay canchas disponibles
                &lt;/h6&gt;
              &lt;/div&gt;
            &lt;/div&gt;
          &lt;/div&gt;
        &lt;/div&gt;
      &lt;/div&gt;
    &lt;/div&gt;
  &lt;/div&gt;
&lt;/body&gt;
    at waitForWrapper (C:\Users\nicol\OneDrive\Documentos\GitHub\metricas\cliente\node_modules\@testing-library\dom\dist\wait-for.js:166:27)
    at _callee3$ (C:\Users\nicol\OneDrive\Documentos\GitHub\metricas\cliente\src\components\__tests__\Dashboard.test.jsx:118:18)
    at call (C:\Users\nicol\OneDrive\Documentos\GitHub\metricas\cliente\src\components\__tests__\Dashboard.test.jsx:2:1)
    at Generator.tryCatch (C:\Users\nicol\OneDrive\Documentos\GitHub\metricas\cliente\src\components\__tests__\Dashboard.test.jsx:2:1)
    at Generator._invoke [as next] (C:\Users\nicol\OneDrive\Documentos\GitHub\metricas\cliente\src\components\__tests__\Dashboard.test.jsx:2:1)
    at asyncGeneratorStep (C:\Users\nicol\OneDrive\Documentos\GitHub\metricas\cliente\src\components\__tests__\Dashboard.test.jsx:2:1)
    at asyncGeneratorStep (C:\Users\nicol\OneDrive\Documentos\GitHub\metricas\cliente\src\components\__tests__\Dashboard.test.jsx:2:1)
    at _next (C:\Users\nicol\OneDrive\Documentos\GitHub\metricas\cliente\src\components\__tests__\Dashboard.test.jsx:2:1)
    at new Promise (&lt;anonymous&gt;)
    at Object.&lt;anonymous&gt; (C:\Users\nicol\OneDrive\Documentos\GitHub\metricas\cliente\src\components\__tests__\Dashboard.test.jsx:2:1)
    at Promise.then.completed (C:\Users\nicol\OneDrive\Documentos\GitHub\metricas\cliente\node_modules\jest-circus\build\utils.js:298:28)
    at new Promise (&lt;anonymous&gt;)
    at callAsyncCircusFn (C:\Users\nicol\OneDrive\Documentos\GitHub\metricas\cliente\node_modules\jest-circus\build\utils.js:231:10)
    at _callCircusTest (C:\Users\nicol\OneDrive\Documentos\GitHub\metricas\cliente\node_modules\jest-circus\build\run.js:316:40)
    at _runTest (C:\Users\nicol\OneDrive\Documentos\GitHub\metricas\cliente\node_modules\jest-circus\build\run.js:252:3)
    at _runTestsForDescribeBlock (C:\Users\nicol\OneDrive\Documentos\GitHub\metricas\cliente\node_modules\jest-circus\build\run.js:126:9)
    at _runTestsForDescribeBlock (C:\Users\nicol\OneDrive\Documentos\GitHub\metricas\cliente\node_modules\jest-circus\build\run.js:121:9)
    at run (C:\Users\nicol\OneDrive\Documentos\GitHub\metricas\cliente\node_modules\jest-circus\build\run.js:71:3)
    at runAndTransformResultsToJestFormat (C:\Users\nicol\OneDrive\Documentos\GitHub\metricas\cliente\node_modules\jest-circus\build\legacy-code-todo-rewrite\jestAdapterInit.js:122:21)
    at jestAdapter (C:\Users\nicol\OneDrive\Documentos\GitHub\metricas\cliente\node_modules\jest-circus\build\legacy-code-todo-rewrite\jestAdapter.js:79:19)
    at runTestInternal (C:\Users\nicol\OneDrive\Documentos\GitHub\metricas\cliente\node_modules\jest-runner\build\runTest.js:367:16)
    at runTest (C:\Users\nicol\OneDrive\Documentos\GitHub\metricas\cliente\node_modules\jest-runner\build\runTest.js:444:34)
    at Object.worker (C:\Users\nicol\OneDrive\Documentos\GitHub\metricas\cliente\node_modules\jest-runner\build\testWorker.js:106:12)</failure>
    </testcase>
    <testcase classname="Dashboard Component sorts canchas by price" name="Dashboard Component sorts canchas by price" time="1.115">
      <failure>Error: Unable to find an element by: [data-testid=&quot;cancha-item&quot;]

Ignored nodes: comments, script, style
&lt;body&gt;
  &lt;div&gt;
    &lt;div
      class=&quot;MuiBox-root css-i9gxme&quot;
    &gt;
      &lt;div
        class=&quot;MuiBox-root css-i9gxme&quot;
      &gt;
        &lt;header
          class=&quot;MuiPaper-root MuiPaper-elevation MuiPaper-elevation4 MuiAppBar-root MuiAppBar-colorPrimary MuiAppBar-positionStatic css-hip9hq-MuiPaper-root-MuiAppBar-root&quot;
        &gt;
          &lt;div
            class=&quot;MuiToolbar-root MuiToolbar-gutters MuiToolbar-regular css-hyum1k-MuiToolbar-root&quot;
          &gt;
            &lt;div
              class=&quot;MuiTypography-root MuiTypography-h6 css-1juivf6-MuiTypography-root&quot;
            &gt;
              Canchas App
            &lt;/div&gt;
            &lt;button
              class=&quot;MuiButtonBase-root MuiIconButton-root MuiIconButton-colorInherit MuiIconButton-sizeMedium css-zylse7-MuiButtonBase-root-MuiIconButton-root&quot;
              tabindex=&quot;0&quot;
              title=&quot;Cerrar sesión&quot;
              type=&quot;button&quot;
            &gt;
              &lt;svg
                aria-hidden=&quot;true&quot;
                class=&quot;MuiSvgIcon-root MuiSvgIcon-fontSizeMedium css-i4bv87-MuiSvgIcon-root&quot;
                data-testid=&quot;ExitToAppIcon&quot;
                focusable=&quot;false&quot;
                viewBox=&quot;0 0 24 24&quot;
              &gt;
                &lt;path
                  d=&quot;M10.09 15.59 11.5 17l5-5-5-5-1.41 1.41L12.67 11H3v2h9.67zM19 3H5c-1.11 0-2 .9-2 2v4h2V5h14v14H5v-4H3v4c0 1.1.89 2 2 2h14c1.1 0 2-.9 2-2V5c0-1.1-.9-2-2-2&quot;
                /&gt;
              &lt;/svg&gt;
              &lt;span
                class=&quot;MuiTouchRipple-root css-8je8zh-MuiTouchRipple-root&quot;
              /&gt;
            &lt;/button&gt;
          &lt;/div&gt;
        &lt;/header&gt;
      &lt;/div&gt;
      &lt;div
        class=&quot;MuiContainer-root MuiContainer-maxWidthLg css-1f2kw6w-MuiContainer-root&quot;
      &gt;
        &lt;div
          class=&quot;MuiBox-root css-v08z5u&quot;
        &gt;
          &lt;h1
            class=&quot;MuiTypography-root MuiTypography-h4 css-5lbw0b-MuiTypography-root&quot;
          &gt;
            Bienvenido, 
          &lt;/h1&gt;
          &lt;button
            class=&quot;MuiButtonBase-root MuiButton-root MuiButton-contained MuiButton-containedPrimary MuiButton-sizeMedium MuiButton-containedSizeMedium MuiButton-colorPrimary MuiButton-root MuiButton-contained MuiButton-containedPrimary MuiButton-sizeMedium MuiButton-containedSizeMedium MuiButton-colorPrimary css-sghohy-MuiButtonBase-root-MuiButton-root&quot;
            tabindex=&quot;0&quot;
            type=&quot;button&quot;
          &gt;
            &lt;span
              class=&quot;MuiButton-icon MuiButton-startIcon MuiButton-iconSizeMedium css-1d6wzja-MuiButton-startIcon&quot;
            &gt;
              &lt;svg
                aria-hidden=&quot;true&quot;
                class=&quot;MuiSvgIcon-root MuiSvgIcon-fontSizeMedium css-i4bv87-MuiSvgIcon-root&quot;
                data-testid=&quot;AddIcon&quot;
                focusable=&quot;false&quot;
                viewBox=&quot;0 0 24 24&quot;
              &gt;
                &lt;path
                  d=&quot;M19 13h-6v6h-2v-6H5v-2h6V5h2v6h6z&quot;
                /&gt;
              &lt;/svg&gt;
            &lt;/span&gt;
            Agregar Cancha
            &lt;span
              class=&quot;MuiTouchRipple-root css-8je8zh-MuiTouchRipple-root&quot;
            /&gt;
          &lt;/button&gt;
        &lt;/div&gt;
        &lt;div
          class=&quot;MuiBox-root css-1muzjf8&quot;
        &gt;
          &lt;div
            class=&quot;MuiTabs-root css-1ujnqem-MuiTabs-root&quot;
          &gt;
            &lt;div
              class=&quot;MuiTabs-scroller MuiTabs-fixed css-jpln7h-MuiTabs-scroller&quot;
              style=&quot;overflow: hidden; margin-bottom: 0px;&quot;
            &gt;
              &lt;div
                class=&quot;MuiTabs-flexContainer css-heg063-MuiTabs-flexContainer&quot;
                role=&quot;tablist&quot;
              &gt;
                &lt;button
                  aria-selected=&quot;true&quot;
                  class=&quot;MuiButtonBase-root MuiTab-root MuiTab-textColorPrimary Mui-selected css-1h9z7r5-MuiButtonBase-root-MuiTab-root&quot;
                  role=&quot;tab&quot;
                  tabindex=&quot;0&quot;
                  type=&quot;button&quot;
                &gt;
                  Todas las Canchas
                  &lt;span
                    class=&quot;MuiTouchRipple-root css-8je8zh-MuiTouchRipple-root&quot;
                  /&gt;
                &lt;/button&gt;
                &lt;button
                  aria-selected=&quot;false&quot;
                  class=&quot;MuiButtonBase-root MuiTab-root MuiTab-textColorPrimary css-1h9z7r5-MuiButtonBase-root-MuiTab-root&quot;
                  role=&quot;tab&quot;
                  tabindex=&quot;-1&quot;
                  type=&quot;button&quot;
                &gt;
                  Mis Reseñas
                  &lt;span
                    class=&quot;MuiTouchRipple-root css-8je8zh-MuiTouchRipple-root&quot;
                  /&gt;
                &lt;/button&gt;
              &lt;/div&gt;
              &lt;span
                class=&quot;MuiTabs-indicator css-1aquho2-MuiTabs-indicator&quot;
                style=&quot;left: 0px; width: 0px;&quot;
              /&gt;
            &lt;/div&gt;
          &lt;/div&gt;
        &lt;/div&gt;
        &lt;div
          class=&quot;MuiBox-root css-0&quot;
        &gt;
          &lt;div
            class=&quot;MuiGrid-root MuiGrid-container MuiGrid-spacing-xs-3 css-zow5z4-MuiGrid-root&quot;
          &gt;
            &lt;div
              class=&quot;MuiGrid-root MuiGrid-item MuiGrid-grid-xs-12 css-1idn90j-MuiGrid-root&quot;
            &gt;
              &lt;div
                class=&quot;MuiBox-root css-4oqe9z&quot;
              &gt;
                &lt;h6
                  class=&quot;MuiTypography-root MuiTypography-h6 css-1jgmn5n-MuiTypography-root&quot;
                &gt;
                  No hay canchas disponibles
                &lt;/h6&gt;
              &lt;/div&gt;
            &lt;/div&gt;
          &lt;/div&gt;
        &lt;/div&gt;
      &lt;/div&gt;
    &lt;/div&gt;
  &lt;/div&gt;
&lt;/body&gt;
    at waitForWrapper (C:\Users\nicol\OneDrive\Documentos\GitHub\metricas\cliente\node_modules\@testing-library\dom\dist\wait-for.js:166:27)
    at _callee4$ (C:\Users\nicol\OneDrive\Documentos\GitHub\metricas\cliente\src\components\__tests__\Dashboard.test.jsx:133:18)
    at call (C:\Users\nicol\OneDrive\Documentos\GitHub\metricas\cliente\src\components\__tests__\Dashboard.test.jsx:2:1)
    at Generator.tryCatch (C:\Users\nicol\OneDrive\Documentos\GitHub\metricas\cliente\src\components\__tests__\Dashboard.test.jsx:2:1)
    at Generator._invoke [as next] (C:\Users\nicol\OneDrive\Documentos\GitHub\metricas\cliente\src\components\__tests__\Dashboard.test.jsx:2:1)
    at asyncGeneratorStep (C:\Users\nicol\OneDrive\Documentos\GitHub\metricas\cliente\src\components\__tests__\Dashboard.test.jsx:2:1)
    at asyncGeneratorStep (C:\Users\nicol\OneDrive\Documentos\GitHub\metricas\cliente\src\components\__tests__\Dashboard.test.jsx:2:1)
    at _next (C:\Users\nicol\OneDrive\Documentos\GitHub\metricas\cliente\src\components\__tests__\Dashboard.test.jsx:2:1)
    at new Promise (&lt;anonymous&gt;)
    at Object.&lt;anonymous&gt; (C:\Users\nicol\OneDrive\Documentos\GitHub\metricas\cliente\src\components\__tests__\Dashboard.test.jsx:2:1)
    at Promise.then.completed (C:\Users\nicol\OneDrive\Documentos\GitHub\metricas\cliente\node_modules\jest-circus\build\utils.js:298:28)
    at new Promise (&lt;anonymous&gt;)
    at callAsyncCircusFn (C:\Users\nicol\OneDrive\Documentos\GitHub\metricas\cliente\node_modules\jest-circus\build\utils.js:231:10)
    at _callCircusTest (C:\Users\nicol\OneDrive\Documentos\GitHub\metricas\cliente\node_modules\jest-circus\build\run.js:316:40)
    at _runTest (C:\Users\nicol\OneDrive\Documentos\GitHub\metricas\cliente\node_modules\jest-circus\build\run.js:252:3)
    at _runTestsForDescribeBlock (C:\Users\nicol\OneDrive\Documentos\GitHub\metricas\cliente\node_modules\jest-circus\build\run.js:126:9)
    at _runTestsForDescribeBlock (C:\Users\nicol\OneDrive\Documentos\GitHub\metricas\cliente\node_modules\jest-circus\build\run.js:121:9)
    at run (C:\Users\nicol\OneDrive\Documentos\GitHub\metricas\cliente\node_modules\jest-circus\build\run.js:71:3)
    at runAndTransformResultsToJestFormat (C:\Users\nicol\OneDrive\Documentos\GitHub\metricas\cliente\node_modules\jest-circus\build\legacy-code-todo-rewrite\jestAdapterInit.js:122:21)
    at jestAdapter (C:\Users\nicol\OneDrive\Documentos\GitHub\metricas\cliente\node_modules\jest-circus\build\legacy-code-todo-rewrite\jestAdapter.js:79:19)
    at runTestInternal (C:\Users\nicol\OneDrive\Documentos\GitHub\metricas\cliente\node_modules\jest-runner\build\runTest.js:367:16)
    at runTest (C:\Users\nicol\OneDrive\Documentos\GitHub\metricas\cliente\node_modules\jest-runner\build\runTest.js:444:34)
    at Object.worker (C:\Users\nicol\OneDrive\Documentos\GitHub\metricas\cliente\node_modules\jest-runner\build\testWorker.js:106:12)</failure>
    </testcase>
    <testcase classname="Dashboard Component displays admin controls for admin users" name="Dashboard Component displays admin controls for admin users" time="1.079">
      <failure>Error: Unable to find an element with the text: /editar/i. This could be because the text is broken up by multiple elements. In this case, you can provide a function for your text matcher to make your matcher more flexible.

Ignored nodes: comments, script, style
&lt;body&gt;
  &lt;div&gt;
    &lt;div
      class=&quot;MuiBox-root css-i9gxme&quot;
    &gt;
      &lt;div
        class=&quot;MuiBox-root css-i9gxme&quot;
      &gt;
        &lt;header
          class=&quot;MuiPaper-root MuiPaper-elevation MuiPaper-elevation4 MuiAppBar-root MuiAppBar-colorPrimary MuiAppBar-positionStatic css-hip9hq-MuiPaper-root-MuiAppBar-root&quot;
        &gt;
          &lt;div
            class=&quot;MuiToolbar-root MuiToolbar-gutters MuiToolbar-regular css-hyum1k-MuiToolbar-root&quot;
          &gt;
            &lt;div
              class=&quot;MuiTypography-root MuiTypography-h6 css-1juivf6-MuiTypography-root&quot;
            &gt;
              Canchas App
            &lt;/div&gt;
            &lt;button
              class=&quot;MuiButtonBase-root MuiIconButton-root MuiIconButton-colorInherit MuiIconButton-sizeMedium css-zylse7-MuiButtonBase-root-MuiIconButton-root&quot;
              tabindex=&quot;0&quot;
              title=&quot;Cerrar sesión&quot;
              type=&quot;button&quot;
            &gt;
              &lt;svg
                aria-hidden=&quot;true&quot;
                class=&quot;MuiSvgIcon-root MuiSvgIcon-fontSizeMedium css-i4bv87-MuiSvgIcon-root&quot;
                data-testid=&quot;ExitToAppIcon&quot;
                focusable=&quot;false&quot;
                viewBox=&quot;0 0 24 24&quot;
              &gt;
                &lt;path
                  d=&quot;M10.09 15.59 11.5 17l5-5-5-5-1.41 1.41L12.67 11H3v2h9.67zM19 3H5c-1.11 0-2 .9-2 2v4h2V5h14v14H5v-4H3v4c0 1.1.89 2 2 2h14c1.1 0 2-.9 2-2V5c0-1.1-.9-2-2-2&quot;
                /&gt;
              &lt;/svg&gt;
              &lt;span
                class=&quot;MuiTouchRipple-root css-8je8zh-MuiTouchRipple-root&quot;
              /&gt;
            &lt;/button&gt;
          &lt;/div&gt;
        &lt;/header&gt;
      &lt;/div&gt;
      &lt;div
        class=&quot;MuiContainer-root MuiContainer-maxWidthLg css-1f2kw6w-MuiContainer-root&quot;
      &gt;
        &lt;div
          class=&quot;MuiBox-root css-v08z5u&quot;
        &gt;
          &lt;h1
            class=&quot;MuiTypography-root MuiTypography-h4 css-5lbw0b-MuiTypography-root&quot;
          &gt;
            Bienvenido, 
          &lt;/h1&gt;
          &lt;button
            class=&quot;MuiButtonBase-root MuiButton-root MuiButton-contained MuiButton-containedPrimary MuiButton-sizeMedium MuiButton-containedSizeMedium MuiButton-colorPrimary MuiButton-root MuiButton-contained MuiButton-containedPrimary MuiButton-sizeMedium MuiButton-containedSizeMedium MuiButton-colorPrimary css-sghohy-MuiButtonBase-root-MuiButton-root&quot;
            tabindex=&quot;0&quot;
            type=&quot;button&quot;
          &gt;
            &lt;span
              class=&quot;MuiButton-icon MuiButton-startIcon MuiButton-iconSizeMedium css-1d6wzja-MuiButton-startIcon&quot;
            &gt;
              &lt;svg
                aria-hidden=&quot;true&quot;
                class=&quot;MuiSvgIcon-root MuiSvgIcon-fontSizeMedium css-i4bv87-MuiSvgIcon-root&quot;
                data-testid=&quot;AddIcon&quot;
                focusable=&quot;false&quot;
                viewBox=&quot;0 0 24 24&quot;
              &gt;
                &lt;path
                  d=&quot;M19 13h-6v6h-2v-6H5v-2h6V5h2v6h6z&quot;
                /&gt;
              &lt;/svg&gt;
            &lt;/span&gt;
            Agregar Cancha
            &lt;span
              class=&quot;MuiTouchRipple-root css-8je8zh-MuiTouchRipple-root&quot;
            /&gt;
          &lt;/button&gt;
        &lt;/div&gt;
        &lt;div
          class=&quot;MuiBox-root css-1muzjf8&quot;
        &gt;
          &lt;div
            class=&quot;MuiTabs-root css-1ujnqem-MuiTabs-root&quot;
          &gt;
            &lt;div
              class=&quot;MuiTabs-scroller MuiTabs-fixed css-jpln7h-MuiTabs-scroller&quot;
              style=&quot;overflow: hidden; margin-bottom: 0px;&quot;
            &gt;
              &lt;div
                class=&quot;MuiTabs-flexContainer css-heg063-MuiTabs-flexContainer&quot;
                role=&quot;tablist&quot;
              &gt;
                &lt;button
                  aria-selected=&quot;true&quot;
                  class=&quot;MuiButtonBase-root MuiTab-root MuiTab-textColorPrimary Mui-selected css-1h9z7r5-MuiButtonBase-root-MuiTab-root&quot;
                  role=&quot;tab&quot;
                  tabindex=&quot;0&quot;
                  type=&quot;button&quot;
                &gt;
                  Todas las Canchas
                  &lt;span
                    class=&quot;MuiTouchRipple-root css-8je8zh-MuiTouchRipple-root&quot;
                  /&gt;
                &lt;/button&gt;
                &lt;button
                  aria-selected=&quot;false&quot;
                  class=&quot;MuiButtonBase-root MuiTab-root MuiTab-textColorPrimary css-1h9z7r5-MuiButtonBase-root-MuiTab-root&quot;
                  role=&quot;tab&quot;
                  tabindex=&quot;-1&quot;
                  type=&quot;button&quot;
                &gt;
                  Mis Reseñas
                  &lt;span
                    class=&quot;MuiTouchRipple-root css-8je8zh-MuiTouchRipple-root&quot;
                  /&gt;
                &lt;/button&gt;
              &lt;/div&gt;
              &lt;span
                class=&quot;MuiTabs-indicator css-1aquho2-MuiTabs-indicator&quot;
                style=&quot;left: 0px; width: 0px;&quot;
              /&gt;
            &lt;/div&gt;
          &lt;/div&gt;
        &lt;/div&gt;
        &lt;div
          class=&quot;MuiBox-root css-0&quot;
        &gt;
          &lt;div
            class=&quot;MuiGrid-root MuiGrid-container MuiGrid-spacing-xs-3 css-zow5z4-MuiGrid-root&quot;
          &gt;
            &lt;div
              class=&quot;MuiGrid-root MuiGrid-item MuiGrid-grid-xs-12 css-1idn90j-MuiGrid-root&quot;
            &gt;
              &lt;div
                class=&quot;MuiBox-root css-4oqe9z&quot;
              &gt;
                &lt;h6
                  class=&quot;MuiTypography-root MuiTypography-h6 css-1jgmn5n-MuiTypography-root&quot;
                &gt;
                  No hay canchas disponibles
                &lt;/h6&gt;
              &lt;/div&gt;
            &lt;/div&gt;
          &lt;/div&gt;
        &lt;/div&gt;
      &lt;/div&gt;
    &lt;/div&gt;
  &lt;/div&gt;
&lt;/body&gt;
    at waitForWrapper (C:\Users\nicol\OneDrive\Documentos\GitHub\metricas\cliente\node_modules\@testing-library\dom\dist\wait-for.js:166:27)
    at _callee5$ (C:\Users\nicol\OneDrive\Documentos\GitHub\metricas\cliente\src\components\__tests__\Dashboard.test.jsx:153:18)
    at call (C:\Users\nicol\OneDrive\Documentos\GitHub\metricas\cliente\src\components\__tests__\Dashboard.test.jsx:2:1)
    at Generator.tryCatch (C:\Users\nicol\OneDrive\Documentos\GitHub\metricas\cliente\src\components\__tests__\Dashboard.test.jsx:2:1)
    at Generator._invoke [as next] (C:\Users\nicol\OneDrive\Documentos\GitHub\metricas\cliente\src\components\__tests__\Dashboard.test.jsx:2:1)
    at asyncGeneratorStep (C:\Users\nicol\OneDrive\Documentos\GitHub\metricas\cliente\src\components\__tests__\Dashboard.test.jsx:2:1)
    at asyncGeneratorStep (C:\Users\nicol\OneDrive\Documentos\GitHub\metricas\cliente\src\components\__tests__\Dashboard.test.jsx:2:1)
    at _next (C:\Users\nicol\OneDrive\Documentos\GitHub\metricas\cliente\src\components\__tests__\Dashboard.test.jsx:2:1)
    at new Promise (&lt;anonymous&gt;)
    at Object.&lt;anonymous&gt; (C:\Users\nicol\OneDrive\Documentos\GitHub\metricas\cliente\src\components\__tests__\Dashboard.test.jsx:2:1)
    at Promise.then.completed (C:\Users\nicol\OneDrive\Documentos\GitHub\metricas\cliente\node_modules\jest-circus\build\utils.js:298:28)
    at new Promise (&lt;anonymous&gt;)
    at callAsyncCircusFn (C:\Users\nicol\OneDrive\Documentos\GitHub\metricas\cliente\node_modules\jest-circus\build\utils.js:231:10)
    at _callCircusTest (C:\Users\nicol\OneDrive\Documentos\GitHub\metricas\cliente\node_modules\jest-circus\build\run.js:316:40)
    at _runTest (C:\Users\nicol\OneDrive\Documentos\GitHub\metricas\cliente\node_modules\jest-circus\build\run.js:252:3)
    at _runTestsForDescribeBlock (C:\Users\nicol\OneDrive\Documentos\GitHub\metricas\cliente\node_modules\jest-circus\build\run.js:126:9)
    at _runTestsForDescribeBlock (C:\Users\nicol\OneDrive\Documentos\GitHub\metricas\cliente\node_modules\jest-circus\build\run.js:121:9)
    at run (C:\Users\nicol\OneDrive\Documentos\GitHub\metricas\cliente\node_modules\jest-circus\build\run.js:71:3)
    at runAndTransformResultsToJestFormat (C:\Users\nicol\OneDrive\Documentos\GitHub\metricas\cliente\node_modules\jest-circus\build\legacy-code-todo-rewrite\jestAdapterInit.js:122:21)
    at jestAdapter (C:\Users\nicol\OneDrive\Documentos\GitHub\metricas\cliente\node_modules\jest-circus\build\legacy-code-todo-rewrite\jestAdapter.js:79:19)
    at runTestInternal (C:\Users\nicol\OneDrive\Documentos\GitHub\metricas\cliente\node_modules\jest-runner\build\runTest.js:367:16)
    at runTest (C:\Users\nicol\OneDrive\Documentos\GitHub\metricas\cliente\node_modules\jest-runner\build\runTest.js:444:34)
    at Object.worker (C:\Users\nicol\OneDrive\Documentos\GitHub\metricas\cliente\node_modules\jest-runner\build\testWorker.js:106:12)</failure>
    </testcase>
    <testcase classname="Dashboard Component navigates to add cancha page" name="Dashboard Component navigates to add cancha page" time="0.146">
    </testcase>
    <testcase classname="Dashboard Component displays review statistics" name="Dashboard Component displays review statistics" time="1.124">
      <failure>Error: Unable to find an element with the text: /4.5/. This could be because the text is broken up by multiple elements. In this case, you can provide a function for your text matcher to make your matcher more flexible.

Ignored nodes: comments, script, style
&lt;body&gt;
  &lt;div&gt;
    &lt;div
      class=&quot;MuiBox-root css-i9gxme&quot;
    &gt;
      &lt;div
        class=&quot;MuiBox-root css-i9gxme&quot;
      &gt;
        &lt;header
          class=&quot;MuiPaper-root MuiPaper-elevation MuiPaper-elevation4 MuiAppBar-root MuiAppBar-colorPrimary MuiAppBar-positionStatic css-hip9hq-MuiPaper-root-MuiAppBar-root&quot;
        &gt;
          &lt;div
            class=&quot;MuiToolbar-root MuiToolbar-gutters MuiToolbar-regular css-hyum1k-MuiToolbar-root&quot;
          &gt;
            &lt;div
              class=&quot;MuiTypography-root MuiTypography-h6 css-1juivf6-MuiTypography-root&quot;
            &gt;
              Canchas App
            &lt;/div&gt;
            &lt;button
              class=&quot;MuiButtonBase-root MuiIconButton-root MuiIconButton-colorInherit MuiIconButton-sizeMedium css-zylse7-MuiButtonBase-root-MuiIconButton-root&quot;
              tabindex=&quot;0&quot;
              title=&quot;Cerrar sesión&quot;
              type=&quot;button&quot;
            &gt;
              &lt;svg
                aria-hidden=&quot;true&quot;
                class=&quot;MuiSvgIcon-root MuiSvgIcon-fontSizeMedium css-i4bv87-MuiSvgIcon-root&quot;
                data-testid=&quot;ExitToAppIcon&quot;
                focusable=&quot;false&quot;
                viewBox=&quot;0 0 24 24&quot;
              &gt;
                &lt;path
                  d=&quot;M10.09 15.59 11.5 17l5-5-5-5-1.41 1.41L12.67 11H3v2h9.67zM19 3H5c-1.11 0-2 .9-2 2v4h2V5h14v14H5v-4H3v4c0 1.1.89 2 2 2h14c1.1 0 2-.9 2-2V5c0-1.1-.9-2-2-2&quot;
                /&gt;
              &lt;/svg&gt;
              &lt;span
                class=&quot;MuiTouchRipple-root css-8je8zh-MuiTouchRipple-root&quot;
              /&gt;
            &lt;/button&gt;
          &lt;/div&gt;
        &lt;/header&gt;
      &lt;/div&gt;
      &lt;div
        class=&quot;MuiContainer-root MuiContainer-maxWidthLg css-1f2kw6w-MuiContainer-root&quot;
      &gt;
        &lt;div
          class=&quot;MuiBox-root css-v08z5u&quot;
        &gt;
          &lt;h1
            class=&quot;MuiTypography-root MuiTypography-h4 css-5lbw0b-MuiTypography-root&quot;
          &gt;
            Bienvenido, 
          &lt;/h1&gt;
          &lt;button
            class=&quot;MuiButtonBase-root MuiButton-root MuiButton-contained MuiButton-containedPrimary MuiButton-sizeMedium MuiButton-containedSizeMedium MuiButton-colorPrimary MuiButton-root MuiButton-contained MuiButton-containedPrimary MuiButton-sizeMedium MuiButton-containedSizeMedium MuiButton-colorPrimary css-sghohy-MuiButtonBase-root-MuiButton-root&quot;
            tabindex=&quot;0&quot;
            type=&quot;button&quot;
          &gt;
            &lt;span
              class=&quot;MuiButton-icon MuiButton-startIcon MuiButton-iconSizeMedium css-1d6wzja-MuiButton-startIcon&quot;
            &gt;
              &lt;svg
                aria-hidden=&quot;true&quot;
                class=&quot;MuiSvgIcon-root MuiSvgIcon-fontSizeMedium css-i4bv87-MuiSvgIcon-root&quot;
                data-testid=&quot;AddIcon&quot;
                focusable=&quot;false&quot;
                viewBox=&quot;0 0 24 24&quot;
              &gt;
                &lt;path
                  d=&quot;M19 13h-6v6h-2v-6H5v-2h6V5h2v6h6z&quot;
                /&gt;
              &lt;/svg&gt;
            &lt;/span&gt;
            Agregar Cancha
            &lt;span
              class=&quot;MuiTouchRipple-root css-8je8zh-MuiTouchRipple-root&quot;
            /&gt;
          &lt;/button&gt;
        &lt;/div&gt;
        &lt;div
          class=&quot;MuiBox-root css-1muzjf8&quot;
        &gt;
          &lt;div
            class=&quot;MuiTabs-root css-1ujnqem-MuiTabs-root&quot;
          &gt;
            &lt;div
              class=&quot;MuiTabs-scroller MuiTabs-fixed css-jpln7h-MuiTabs-scroller&quot;
              style=&quot;overflow: hidden; margin-bottom: 0px;&quot;
            &gt;
              &lt;div
                class=&quot;MuiTabs-flexContainer css-heg063-MuiTabs-flexContainer&quot;
                role=&quot;tablist&quot;
              &gt;
                &lt;button
                  aria-selected=&quot;true&quot;
                  class=&quot;MuiButtonBase-root MuiTab-root MuiTab-textColorPrimary Mui-selected css-1h9z7r5-MuiButtonBase-root-MuiTab-root&quot;
                  role=&quot;tab&quot;
                  tabindex=&quot;0&quot;
                  type=&quot;button&quot;
                &gt;
                  Todas las Canchas
                  &lt;span
                    class=&quot;MuiTouchRipple-root css-8je8zh-MuiTouchRipple-root&quot;
                  /&gt;
                &lt;/button&gt;
                &lt;button
                  aria-selected=&quot;false&quot;
                  class=&quot;MuiButtonBase-root MuiTab-root MuiTab-textColorPrimary css-1h9z7r5-MuiButtonBase-root-MuiTab-root&quot;
                  role=&quot;tab&quot;
                  tabindex=&quot;-1&quot;
                  type=&quot;button&quot;
                &gt;
                  Mis Reseñas
                  &lt;span
                    class=&quot;MuiTouchRipple-root css-8je8zh-MuiTouchRipple-root&quot;
                  /&gt;
                &lt;/button&gt;
              &lt;/div&gt;
              &lt;span
                class=&quot;MuiTabs-indicator css-1aquho2-MuiTabs-indicator&quot;
                style=&quot;left: 0px; width: 0px;&quot;
              /&gt;
            &lt;/div&gt;
          &lt;/div&gt;
        &lt;/div&gt;
        &lt;div
          class=&quot;MuiBox-root css-0&quot;
        &gt;
          &lt;div
            class=&quot;MuiGrid-root MuiGrid-container MuiGrid-spacing-xs-3 css-zow5z4-MuiGrid-root&quot;
          &gt;
            &lt;div
              class=&quot;MuiGrid-root MuiGrid-item MuiGrid-grid-xs-12 css-1idn90j-MuiGrid-root&quot;
            &gt;
              &lt;div
                class=&quot;MuiBox-root css-4oqe9z&quot;
              &gt;
                &lt;h6
                  class=&quot;MuiTypography-root MuiTypography-h6 css-1jgmn5n-MuiTypography-root&quot;
                &gt;
                  No hay canchas disponibles
                &lt;/h6&gt;
              &lt;/div&gt;
            &lt;/div&gt;
          &lt;/div&gt;
        &lt;/div&gt;
      &lt;/div&gt;
    &lt;/div&gt;
  &lt;/div&gt;
&lt;/body&gt;
    at waitForWrapper (C:\Users\nicol\OneDrive\Documentos\GitHub\metricas\cliente\node_modules\@testing-library\dom\dist\wait-for.js:166:27)
    at _callee7$ (C:\Users\nicol\OneDrive\Documentos\GitHub\metricas\cliente\src\components\__tests__\Dashboard.test.jsx:173:18)
    at call (C:\Users\nicol\OneDrive\Documentos\GitHub\metricas\cliente\src\components\__tests__\Dashboard.test.jsx:2:1)
    at Generator.tryCatch (C:\Users\nicol\OneDrive\Documentos\GitHub\metricas\cliente\src\components\__tests__\Dashboard.test.jsx:2:1)
    at Generator._invoke [as next] (C:\Users\nicol\OneDrive\Documentos\GitHub\metricas\cliente\src\components\__tests__\Dashboard.test.jsx:2:1)
    at asyncGeneratorStep (C:\Users\nicol\OneDrive\Documentos\GitHub\metricas\cliente\src\components\__tests__\Dashboard.test.jsx:2:1)
    at asyncGeneratorStep (C:\Users\nicol\OneDrive\Documentos\GitHub\metricas\cliente\src\components\__tests__\Dashboard.test.jsx:2:1)
    at _next (C:\Users\nicol\OneDrive\Documentos\GitHub\metricas\cliente\src\components\__tests__\Dashboard.test.jsx:2:1)
    at new Promise (&lt;anonymous&gt;)
    at Object.&lt;anonymous&gt; (C:\Users\nicol\OneDrive\Documentos\GitHub\metricas\cliente\src\components\__tests__\Dashboard.test.jsx:2:1)
    at Promise.then.completed (C:\Users\nicol\OneDrive\Documentos\GitHub\metricas\cliente\node_modules\jest-circus\build\utils.js:298:28)
    at new Promise (&lt;anonymous&gt;)
    at callAsyncCircusFn (C:\Users\nicol\OneDrive\Documentos\GitHub\metricas\cliente\node_modules\jest-circus\build\utils.js:231:10)
    at _callCircusTest (C:\Users\nicol\OneDrive\Documentos\GitHub\metricas\cliente\node_modules\jest-circus\build\run.js:316:40)
    at _runTest (C:\Users\nicol\OneDrive\Documentos\GitHub\metricas\cliente\node_modules\jest-circus\build\run.js:252:3)
    at _runTestsForDescribeBlock (C:\Users\nicol\OneDrive\Documentos\GitHub\metricas\cliente\node_modules\jest-circus\build\run.js:126:9)
    at _runTestsForDescribeBlock (C:\Users\nicol\OneDrive\Documentos\GitHub\metricas\cliente\node_modules\jest-circus\build\run.js:121:9)
    at run (C:\Users\nicol\OneDrive\Documentos\GitHub\metricas\cliente\node_modules\jest-circus\build\run.js:71:3)
    at runAndTransformResultsToJestFormat (C:\Users\nicol\OneDrive\Documentos\GitHub\metricas\cliente\node_modules\jest-circus\build\legacy-code-todo-rewrite\jestAdapterInit.js:122:21)
    at jestAdapter (C:\Users\nicol\OneDrive\Documentos\GitHub\metricas\cliente\node_modules\jest-circus\build\legacy-code-todo-rewrite\jestAdapter.js:79:19)
    at runTestInternal (C:\Users\nicol\OneDrive\Documentos\GitHub\metricas\cliente\node_modules\jest-runner\build\runTest.js:367:16)
    at runTest (C:\Users\nicol\OneDrive\Documentos\GitHub\metricas\cliente\node_modules\jest-runner\build\runTest.js:444:34)
    at Object.worker (C:\Users\nicol\OneDrive\Documentos\GitHub\metricas\cliente\node_modules\jest-runner\build\testWorker.js:106:12)</failure>
    </testcase>
    <testcase classname="Dashboard Component handles pagination" name="Dashboard Component handles pagination" time="1.124">
      <failure>Error: Unable to find an element with the text: Cancha 1. This could be because the text is broken up by multiple elements. In this case, you can provide a function for your text matcher to make your matcher more flexible.

Ignored nodes: comments, script, style
&lt;body&gt;
  &lt;div&gt;
    &lt;div
      class=&quot;MuiBox-root css-i9gxme&quot;
    &gt;
      &lt;div
        class=&quot;MuiBox-root css-i9gxme&quot;
      &gt;
        &lt;header
          class=&quot;MuiPaper-root MuiPaper-elevation MuiPaper-elevation4 MuiAppBar-root MuiAppBar-colorPrimary MuiAppBar-positionStatic css-hip9hq-MuiPaper-root-MuiAppBar-root&quot;
        &gt;
          &lt;div
            class=&quot;MuiToolbar-root MuiToolbar-gutters MuiToolbar-regular css-hyum1k-MuiToolbar-root&quot;
          &gt;
            &lt;div
              class=&quot;MuiTypography-root MuiTypography-h6 css-1juivf6-MuiTypography-root&quot;
            &gt;
              Canchas App
            &lt;/div&gt;
            &lt;button
              class=&quot;MuiButtonBase-root MuiIconButton-root MuiIconButton-colorInherit MuiIconButton-sizeMedium css-zylse7-MuiButtonBase-root-MuiIconButton-root&quot;
              tabindex=&quot;0&quot;
              title=&quot;Cerrar sesión&quot;
              type=&quot;button&quot;
            &gt;
              &lt;svg
                aria-hidden=&quot;true&quot;
                class=&quot;MuiSvgIcon-root MuiSvgIcon-fontSizeMedium css-i4bv87-MuiSvgIcon-root&quot;
                data-testid=&quot;ExitToAppIcon&quot;
                focusable=&quot;false&quot;
                viewBox=&quot;0 0 24 24&quot;
              &gt;
                &lt;path
                  d=&quot;M10.09 15.59 11.5 17l5-5-5-5-1.41 1.41L12.67 11H3v2h9.67zM19 3H5c-1.11 0-2 .9-2 2v4h2V5h14v14H5v-4H3v4c0 1.1.89 2 2 2h14c1.1 0 2-.9 2-2V5c0-1.1-.9-2-2-2&quot;
                /&gt;
              &lt;/svg&gt;
              &lt;span
                class=&quot;MuiTouchRipple-root css-8je8zh-MuiTouchRipple-root&quot;
              /&gt;
            &lt;/button&gt;
          &lt;/div&gt;
        &lt;/header&gt;
      &lt;/div&gt;
      &lt;div
        class=&quot;MuiContainer-root MuiContainer-maxWidthLg css-1f2kw6w-MuiContainer-root&quot;
      &gt;
        &lt;div
          class=&quot;MuiBox-root css-v08z5u&quot;
        &gt;
          &lt;h1
            class=&quot;MuiTypography-root MuiTypography-h4 css-5lbw0b-MuiTypography-root&quot;
          &gt;
            Bienvenido, 
          &lt;/h1&gt;
          &lt;button
            class=&quot;MuiButtonBase-root MuiButton-root MuiButton-contained MuiButton-containedPrimary MuiButton-sizeMedium MuiButton-containedSizeMedium MuiButton-colorPrimary MuiButton-root MuiButton-contained MuiButton-containedPrimary MuiButton-sizeMedium MuiButton-containedSizeMedium MuiButton-colorPrimary css-sghohy-MuiButtonBase-root-MuiButton-root&quot;
            tabindex=&quot;0&quot;
            type=&quot;button&quot;
          &gt;
            &lt;span
              class=&quot;MuiButton-icon MuiButton-startIcon MuiButton-iconSizeMedium css-1d6wzja-MuiButton-startIcon&quot;
            &gt;
              &lt;svg
                aria-hidden=&quot;true&quot;
                class=&quot;MuiSvgIcon-root MuiSvgIcon-fontSizeMedium css-i4bv87-MuiSvgIcon-root&quot;
                data-testid=&quot;AddIcon&quot;
                focusable=&quot;false&quot;
                viewBox=&quot;0 0 24 24&quot;
              &gt;
                &lt;path
                  d=&quot;M19 13h-6v6h-2v-6H5v-2h6V5h2v6h6z&quot;
                /&gt;
              &lt;/svg&gt;
            &lt;/span&gt;
            Agregar Cancha
            &lt;span
              class=&quot;MuiTouchRipple-root css-8je8zh-MuiTouchRipple-root&quot;
            /&gt;
          &lt;/button&gt;
        &lt;/div&gt;
        &lt;div
          class=&quot;MuiBox-root css-1muzjf8&quot;
        &gt;
          &lt;div
            class=&quot;MuiTabs-root css-1ujnqem-MuiTabs-root&quot;
          &gt;
            &lt;div
              class=&quot;MuiTabs-scroller MuiTabs-fixed css-jpln7h-MuiTabs-scroller&quot;
              style=&quot;overflow: hidden; margin-bottom: 0px;&quot;
            &gt;
              &lt;div
                class=&quot;MuiTabs-flexContainer css-heg063-MuiTabs-flexContainer&quot;
                role=&quot;tablist&quot;
              &gt;
                &lt;button
                  aria-selected=&quot;true&quot;
                  class=&quot;MuiButtonBase-root MuiTab-root MuiTab-textColorPrimary Mui-selected css-1h9z7r5-MuiButtonBase-root-MuiTab-root&quot;
                  role=&quot;tab&quot;
                  tabindex=&quot;0&quot;
                  type=&quot;button&quot;
                &gt;
                  Todas las Canchas
                  &lt;span
                    class=&quot;MuiTouchRipple-root css-8je8zh-MuiTouchRipple-root&quot;
                  /&gt;
                &lt;/button&gt;
                &lt;button
                  aria-selected=&quot;false&quot;
                  class=&quot;MuiButtonBase-root MuiTab-root MuiTab-textColorPrimary css-1h9z7r5-MuiButtonBase-root-MuiTab-root&quot;
                  role=&quot;tab&quot;
                  tabindex=&quot;-1&quot;
                  type=&quot;button&quot;
                &gt;
                  Mis Reseñas
                  &lt;span
                    class=&quot;MuiTouchRipple-root css-8je8zh-MuiTouchRipple-root&quot;
                  /&gt;
                &lt;/button&gt;
              &lt;/div&gt;
              &lt;span
                class=&quot;MuiTabs-indicator css-1aquho2-MuiTabs-indicator&quot;
                style=&quot;left: 0px; width: 0px;&quot;
              /&gt;
            &lt;/div&gt;
          &lt;/div&gt;
        &lt;/div&gt;
        &lt;div
          class=&quot;MuiBox-root css-0&quot;
        &gt;
          &lt;div
            class=&quot;MuiGrid-root MuiGrid-container MuiGrid-spacing-xs-3 css-zow5z4-MuiGrid-root&quot;
          &gt;
            &lt;div
              class=&quot;MuiGrid-root MuiGrid-item MuiGrid-grid-xs-12 css-1idn90j-MuiGrid-root&quot;
            &gt;
              &lt;div
                class=&quot;MuiBox-root css-4oqe9z&quot;
              &gt;
                &lt;h6
                  class=&quot;MuiTypography-root MuiTypography-h6 css-1jgmn5n-MuiTypography-root&quot;
                &gt;
                  No hay canchas disponibles
                &lt;/h6&gt;
              &lt;/div&gt;
            &lt;/div&gt;
          &lt;/div&gt;
        &lt;/div&gt;
      &lt;/div&gt;
    &lt;/div&gt;
  &lt;/div&gt;
&lt;/body&gt;
    at waitForWrapper (C:\Users\nicol\OneDrive\Documentos\GitHub\metricas\cliente\node_modules\@testing-library\dom\dist\wait-for.js:166:27)
    at _callee8$ (C:\Users\nicol\OneDrive\Documentos\GitHub\metricas\cliente\src\components\__tests__\Dashboard.test.jsx:195:18)
    at call (C:\Users\nicol\OneDrive\Documentos\GitHub\metricas\cliente\src\components\__tests__\Dashboard.test.jsx:2:1)
    at Generator.tryCatch (C:\Users\nicol\OneDrive\Documentos\GitHub\metricas\cliente\src\components\__tests__\Dashboard.test.jsx:2:1)
    at Generator._invoke [as next] (C:\Users\nicol\OneDrive\Documentos\GitHub\metricas\cliente\src\components\__tests__\Dashboard.test.jsx:2:1)
    at asyncGeneratorStep (C:\Users\nicol\OneDrive\Documentos\GitHub\metricas\cliente\src\components\__tests__\Dashboard.test.jsx:2:1)
    at asyncGeneratorStep (C:\Users\nicol\OneDrive\Documentos\GitHub\metricas\cliente\src\components\__tests__\Dashboard.test.jsx:2:1)
    at _next (C:\Users\nicol\OneDrive\Documentos\GitHub\metricas\cliente\src\components\__tests__\Dashboard.test.jsx:2:1)
    at new Promise (&lt;anonymous&gt;)
    at Object.&lt;anonymous&gt; (C:\Users\nicol\OneDrive\Documentos\GitHub\metricas\cliente\src\components\__tests__\Dashboard.test.jsx:2:1)
    at Promise.then.completed (C:\Users\nicol\OneDrive\Documentos\GitHub\metricas\cliente\node_modules\jest-circus\build\utils.js:298:28)
    at new Promise (&lt;anonymous&gt;)
    at callAsyncCircusFn (C:\Users\nicol\OneDrive\Documentos\GitHub\metricas\cliente\node_modules\jest-circus\build\utils.js:231:10)
    at _callCircusTest (C:\Users\nicol\OneDrive\Documentos\GitHub\metricas\cliente\node_modules\jest-circus\build\run.js:316:40)
    at _runTest (C:\Users\nicol\OneDrive\Documentos\GitHub\metricas\cliente\node_modules\jest-circus\build\run.js:252:3)
    at _runTestsForDescribeBlock (C:\Users\nicol\OneDrive\Documentos\GitHub\metricas\cliente\node_modules\jest-circus\build\run.js:126:9)
    at _runTestsForDescribeBlock (C:\Users\nicol\OneDrive\Documentos\GitHub\metricas\cliente\node_modules\jest-circus\build\run.js:121:9)
    at run (C:\Users\nicol\OneDrive\Documentos\GitHub\metricas\cliente\node_modules\jest-circus\build\run.js:71:3)
    at runAndTransformResultsToJestFormat (C:\Users\nicol\OneDrive\Documentos\GitHub\metricas\cliente\node_modules\jest-circus\build\legacy-code-todo-rewrite\jestAdapterInit.js:122:21)
    at jestAdapter (C:\Users\nicol\OneDrive\Documentos\GitHub\metricas\cliente\node_modules\jest-circus\build\legacy-code-todo-rewrite\jestAdapter.js:79:19)
    at runTestInternal (C:\Users\nicol\OneDrive\Documentos\GitHub\metricas\cliente\node_modules\jest-runner\build\runTest.js:367:16)
    at runTest (C:\Users\nicol\OneDrive\Documentos\GitHub\metricas\cliente\node_modules\jest-runner\build\runTest.js:444:34)
    at Object.worker (C:\Users\nicol\OneDrive\Documentos\GitHub\metricas\cliente\node_modules\jest-runner\build\testWorker.js:106:12)</failure>
    </testcase>
  </testsuite>
  <testsuite name="ListaCancha Component" errors="0" failures="9" skipped="0" timestamp="2025-03-30T15:09:43" time="8.881" tests="9">
    <testcase classname="ListaCancha Component renders list of canchas" name="ListaCancha Component renders list of canchas" time="0.001">
      <failure>ReferenceError: AuthProvider is not defined
    at AuthProvider (C:\Users\nicol\OneDrive\Documentos\GitHub\metricas\cliente\src\components\__tests__\ListaCancha.test.jsx:37:6)
    at Object.renderListaCancha (C:\Users\nicol\OneDrive\Documentos\GitHub\metricas\cliente\src\components\__tests__\ListaCancha.test.jsx:52:5)
    at Promise.then.completed (C:\Users\nicol\OneDrive\Documentos\GitHub\metricas\cliente\node_modules\jest-circus\build\utils.js:298:28)
    at new Promise (&lt;anonymous&gt;)
    at callAsyncCircusFn (C:\Users\nicol\OneDrive\Documentos\GitHub\metricas\cliente\node_modules\jest-circus\build\utils.js:231:10)
    at _callCircusTest (C:\Users\nicol\OneDrive\Documentos\GitHub\metricas\cliente\node_modules\jest-circus\build\run.js:316:40)
    at processTicksAndRejections (node:internal/process/task_queues:105:5)
    at _runTest (C:\Users\nicol\OneDrive\Documentos\GitHub\metricas\cliente\node_modules\jest-circus\build\run.js:252:3)
    at _runTestsForDescribeBlock (C:\Users\nicol\OneDrive\Documentos\GitHub\metricas\cliente\node_modules\jest-circus\build\run.js:126:9)
    at _runTestsForDescribeBlock (C:\Users\nicol\OneDrive\Documentos\GitHub\metricas\cliente\node_modules\jest-circus\build\run.js:121:9)
    at run (C:\Users\nicol\OneDrive\Documentos\GitHub\metricas\cliente\node_modules\jest-circus\build\run.js:71:3)
    at runAndTransformResultsToJestFormat (C:\Users\nicol\OneDrive\Documentos\GitHub\metricas\cliente\node_modules\jest-circus\build\legacy-code-todo-rewrite\jestAdapterInit.js:122:21)
    at jestAdapter (C:\Users\nicol\OneDrive\Documentos\GitHub\metricas\cliente\node_modules\jest-circus\build\legacy-code-todo-rewrite\jestAdapter.js:79:19)
    at runTestInternal (C:\Users\nicol\OneDrive\Documentos\GitHub\metricas\cliente\node_modules\jest-runner\build\runTest.js:367:16)
    at runTest (C:\Users\nicol\OneDrive\Documentos\GitHub\metricas\cliente\node_modules\jest-runner\build\runTest.js:444:34)
    at Object.worker (C:\Users\nicol\OneDrive\Documentos\GitHub\metricas\cliente\node_modules\jest-runner\build\testWorker.js:106:12)</failure>
    </testcase>
    <testcase classname="ListaCancha Component renders empty state when no canchas available" name="ListaCancha Component renders empty state when no canchas available" time="0.001">
      <failure>ReferenceError: AuthProvider is not defined
    at AuthProvider (C:\Users\nicol\OneDrive\Documentos\GitHub\metricas\cliente\src\components\__tests__\ListaCancha.test.jsx:37:6)
    at Object.renderListaCancha (C:\Users\nicol\OneDrive\Documentos\GitHub\metricas\cliente\src\components\__tests__\ListaCancha.test.jsx:69:5)
    at Promise.then.completed (C:\Users\nicol\OneDrive\Documentos\GitHub\metricas\cliente\node_modules\jest-circus\build\utils.js:298:28)
    at new Promise (&lt;anonymous&gt;)
    at callAsyncCircusFn (C:\Users\nicol\OneDrive\Documentos\GitHub\metricas\cliente\node_modules\jest-circus\build\utils.js:231:10)
    at _callCircusTest (C:\Users\nicol\OneDrive\Documentos\GitHub\metricas\cliente\node_modules\jest-circus\build\run.js:316:40)
    at processTicksAndRejections (node:internal/process/task_queues:105:5)
    at _runTest (C:\Users\nicol\OneDrive\Documentos\GitHub\metricas\cliente\node_modules\jest-circus\build\run.js:252:3)
    at _runTestsForDescribeBlock (C:\Users\nicol\OneDrive\Documentos\GitHub\metricas\cliente\node_modules\jest-circus\build\run.js:126:9)
    at _runTestsForDescribeBlock (C:\Users\nicol\OneDrive\Documentos\GitHub\metricas\cliente\node_modules\jest-circus\build\run.js:121:9)
    at run (C:\Users\nicol\OneDrive\Documentos\GitHub\metricas\cliente\node_modules\jest-circus\build\run.js:71:3)
    at runAndTransformResultsToJestFormat (C:\Users\nicol\OneDrive\Documentos\GitHub\metricas\cliente\node_modules\jest-circus\build\legacy-code-todo-rewrite\jestAdapterInit.js:122:21)
    at jestAdapter (C:\Users\nicol\OneDrive\Documentos\GitHub\metricas\cliente\node_modules\jest-circus\build\legacy-code-todo-rewrite\jestAdapter.js:79:19)
    at runTestInternal (C:\Users\nicol\OneDrive\Documentos\GitHub\metricas\cliente\node_modules\jest-runner\build\runTest.js:367:16)
    at runTest (C:\Users\nicol\OneDrive\Documentos\GitHub\metricas\cliente\node_modules\jest-runner\build\runTest.js:444:34)
    at Object.worker (C:\Users\nicol\OneDrive\Documentos\GitHub\metricas\cliente\node_modules\jest-runner\build\testWorker.js:106:12)</failure>
    </testcase>
    <testcase classname="ListaCancha Component handles load error with network timeout" name="ListaCancha Component handles load error with network timeout" time="0.002">
      <failure>ReferenceError: AuthProvider is not defined
    at AuthProvider (C:\Users\nicol\OneDrive\Documentos\GitHub\metricas\cliente\src\components\__tests__\ListaCancha.test.jsx:37:6)
    at renderListaCancha (C:\Users\nicol\OneDrive\Documentos\GitHub\metricas\cliente\src\components\__tests__\ListaCancha.test.jsx:77:5)
    at call (C:\Users\nicol\OneDrive\Documentos\GitHub\metricas\cliente\src\components\__tests__\ListaCancha.test.jsx:2:1)
    at Generator.tryCatch (C:\Users\nicol\OneDrive\Documentos\GitHub\metricas\cliente\src\components\__tests__\ListaCancha.test.jsx:2:1)
    at Generator._invoke [as next] (C:\Users\nicol\OneDrive\Documentos\GitHub\metricas\cliente\src\components\__tests__\ListaCancha.test.jsx:2:1)
    at asyncGeneratorStep (C:\Users\nicol\OneDrive\Documentos\GitHub\metricas\cliente\src\components\__tests__\ListaCancha.test.jsx:2:1)
    at asyncGeneratorStep (C:\Users\nicol\OneDrive\Documentos\GitHub\metricas\cliente\src\components\__tests__\ListaCancha.test.jsx:2:1)
    at _next (C:\Users\nicol\OneDrive\Documentos\GitHub\metricas\cliente\src\components\__tests__\ListaCancha.test.jsx:2:1)
    at new Promise (&lt;anonymous&gt;)
    at Object.&lt;anonymous&gt; (C:\Users\nicol\OneDrive\Documentos\GitHub\metricas\cliente\src\components\__tests__\ListaCancha.test.jsx:2:1)
    at Promise.then.completed (C:\Users\nicol\OneDrive\Documentos\GitHub\metricas\cliente\node_modules\jest-circus\build\utils.js:298:28)
    at new Promise (&lt;anonymous&gt;)
    at callAsyncCircusFn (C:\Users\nicol\OneDrive\Documentos\GitHub\metricas\cliente\node_modules\jest-circus\build\utils.js:231:10)
    at _callCircusTest (C:\Users\nicol\OneDrive\Documentos\GitHub\metricas\cliente\node_modules\jest-circus\build\run.js:316:40)
    at processTicksAndRejections (node:internal/process/task_queues:105:5)
    at _runTest (C:\Users\nicol\OneDrive\Documentos\GitHub\metricas\cliente\node_modules\jest-circus\build\run.js:252:3)
    at _runTestsForDescribeBlock (C:\Users\nicol\OneDrive\Documentos\GitHub\metricas\cliente\node_modules\jest-circus\build\run.js:126:9)
    at _runTestsForDescribeBlock (C:\Users\nicol\OneDrive\Documentos\GitHub\metricas\cliente\node_modules\jest-circus\build\run.js:121:9)
    at run (C:\Users\nicol\OneDrive\Documentos\GitHub\metricas\cliente\node_modules\jest-circus\build\run.js:71:3)
    at runAndTransformResultsToJestFormat (C:\Users\nicol\OneDrive\Documentos\GitHub\metricas\cliente\node_modules\jest-circus\build\legacy-code-todo-rewrite\jestAdapterInit.js:122:21)
    at jestAdapter (C:\Users\nicol\OneDrive\Documentos\GitHub\metricas\cliente\node_modules\jest-circus\build\legacy-code-todo-rewrite\jestAdapter.js:79:19)
    at runTestInternal (C:\Users\nicol\OneDrive\Documentos\GitHub\metricas\cliente\node_modules\jest-runner\build\runTest.js:367:16)
    at runTest (C:\Users\nicol\OneDrive\Documentos\GitHub\metricas\cliente\node_modules\jest-runner\build\runTest.js:444:34)
    at Object.worker (C:\Users\nicol\OneDrive\Documentos\GitHub\metricas\cliente\node_modules\jest-runner\build\testWorker.js:106:12)</failure>
    </testcase>
    <testcase classname="ListaCancha Component handles cancha deletion" name="ListaCancha Component handles cancha deletion" time="0.001">
      <failure>ReferenceError: AuthProvider is not defined
    at AuthProvider (C:\Users\nicol\OneDrive\Documentos\GitHub\metricas\cliente\src\components\__tests__\ListaCancha.test.jsx:37:6)
    at renderListaCancha (C:\Users\nicol\OneDrive\Documentos\GitHub\metricas\cliente\src\components\__tests__\ListaCancha.test.jsx:88:5)
    at call (C:\Users\nicol\OneDrive\Documentos\GitHub\metricas\cliente\src\components\__tests__\ListaCancha.test.jsx:2:1)
    at Generator.tryCatch (C:\Users\nicol\OneDrive\Documentos\GitHub\metricas\cliente\src\components\__tests__\ListaCancha.test.jsx:2:1)
    at Generator._invoke [as next] (C:\Users\nicol\OneDrive\Documentos\GitHub\metricas\cliente\src\components\__tests__\ListaCancha.test.jsx:2:1)
    at asyncGeneratorStep (C:\Users\nicol\OneDrive\Documentos\GitHub\metricas\cliente\src\components\__tests__\ListaCancha.test.jsx:2:1)
    at asyncGeneratorStep (C:\Users\nicol\OneDrive\Documentos\GitHub\metricas\cliente\src\components\__tests__\ListaCancha.test.jsx:2:1)
    at _next (C:\Users\nicol\OneDrive\Documentos\GitHub\metricas\cliente\src\components\__tests__\ListaCancha.test.jsx:2:1)
    at new Promise (&lt;anonymous&gt;)
    at Object.&lt;anonymous&gt; (C:\Users\nicol\OneDrive\Documentos\GitHub\metricas\cliente\src\components\__tests__\ListaCancha.test.jsx:2:1)
    at Promise.then.completed (C:\Users\nicol\OneDrive\Documentos\GitHub\metricas\cliente\node_modules\jest-circus\build\utils.js:298:28)
    at new Promise (&lt;anonymous&gt;)
    at callAsyncCircusFn (C:\Users\nicol\OneDrive\Documentos\GitHub\metricas\cliente\node_modules\jest-circus\build\utils.js:231:10)
    at _callCircusTest (C:\Users\nicol\OneDrive\Documentos\GitHub\metricas\cliente\node_modules\jest-circus\build\run.js:316:40)
    at processTicksAndRejections (node:internal/process/task_queues:105:5)
    at _runTest (C:\Users\nicol\OneDrive\Documentos\GitHub\metricas\cliente\node_modules\jest-circus\build\run.js:252:3)
    at _runTestsForDescribeBlock (C:\Users\nicol\OneDrive\Documentos\GitHub\metricas\cliente\node_modules\jest-circus\build\run.js:126:9)
    at _runTestsForDescribeBlock (C:\Users\nicol\OneDrive\Documentos\GitHub\metricas\cliente\node_modules\jest-circus\build\run.js:121:9)
    at run (C:\Users\nicol\OneDrive\Documentos\GitHub\metricas\cliente\node_modules\jest-circus\build\run.js:71:3)
    at runAndTransformResultsToJestFormat (C:\Users\nicol\OneDrive\Documentos\GitHub\metricas\cliente\node_modules\jest-circus\build\legacy-code-todo-rewrite\jestAdapterInit.js:122:21)
    at jestAdapter (C:\Users\nicol\OneDrive\Documentos\GitHub\metricas\cliente\node_modules\jest-circus\build\legacy-code-todo-rewrite\jestAdapter.js:79:19)
    at runTestInternal (C:\Users\nicol\OneDrive\Documentos\GitHub\metricas\cliente\node_modules\jest-runner\build\runTest.js:367:16)
    at runTest (C:\Users\nicol\OneDrive\Documentos\GitHub\metricas\cliente\node_modules\jest-runner\build\runTest.js:444:34)
    at Object.worker (C:\Users\nicol\OneDrive\Documentos\GitHub\metricas\cliente\node_modules\jest-runner\build\testWorker.js:106:12)</failure>
    </testcase>
    <testcase classname="ListaCancha Component handles deletion error with network failure" name="ListaCancha Component handles deletion error with network failure" time="0.001">
      <failure>ReferenceError: AuthProvider is not defined
    at AuthProvider (C:\Users\nicol\OneDrive\Documentos\GitHub\metricas\cliente\src\components\__tests__\ListaCancha.test.jsx:37:6)
    at renderListaCancha (C:\Users\nicol\OneDrive\Documentos\GitHub\metricas\cliente\src\components\__tests__\ListaCancha.test.jsx:107:5)
    at call (C:\Users\nicol\OneDrive\Documentos\GitHub\metricas\cliente\src\components\__tests__\ListaCancha.test.jsx:2:1)
    at Generator.tryCatch (C:\Users\nicol\OneDrive\Documentos\GitHub\metricas\cliente\src\components\__tests__\ListaCancha.test.jsx:2:1)
    at Generator._invoke [as next] (C:\Users\nicol\OneDrive\Documentos\GitHub\metricas\cliente\src\components\__tests__\ListaCancha.test.jsx:2:1)
    at asyncGeneratorStep (C:\Users\nicol\OneDrive\Documentos\GitHub\metricas\cliente\src\components\__tests__\ListaCancha.test.jsx:2:1)
    at asyncGeneratorStep (C:\Users\nicol\OneDrive\Documentos\GitHub\metricas\cliente\src\components\__tests__\ListaCancha.test.jsx:2:1)
    at _next (C:\Users\nicol\OneDrive\Documentos\GitHub\metricas\cliente\src\components\__tests__\ListaCancha.test.jsx:2:1)
    at new Promise (&lt;anonymous&gt;)
    at Object.&lt;anonymous&gt; (C:\Users\nicol\OneDrive\Documentos\GitHub\metricas\cliente\src\components\__tests__\ListaCancha.test.jsx:2:1)
    at Promise.then.completed (C:\Users\nicol\OneDrive\Documentos\GitHub\metricas\cliente\node_modules\jest-circus\build\utils.js:298:28)
    at new Promise (&lt;anonymous&gt;)
    at callAsyncCircusFn (C:\Users\nicol\OneDrive\Documentos\GitHub\metricas\cliente\node_modules\jest-circus\build\utils.js:231:10)
    at _callCircusTest (C:\Users\nicol\OneDrive\Documentos\GitHub\metricas\cliente\node_modules\jest-circus\build\run.js:316:40)
    at processTicksAndRejections (node:internal/process/task_queues:105:5)
    at _runTest (C:\Users\nicol\OneDrive\Documentos\GitHub\metricas\cliente\node_modules\jest-circus\build\run.js:252:3)
    at _runTestsForDescribeBlock (C:\Users\nicol\OneDrive\Documentos\GitHub\metricas\cliente\node_modules\jest-circus\build\run.js:126:9)
    at _runTestsForDescribeBlock (C:\Users\nicol\OneDrive\Documentos\GitHub\metricas\cliente\node_modules\jest-circus\build\run.js:121:9)
    at run (C:\Users\nicol\OneDrive\Documentos\GitHub\metricas\cliente\node_modules\jest-circus\build\run.js:71:3)
    at runAndTransformResultsToJestFormat (C:\Users\nicol\OneDrive\Documentos\GitHub\metricas\cliente\node_modules\jest-circus\build\legacy-code-todo-rewrite\jestAdapterInit.js:122:21)
    at jestAdapter (C:\Users\nicol\OneDrive\Documentos\GitHub\metricas\cliente\node_modules\jest-circus\build\legacy-code-todo-rewrite\jestAdapter.js:79:19)
    at runTestInternal (C:\Users\nicol\OneDrive\Documentos\GitHub\metricas\cliente\node_modules\jest-runner\build\runTest.js:367:16)
    at runTest (C:\Users\nicol\OneDrive\Documentos\GitHub\metricas\cliente\node_modules\jest-runner\build\runTest.js:444:34)
    at Object.worker (C:\Users\nicol\OneDrive\Documentos\GitHub\metricas\cliente\node_modules\jest-runner\build\testWorker.js:106:12)</failure>
    </testcase>
    <testcase classname="ListaCancha Component navigates to update page when edit button is clicked" name="ListaCancha Component navigates to update page when edit button is clicked" time="0.001">
      <failure>ReferenceError: AuthProvider is not defined
    at AuthProvider (C:\Users\nicol\OneDrive\Documentos\GitHub\metricas\cliente\src\components\__tests__\ListaCancha.test.jsx:37:6)
    at Object.renderListaCancha (C:\Users\nicol\OneDrive\Documentos\GitHub\metricas\cliente\src\components\__tests__\ListaCancha.test.jsx:121:5)
    at Promise.then.completed (C:\Users\nicol\OneDrive\Documentos\GitHub\metricas\cliente\node_modules\jest-circus\build\utils.js:298:28)
    at new Promise (&lt;anonymous&gt;)
    at callAsyncCircusFn (C:\Users\nicol\OneDrive\Documentos\GitHub\metricas\cliente\node_modules\jest-circus\build\utils.js:231:10)
    at _callCircusTest (C:\Users\nicol\OneDrive\Documentos\GitHub\metricas\cliente\node_modules\jest-circus\build\run.js:316:40)
    at processTicksAndRejections (node:internal/process/task_queues:105:5)
    at _runTest (C:\Users\nicol\OneDrive\Documentos\GitHub\metricas\cliente\node_modules\jest-circus\build\run.js:252:3)
    at _runTestsForDescribeBlock (C:\Users\nicol\OneDrive\Documentos\GitHub\metricas\cliente\node_modules\jest-circus\build\run.js:126:9)
    at _runTestsForDescribeBlock (C:\Users\nicol\OneDrive\Documentos\GitHub\metricas\cliente\node_modules\jest-circus\build\run.js:121:9)
    at run (C:\Users\nicol\OneDrive\Documentos\GitHub\metricas\cliente\node_modules\jest-circus\build\run.js:71:3)
    at runAndTransformResultsToJestFormat (C:\Users\nicol\OneDrive\Documentos\GitHub\metricas\cliente\node_modules\jest-circus\build\legacy-code-todo-rewrite\jestAdapterInit.js:122:21)
    at jestAdapter (C:\Users\nicol\OneDrive\Documentos\GitHub\metricas\cliente\node_modules\jest-circus\build\legacy-code-todo-rewrite\jestAdapter.js:79:19)
    at runTestInternal (C:\Users\nicol\OneDrive\Documentos\GitHub\metricas\cliente\node_modules\jest-runner\build\runTest.js:367:16)
    at runTest (C:\Users\nicol\OneDrive\Documentos\GitHub\metricas\cliente\node_modules\jest-runner\build\runTest.js:444:34)
    at Object.worker (C:\Users\nicol\OneDrive\Documentos\GitHub\metricas\cliente\node_modules\jest-runner\build\testWorker.js:106:12)</failure>
    </testcase>
    <testcase classname="ListaCancha Component displays cancha details correctly" name="ListaCancha Component displays cancha details correctly" time="0.001">
      <failure>ReferenceError: AuthProvider is not defined
    at AuthProvider (C:\Users\nicol\OneDrive\Documentos\GitHub\metricas\cliente\src\components\__tests__\ListaCancha.test.jsx:37:6)
    at Object.renderListaCancha (C:\Users\nicol\OneDrive\Documentos\GitHub\metricas\cliente\src\components\__tests__\ListaCancha.test.jsx:130:5)
    at Promise.then.completed (C:\Users\nicol\OneDrive\Documentos\GitHub\metricas\cliente\node_modules\jest-circus\build\utils.js:298:28)
    at new Promise (&lt;anonymous&gt;)
    at callAsyncCircusFn (C:\Users\nicol\OneDrive\Documentos\GitHub\metricas\cliente\node_modules\jest-circus\build\utils.js:231:10)
    at _callCircusTest (C:\Users\nicol\OneDrive\Documentos\GitHub\metricas\cliente\node_modules\jest-circus\build\run.js:316:40)
    at processTicksAndRejections (node:internal/process/task_queues:105:5)
    at _runTest (C:\Users\nicol\OneDrive\Documentos\GitHub\metricas\cliente\node_modules\jest-circus\build\run.js:252:3)
    at _runTestsForDescribeBlock (C:\Users\nicol\OneDrive\Documentos\GitHub\metricas\cliente\node_modules\jest-circus\build\run.js:126:9)
    at _runTestsForDescribeBlock (C:\Users\nicol\OneDrive\Documentos\GitHub\metricas\cliente\node_modules\jest-circus\build\run.js:121:9)
    at run (C:\Users\nicol\OneDrive\Documentos\GitHub\metricas\cliente\node_modules\jest-circus\build\run.js:71:3)
    at runAndTransformResultsToJestFormat (C:\Users\nicol\OneDrive\Documentos\GitHub\metricas\cliente\node_modules\jest-circus\build\legacy-code-todo-rewrite\jestAdapterInit.js:122:21)
    at jestAdapter (C:\Users\nicol\OneDrive\Documentos\GitHub\metricas\cliente\node_modules\jest-circus\build\legacy-code-todo-rewrite\jestAdapter.js:79:19)
    at runTestInternal (C:\Users\nicol\OneDrive\Documentos\GitHub\metricas\cliente\node_modules\jest-runner\build\runTest.js:367:16)
    at runTest (C:\Users\nicol\OneDrive\Documentos\GitHub\metricas\cliente\node_modules\jest-runner\build\runTest.js:444:34)
    at Object.worker (C:\Users\nicol\OneDrive\Documentos\GitHub\metricas\cliente\node_modules\jest-runner\build\testWorker.js:106:12)</failure>
    </testcase>
    <testcase classname="ListaCancha Component filters canchas by search term" name="ListaCancha Component filters canchas by search term" time="0.007">
      <failure>ReferenceError: AuthProvider is not defined
    at AuthProvider (C:\Users\nicol\OneDrive\Documentos\GitHub\metricas\cliente\src\components\__tests__\ListaCancha.test.jsx:37:6)
    at Object.renderListaCancha (C:\Users\nicol\OneDrive\Documentos\GitHub\metricas\cliente\src\components\__tests__\ListaCancha.test.jsx:140:5)
    at Promise.then.completed (C:\Users\nicol\OneDrive\Documentos\GitHub\metricas\cliente\node_modules\jest-circus\build\utils.js:298:28)
    at new Promise (&lt;anonymous&gt;)
    at callAsyncCircusFn (C:\Users\nicol\OneDrive\Documentos\GitHub\metricas\cliente\node_modules\jest-circus\build\utils.js:231:10)
    at _callCircusTest (C:\Users\nicol\OneDrive\Documentos\GitHub\metricas\cliente\node_modules\jest-circus\build\run.js:316:40)
    at processTicksAndRejections (node:internal/process/task_queues:105:5)
    at _runTest (C:\Users\nicol\OneDrive\Documentos\GitHub\metricas\cliente\node_modules\jest-circus\build\run.js:252:3)
    at _runTestsForDescribeBlock (C:\Users\nicol\OneDrive\Documentos\GitHub\metricas\cliente\node_modules\jest-circus\build\run.js:126:9)
    at _runTestsForDescribeBlock (C:\Users\nicol\OneDrive\Documentos\GitHub\metricas\cliente\node_modules\jest-circus\build\run.js:121:9)
    at run (C:\Users\nicol\OneDrive\Documentos\GitHub\metricas\cliente\node_modules\jest-circus\build\run.js:71:3)
    at runAndTransformResultsToJestFormat (C:\Users\nicol\OneDrive\Documentos\GitHub\metricas\cliente\node_modules\jest-circus\build\legacy-code-todo-rewrite\jestAdapterInit.js:122:21)
    at jestAdapter (C:\Users\nicol\OneDrive\Documentos\GitHub\metricas\cliente\node_modules\jest-circus\build\legacy-code-todo-rewrite\jestAdapter.js:79:19)
    at runTestInternal (C:\Users\nicol\OneDrive\Documentos\GitHub\metricas\cliente\node_modules\jest-runner\build\runTest.js:367:16)
    at runTest (C:\Users\nicol\OneDrive\Documentos\GitHub\metricas\cliente\node_modules\jest-runner\build\runTest.js:444:34)
    at Object.worker (C:\Users\nicol\OneDrive\Documentos\GitHub\metricas\cliente\node_modules\jest-runner\build\testWorker.js:106:12)</failure>
    </testcase>
    <testcase classname="ListaCancha Component sorts canchas by price" name="ListaCancha Component sorts canchas by price" time="0">
      <failure>ReferenceError: AuthProvider is not defined
    at AuthProvider (C:\Users\nicol\OneDrive\Documentos\GitHub\metricas\cliente\src\components\__tests__\ListaCancha.test.jsx:37:6)
    at Object.renderListaCancha (C:\Users\nicol\OneDrive\Documentos\GitHub\metricas\cliente\src\components\__tests__\ListaCancha.test.jsx:150:5)
    at Promise.then.completed (C:\Users\nicol\OneDrive\Documentos\GitHub\metricas\cliente\node_modules\jest-circus\build\utils.js:298:28)
    at new Promise (&lt;anonymous&gt;)
    at callAsyncCircusFn (C:\Users\nicol\OneDrive\Documentos\GitHub\metricas\cliente\node_modules\jest-circus\build\utils.js:231:10)
    at _callCircusTest (C:\Users\nicol\OneDrive\Documentos\GitHub\metricas\cliente\node_modules\jest-circus\build\run.js:316:40)
    at processTicksAndRejections (node:internal/process/task_queues:105:5)
    at _runTest (C:\Users\nicol\OneDrive\Documentos\GitHub\metricas\cliente\node_modules\jest-circus\build\run.js:252:3)
    at _runTestsForDescribeBlock (C:\Users\nicol\OneDrive\Documentos\GitHub\metricas\cliente\node_modules\jest-circus\build\run.js:126:9)
    at _runTestsForDescribeBlock (C:\Users\nicol\OneDrive\Documentos\GitHub\metricas\cliente\node_modules\jest-circus\build\run.js:121:9)
    at run (C:\Users\nicol\OneDrive\Documentos\GitHub\metricas\cliente\node_modules\jest-circus\build\run.js:71:3)
    at runAndTransformResultsToJestFormat (C:\Users\nicol\OneDrive\Documentos\GitHub\metricas\cliente\node_modules\jest-circus\build\legacy-code-todo-rewrite\jestAdapterInit.js:122:21)
    at jestAdapter (C:\Users\nicol\OneDrive\Documentos\GitHub\metricas\cliente\node_modules\jest-circus\build\legacy-code-todo-rewrite\jestAdapter.js:79:19)
    at runTestInternal (C:\Users\nicol\OneDrive\Documentos\GitHub\metricas\cliente\node_modules\jest-runner\build\runTest.js:367:16)
    at runTest (C:\Users\nicol\OneDrive\Documentos\GitHub\metricas\cliente\node_modules\jest-runner\build\runTest.js:444:34)
    at Object.worker (C:\Users\nicol\OneDrive\Documentos\GitHub\metricas\cliente\node_modules\jest-runner\build\testWorker.js:106:12)</failure>
    </testcase>
  </testsuite>
  <testsuite name="Register Component" errors="0" failures="6" skipped="0" timestamp="2025-03-30T15:09:49" time="4.028" tests="6">
    <testcase classname="Register Component renders registration form" name="Register Component renders registration form" time="0.268">
      <failure>TestingLibraryElementError: Unable to find a label with the text of: /email/i

Ignored nodes: comments, script, style
&lt;body&gt;
  &lt;div&gt;
    &lt;main
      class=&quot;MuiContainer-root MuiContainer-maxWidthXs css-nzinn5-MuiContainer-root&quot;
    &gt;
      &lt;div
        class=&quot;MuiBox-root css-binzgt&quot;
      &gt;
        &lt;div
          class=&quot;MuiPaper-root MuiPaper-elevation MuiPaper-rounded MuiPaper-elevation3 css-wv0jko-MuiPaper-root&quot;
        &gt;
          &lt;h1
            class=&quot;MuiTypography-root MuiTypography-h5 css-ag7rrr-MuiTypography-root&quot;
          &gt;
            Crear Cuenta
          &lt;/h1&gt;
          &lt;form
            class=&quot;MuiBox-root css-164r41r&quot;
          &gt;
            &lt;div
              class=&quot;MuiFormControl-root MuiFormControl-marginNormal MuiFormControl-fullWidth MuiTextField-root css-17vbkzs-MuiFormControl-root-MuiTextField-root&quot;
            &gt;
              &lt;label
                class=&quot;MuiFormLabel-root MuiInputLabel-root MuiInputLabel-formControl MuiInputLabel-animated MuiInputLabel-shrink MuiInputLabel-sizeMedium MuiInputLabel-outlined MuiFormLabel-colorPrimary Mui-focused Mui-required MuiInputLabel-root MuiInputLabel-formControl MuiInputLabel-animated MuiInputLabel-shrink MuiInputLabel-sizeMedium MuiInputLabel-outlined css-1jy569b-MuiFormLabel-root-MuiInputLabel-root&quot;
                data-shrink=&quot;true&quot;
                for=&quot;user_name&quot;
                id=&quot;user_name-label&quot;
              &gt;
                Nombre de Usuario
                &lt;span
                  aria-hidden=&quot;true&quot;
                  class=&quot;MuiFormLabel-asterisk MuiInputLabel-asterisk css-wgai2y-MuiFormLabel-asterisk&quot;
                &gt;
                   
                  *
                &lt;/span&gt;
              &lt;/label&gt;
              &lt;div
                class=&quot;MuiInputBase-root MuiOutlinedInput-root MuiInputBase-colorPrimary MuiInputBase-fullWidth Mui-focused MuiInputBase-formControl css-md26zr-MuiInputBase-root-MuiOutlinedInput-root&quot;
              &gt;
                &lt;input
                  aria-describedby=&quot;user_name-helper-text&quot;
                  aria-invalid=&quot;false&quot;
                  autocomplete=&quot;username&quot;
                  class=&quot;MuiInputBase-input MuiOutlinedInput-input css-1t8l2tu-MuiInputBase-input-MuiOutlinedInput-input&quot;
                  id=&quot;user_name&quot;
                  name=&quot;user_name&quot;
                  required=&quot;&quot;
                  type=&quot;text&quot;
                  value=&quot;&quot;
                /&gt;
                &lt;fieldset
                  aria-hidden=&quot;true&quot;
                  class=&quot;MuiOutlinedInput-notchedOutline css-1d3z3hw-MuiOutlinedInput-notchedOutline&quot;
                &gt;
                  &lt;legend
                    class=&quot;css-14lo706&quot;
                  &gt;
                    &lt;span&gt;
                      Nombre de Usuario
                       
                      *
                    &lt;/span&gt;
                  &lt;/legend&gt;
                &lt;/fieldset&gt;
              &lt;/div&gt;
              &lt;p
                class=&quot;MuiFormHelperText-root MuiFormHelperText-sizeMedium MuiFormHelperText-contained Mui-focused Mui-required css-1wc848c-MuiFormHelperText-root&quot;
                id=&quot;user_name-helper-text&quot;
              &gt;
                Use letras, números y guiones bajos (4-20 caracteres)
              &lt;/p&gt;
            &lt;/div&gt;
            &lt;div
              class=&quot;MuiFormControl-root MuiFormControl-marginNormal MuiFormControl-fullWidth MuiTextField-root css-17vbkzs-MuiFormControl-root-MuiTextField-root&quot;
            &gt;
              &lt;label
                class=&quot;MuiFormLabel-root MuiInputLabel-root MuiInputLabel-formControl MuiInputLabel-animated MuiInputLabel-sizeMedium MuiInputLabel-outlined MuiFormLabel-colorPrimary Mui-required MuiInputLabel-root MuiInputLabel-formControl MuiInputLabel-animated MuiInputLabel-sizeMedium MuiInputLabel-outlined css-14s5rfu-MuiFormLabel-root-MuiInputLabel-root&quot;
                data-shrink=&quot;false&quot;
                for=&quot;user_email&quot;
                id=&quot;user_email-label&quot;
              &gt;
                Correo Electrónico
                &lt;span
                  aria-hidden=&quot;true&quot;
                  class=&quot;MuiFormLabel-asterisk MuiInputLabel-asterisk css-wgai2y-MuiFormLabel-asterisk&quot;
                &gt;
                   
                  *
                &lt;/span&gt;
              &lt;/label&gt;
              &lt;div
                class=&quot;MuiInputBase-root MuiOutlinedInput-root MuiInputBase-colorPrimary MuiInputBase-fullWidth MuiInputBase-formControl css-md26zr-MuiInputBase-root-MuiOutlinedInput-root&quot;
              &gt;
                &lt;input
                  aria-describedby=&quot;user_email-helper-text&quot;
                  aria-invalid=&quot;false&quot;
                  autocomplete=&quot;email&quot;
                  class=&quot;MuiInputBase-input MuiOutlinedInput-input css-1t8l2tu-MuiInputBase-input-MuiOutlinedInput-input&quot;
                  id=&quot;user_email&quot;
                  name=&quot;user_email&quot;
                  required=&quot;&quot;
                  type=&quot;email&quot;
                  value=&quot;&quot;
                /&gt;
                &lt;fieldset
                  aria-hidden=&quot;true&quot;
                  class=&quot;MuiOutlinedInput-notchedOutline css-1d3z3hw-MuiOutlinedInput-notchedOutline&quot;
                &gt;
                  &lt;legend
                    class=&quot;css-yjsfm1&quot;
                  &gt;
                    &lt;span&gt;
                      Correo Electrónico
                       
                      *
                    &lt;/span&gt;
                  &lt;/legend&gt;
                &lt;/fieldset&gt;
              &lt;/div&gt;
              &lt;p
                class=&quot;MuiFormHelperText-root MuiFormHelperText-sizeMedium MuiFormHelperText-contained Mui-required css-1wc848c-MuiFormHelperText-root&quot;
                id=&quot;user_email-helper-text&quot;
              &gt;
                Ingrese un email válido
              &lt;/p&gt;
            &lt;/div&gt;
            &lt;div
              class=&quot;MuiFormControl-root MuiFormControl-marginNormal MuiFormControl-fullWidth MuiTextField-root css-17vbkzs-MuiFormControl-root-MuiTextField-root&quot;
            &gt;
              &lt;label
                class=&quot;MuiFormLabel-root MuiInputLabel-root MuiInputLabel-formControl MuiInputLabel-animated MuiInputLabel-sizeMedium MuiInputLabel-outlined MuiFormLabel-colorPrimary Mui-required MuiInputLabel-root MuiInputLabel-formControl MuiInputLabel-animated MuiInputLabel-sizeMedium MuiInputLabel-outlined css-14s5rfu-MuiFormLabel-root-MuiInputLabel-root&quot;
                data-shrink=&quot;false&quot;
                for=&quot;user_password&quot;
                id=&quot;user_password-label&quot;
              &gt;
                Contraseña
                &lt;span
                  aria-hidden=&quot;true&quot;
                  class=&quot;MuiFormLabel-asterisk MuiInputLabel-asterisk css-wgai2y-MuiFormLabel-asterisk&quot;
                &gt;
                   
                  *
                &lt;/span&gt;
              &lt;/label&gt;
              &lt;div
                class=&quot;MuiInputBase-root MuiOutlinedInput-root MuiInputBase-colorPrimary MuiInputBase-fullWidth MuiInputBase-formControl css-md26zr-MuiInputBase-root-MuiOutlinedInput-root&quot;
              &gt;
                &lt;input
                  aria-describedby=&quot;user_password-helper-text&quot;
                  aria-invalid=&quot;false&quot;
                  autocomplete=&quot;new-password&quot;
                  class=&quot;MuiInputBase-input MuiOutlinedInput-input css-1t8l2tu-MuiInputBase-input-MuiOutlinedInput-input&quot;
                  id=&quot;user_password&quot;
                  name=&quot;user_password&quot;
                  required=&quot;&quot;
                  type=&quot;password&quot;
                  value=&quot;&quot;
                /&gt;
                &lt;fieldset
                  aria-hidden=&quot;true&quot;
                  class=&quot;MuiOutlinedInput-notchedOutline css-1d3z3hw-MuiOutlinedInput-notchedOutline&quot;
                &gt;
                  &lt;legend
                    class=&quot;css-yjsfm1&quot;
                  &gt;
                    &lt;span&gt;
                      Contraseña
                       
                      *
                    &lt;/span&gt;
                  &lt;/legend&gt;
                &lt;/fieldset&gt;
              &lt;/div&gt;
              &lt;p
                class=&quot;MuiFormHelperText-root MuiFormHelperText-sizeMedium MuiFormHelperText-contained Mui-required css-1wc848c-MuiFormHelperText-root&quot;
                id=&quot;user_password-helper-text&quot;
              &gt;
                Mínimo 8 caracteres, una mayúscula, una minúscula y un número
              &lt;/p&gt;
            &lt;/div&gt;
            &lt;button
              class=&quot;MuiButtonBase-root MuiButton-root MuiButton-contained MuiButton-containedPrimary MuiButton-sizeMedium MuiButton-containedSizeMedium MuiButton-colorPrimary MuiButton-fullWidth MuiButton-root MuiButton-contained MuiButton-containedPrimary MuiButton-sizeMedium MuiButton-containedSizeMedium MuiButton-colorPrimary MuiButton-fullWidth css-1vhaqj4-MuiButtonBase-root-MuiButton-root&quot;
              tabindex=&quot;0&quot;
              type=&quot;submit&quot;
            &gt;
              Registrarse
              &lt;span
                class=&quot;MuiTouchRipple-root css-8je8zh-MuiTouchRipple-root&quot;
              /&gt;
            &lt;/button&gt;
            &lt;div
              class=&quot;MuiBox-root css-xi606m&quot;
            &gt;
              &lt;button
                class=&quot;MuiTypography-root MuiTypography-body2 MuiLink-root MuiLink-underlineAlways MuiLink-button css-z246bh-MuiTypography-root-MuiLink-root&quot;
              &gt;
                ¿Ya tienes una cuenta? Inicia sesión
              &lt;/button&gt;
            &lt;/div&gt;
          &lt;/form&gt;
        &lt;/div&gt;
      &lt;/div&gt;
    &lt;/main&gt;
  &lt;/div&gt;
&lt;/body&gt;
    at Object.getElementError (C:\Users\nicol\OneDrive\Documentos\GitHub\metricas\cliente\node_modules\@testing-library\dom\dist\config.js:37:19)
    at getAllByLabelText (C:\Users\nicol\OneDrive\Documentos\GitHub\metricas\cliente\node_modules\@testing-library\dom\dist\queries\label-text.js:103:38)
    at C:\Users\nicol\OneDrive\Documentos\GitHub\metricas\cliente\node_modules\@testing-library\dom\dist\query-helpers.js:52:17
    at C:\Users\nicol\OneDrive\Documentos\GitHub\metricas\cliente\node_modules\@testing-library\dom\dist\query-helpers.js:95:19
    at Object.getByLabelText (C:\Users\nicol\OneDrive\Documentos\GitHub\metricas\cliente\src\components\__tests__\Register.test.jsx:31:19)
    at Promise.then.completed (C:\Users\nicol\OneDrive\Documentos\GitHub\metricas\cliente\node_modules\jest-circus\build\utils.js:298:28)
    at new Promise (&lt;anonymous&gt;)
    at callAsyncCircusFn (C:\Users\nicol\OneDrive\Documentos\GitHub\metricas\cliente\node_modules\jest-circus\build\utils.js:231:10)
    at _callCircusTest (C:\Users\nicol\OneDrive\Documentos\GitHub\metricas\cliente\node_modules\jest-circus\build\run.js:316:40)
    at processTicksAndRejections (node:internal/process/task_queues:105:5)
    at _runTest (C:\Users\nicol\OneDrive\Documentos\GitHub\metricas\cliente\node_modules\jest-circus\build\run.js:252:3)
    at _runTestsForDescribeBlock (C:\Users\nicol\OneDrive\Documentos\GitHub\metricas\cliente\node_modules\jest-circus\build\run.js:126:9)
    at _runTestsForDescribeBlock (C:\Users\nicol\OneDrive\Documentos\GitHub\metricas\cliente\node_modules\jest-circus\build\run.js:121:9)
    at run (C:\Users\nicol\OneDrive\Documentos\GitHub\metricas\cliente\node_modules\jest-circus\build\run.js:71:3)
    at runAndTransformResultsToJestFormat (C:\Users\nicol\OneDrive\Documentos\GitHub\metricas\cliente\node_modules\jest-circus\build\legacy-code-todo-rewrite\jestAdapterInit.js:122:21)
    at jestAdapter (C:\Users\nicol\OneDrive\Documentos\GitHub\metricas\cliente\node_modules\jest-circus\build\legacy-code-todo-rewrite\jestAdapter.js:79:19)
    at runTestInternal (C:\Users\nicol\OneDrive\Documentos\GitHub\metricas\cliente\node_modules\jest-runner\build\runTest.js:367:16)
    at runTest (C:\Users\nicol\OneDrive\Documentos\GitHub\metricas\cliente\node_modules\jest-runner\build\runTest.js:444:34)
    at Object.worker (C:\Users\nicol\OneDrive\Documentos\GitHub\metricas\cliente\node_modules\jest-runner\build\testWorker.js:106:12)</failure>
    </testcase>
    <testcase classname="Register Component validates required fields" name="Register Component validates required fields" time="1.433">
      <failure>Error: Unable to find an element with the text: /el nombre es requerido/i. This could be because the text is broken up by multiple elements. In this case, you can provide a function for your text matcher to make your matcher more flexible.

Ignored nodes: comments, script, style
&lt;body&gt;
  &lt;div&gt;
    &lt;main
      class=&quot;MuiContainer-root MuiContainer-maxWidthXs css-nzinn5-MuiContainer-root&quot;
    &gt;
      &lt;div
        class=&quot;MuiBox-root css-binzgt&quot;
      &gt;
        &lt;div
          class=&quot;MuiPaper-root MuiPaper-elevation MuiPaper-rounded MuiPaper-elevation3 css-wv0jko-MuiPaper-root&quot;
        &gt;
          &lt;h1
            class=&quot;MuiTypography-root MuiTypography-h5 css-ag7rrr-MuiTypography-root&quot;
          &gt;
            Crear Cuenta
          &lt;/h1&gt;
          &lt;form
            class=&quot;MuiBox-root css-164r41r&quot;
          &gt;
            &lt;div
              class=&quot;MuiFormControl-root MuiFormControl-marginNormal MuiFormControl-fullWidth MuiTextField-root css-17vbkzs-MuiFormControl-root-MuiTextField-root&quot;
            &gt;
              &lt;label
                class=&quot;MuiFormLabel-root MuiInputLabel-root MuiInputLabel-formControl MuiInputLabel-animated MuiInputLabel-shrink MuiInputLabel-sizeMedium MuiInputLabel-outlined MuiFormLabel-colorPrimary Mui-focused Mui-required MuiInputLabel-root MuiInputLabel-formControl MuiInputLabel-animated MuiInputLabel-shrink MuiInputLabel-sizeMedium MuiInputLabel-outlined css-1jy569b-MuiFormLabel-root-MuiInputLabel-root&quot;
                data-shrink=&quot;true&quot;
                for=&quot;user_name&quot;
                id=&quot;user_name-label&quot;
              &gt;
                Nombre de Usuario
                &lt;span
                  aria-hidden=&quot;true&quot;
                  class=&quot;MuiFormLabel-asterisk MuiInputLabel-asterisk css-wgai2y-MuiFormLabel-asterisk&quot;
                &gt;
                   
                  *
                &lt;/span&gt;
              &lt;/label&gt;
              &lt;div
                class=&quot;MuiInputBase-root MuiOutlinedInput-root MuiInputBase-colorPrimary MuiInputBase-fullWidth Mui-focused MuiInputBase-formControl css-md26zr-MuiInputBase-root-MuiOutlinedInput-root&quot;
              &gt;
                &lt;input
                  aria-describedby=&quot;user_name-helper-text&quot;
                  aria-invalid=&quot;false&quot;
                  autocomplete=&quot;username&quot;
                  class=&quot;MuiInputBase-input MuiOutlinedInput-input css-1t8l2tu-MuiInputBase-input-MuiOutlinedInput-input&quot;
                  id=&quot;user_name&quot;
                  name=&quot;user_name&quot;
                  required=&quot;&quot;
                  type=&quot;text&quot;
                  value=&quot;&quot;
                /&gt;
                &lt;fieldset
                  aria-hidden=&quot;true&quot;
                  class=&quot;MuiOutlinedInput-notchedOutline css-1d3z3hw-MuiOutlinedInput-notchedOutline&quot;
                &gt;
                  &lt;legend
                    class=&quot;css-14lo706&quot;
                  &gt;
                    &lt;span&gt;
                      Nombre de Usuario
                       
                      *
                    &lt;/span&gt;
                  &lt;/legend&gt;
                &lt;/fieldset&gt;
              &lt;/div&gt;
              &lt;p
                class=&quot;MuiFormHelperText-root MuiFormHelperText-sizeMedium MuiFormHelperText-contained Mui-focused Mui-required css-1wc848c-MuiFormHelperText-root&quot;
                id=&quot;user_name-helper-text&quot;
              &gt;
                Use letras, números y guiones bajos (4-20 caracteres)
              &lt;/p&gt;
            &lt;/div&gt;
            &lt;div
              class=&quot;MuiFormControl-root MuiFormControl-marginNormal MuiFormControl-fullWidth MuiTextField-root css-17vbkzs-MuiFormControl-root-MuiTextField-root&quot;
            &gt;
              &lt;label
                class=&quot;MuiFormLabel-root MuiInputLabel-root MuiInputLabel-formControl MuiInputLabel-animated MuiInputLabel-sizeMedium MuiInputLabel-outlined MuiFormLabel-colorPrimary Mui-required MuiInputLabel-root MuiInputLabel-formControl MuiInputLabel-animated MuiInputLabel-sizeMedium MuiInputLabel-outlined css-14s5rfu-MuiFormLabel-root-MuiInputLabel-root&quot;
                data-shrink=&quot;false&quot;
                for=&quot;user_email&quot;
                id=&quot;user_email-label&quot;
              &gt;
                Correo Electrónico
                &lt;span
                  aria-hidden=&quot;true&quot;
                  class=&quot;MuiFormLabel-asterisk MuiInputLabel-asterisk css-wgai2y-MuiFormLabel-asterisk&quot;
                &gt;
                   
                  *
                &lt;/span&gt;
              &lt;/label&gt;
              &lt;div
                class=&quot;MuiInputBase-root MuiOutlinedInput-root MuiInputBase-colorPrimary MuiInputBase-fullWidth MuiInputBase-formControl css-md26zr-MuiInputBase-root-MuiOutlinedInput-root&quot;
              &gt;
                &lt;input
                  aria-describedby=&quot;user_email-helper-text&quot;
                  aria-invalid=&quot;false&quot;
                  autocomplete=&quot;email&quot;
                  class=&quot;MuiInputBase-input MuiOutlinedInput-input css-1t8l2tu-MuiInputBase-input-MuiOutlinedInput-input&quot;
                  id=&quot;user_email&quot;
                  name=&quot;user_email&quot;
                  required=&quot;&quot;
                  type=&quot;email&quot;
                  value=&quot;&quot;
                /&gt;
                &lt;fieldset
                  aria-hidden=&quot;true&quot;
                  class=&quot;MuiOutlinedInput-notchedOutline css-1d3z3hw-MuiOutlinedInput-notchedOutline&quot;
                &gt;
                  &lt;legend
                    class=&quot;css-yjsfm1&quot;
                  &gt;
                    &lt;span&gt;
                      Correo Electrónico
                       
                      *
                    &lt;/span&gt;
                  &lt;/legend&gt;
                &lt;/fieldset&gt;
              &lt;/div&gt;
              &lt;p
                class=&quot;MuiFormHelperText-root MuiFormHelperText-sizeMedium MuiFormHelperText-contained Mui-required css-1wc848c-MuiFormHelperText-root&quot;
                id=&quot;user_email-helper-text&quot;
              &gt;
                Ingrese un email válido
              &lt;/p&gt;
            &lt;/div&gt;
            &lt;div
              class=&quot;MuiFormControl-root MuiFormControl-marginNormal MuiFormControl-fullWidth MuiTextField-root css-17vbkzs-MuiFormControl-root-MuiTextField-root&quot;
            &gt;
              &lt;label
                class=&quot;MuiFormLabel-root MuiInputLabel-root MuiInputLabel-formControl MuiInputLabel-animated MuiInputLabel-sizeMedium MuiInputLabel-outlined MuiFormLabel-colorPrimary Mui-required MuiInputLabel-root MuiInputLabel-formControl MuiInputLabel-animated MuiInputLabel-sizeMedium MuiInputLabel-outlined css-14s5rfu-MuiFormLabel-root-MuiInputLabel-root&quot;
                data-shrink=&quot;false&quot;
                for=&quot;user_password&quot;
                id=&quot;user_password-label&quot;
              &gt;
                Contraseña
                &lt;span
                  aria-hidden=&quot;true&quot;
                  class=&quot;MuiFormLabel-asterisk MuiInputLabel-asterisk css-wgai2y-MuiFormLabel-asterisk&quot;
                &gt;
                   
                  *
                &lt;/span&gt;
              &lt;/label&gt;
              &lt;div
                class=&quot;MuiInputBase-root MuiOutlinedInput-root MuiInputBase-colorPrimary MuiInputBase-fullWidth MuiInputBase-formControl css-md26zr-MuiInputBase-root-MuiOutlinedInput-root&quot;
              &gt;
                &lt;input
                  aria-describedby=&quot;user_password-helper-text&quot;
                  aria-invalid=&quot;false&quot;
                  autocomplete=&quot;new-password&quot;
                  class=&quot;MuiInputBase-input MuiOutlinedInput-input css-1t8l2tu-MuiInputBase-input-MuiOutlinedInput-input&quot;
                  id=&quot;user_password&quot;
                  name=&quot;user_password&quot;
                  required=&quot;&quot;
                  type=&quot;password&quot;
                  value=&quot;&quot;
                /&gt;
                &lt;fieldset
                  aria-hidden=&quot;true&quot;
                  class=&quot;MuiOutlinedInput-notchedOutline css-1d3z3hw-MuiOutlinedInput-notchedOutline&quot;
                &gt;
                  &lt;legend
                    class=&quot;css-yjsfm1&quot;
                  &gt;
                    &lt;span&gt;
                      Contraseña
                       
                      *
                    &lt;/span&gt;
                  &lt;/legend&gt;
                &lt;/fieldset&gt;
              &lt;/div&gt;
              &lt;p
                class=&quot;MuiFormHelperText-root MuiFormHelperText-sizeMedium MuiFormHelperText-contained Mui-required css-1wc848c-MuiFormHelperText-root&quot;
                id=&quot;user_password-helper-text&quot;
              &gt;
                Mínimo 8 caracteres, una mayúscula, una minúscula y un número
              &lt;/p&gt;
            &lt;/div&gt;
            &lt;button
              class=&quot;MuiButtonBase-root MuiButton-root MuiButton-contained MuiButton-containedPrimary MuiButton-sizeMedium MuiButton-containedSizeMedium MuiButton-colorPrimary MuiButton-fullWidth MuiButton-root MuiButton-contained MuiButton-containedPrimary MuiButton-sizeMedium MuiButton-containedSizeMedium MuiButton-colorPrimary MuiButton-fullWidth css-1vhaqj4-MuiButtonBase-root-MuiButton-root&quot;
              tabindex=&quot;0&quot;
              type=&quot;submit&quot;
            &gt;
              Registrarse
              &lt;span
                class=&quot;MuiTouchRipple-root css-8je8zh-MuiTouchRipple-root&quot;
              /&gt;
            &lt;/button&gt;
            &lt;div
              class=&quot;MuiBox-root css-xi606m&quot;
            &gt;
              &lt;button
                class=&quot;MuiTypography-root MuiTypography-body2 MuiLink-root MuiLink-underlineAlways MuiLink-button css-z246bh-MuiTypography-root-MuiLink-root&quot;
              &gt;
                ¿Ya tienes una cuenta? Inicia sesión
              &lt;/button&gt;
            &lt;/div&gt;
          &lt;/form&gt;
        &lt;/div&gt;
      &lt;/div&gt;
    &lt;/main&gt;
  &lt;/div&gt;
&lt;/body&gt;
    at waitForWrapper (C:\Users\nicol\OneDrive\Documentos\GitHub\metricas\cliente\node_modules\@testing-library\dom\dist\wait-for.js:166:27)
    at _callee$ (C:\Users\nicol\OneDrive\Documentos\GitHub\metricas\cliente\src\components\__tests__\Register.test.jsx:43:18)
    at call (C:\Users\nicol\OneDrive\Documentos\GitHub\metricas\cliente\src\components\__tests__\Register.test.jsx:2:1)
    at Generator.tryCatch (C:\Users\nicol\OneDrive\Documentos\GitHub\metricas\cliente\src\components\__tests__\Register.test.jsx:2:1)
    at Generator._invoke [as next] (C:\Users\nicol\OneDrive\Documentos\GitHub\metricas\cliente\src\components\__tests__\Register.test.jsx:2:1)
    at asyncGeneratorStep (C:\Users\nicol\OneDrive\Documentos\GitHub\metricas\cliente\src\components\__tests__\Register.test.jsx:2:1)
    at asyncGeneratorStep (C:\Users\nicol\OneDrive\Documentos\GitHub\metricas\cliente\src\components\__tests__\Register.test.jsx:2:1)
    at _next (C:\Users\nicol\OneDrive\Documentos\GitHub\metricas\cliente\src\components\__tests__\Register.test.jsx:2:1)
    at new Promise (&lt;anonymous&gt;)
    at Object.&lt;anonymous&gt; (C:\Users\nicol\OneDrive\Documentos\GitHub\metricas\cliente\src\components\__tests__\Register.test.jsx:2:1)
    at Promise.then.completed (C:\Users\nicol\OneDrive\Documentos\GitHub\metricas\cliente\node_modules\jest-circus\build\utils.js:298:28)
    at new Promise (&lt;anonymous&gt;)
    at callAsyncCircusFn (C:\Users\nicol\OneDrive\Documentos\GitHub\metricas\cliente\node_modules\jest-circus\build\utils.js:231:10)
    at _callCircusTest (C:\Users\nicol\OneDrive\Documentos\GitHub\metricas\cliente\node_modules\jest-circus\build\run.js:316:40)
    at processTicksAndRejections (node:internal/process/task_queues:105:5)
    at _runTest (C:\Users\nicol\OneDrive\Documentos\GitHub\metricas\cliente\node_modules\jest-circus\build\run.js:252:3)
    at _runTestsForDescribeBlock (C:\Users\nicol\OneDrive\Documentos\GitHub\metricas\cliente\node_modules\jest-circus\build\run.js:126:9)
    at _runTestsForDescribeBlock (C:\Users\nicol\OneDrive\Documentos\GitHub\metricas\cliente\node_modules\jest-circus\build\run.js:121:9)
    at run (C:\Users\nicol\OneDrive\Documentos\GitHub\metricas\cliente\node_modules\jest-circus\build\run.js:71:3)
    at runAndTransformResultsToJestFormat (C:\Users\nicol\OneDrive\Documentos\GitHub\metricas\cliente\node_modules\jest-circus\build\legacy-code-todo-rewrite\jestAdapterInit.js:122:21)
    at jestAdapter (C:\Users\nicol\OneDrive\Documentos\GitHub\metricas\cliente\node_modules\jest-circus\build\legacy-code-todo-rewrite\jestAdapter.js:79:19)
    at runTestInternal (C:\Users\nicol\OneDrive\Documentos\GitHub\metricas\cliente\node_modules\jest-runner\build\runTest.js:367:16)
    at runTest (C:\Users\nicol\OneDrive\Documentos\GitHub\metricas\cliente\node_modules\jest-runner\build\runTest.js:444:34)
    at Object.worker (C:\Users\nicol\OneDrive\Documentos\GitHub\metricas\cliente\node_modules\jest-runner\build\testWorker.js:106:12)</failure>
    </testcase>
    <testcase classname="Register Component validates password match" name="Register Component validates password match" time="0.16">
      <failure>TestingLibraryElementError: Unable to find a label with the text of: /confirmar contraseña/i

Ignored nodes: comments, script, style
&lt;body&gt;
  &lt;div&gt;
    &lt;main
      class=&quot;MuiContainer-root MuiContainer-maxWidthXs css-nzinn5-MuiContainer-root&quot;
    &gt;
      &lt;div
        class=&quot;MuiBox-root css-binzgt&quot;
      &gt;
        &lt;div
          class=&quot;MuiPaper-root MuiPaper-elevation MuiPaper-rounded MuiPaper-elevation3 css-wv0jko-MuiPaper-root&quot;
        &gt;
          &lt;h1
            class=&quot;MuiTypography-root MuiTypography-h5 css-ag7rrr-MuiTypography-root&quot;
          &gt;
            Crear Cuenta
          &lt;/h1&gt;
          &lt;form
            class=&quot;MuiBox-root css-164r41r&quot;
          &gt;
            &lt;div
              class=&quot;MuiFormControl-root MuiFormControl-marginNormal MuiFormControl-fullWidth MuiTextField-root css-17vbkzs-MuiFormControl-root-MuiTextField-root&quot;
            &gt;
              &lt;label
                class=&quot;MuiFormLabel-root MuiInputLabel-root MuiInputLabel-formControl MuiInputLabel-animated MuiInputLabel-shrink MuiInputLabel-sizeMedium MuiInputLabel-outlined MuiFormLabel-colorPrimary Mui-focused Mui-required MuiInputLabel-root MuiInputLabel-formControl MuiInputLabel-animated MuiInputLabel-shrink MuiInputLabel-sizeMedium MuiInputLabel-outlined css-1jy569b-MuiFormLabel-root-MuiInputLabel-root&quot;
                data-shrink=&quot;true&quot;
                for=&quot;user_name&quot;
                id=&quot;user_name-label&quot;
              &gt;
                Nombre de Usuario
                &lt;span
                  aria-hidden=&quot;true&quot;
                  class=&quot;MuiFormLabel-asterisk MuiInputLabel-asterisk css-wgai2y-MuiFormLabel-asterisk&quot;
                &gt;
                   
                  *
                &lt;/span&gt;
              &lt;/label&gt;
              &lt;div
                class=&quot;MuiInputBase-root MuiOutlinedInput-root MuiInputBase-colorPrimary MuiInputBase-fullWidth Mui-focused MuiInputBase-formControl css-md26zr-MuiInputBase-root-MuiOutlinedInput-root&quot;
              &gt;
                &lt;input
                  aria-describedby=&quot;user_name-helper-text&quot;
                  aria-invalid=&quot;false&quot;
                  autocomplete=&quot;username&quot;
                  class=&quot;MuiInputBase-input MuiOutlinedInput-input css-1t8l2tu-MuiInputBase-input-MuiOutlinedInput-input&quot;
                  id=&quot;user_name&quot;
                  name=&quot;user_name&quot;
                  required=&quot;&quot;
                  type=&quot;text&quot;
                  value=&quot;&quot;
                /&gt;
                &lt;fieldset
                  aria-hidden=&quot;true&quot;
                  class=&quot;MuiOutlinedInput-notchedOutline css-1d3z3hw-MuiOutlinedInput-notchedOutline&quot;
                &gt;
                  &lt;legend
                    class=&quot;css-14lo706&quot;
                  &gt;
                    &lt;span&gt;
                      Nombre de Usuario
                       
                      *
                    &lt;/span&gt;
                  &lt;/legend&gt;
                &lt;/fieldset&gt;
              &lt;/div&gt;
              &lt;p
                class=&quot;MuiFormHelperText-root MuiFormHelperText-sizeMedium MuiFormHelperText-contained Mui-focused Mui-required css-1wc848c-MuiFormHelperText-root&quot;
                id=&quot;user_name-helper-text&quot;
              &gt;
                Use letras, números y guiones bajos (4-20 caracteres)
              &lt;/p&gt;
            &lt;/div&gt;
            &lt;div
              class=&quot;MuiFormControl-root MuiFormControl-marginNormal MuiFormControl-fullWidth MuiTextField-root css-17vbkzs-MuiFormControl-root-MuiTextField-root&quot;
            &gt;
              &lt;label
                class=&quot;MuiFormLabel-root MuiInputLabel-root MuiInputLabel-formControl MuiInputLabel-animated MuiInputLabel-sizeMedium MuiInputLabel-outlined MuiFormLabel-colorPrimary Mui-required MuiInputLabel-root MuiInputLabel-formControl MuiInputLabel-animated MuiInputLabel-sizeMedium MuiInputLabel-outlined css-14s5rfu-MuiFormLabel-root-MuiInputLabel-root&quot;
                data-shrink=&quot;false&quot;
                for=&quot;user_email&quot;
                id=&quot;user_email-label&quot;
              &gt;
                Correo Electrónico
                &lt;span
                  aria-hidden=&quot;true&quot;
                  class=&quot;MuiFormLabel-asterisk MuiInputLabel-asterisk css-wgai2y-MuiFormLabel-asterisk&quot;
                &gt;
                   
                  *
                &lt;/span&gt;
              &lt;/label&gt;
              &lt;div
                class=&quot;MuiInputBase-root MuiOutlinedInput-root MuiInputBase-colorPrimary MuiInputBase-fullWidth MuiInputBase-formControl css-md26zr-MuiInputBase-root-MuiOutlinedInput-root&quot;
              &gt;
                &lt;input
                  aria-describedby=&quot;user_email-helper-text&quot;
                  aria-invalid=&quot;false&quot;
                  autocomplete=&quot;email&quot;
                  class=&quot;MuiInputBase-input MuiOutlinedInput-input css-1t8l2tu-MuiInputBase-input-MuiOutlinedInput-input&quot;
                  id=&quot;user_email&quot;
                  name=&quot;user_email&quot;
                  required=&quot;&quot;
                  type=&quot;email&quot;
                  value=&quot;&quot;
                /&gt;
                &lt;fieldset
                  aria-hidden=&quot;true&quot;
                  class=&quot;MuiOutlinedInput-notchedOutline css-1d3z3hw-MuiOutlinedInput-notchedOutline&quot;
                &gt;
                  &lt;legend
                    class=&quot;css-yjsfm1&quot;
                  &gt;
                    &lt;span&gt;
                      Correo Electrónico
                       
                      *
                    &lt;/span&gt;
                  &lt;/legend&gt;
                &lt;/fieldset&gt;
              &lt;/div&gt;
              &lt;p
                class=&quot;MuiFormHelperText-root MuiFormHelperText-sizeMedium MuiFormHelperText-contained Mui-required css-1wc848c-MuiFormHelperText-root&quot;
                id=&quot;user_email-helper-text&quot;
              &gt;
                Ingrese un email válido
              &lt;/p&gt;
            &lt;/div&gt;
            &lt;div
              class=&quot;MuiFormControl-root MuiFormControl-marginNormal MuiFormControl-fullWidth MuiTextField-root css-17vbkzs-MuiFormControl-root-MuiTextField-root&quot;
            &gt;
              &lt;label
                class=&quot;MuiFormLabel-root MuiInputLabel-root MuiInputLabel-formControl MuiInputLabel-animated MuiInputLabel-shrink MuiInputLabel-sizeMedium MuiInputLabel-outlined MuiFormLabel-colorPrimary MuiFormLabel-filled Mui-required MuiInputLabel-root MuiInputLabel-formControl MuiInputLabel-animated MuiInputLabel-shrink MuiInputLabel-sizeMedium MuiInputLabel-outlined css-1jy569b-MuiFormLabel-root-MuiInputLabel-root&quot;
                data-shrink=&quot;true&quot;
                for=&quot;user_password&quot;
                id=&quot;user_password-label&quot;
              &gt;
                Contraseña
                &lt;span
                  aria-hidden=&quot;true&quot;
                  class=&quot;MuiFormLabel-asterisk MuiInputLabel-asterisk css-wgai2y-MuiFormLabel-asterisk&quot;
                &gt;
                   
                  *
                &lt;/span&gt;
              &lt;/label&gt;
              &lt;div
                class=&quot;MuiInputBase-root MuiOutlinedInput-root MuiInputBase-colorPrimary MuiInputBase-fullWidth MuiInputBase-formControl css-md26zr-MuiInputBase-root-MuiOutlinedInput-root&quot;
              &gt;
                &lt;input
                  aria-describedby=&quot;user_password-helper-text&quot;
                  aria-invalid=&quot;false&quot;
                  autocomplete=&quot;new-password&quot;
                  class=&quot;MuiInputBase-input MuiOutlinedInput-input css-1t8l2tu-MuiInputBase-input-MuiOutlinedInput-input&quot;
                  id=&quot;user_password&quot;
                  name=&quot;user_password&quot;
                  required=&quot;&quot;
                  type=&quot;password&quot;
                  value=&quot;password123&quot;
                /&gt;
                &lt;fieldset
                  aria-hidden=&quot;true&quot;
                  class=&quot;MuiOutlinedInput-notchedOutline css-1d3z3hw-MuiOutlinedInput-notchedOutline&quot;
                &gt;
                  &lt;legend
                    class=&quot;css-14lo706&quot;
                  &gt;
                    &lt;span&gt;
                      Contraseña
                       
                      *
                    &lt;/span&gt;
                  &lt;/legend&gt;
                &lt;/fieldset&gt;
              &lt;/div&gt;
              &lt;p
                class=&quot;MuiFormHelperText-root MuiFormHelperText-sizeMedium MuiFormHelperText-contained MuiFormHelperText-filled Mui-required css-1wc848c-MuiFormHelperText-root&quot;
                id=&quot;user_password-helper-text&quot;
              &gt;
                Mínimo 8 caracteres, una mayúscula, una minúscula y un número
              &lt;/p&gt;
            &lt;/div&gt;
            &lt;button
              class=&quot;MuiButtonBase-root MuiButton-root MuiButton-contained MuiButton-containedPrimary MuiButton-sizeMedium MuiButton-containedSizeMedium MuiButton-colorPrimary MuiButton-fullWidth MuiButton-root MuiButton-contained MuiButton-containedPrimary MuiButton-sizeMedium MuiButton-containedSizeMedium MuiButton-colorPrimary MuiButton-fullWidth css-1vhaqj4-MuiButtonBase-root-MuiButton-root&quot;
              tabindex=&quot;0&quot;
              type=&quot;submit&quot;
            &gt;
              Registrarse
              &lt;span
                class=&quot;MuiTouchRipple-root css-8je8zh-MuiTouchRipple-root&quot;
              /&gt;
            &lt;/button&gt;
            &lt;div
              class=&quot;MuiBox-root css-xi606m&quot;
            &gt;
              &lt;button
                class=&quot;MuiTypography-root MuiTypography-body2 MuiLink-root MuiLink-underlineAlways MuiLink-button css-z246bh-MuiTypography-root-MuiLink-root&quot;
              &gt;
                ¿Ya tienes una cuenta? Inicia sesión
              &lt;/button&gt;
            &lt;/div&gt;
          &lt;/form&gt;
        &lt;/div&gt;
      &lt;/div&gt;
    &lt;/main&gt;
  &lt;/div&gt;
&lt;/body&gt;
    at Object.getElementError (C:\Users\nicol\OneDrive\Documentos\GitHub\metricas\cliente\node_modules\@testing-library\dom\dist\config.js:37:19)
    at getAllByLabelText (C:\Users\nicol\OneDrive\Documentos\GitHub\metricas\cliente\node_modules\@testing-library\dom\dist\queries\label-text.js:103:38)
    at C:\Users\nicol\OneDrive\Documentos\GitHub\metricas\cliente\node_modules\@testing-library\dom\dist\query-helpers.js:52:17
    at C:\Users\nicol\OneDrive\Documentos\GitHub\metricas\cliente\node_modules\@testing-library\dom\dist\query-helpers.js:95:19
    at getByLabelText (C:\Users\nicol\OneDrive\Documentos\GitHub\metricas\cliente\src\components\__tests__\Register.test.jsx:56:29)
    at call (C:\Users\nicol\OneDrive\Documentos\GitHub\metricas\cliente\src\components\__tests__\Register.test.jsx:2:1)
    at Generator.tryCatch (C:\Users\nicol\OneDrive\Documentos\GitHub\metricas\cliente\src\components\__tests__\Register.test.jsx:2:1)
    at Generator._invoke [as next] (C:\Users\nicol\OneDrive\Documentos\GitHub\metricas\cliente\src\components\__tests__\Register.test.jsx:2:1)
    at asyncGeneratorStep (C:\Users\nicol\OneDrive\Documentos\GitHub\metricas\cliente\src\components\__tests__\Register.test.jsx:2:1)
    at asyncGeneratorStep (C:\Users\nicol\OneDrive\Documentos\GitHub\metricas\cliente\src\components\__tests__\Register.test.jsx:2:1)
    at _next (C:\Users\nicol\OneDrive\Documentos\GitHub\metricas\cliente\src\components\__tests__\Register.test.jsx:2:1)
    at new Promise (&lt;anonymous&gt;)
    at Object.&lt;anonymous&gt; (C:\Users\nicol\OneDrive\Documentos\GitHub\metricas\cliente\src\components\__tests__\Register.test.jsx:2:1)
    at Promise.then.completed (C:\Users\nicol\OneDrive\Documentos\GitHub\metricas\cliente\node_modules\jest-circus\build\utils.js:298:28)
    at new Promise (&lt;anonymous&gt;)
    at callAsyncCircusFn (C:\Users\nicol\OneDrive\Documentos\GitHub\metricas\cliente\node_modules\jest-circus\build\utils.js:231:10)
    at _callCircusTest (C:\Users\nicol\OneDrive\Documentos\GitHub\metricas\cliente\node_modules\jest-circus\build\run.js:316:40)
    at _runTest (C:\Users\nicol\OneDrive\Documentos\GitHub\metricas\cliente\node_modules\jest-circus\build\run.js:252:3)
    at _runTestsForDescribeBlock (C:\Users\nicol\OneDrive\Documentos\GitHub\metricas\cliente\node_modules\jest-circus\build\run.js:126:9)
    at _runTestsForDescribeBlock (C:\Users\nicol\OneDrive\Documentos\GitHub\metricas\cliente\node_modules\jest-circus\build\run.js:121:9)
    at run (C:\Users\nicol\OneDrive\Documentos\GitHub\metricas\cliente\node_modules\jest-circus\build\run.js:71:3)
    at runAndTransformResultsToJestFormat (C:\Users\nicol\OneDrive\Documentos\GitHub\metricas\cliente\node_modules\jest-circus\build\legacy-code-todo-rewrite\jestAdapterInit.js:122:21)
    at jestAdapter (C:\Users\nicol\OneDrive\Documentos\GitHub\metricas\cliente\node_modules\jest-circus\build\legacy-code-todo-rewrite\jestAdapter.js:79:19)
    at runTestInternal (C:\Users\nicol\OneDrive\Documentos\GitHub\metricas\cliente\node_modules\jest-runner\build\runTest.js:367:16)
    at runTest (C:\Users\nicol\OneDrive\Documentos\GitHub\metricas\cliente\node_modules\jest-runner\build\runTest.js:444:34)
    at Object.worker (C:\Users\nicol\OneDrive\Documentos\GitHub\metricas\cliente\node_modules\jest-runner\build\testWorker.js:106:12)</failure>
    </testcase>
    <testcase classname="Register Component validates email format" name="Register Component validates email format" time="0.113">
      <failure>TestingLibraryElementError: Unable to find a label with the text of: /email/i

Ignored nodes: comments, script, style
&lt;body&gt;
  &lt;div&gt;
    &lt;main
      class=&quot;MuiContainer-root MuiContainer-maxWidthXs css-nzinn5-MuiContainer-root&quot;
    &gt;
      &lt;div
        class=&quot;MuiBox-root css-binzgt&quot;
      &gt;
        &lt;div
          class=&quot;MuiPaper-root MuiPaper-elevation MuiPaper-rounded MuiPaper-elevation3 css-wv0jko-MuiPaper-root&quot;
        &gt;
          &lt;h1
            class=&quot;MuiTypography-root MuiTypography-h5 css-ag7rrr-MuiTypography-root&quot;
          &gt;
            Crear Cuenta
          &lt;/h1&gt;
          &lt;form
            class=&quot;MuiBox-root css-164r41r&quot;
          &gt;
            &lt;div
              class=&quot;MuiFormControl-root MuiFormControl-marginNormal MuiFormControl-fullWidth MuiTextField-root css-17vbkzs-MuiFormControl-root-MuiTextField-root&quot;
            &gt;
              &lt;label
                class=&quot;MuiFormLabel-root MuiInputLabel-root MuiInputLabel-formControl MuiInputLabel-animated MuiInputLabel-shrink MuiInputLabel-sizeMedium MuiInputLabel-outlined MuiFormLabel-colorPrimary Mui-focused Mui-required MuiInputLabel-root MuiInputLabel-formControl MuiInputLabel-animated MuiInputLabel-shrink MuiInputLabel-sizeMedium MuiInputLabel-outlined css-1jy569b-MuiFormLabel-root-MuiInputLabel-root&quot;
                data-shrink=&quot;true&quot;
                for=&quot;user_name&quot;
                id=&quot;user_name-label&quot;
              &gt;
                Nombre de Usuario
                &lt;span
                  aria-hidden=&quot;true&quot;
                  class=&quot;MuiFormLabel-asterisk MuiInputLabel-asterisk css-wgai2y-MuiFormLabel-asterisk&quot;
                &gt;
                   
                  *
                &lt;/span&gt;
              &lt;/label&gt;
              &lt;div
                class=&quot;MuiInputBase-root MuiOutlinedInput-root MuiInputBase-colorPrimary MuiInputBase-fullWidth Mui-focused MuiInputBase-formControl css-md26zr-MuiInputBase-root-MuiOutlinedInput-root&quot;
              &gt;
                &lt;input
                  aria-describedby=&quot;user_name-helper-text&quot;
                  aria-invalid=&quot;false&quot;
                  autocomplete=&quot;username&quot;
                  class=&quot;MuiInputBase-input MuiOutlinedInput-input css-1t8l2tu-MuiInputBase-input-MuiOutlinedInput-input&quot;
                  id=&quot;user_name&quot;
                  name=&quot;user_name&quot;
                  required=&quot;&quot;
                  type=&quot;text&quot;
                  value=&quot;&quot;
                /&gt;
                &lt;fieldset
                  aria-hidden=&quot;true&quot;
                  class=&quot;MuiOutlinedInput-notchedOutline css-1d3z3hw-MuiOutlinedInput-notchedOutline&quot;
                &gt;
                  &lt;legend
                    class=&quot;css-14lo706&quot;
                  &gt;
                    &lt;span&gt;
                      Nombre de Usuario
                       
                      *
                    &lt;/span&gt;
                  &lt;/legend&gt;
                &lt;/fieldset&gt;
              &lt;/div&gt;
              &lt;p
                class=&quot;MuiFormHelperText-root MuiFormHelperText-sizeMedium MuiFormHelperText-contained Mui-focused Mui-required css-1wc848c-MuiFormHelperText-root&quot;
                id=&quot;user_name-helper-text&quot;
              &gt;
                Use letras, números y guiones bajos (4-20 caracteres)
              &lt;/p&gt;
            &lt;/div&gt;
            &lt;div
              class=&quot;MuiFormControl-root MuiFormControl-marginNormal MuiFormControl-fullWidth MuiTextField-root css-17vbkzs-MuiFormControl-root-MuiTextField-root&quot;
            &gt;
              &lt;label
                class=&quot;MuiFormLabel-root MuiInputLabel-root MuiInputLabel-formControl MuiInputLabel-animated MuiInputLabel-sizeMedium MuiInputLabel-outlined MuiFormLabel-colorPrimary Mui-required MuiInputLabel-root MuiInputLabel-formControl MuiInputLabel-animated MuiInputLabel-sizeMedium MuiInputLabel-outlined css-14s5rfu-MuiFormLabel-root-MuiInputLabel-root&quot;
                data-shrink=&quot;false&quot;
                for=&quot;user_email&quot;
                id=&quot;user_email-label&quot;
              &gt;
                Correo Electrónico
                &lt;span
                  aria-hidden=&quot;true&quot;
                  class=&quot;MuiFormLabel-asterisk MuiInputLabel-asterisk css-wgai2y-MuiFormLabel-asterisk&quot;
                &gt;
                   
                  *
                &lt;/span&gt;
              &lt;/label&gt;
              &lt;div
                class=&quot;MuiInputBase-root MuiOutlinedInput-root MuiInputBase-colorPrimary MuiInputBase-fullWidth MuiInputBase-formControl css-md26zr-MuiInputBase-root-MuiOutlinedInput-root&quot;
              &gt;
                &lt;input
                  aria-describedby=&quot;user_email-helper-text&quot;
                  aria-invalid=&quot;false&quot;
                  autocomplete=&quot;email&quot;
                  class=&quot;MuiInputBase-input MuiOutlinedInput-input css-1t8l2tu-MuiInputBase-input-MuiOutlinedInput-input&quot;
                  id=&quot;user_email&quot;
                  name=&quot;user_email&quot;
                  required=&quot;&quot;
                  type=&quot;email&quot;
                  value=&quot;&quot;
                /&gt;
                &lt;fieldset
                  aria-hidden=&quot;true&quot;
                  class=&quot;MuiOutlinedInput-notchedOutline css-1d3z3hw-MuiOutlinedInput-notchedOutline&quot;
                &gt;
                  &lt;legend
                    class=&quot;css-yjsfm1&quot;
                  &gt;
                    &lt;span&gt;
                      Correo Electrónico
                       
                      *
                    &lt;/span&gt;
                  &lt;/legend&gt;
                &lt;/fieldset&gt;
              &lt;/div&gt;
              &lt;p
                class=&quot;MuiFormHelperText-root MuiFormHelperText-sizeMedium MuiFormHelperText-contained Mui-required css-1wc848c-MuiFormHelperText-root&quot;
                id=&quot;user_email-helper-text&quot;
              &gt;
                Ingrese un email válido
              &lt;/p&gt;
            &lt;/div&gt;
            &lt;div
              class=&quot;MuiFormControl-root MuiFormControl-marginNormal MuiFormControl-fullWidth MuiTextField-root css-17vbkzs-MuiFormControl-root-MuiTextField-root&quot;
            &gt;
              &lt;label
                class=&quot;MuiFormLabel-root MuiInputLabel-root MuiInputLabel-formControl MuiInputLabel-animated MuiInputLabel-sizeMedium MuiInputLabel-outlined MuiFormLabel-colorPrimary Mui-required MuiInputLabel-root MuiInputLabel-formControl MuiInputLabel-animated MuiInputLabel-sizeMedium MuiInputLabel-outlined css-14s5rfu-MuiFormLabel-root-MuiInputLabel-root&quot;
                data-shrink=&quot;false&quot;
                for=&quot;user_password&quot;
                id=&quot;user_password-label&quot;
              &gt;
                Contraseña
                &lt;span
                  aria-hidden=&quot;true&quot;
                  class=&quot;MuiFormLabel-asterisk MuiInputLabel-asterisk css-wgai2y-MuiFormLabel-asterisk&quot;
                &gt;
                   
                  *
                &lt;/span&gt;
              &lt;/label&gt;
              &lt;div
                class=&quot;MuiInputBase-root MuiOutlinedInput-root MuiInputBase-colorPrimary MuiInputBase-fullWidth MuiInputBase-formControl css-md26zr-MuiInputBase-root-MuiOutlinedInput-root&quot;
              &gt;
                &lt;input
                  aria-describedby=&quot;user_password-helper-text&quot;
                  aria-invalid=&quot;false&quot;
                  autocomplete=&quot;new-password&quot;
                  class=&quot;MuiInputBase-input MuiOutlinedInput-input css-1t8l2tu-MuiInputBase-input-MuiOutlinedInput-input&quot;
                  id=&quot;user_password&quot;
                  name=&quot;user_password&quot;
                  required=&quot;&quot;
                  type=&quot;password&quot;
                  value=&quot;&quot;
                /&gt;
                &lt;fieldset
                  aria-hidden=&quot;true&quot;
                  class=&quot;MuiOutlinedInput-notchedOutline css-1d3z3hw-MuiOutlinedInput-notchedOutline&quot;
                &gt;
                  &lt;legend
                    class=&quot;css-yjsfm1&quot;
                  &gt;
                    &lt;span&gt;
                      Contraseña
                       
                      *
                    &lt;/span&gt;
                  &lt;/legend&gt;
                &lt;/fieldset&gt;
              &lt;/div&gt;
              &lt;p
                class=&quot;MuiFormHelperText-root MuiFormHelperText-sizeMedium MuiFormHelperText-contained Mui-required css-1wc848c-MuiFormHelperText-root&quot;
                id=&quot;user_password-helper-text&quot;
              &gt;
                Mínimo 8 caracteres, una mayúscula, una minúscula y un número
              &lt;/p&gt;
            &lt;/div&gt;
            &lt;button
              class=&quot;MuiButtonBase-root MuiButton-root MuiButton-contained MuiButton-containedPrimary MuiButton-sizeMedium MuiButton-containedSizeMedium MuiButton-colorPrimary MuiButton-fullWidth MuiButton-root MuiButton-contained MuiButton-containedPrimary MuiButton-sizeMedium MuiButton-containedSizeMedium MuiButton-colorPrimary MuiButton-fullWidth css-1vhaqj4-MuiButtonBase-root-MuiButton-root&quot;
              tabindex=&quot;0&quot;
              type=&quot;submit&quot;
            &gt;
              Registrarse
              &lt;span
                class=&quot;MuiTouchRipple-root css-8je8zh-MuiTouchRipple-root&quot;
              /&gt;
            &lt;/button&gt;
            &lt;div
              class=&quot;MuiBox-root css-xi606m&quot;
            &gt;
              &lt;button
                class=&quot;MuiTypography-root MuiTypography-body2 MuiLink-root MuiLink-underlineAlways MuiLink-button css-z246bh-MuiTypography-root-MuiLink-root&quot;
              &gt;
                ¿Ya tienes una cuenta? Inicia sesión
              &lt;/button&gt;
            &lt;/div&gt;
          &lt;/form&gt;
        &lt;/div&gt;
      &lt;/div&gt;
    &lt;/main&gt;
  &lt;/div&gt;
&lt;/body&gt;
    at Object.getElementError (C:\Users\nicol\OneDrive\Documentos\GitHub\metricas\cliente\node_modules\@testing-library\dom\dist\config.js:37:19)
    at getAllByLabelText (C:\Users\nicol\OneDrive\Documentos\GitHub\metricas\cliente\node_modules\@testing-library\dom\dist\queries\label-text.js:103:38)
    at C:\Users\nicol\OneDrive\Documentos\GitHub\metricas\cliente\node_modules\@testing-library\dom\dist\query-helpers.js:52:17
    at C:\Users\nicol\OneDrive\Documentos\GitHub\metricas\cliente\node_modules\@testing-library\dom\dist\query-helpers.js:95:19
    at getByLabelText (C:\Users\nicol\OneDrive\Documentos\GitHub\metricas\cliente\src\components\__tests__\Register.test.jsx:70:31)
    at call (C:\Users\nicol\OneDrive\Documentos\GitHub\metricas\cliente\src\components\__tests__\Register.test.jsx:2:1)
    at Generator.tryCatch (C:\Users\nicol\OneDrive\Documentos\GitHub\metricas\cliente\src\components\__tests__\Register.test.jsx:2:1)
    at Generator._invoke [as next] (C:\Users\nicol\OneDrive\Documentos\GitHub\metricas\cliente\src\components\__tests__\Register.test.jsx:2:1)
    at asyncGeneratorStep (C:\Users\nicol\OneDrive\Documentos\GitHub\metricas\cliente\src\components\__tests__\Register.test.jsx:2:1)
    at asyncGeneratorStep (C:\Users\nicol\OneDrive\Documentos\GitHub\metricas\cliente\src\components\__tests__\Register.test.jsx:2:1)
    at _next (C:\Users\nicol\OneDrive\Documentos\GitHub\metricas\cliente\src\components\__tests__\Register.test.jsx:2:1)
    at new Promise (&lt;anonymous&gt;)
    at Object.&lt;anonymous&gt; (C:\Users\nicol\OneDrive\Documentos\GitHub\metricas\cliente\src\components\__tests__\Register.test.jsx:2:1)
    at Promise.then.completed (C:\Users\nicol\OneDrive\Documentos\GitHub\metricas\cliente\node_modules\jest-circus\build\utils.js:298:28)
    at new Promise (&lt;anonymous&gt;)
    at callAsyncCircusFn (C:\Users\nicol\OneDrive\Documentos\GitHub\metricas\cliente\node_modules\jest-circus\build\utils.js:231:10)
    at _callCircusTest (C:\Users\nicol\OneDrive\Documentos\GitHub\metricas\cliente\node_modules\jest-circus\build\run.js:316:40)
    at _runTest (C:\Users\nicol\OneDrive\Documentos\GitHub\metricas\cliente\node_modules\jest-circus\build\run.js:252:3)
    at _runTestsForDescribeBlock (C:\Users\nicol\OneDrive\Documentos\GitHub\metricas\cliente\node_modules\jest-circus\build\run.js:126:9)
    at _runTestsForDescribeBlock (C:\Users\nicol\OneDrive\Documentos\GitHub\metricas\cliente\node_modules\jest-circus\build\run.js:121:9)
    at run (C:\Users\nicol\OneDrive\Documentos\GitHub\metricas\cliente\node_modules\jest-circus\build\run.js:71:3)
    at runAndTransformResultsToJestFormat (C:\Users\nicol\OneDrive\Documentos\GitHub\metricas\cliente\node_modules\jest-circus\build\legacy-code-todo-rewrite\jestAdapterInit.js:122:21)
    at jestAdapter (C:\Users\nicol\OneDrive\Documentos\GitHub\metricas\cliente\node_modules\jest-circus\build\legacy-code-todo-rewrite\jestAdapter.js:79:19)
    at runTestInternal (C:\Users\nicol\OneDrive\Documentos\GitHub\metricas\cliente\node_modules\jest-runner\build\runTest.js:367:16)
    at runTest (C:\Users\nicol\OneDrive\Documentos\GitHub\metricas\cliente\node_modules\jest-runner\build\runTest.js:444:34)
    at Object.worker (C:\Users\nicol\OneDrive\Documentos\GitHub\metricas\cliente\node_modules\jest-runner\build\testWorker.js:106:12)</failure>
    </testcase>
    <testcase classname="Register Component handles successful registration" name="Register Component handles successful registration" time="0.119">
      <failure>TestingLibraryElementError: Unable to find a label with the text of: /email/i

Ignored nodes: comments, script, style
&lt;body&gt;
  &lt;div&gt;
    &lt;main
      class=&quot;MuiContainer-root MuiContainer-maxWidthXs css-nzinn5-MuiContainer-root&quot;
    &gt;
      &lt;div
        class=&quot;MuiBox-root css-binzgt&quot;
      &gt;
        &lt;div
          class=&quot;MuiPaper-root MuiPaper-elevation MuiPaper-rounded MuiPaper-elevation3 css-wv0jko-MuiPaper-root&quot;
        &gt;
          &lt;h1
            class=&quot;MuiTypography-root MuiTypography-h5 css-ag7rrr-MuiTypography-root&quot;
          &gt;
            Crear Cuenta
          &lt;/h1&gt;
          &lt;form
            class=&quot;MuiBox-root css-164r41r&quot;
          &gt;
            &lt;div
              class=&quot;MuiFormControl-root MuiFormControl-marginNormal MuiFormControl-fullWidth MuiTextField-root css-17vbkzs-MuiFormControl-root-MuiTextField-root&quot;
            &gt;
              &lt;label
                class=&quot;MuiFormLabel-root MuiInputLabel-root MuiInputLabel-formControl MuiInputLabel-animated MuiInputLabel-shrink MuiInputLabel-sizeMedium MuiInputLabel-outlined MuiFormLabel-colorPrimary MuiFormLabel-filled Mui-focused Mui-required MuiInputLabel-root MuiInputLabel-formControl MuiInputLabel-animated MuiInputLabel-shrink MuiInputLabel-sizeMedium MuiInputLabel-outlined css-1jy569b-MuiFormLabel-root-MuiInputLabel-root&quot;
                data-shrink=&quot;true&quot;
                for=&quot;user_name&quot;
                id=&quot;user_name-label&quot;
              &gt;
                Nombre de Usuario
                &lt;span
                  aria-hidden=&quot;true&quot;
                  class=&quot;MuiFormLabel-asterisk MuiInputLabel-asterisk css-wgai2y-MuiFormLabel-asterisk&quot;
                &gt;
                   
                  *
                &lt;/span&gt;
              &lt;/label&gt;
              &lt;div
                class=&quot;MuiInputBase-root MuiOutlinedInput-root MuiInputBase-colorPrimary MuiInputBase-fullWidth Mui-focused MuiInputBase-formControl css-md26zr-MuiInputBase-root-MuiOutlinedInput-root&quot;
              &gt;
                &lt;input
                  aria-describedby=&quot;user_name-helper-text&quot;
                  aria-invalid=&quot;false&quot;
                  autocomplete=&quot;username&quot;
                  class=&quot;MuiInputBase-input MuiOutlinedInput-input css-1t8l2tu-MuiInputBase-input-MuiOutlinedInput-input&quot;
                  id=&quot;user_name&quot;
                  name=&quot;user_name&quot;
                  required=&quot;&quot;
                  type=&quot;text&quot;
                  value=&quot;Test User&quot;
                /&gt;
                &lt;fieldset
                  aria-hidden=&quot;true&quot;
                  class=&quot;MuiOutlinedInput-notchedOutline css-1d3z3hw-MuiOutlinedInput-notchedOutline&quot;
                &gt;
                  &lt;legend
                    class=&quot;css-14lo706&quot;
                  &gt;
                    &lt;span&gt;
                      Nombre de Usuario
                       
                      *
                    &lt;/span&gt;
                  &lt;/legend&gt;
                &lt;/fieldset&gt;
              &lt;/div&gt;
              &lt;p
                class=&quot;MuiFormHelperText-root MuiFormHelperText-sizeMedium MuiFormHelperText-contained Mui-focused MuiFormHelperText-filled Mui-required css-1wc848c-MuiFormHelperText-root&quot;
                id=&quot;user_name-helper-text&quot;
              &gt;
                Use letras, números y guiones bajos (4-20 caracteres)
              &lt;/p&gt;
            &lt;/div&gt;
            &lt;div
              class=&quot;MuiFormControl-root MuiFormControl-marginNormal MuiFormControl-fullWidth MuiTextField-root css-17vbkzs-MuiFormControl-root-MuiTextField-root&quot;
            &gt;
              &lt;label
                class=&quot;MuiFormLabel-root MuiInputLabel-root MuiInputLabel-formControl MuiInputLabel-animated MuiInputLabel-sizeMedium MuiInputLabel-outlined MuiFormLabel-colorPrimary Mui-required MuiInputLabel-root MuiInputLabel-formControl MuiInputLabel-animated MuiInputLabel-sizeMedium MuiInputLabel-outlined css-14s5rfu-MuiFormLabel-root-MuiInputLabel-root&quot;
                data-shrink=&quot;false&quot;
                for=&quot;user_email&quot;
                id=&quot;user_email-label&quot;
              &gt;
                Correo Electrónico
                &lt;span
                  aria-hidden=&quot;true&quot;
                  class=&quot;MuiFormLabel-asterisk MuiInputLabel-asterisk css-wgai2y-MuiFormLabel-asterisk&quot;
                &gt;
                   
                  *
                &lt;/span&gt;
              &lt;/label&gt;
              &lt;div
                class=&quot;MuiInputBase-root MuiOutlinedInput-root MuiInputBase-colorPrimary MuiInputBase-fullWidth MuiInputBase-formControl css-md26zr-MuiInputBase-root-MuiOutlinedInput-root&quot;
              &gt;
                &lt;input
                  aria-describedby=&quot;user_email-helper-text&quot;
                  aria-invalid=&quot;false&quot;
                  autocomplete=&quot;email&quot;
                  class=&quot;MuiInputBase-input MuiOutlinedInput-input css-1t8l2tu-MuiInputBase-input-MuiOutlinedInput-input&quot;
                  id=&quot;user_email&quot;
                  name=&quot;user_email&quot;
                  required=&quot;&quot;
                  type=&quot;email&quot;
                  value=&quot;&quot;
                /&gt;
                &lt;fieldset
                  aria-hidden=&quot;true&quot;
                  class=&quot;MuiOutlinedInput-notchedOutline css-1d3z3hw-MuiOutlinedInput-notchedOutline&quot;
                &gt;
                  &lt;legend
                    class=&quot;css-yjsfm1&quot;
                  &gt;
                    &lt;span&gt;
                      Correo Electrónico
                       
                      *
                    &lt;/span&gt;
                  &lt;/legend&gt;
                &lt;/fieldset&gt;
              &lt;/div&gt;
              &lt;p
                class=&quot;MuiFormHelperText-root MuiFormHelperText-sizeMedium MuiFormHelperText-contained Mui-required css-1wc848c-MuiFormHelperText-root&quot;
                id=&quot;user_email-helper-text&quot;
              &gt;
                Ingrese un email válido
              &lt;/p&gt;
            &lt;/div&gt;
            &lt;div
              class=&quot;MuiFormControl-root MuiFormControl-marginNormal MuiFormControl-fullWidth MuiTextField-root css-17vbkzs-MuiFormControl-root-MuiTextField-root&quot;
            &gt;
              &lt;label
                class=&quot;MuiFormLabel-root MuiInputLabel-root MuiInputLabel-formControl MuiInputLabel-animated MuiInputLabel-sizeMedium MuiInputLabel-outlined MuiFormLabel-colorPrimary Mui-required MuiInputLabel-root MuiInputLabel-formControl MuiInputLabel-animated MuiInputLabel-sizeMedium MuiInputLabel-outlined css-14s5rfu-MuiFormLabel-root-MuiInputLabel-root&quot;
                data-shrink=&quot;false&quot;
                for=&quot;user_password&quot;
                id=&quot;user_password-label&quot;
              &gt;
                Contraseña
                &lt;span
                  aria-hidden=&quot;true&quot;
                  class=&quot;MuiFormLabel-asterisk MuiInputLabel-asterisk css-wgai2y-MuiFormLabel-asterisk&quot;
                &gt;
                   
                  *
                &lt;/span&gt;
              &lt;/label&gt;
              &lt;div
                class=&quot;MuiInputBase-root MuiOutlinedInput-root MuiInputBase-colorPrimary MuiInputBase-fullWidth MuiInputBase-formControl css-md26zr-MuiInputBase-root-MuiOutlinedInput-root&quot;
              &gt;
                &lt;input
                  aria-describedby=&quot;user_password-helper-text&quot;
                  aria-invalid=&quot;false&quot;
                  autocomplete=&quot;new-password&quot;
                  class=&quot;MuiInputBase-input MuiOutlinedInput-input css-1t8l2tu-MuiInputBase-input-MuiOutlinedInput-input&quot;
                  id=&quot;user_password&quot;
                  name=&quot;user_password&quot;
                  required=&quot;&quot;
                  type=&quot;password&quot;
                  value=&quot;&quot;
                /&gt;
                &lt;fieldset
                  aria-hidden=&quot;true&quot;
                  class=&quot;MuiOutlinedInput-notchedOutline css-1d3z3hw-MuiOutlinedInput-notchedOutline&quot;
                &gt;
                  &lt;legend
                    class=&quot;css-yjsfm1&quot;
                  &gt;
                    &lt;span&gt;
                      Contraseña
                       
                      *
                    &lt;/span&gt;
                  &lt;/legend&gt;
                &lt;/fieldset&gt;
              &lt;/div&gt;
              &lt;p
                class=&quot;MuiFormHelperText-root MuiFormHelperText-sizeMedium MuiFormHelperText-contained Mui-required css-1wc848c-MuiFormHelperText-root&quot;
                id=&quot;user_password-helper-text&quot;
              &gt;
                Mínimo 8 caracteres, una mayúscula, una minúscula y un número
              &lt;/p&gt;
            &lt;/div&gt;
            &lt;button
              class=&quot;MuiButtonBase-root MuiButton-root MuiButton-contained MuiButton-containedPrimary MuiButton-sizeMedium MuiButton-containedSizeMedium MuiButton-colorPrimary MuiButton-fullWidth MuiButton-root MuiButton-contained MuiButton-containedPrimary MuiButton-sizeMedium MuiButton-containedSizeMedium MuiButton-colorPrimary MuiButton-fullWidth css-1vhaqj4-MuiButtonBase-root-MuiButton-root&quot;
              tabindex=&quot;0&quot;
              type=&quot;submit&quot;
            &gt;
              Registrarse
              &lt;span
                class=&quot;MuiTouchRipple-root css-8je8zh-MuiTouchRipple-root&quot;
              /&gt;
            &lt;/button&gt;
            &lt;div
              class=&quot;MuiBox-root css-xi606m&quot;
            &gt;
              &lt;button
                class=&quot;MuiTypography-root MuiTypography-body2 MuiLink-root MuiLink-underlineAlways MuiLink-button css-z246bh-MuiTypography-root-MuiLink-root&quot;
              &gt;
                ¿Ya tienes una cuenta? Inicia sesión
              &lt;/button&gt;
            &lt;/div&gt;
          &lt;/form&gt;
        &lt;/div&gt;
      &lt;/div&gt;
    &lt;/main&gt;
  &lt;/div&gt;
&lt;/body&gt;
    at Object.getElementError (C:\Users\nicol\OneDrive\Documentos\GitHub\metricas\cliente\node_modules\@testing-library\dom\dist\config.js:37:19)
    at getAllByLabelText (C:\Users\nicol\OneDrive\Documentos\GitHub\metricas\cliente\node_modules\@testing-library\dom\dist\queries\label-text.js:103:38)
    at C:\Users\nicol\OneDrive\Documentos\GitHub\metricas\cliente\node_modules\@testing-library\dom\dist\query-helpers.js:52:17
    at C:\Users\nicol\OneDrive\Documentos\GitHub\metricas\cliente\node_modules\@testing-library\dom\dist\query-helpers.js:95:19
    at getByLabelText (C:\Users\nicol\OneDrive\Documentos\GitHub\metricas\cliente\src\components\__tests__\Register.test.jsx:90:29)
    at call (C:\Users\nicol\OneDrive\Documentos\GitHub\metricas\cliente\src\components\__tests__\Register.test.jsx:2:1)
    at Generator.tryCatch (C:\Users\nicol\OneDrive\Documentos\GitHub\metricas\cliente\src\components\__tests__\Register.test.jsx:2:1)
    at Generator._invoke [as next] (C:\Users\nicol\OneDrive\Documentos\GitHub\metricas\cliente\src\components\__tests__\Register.test.jsx:2:1)
    at asyncGeneratorStep (C:\Users\nicol\OneDrive\Documentos\GitHub\metricas\cliente\src\components\__tests__\Register.test.jsx:2:1)
    at asyncGeneratorStep (C:\Users\nicol\OneDrive\Documentos\GitHub\metricas\cliente\src\components\__tests__\Register.test.jsx:2:1)
    at _next (C:\Users\nicol\OneDrive\Documentos\GitHub\metricas\cliente\src\components\__tests__\Register.test.jsx:2:1)
    at new Promise (&lt;anonymous&gt;)
    at Object.&lt;anonymous&gt; (C:\Users\nicol\OneDrive\Documentos\GitHub\metricas\cliente\src\components\__tests__\Register.test.jsx:2:1)
    at Promise.then.completed (C:\Users\nicol\OneDrive\Documentos\GitHub\metricas\cliente\node_modules\jest-circus\build\utils.js:298:28)
    at new Promise (&lt;anonymous&gt;)
    at callAsyncCircusFn (C:\Users\nicol\OneDrive\Documentos\GitHub\metricas\cliente\node_modules\jest-circus\build\utils.js:231:10)
    at _callCircusTest (C:\Users\nicol\OneDrive\Documentos\GitHub\metricas\cliente\node_modules\jest-circus\build\run.js:316:40)
    at _runTest (C:\Users\nicol\OneDrive\Documentos\GitHub\metricas\cliente\node_modules\jest-circus\build\run.js:252:3)
    at _runTestsForDescribeBlock (C:\Users\nicol\OneDrive\Documentos\GitHub\metricas\cliente\node_modules\jest-circus\build\run.js:126:9)
    at _runTestsForDescribeBlock (C:\Users\nicol\OneDrive\Documentos\GitHub\metricas\cliente\node_modules\jest-circus\build\run.js:121:9)
    at run (C:\Users\nicol\OneDrive\Documentos\GitHub\metricas\cliente\node_modules\jest-circus\build\run.js:71:3)
    at runAndTransformResultsToJestFormat (C:\Users\nicol\OneDrive\Documentos\GitHub\metricas\cliente\node_modules\jest-circus\build\legacy-code-todo-rewrite\jestAdapterInit.js:122:21)
    at jestAdapter (C:\Users\nicol\OneDrive\Documentos\GitHub\metricas\cliente\node_modules\jest-circus\build\legacy-code-todo-rewrite\jestAdapter.js:79:19)
    at runTestInternal (C:\Users\nicol\OneDrive\Documentos\GitHub\metricas\cliente\node_modules\jest-runner\build\runTest.js:367:16)
    at runTest (C:\Users\nicol\OneDrive\Documentos\GitHub\metricas\cliente\node_modules\jest-runner\build\runTest.js:444:34)
    at Object.worker (C:\Users\nicol\OneDrive\Documentos\GitHub\metricas\cliente\node_modules\jest-runner\build\testWorker.js:106:12)</failure>
    </testcase>
    <testcase classname="Register Component handles registration error" name="Register Component handles registration error" time="0.162">
      <failure>TestingLibraryElementError: Unable to find a label with the text of: /email/i

Ignored nodes: comments, script, style
&lt;body&gt;
  &lt;div&gt;
    &lt;main
      class=&quot;MuiContainer-root MuiContainer-maxWidthXs css-nzinn5-MuiContainer-root&quot;
    &gt;
      &lt;div
        class=&quot;MuiBox-root css-binzgt&quot;
      &gt;
        &lt;div
          class=&quot;MuiPaper-root MuiPaper-elevation MuiPaper-rounded MuiPaper-elevation3 css-wv0jko-MuiPaper-root&quot;
        &gt;
          &lt;h1
            class=&quot;MuiTypography-root MuiTypography-h5 css-ag7rrr-MuiTypography-root&quot;
          &gt;
            Crear Cuenta
          &lt;/h1&gt;
          &lt;form
            class=&quot;MuiBox-root css-164r41r&quot;
          &gt;
            &lt;div
              class=&quot;MuiFormControl-root MuiFormControl-marginNormal MuiFormControl-fullWidth MuiTextField-root css-17vbkzs-MuiFormControl-root-MuiTextField-root&quot;
            &gt;
              &lt;label
                class=&quot;MuiFormLabel-root MuiInputLabel-root MuiInputLabel-formControl MuiInputLabel-animated MuiInputLabel-shrink MuiInputLabel-sizeMedium MuiInputLabel-outlined MuiFormLabel-colorPrimary MuiFormLabel-filled Mui-focused Mui-required MuiInputLabel-root MuiInputLabel-formControl MuiInputLabel-animated MuiInputLabel-shrink MuiInputLabel-sizeMedium MuiInputLabel-outlined css-1jy569b-MuiFormLabel-root-MuiInputLabel-root&quot;
                data-shrink=&quot;true&quot;
                for=&quot;user_name&quot;
                id=&quot;user_name-label&quot;
              &gt;
                Nombre de Usuario
                &lt;span
                  aria-hidden=&quot;true&quot;
                  class=&quot;MuiFormLabel-asterisk MuiInputLabel-asterisk css-wgai2y-MuiFormLabel-asterisk&quot;
                &gt;
                   
                  *
                &lt;/span&gt;
              &lt;/label&gt;
              &lt;div
                class=&quot;MuiInputBase-root MuiOutlinedInput-root MuiInputBase-colorPrimary MuiInputBase-fullWidth Mui-focused MuiInputBase-formControl css-md26zr-MuiInputBase-root-MuiOutlinedInput-root&quot;
              &gt;
                &lt;input
                  aria-describedby=&quot;user_name-helper-text&quot;
                  aria-invalid=&quot;false&quot;
                  autocomplete=&quot;username&quot;
                  class=&quot;MuiInputBase-input MuiOutlinedInput-input css-1t8l2tu-MuiInputBase-input-MuiOutlinedInput-input&quot;
                  id=&quot;user_name&quot;
                  name=&quot;user_name&quot;
                  required=&quot;&quot;
                  type=&quot;text&quot;
                  value=&quot;Test User&quot;
                /&gt;
                &lt;fieldset
                  aria-hidden=&quot;true&quot;
                  class=&quot;MuiOutlinedInput-notchedOutline css-1d3z3hw-MuiOutlinedInput-notchedOutline&quot;
                &gt;
                  &lt;legend
                    class=&quot;css-14lo706&quot;
                  &gt;
                    &lt;span&gt;
                      Nombre de Usuario
                       
                      *
                    &lt;/span&gt;
                  &lt;/legend&gt;
                &lt;/fieldset&gt;
              &lt;/div&gt;
              &lt;p
                class=&quot;MuiFormHelperText-root MuiFormHelperText-sizeMedium MuiFormHelperText-contained Mui-focused MuiFormHelperText-filled Mui-required css-1wc848c-MuiFormHelperText-root&quot;
                id=&quot;user_name-helper-text&quot;
              &gt;
                Use letras, números y guiones bajos (4-20 caracteres)
              &lt;/p&gt;
            &lt;/div&gt;
            &lt;div
              class=&quot;MuiFormControl-root MuiFormControl-marginNormal MuiFormControl-fullWidth MuiTextField-root css-17vbkzs-MuiFormControl-root-MuiTextField-root&quot;
            &gt;
              &lt;label
                class=&quot;MuiFormLabel-root MuiInputLabel-root MuiInputLabel-formControl MuiInputLabel-animated MuiInputLabel-sizeMedium MuiInputLabel-outlined MuiFormLabel-colorPrimary Mui-required MuiInputLabel-root MuiInputLabel-formControl MuiInputLabel-animated MuiInputLabel-sizeMedium MuiInputLabel-outlined css-14s5rfu-MuiFormLabel-root-MuiInputLabel-root&quot;
                data-shrink=&quot;false&quot;
                for=&quot;user_email&quot;
                id=&quot;user_email-label&quot;
              &gt;
                Correo Electrónico
                &lt;span
                  aria-hidden=&quot;true&quot;
                  class=&quot;MuiFormLabel-asterisk MuiInputLabel-asterisk css-wgai2y-MuiFormLabel-asterisk&quot;
                &gt;
                   
                  *
                &lt;/span&gt;
              &lt;/label&gt;
              &lt;div
                class=&quot;MuiInputBase-root MuiOutlinedInput-root MuiInputBase-colorPrimary MuiInputBase-fullWidth MuiInputBase-formControl css-md26zr-MuiInputBase-root-MuiOutlinedInput-root&quot;
              &gt;
                &lt;input
                  aria-describedby=&quot;user_email-helper-text&quot;
                  aria-invalid=&quot;false&quot;
                  autocomplete=&quot;email&quot;
                  class=&quot;MuiInputBase-input MuiOutlinedInput-input css-1t8l2tu-MuiInputBase-input-MuiOutlinedInput-input&quot;
                  id=&quot;user_email&quot;
                  name=&quot;user_email&quot;
                  required=&quot;&quot;
                  type=&quot;email&quot;
                  value=&quot;&quot;
                /&gt;
                &lt;fieldset
                  aria-hidden=&quot;true&quot;
                  class=&quot;MuiOutlinedInput-notchedOutline css-1d3z3hw-MuiOutlinedInput-notchedOutline&quot;
                &gt;
                  &lt;legend
                    class=&quot;css-yjsfm1&quot;
                  &gt;
                    &lt;span&gt;
                      Correo Electrónico
                       
                      *
                    &lt;/span&gt;
                  &lt;/legend&gt;
                &lt;/fieldset&gt;
              &lt;/div&gt;
              &lt;p
                class=&quot;MuiFormHelperText-root MuiFormHelperText-sizeMedium MuiFormHelperText-contained Mui-required css-1wc848c-MuiFormHelperText-root&quot;
                id=&quot;user_email-helper-text&quot;
              &gt;
                Ingrese un email válido
              &lt;/p&gt;
            &lt;/div&gt;
            &lt;div
              class=&quot;MuiFormControl-root MuiFormControl-marginNormal MuiFormControl-fullWidth MuiTextField-root css-17vbkzs-MuiFormControl-root-MuiTextField-root&quot;
            &gt;
              &lt;label
                class=&quot;MuiFormLabel-root MuiInputLabel-root MuiInputLabel-formControl MuiInputLabel-animated MuiInputLabel-sizeMedium MuiInputLabel-outlined MuiFormLabel-colorPrimary Mui-required MuiInputLabel-root MuiInputLabel-formControl MuiInputLabel-animated MuiInputLabel-sizeMedium MuiInputLabel-outlined css-14s5rfu-MuiFormLabel-root-MuiInputLabel-root&quot;
                data-shrink=&quot;false&quot;
                for=&quot;user_password&quot;
                id=&quot;user_password-label&quot;
              &gt;
                Contraseña
                &lt;span
                  aria-hidden=&quot;true&quot;
                  class=&quot;MuiFormLabel-asterisk MuiInputLabel-asterisk css-wgai2y-MuiFormLabel-asterisk&quot;
                &gt;
                   
                  *
                &lt;/span&gt;
              &lt;/label&gt;
              &lt;div
                class=&quot;MuiInputBase-root MuiOutlinedInput-root MuiInputBase-colorPrimary MuiInputBase-fullWidth MuiInputBase-formControl css-md26zr-MuiInputBase-root-MuiOutlinedInput-root&quot;
              &gt;
                &lt;input
                  aria-describedby=&quot;user_password-helper-text&quot;
                  aria-invalid=&quot;false&quot;
                  autocomplete=&quot;new-password&quot;
                  class=&quot;MuiInputBase-input MuiOutlinedInput-input css-1t8l2tu-MuiInputBase-input-MuiOutlinedInput-input&quot;
                  id=&quot;user_password&quot;
                  name=&quot;user_password&quot;
                  required=&quot;&quot;
                  type=&quot;password&quot;
                  value=&quot;&quot;
                /&gt;
                &lt;fieldset
                  aria-hidden=&quot;true&quot;
                  class=&quot;MuiOutlinedInput-notchedOutline css-1d3z3hw-MuiOutlinedInput-notchedOutline&quot;
                &gt;
                  &lt;legend
                    class=&quot;css-yjsfm1&quot;
                  &gt;
                    &lt;span&gt;
                      Contraseña
                       
                      *
                    &lt;/span&gt;
                  &lt;/legend&gt;
                &lt;/fieldset&gt;
              &lt;/div&gt;
              &lt;p
                class=&quot;MuiFormHelperText-root MuiFormHelperText-sizeMedium MuiFormHelperText-contained Mui-required css-1wc848c-MuiFormHelperText-root&quot;
                id=&quot;user_password-helper-text&quot;
              &gt;
                Mínimo 8 caracteres, una mayúscula, una minúscula y un número
              &lt;/p&gt;
            &lt;/div&gt;
            &lt;button
              class=&quot;MuiButtonBase-root MuiButton-root MuiButton-contained MuiButton-containedPrimary MuiButton-sizeMedium MuiButton-containedSizeMedium MuiButton-colorPrimary MuiButton-fullWidth MuiButton-root MuiButton-contained MuiButton-containedPrimary MuiButton-sizeMedium MuiButton-containedSizeMedium MuiButton-colorPrimary MuiButton-fullWidth css-1vhaqj4-MuiButtonBase-root-MuiButton-root&quot;
              tabindex=&quot;0&quot;
              type=&quot;submit&quot;
            &gt;
              Registrarse
              &lt;span
                class=&quot;MuiTouchRipple-root css-8je8zh-MuiTouchRipple-root&quot;
              /&gt;
            &lt;/button&gt;
            &lt;div
              class=&quot;MuiBox-root css-xi606m&quot;
            &gt;
              &lt;button
                class=&quot;MuiTypography-root MuiTypography-body2 MuiLink-root MuiLink-underlineAlways MuiLink-button css-z246bh-MuiTypography-root-MuiLink-root&quot;
              &gt;
                ¿Ya tienes una cuenta? Inicia sesión
              &lt;/button&gt;
            &lt;/div&gt;
          &lt;/form&gt;
        &lt;/div&gt;
      &lt;/div&gt;
    &lt;/main&gt;
  &lt;/div&gt;
&lt;/body&gt;
    at Object.getElementError (C:\Users\nicol\OneDrive\Documentos\GitHub\metricas\cliente\node_modules\@testing-library\dom\dist\config.js:37:19)
    at getAllByLabelText (C:\Users\nicol\OneDrive\Documentos\GitHub\metricas\cliente\node_modules\@testing-library\dom\dist\queries\label-text.js:103:38)
    at C:\Users\nicol\OneDrive\Documentos\GitHub\metricas\cliente\node_modules\@testing-library\dom\dist\query-helpers.js:52:17
    at C:\Users\nicol\OneDrive\Documentos\GitHub\metricas\cliente\node_modules\@testing-library\dom\dist\query-helpers.js:95:19
    at getByLabelText (C:\Users\nicol\OneDrive\Documentos\GitHub\metricas\cliente\src\components\__tests__\Register.test.jsx:120:29)
    at call (C:\Users\nicol\OneDrive\Documentos\GitHub\metricas\cliente\src\components\__tests__\Register.test.jsx:2:1)
    at Generator.tryCatch (C:\Users\nicol\OneDrive\Documentos\GitHub\metricas\cliente\src\components\__tests__\Register.test.jsx:2:1)
    at Generator._invoke [as next] (C:\Users\nicol\OneDrive\Documentos\GitHub\metricas\cliente\src\components\__tests__\Register.test.jsx:2:1)
    at asyncGeneratorStep (C:\Users\nicol\OneDrive\Documentos\GitHub\metricas\cliente\src\components\__tests__\Register.test.jsx:2:1)
    at asyncGeneratorStep (C:\Users\nicol\OneDrive\Documentos\GitHub\metricas\cliente\src\components\__tests__\Register.test.jsx:2:1)
    at _next (C:\Users\nicol\OneDrive\Documentos\GitHub\metricas\cliente\src\components\__tests__\Register.test.jsx:2:1)
    at new Promise (&lt;anonymous&gt;)
    at Object.&lt;anonymous&gt; (C:\Users\nicol\OneDrive\Documentos\GitHub\metricas\cliente\src\components\__tests__\Register.test.jsx:2:1)
    at Promise.then.completed (C:\Users\nicol\OneDrive\Documentos\GitHub\metricas\cliente\node_modules\jest-circus\build\utils.js:298:28)
    at new Promise (&lt;anonymous&gt;)
    at callAsyncCircusFn (C:\Users\nicol\OneDrive\Documentos\GitHub\metricas\cliente\node_modules\jest-circus\build\utils.js:231:10)
    at _callCircusTest (C:\Users\nicol\OneDrive\Documentos\GitHub\metricas\cliente\node_modules\jest-circus\build\run.js:316:40)
    at _runTest (C:\Users\nicol\OneDrive\Documentos\GitHub\metricas\cliente\node_modules\jest-circus\build\run.js:252:3)
    at _runTestsForDescribeBlock (C:\Users\nicol\OneDrive\Documentos\GitHub\metricas\cliente\node_modules\jest-circus\build\run.js:126:9)
    at _runTestsForDescribeBlock (C:\Users\nicol\OneDrive\Documentos\GitHub\metricas\cliente\node_modules\jest-circus\build\run.js:121:9)
    at run (C:\Users\nicol\OneDrive\Documentos\GitHub\metricas\cliente\node_modules\jest-circus\build\run.js:71:3)
    at runAndTransformResultsToJestFormat (C:\Users\nicol\OneDrive\Documentos\GitHub\metricas\cliente\node_modules\jest-circus\build\legacy-code-todo-rewrite\jestAdapterInit.js:122:21)
    at jestAdapter (C:\Users\nicol\OneDrive\Documentos\GitHub\metricas\cliente\node_modules\jest-circus\build\legacy-code-todo-rewrite\jestAdapter.js:79:19)
    at runTestInternal (C:\Users\nicol\OneDrive\Documentos\GitHub\metricas\cliente\node_modules\jest-runner\build\runTest.js:367:16)
    at runTest (C:\Users\nicol\OneDrive\Documentos\GitHub\metricas\cliente\node_modules\jest-runner\build\runTest.js:444:34)
    at Object.worker (C:\Users\nicol\OneDrive\Documentos\GitHub\metricas\cliente\node_modules\jest-runner\build\testWorker.js:106:12)</failure>
    </testcase>
  </testsuite>
  <testsuite name="PrivateRoute" errors="0" failures="2" skipped="0" timestamp="2025-03-30T15:09:54" time="2.639" tests="2">
    <testcase classname="PrivateRoute redirects to login page when not authenticated and preserves query parameters" name="PrivateRoute redirects to login page when not authenticated and preserves query parameters" time="0.235">
      <failure>Error: useAuth debe ser usado dentro de un AuthProvider
    at useAuth (C:\Users\nicol\OneDrive\Documentos\GitHub\metricas\cliente\src\context\AuthContext.js:101:11)
    at PrivateRoute (C:\Users\nicol\OneDrive\Documentos\GitHub\metricas\cliente\src\components\PrivateRoute.jsx:7:36)
    at renderWithHooks (C:\Users\nicol\OneDrive\Documentos\GitHub\metricas\cliente\node_modules\react-dom\cjs\react-dom.development.js:16305:18)
    at mountIndeterminateComponent (C:\Users\nicol\OneDrive\Documentos\GitHub\metricas\cliente\node_modules\react-dom\cjs\react-dom.development.js:20074:13)
    at beginWork (C:\Users\nicol\OneDrive\Documentos\GitHub\metricas\cliente\node_modules\react-dom\cjs\react-dom.development.js:21587:16)
    at beginWork$1 (C:\Users\nicol\OneDrive\Documentos\GitHub\metricas\cliente\node_modules\react-dom\cjs\react-dom.development.js:27426:14)
    at performUnitOfWork (C:\Users\nicol\OneDrive\Documentos\GitHub\metricas\cliente\node_modules\react-dom\cjs\react-dom.development.js:26560:12)
    at workLoopSync (C:\Users\nicol\OneDrive\Documentos\GitHub\metricas\cliente\node_modules\react-dom\cjs\react-dom.development.js:26466:5)
    at renderRootSync (C:\Users\nicol\OneDrive\Documentos\GitHub\metricas\cliente\node_modules\react-dom\cjs\react-dom.development.js:26434:7)
    at recoverFromConcurrentError (C:\Users\nicol\OneDrive\Documentos\GitHub\metricas\cliente\node_modules\react-dom\cjs\react-dom.development.js:25850:20)
    at performConcurrentWorkOnRoot (C:\Users\nicol\OneDrive\Documentos\GitHub\metricas\cliente\node_modules\react-dom\cjs\react-dom.development.js:25750:22)
    at flushActQueue (C:\Users\nicol\OneDrive\Documentos\GitHub\metricas\cliente\node_modules\react\cjs\react.development.js:2667:24)
    at act (C:\Users\nicol\OneDrive\Documentos\GitHub\metricas\cliente\node_modules\react\cjs\react.development.js:2582:11)
    at C:\Users\nicol\OneDrive\Documentos\GitHub\metricas\cliente\node_modules\@testing-library\react\dist\act-compat.js:63:25
    at renderRoot (C:\Users\nicol\OneDrive\Documentos\GitHub\metricas\cliente\node_modules\@testing-library\react\dist\pure.js:159:26)
    at render (C:\Users\nicol\OneDrive\Documentos\GitHub\metricas\cliente\node_modules\@testing-library\react\dist\pure.js:246:10)
    at Object.&lt;anonymous&gt; (C:\Users\nicol\OneDrive\Documentos\GitHub\metricas\cliente\src\components\__tests__\PrivateRoute.test.jsx:9:11)
    at Promise.then.completed (C:\Users\nicol\OneDrive\Documentos\GitHub\metricas\cliente\node_modules\jest-circus\build\utils.js:298:28)
    at new Promise (&lt;anonymous&gt;)
    at callAsyncCircusFn (C:\Users\nicol\OneDrive\Documentos\GitHub\metricas\cliente\node_modules\jest-circus\build\utils.js:231:10)
    at _callCircusTest (C:\Users\nicol\OneDrive\Documentos\GitHub\metricas\cliente\node_modules\jest-circus\build\run.js:316:40)
    at processTicksAndRejections (node:internal/process/task_queues:105:5)
    at _runTest (C:\Users\nicol\OneDrive\Documentos\GitHub\metricas\cliente\node_modules\jest-circus\build\run.js:252:3)
    at _runTestsForDescribeBlock (C:\Users\nicol\OneDrive\Documentos\GitHub\metricas\cliente\node_modules\jest-circus\build\run.js:126:9)
    at _runTestsForDescribeBlock (C:\Users\nicol\OneDrive\Documentos\GitHub\metricas\cliente\node_modules\jest-circus\build\run.js:121:9)
    at run (C:\Users\nicol\OneDrive\Documentos\GitHub\metricas\cliente\node_modules\jest-circus\build\run.js:71:3)
    at runAndTransformResultsToJestFormat (C:\Users\nicol\OneDrive\Documentos\GitHub\metricas\cliente\node_modules\jest-circus\build\legacy-code-todo-rewrite\jestAdapterInit.js:122:21)
    at jestAdapter (C:\Users\nicol\OneDrive\Documentos\GitHub\metricas\cliente\node_modules\jest-circus\build\legacy-code-todo-rewrite\jestAdapter.js:79:19)
    at runTestInternal (C:\Users\nicol\OneDrive\Documentos\GitHub\metricas\cliente\node_modules\jest-runner\build\runTest.js:367:16)
    at runTest (C:\Users\nicol\OneDrive\Documentos\GitHub\metricas\cliente\node_modules\jest-runner\build\runTest.js:444:34)
    at Object.worker (C:\Users\nicol\OneDrive\Documentos\GitHub\metricas\cliente\node_modules\jest-runner\build\testWorker.js:106:12)</failure>
    </testcase>
    <testcase classname="PrivateRoute renders children when authenticated" name="PrivateRoute renders children when authenticated" time="0.202">
      <failure>TestingLibraryElementError: Unable to find an element with the text: Protected Content. This could be because the text is broken up by multiple elements. In this case, you can provide a function for your text matcher to make your matcher more flexible.

Ignored nodes: comments, script, style
&lt;body&gt;
  &lt;div /&gt;
&lt;/body&gt;
    at Object.getElementError (C:\Users\nicol\OneDrive\Documentos\GitHub\metricas\cliente\node_modules\@testing-library\dom\dist\config.js:37:19)
    at C:\Users\nicol\OneDrive\Documentos\GitHub\metricas\cliente\node_modules\@testing-library\dom\dist\query-helpers.js:76:38
    at C:\Users\nicol\OneDrive\Documentos\GitHub\metricas\cliente\node_modules\@testing-library\dom\dist\query-helpers.js:52:17
    at C:\Users\nicol\OneDrive\Documentos\GitHub\metricas\cliente\node_modules\@testing-library\dom\dist\query-helpers.js:95:19
    at Object.getByText (C:\Users\nicol\OneDrive\Documentos\GitHub\metricas\cliente\src\components\__tests__\PrivateRoute.test.jsx:46:19)
    at Promise.then.completed (C:\Users\nicol\OneDrive\Documentos\GitHub\metricas\cliente\node_modules\jest-circus\build\utils.js:298:28)
    at new Promise (&lt;anonymous&gt;)
    at callAsyncCircusFn (C:\Users\nicol\OneDrive\Documentos\GitHub\metricas\cliente\node_modules\jest-circus\build\utils.js:231:10)
    at _callCircusTest (C:\Users\nicol\OneDrive\Documentos\GitHub\metricas\cliente\node_modules\jest-circus\build\run.js:316:40)
    at processTicksAndRejections (node:internal/process/task_queues:105:5)
    at _runTest (C:\Users\nicol\OneDrive\Documentos\GitHub\metricas\cliente\node_modules\jest-circus\build\run.js:252:3)
    at _runTestsForDescribeBlock (C:\Users\nicol\OneDrive\Documentos\GitHub\metricas\cliente\node_modules\jest-circus\build\run.js:126:9)
    at _runTestsForDescribeBlock (C:\Users\nicol\OneDrive\Documentos\GitHub\metricas\cliente\node_modules\jest-circus\build\run.js:121:9)
    at run (C:\Users\nicol\OneDrive\Documentos\GitHub\metricas\cliente\node_modules\jest-circus\build\run.js:71:3)
    at runAndTransformResultsToJestFormat (C:\Users\nicol\OneDrive\Documentos\GitHub\metricas\cliente\node_modules\jest-circus\build\legacy-code-todo-rewrite\jestAdapterInit.js:122:21)
    at jestAdapter (C:\Users\nicol\OneDrive\Documentos\GitHub\metricas\cliente\node_modules\jest-circus\build\legacy-code-todo-rewrite\jestAdapter.js:79:19)
    at runTestInternal (C:\Users\nicol\OneDrive\Documentos\GitHub\metricas\cliente\node_modules\jest-runner\build\runTest.js:367:16)
    at runTest (C:\Users\nicol\OneDrive\Documentos\GitHub\metricas\cliente\node_modules\jest-runner\build\runTest.js:444:34)
    at Object.worker (C:\Users\nicol\OneDrive\Documentos\GitHub\metricas\cliente\node_modules\jest-runner\build\testWorker.js:106:12)</failure>
    </testcase>
  </testsuite>
  <testsuite name="Login Component" errors="0" failures="5" skipped="0" timestamp="2025-03-30T15:09:53" time="4.293" tests="5">
    <testcase classname="Login Component renders login form" name="Login Component renders login form" time="0.276">
      <failure>TestingLibraryElementError: Unable to find a label with the text of: /email/i

Ignored nodes: comments, script, style
&lt;body&gt;
  &lt;div&gt;
    &lt;main
      class=&quot;MuiContainer-root MuiContainer-maxWidthXs css-nzinn5-MuiContainer-root&quot;
    &gt;
      &lt;div
        class=&quot;MuiBox-root css-binzgt&quot;
      &gt;
        &lt;div
          class=&quot;MuiPaper-root MuiPaper-elevation MuiPaper-rounded MuiPaper-elevation3 css-wv0jko-MuiPaper-root&quot;
        &gt;
          &lt;h1
            class=&quot;MuiTypography-root MuiTypography-h5 css-ag7rrr-MuiTypography-root&quot;
          &gt;
            Iniciar Sesión
          &lt;/h1&gt;
          &lt;form
            class=&quot;MuiBox-root css-164r41r&quot;
          &gt;
            &lt;div
              class=&quot;MuiFormControl-root MuiFormControl-marginNormal MuiFormControl-fullWidth MuiTextField-root css-17vbkzs-MuiFormControl-root-MuiTextField-root&quot;
            &gt;
              &lt;label
                class=&quot;MuiFormLabel-root MuiInputLabel-root MuiInputLabel-formControl MuiInputLabel-animated MuiInputLabel-shrink MuiInputLabel-sizeMedium MuiInputLabel-outlined MuiFormLabel-colorPrimary Mui-focused Mui-required MuiInputLabel-root MuiInputLabel-formControl MuiInputLabel-animated MuiInputLabel-shrink MuiInputLabel-sizeMedium MuiInputLabel-outlined css-1jy569b-MuiFormLabel-root-MuiInputLabel-root&quot;
                data-shrink=&quot;true&quot;
                for=&quot;email&quot;
                id=&quot;email-label&quot;
              &gt;
                Correo Electrónico
                &lt;span
                  aria-hidden=&quot;true&quot;
                  class=&quot;MuiFormLabel-asterisk MuiInputLabel-asterisk css-wgai2y-MuiFormLabel-asterisk&quot;
                &gt;
                   
                  *
                &lt;/span&gt;
              &lt;/label&gt;
              &lt;div
                class=&quot;MuiInputBase-root MuiOutlinedInput-root MuiInputBase-colorPrimary MuiInputBase-fullWidth Mui-focused MuiInputBase-formControl css-md26zr-MuiInputBase-root-MuiOutlinedInput-root&quot;
              &gt;
                &lt;input
                  aria-describedby=&quot;email-helper-text&quot;
                  aria-invalid=&quot;false&quot;
                  autocomplete=&quot;email&quot;
                  class=&quot;MuiInputBase-input MuiOutlinedInput-input css-1t8l2tu-MuiInputBase-input-MuiOutlinedInput-input&quot;
                  id=&quot;email&quot;
                  name=&quot;email&quot;
                  required=&quot;&quot;
                  type=&quot;email&quot;
                  value=&quot;&quot;
                /&gt;
                &lt;fieldset
                  aria-hidden=&quot;true&quot;
                  class=&quot;MuiOutlinedInput-notchedOutline css-1d3z3hw-MuiOutlinedInput-notchedOutline&quot;
                &gt;
                  &lt;legend
                    class=&quot;css-14lo706&quot;
                  &gt;
                    &lt;span&gt;
                      Correo Electrónico
                       
                      *
                    &lt;/span&gt;
                  &lt;/legend&gt;
                &lt;/fieldset&gt;
              &lt;/div&gt;
              &lt;p
                class=&quot;MuiFormHelperText-root MuiFormHelperText-sizeMedium MuiFormHelperText-contained Mui-focused Mui-required css-1wc848c-MuiFormHelperText-root&quot;
                id=&quot;email-helper-text&quot;
              &gt;
                Ingrese su correo electrónico
              &lt;/p&gt;
            &lt;/div&gt;
            &lt;div
              class=&quot;MuiFormControl-root MuiFormControl-marginNormal MuiFormControl-fullWidth MuiTextField-root css-17vbkzs-MuiFormControl-root-MuiTextField-root&quot;
            &gt;
              &lt;label
                class=&quot;MuiFormLabel-root MuiInputLabel-root MuiInputLabel-formControl MuiInputLabel-animated MuiInputLabel-sizeMedium MuiInputLabel-outlined MuiFormLabel-colorPrimary Mui-required MuiInputLabel-root MuiInputLabel-formControl MuiInputLabel-animated MuiInputLabel-sizeMedium MuiInputLabel-outlined css-14s5rfu-MuiFormLabel-root-MuiInputLabel-root&quot;
                data-shrink=&quot;false&quot;
                for=&quot;password&quot;
                id=&quot;password-label&quot;
              &gt;
                Contraseña
                &lt;span
                  aria-hidden=&quot;true&quot;
                  class=&quot;MuiFormLabel-asterisk MuiInputLabel-asterisk css-wgai2y-MuiFormLabel-asterisk&quot;
                &gt;
                   
                  *
                &lt;/span&gt;
              &lt;/label&gt;
              &lt;div
                class=&quot;MuiInputBase-root MuiOutlinedInput-root MuiInputBase-colorPrimary MuiInputBase-fullWidth MuiInputBase-formControl css-md26zr-MuiInputBase-root-MuiOutlinedInput-root&quot;
              &gt;
                &lt;input
                  aria-describedby=&quot;password-helper-text&quot;
                  aria-invalid=&quot;false&quot;
                  autocomplete=&quot;current-password&quot;
                  class=&quot;MuiInputBase-input MuiOutlinedInput-input css-1t8l2tu-MuiInputBase-input-MuiOutlinedInput-input&quot;
                  id=&quot;password&quot;
                  name=&quot;password&quot;
                  required=&quot;&quot;
                  type=&quot;password&quot;
                  value=&quot;&quot;
                /&gt;
                &lt;fieldset
                  aria-hidden=&quot;true&quot;
                  class=&quot;MuiOutlinedInput-notchedOutline css-1d3z3hw-MuiOutlinedInput-notchedOutline&quot;
                &gt;
                  &lt;legend
                    class=&quot;css-yjsfm1&quot;
                  &gt;
                    &lt;span&gt;
                      Contraseña
                       
                      *
                    &lt;/span&gt;
                  &lt;/legend&gt;
                &lt;/fieldset&gt;
              &lt;/div&gt;
              &lt;p
                class=&quot;MuiFormHelperText-root MuiFormHelperText-sizeMedium MuiFormHelperText-contained Mui-required css-1wc848c-MuiFormHelperText-root&quot;
                id=&quot;password-helper-text&quot;
              &gt;
                Ingrese su contraseña
              &lt;/p&gt;
            &lt;/div&gt;
            &lt;button
              class=&quot;MuiButtonBase-root MuiButton-root MuiButton-contained MuiButton-containedPrimary MuiButton-sizeMedium MuiButton-containedSizeMedium MuiButton-colorPrimary MuiButton-fullWidth MuiButton-root MuiButton-contained MuiButton-containedPrimary MuiButton-sizeMedium MuiButton-containedSizeMedium MuiButton-colorPrimary MuiButton-fullWidth css-1vhaqj4-MuiButtonBase-root-MuiButton-root&quot;
              tabindex=&quot;0&quot;
              type=&quot;submit&quot;
            &gt;
              Entrar
              &lt;span
                class=&quot;MuiTouchRipple-root css-8je8zh-MuiTouchRipple-root&quot;
              /&gt;
            &lt;/button&gt;
            &lt;div
              class=&quot;MuiBox-root css-xi606m&quot;
            &gt;
              &lt;button
                class=&quot;MuiTypography-root MuiTypography-body2 MuiLink-root MuiLink-underlineAlways MuiLink-button css-z246bh-MuiTypography-root-MuiLink-root&quot;
              &gt;
                ¿No tienes una cuenta? Crear usuario
              &lt;/button&gt;
            &lt;/div&gt;
          &lt;/form&gt;
        &lt;/div&gt;
      &lt;/div&gt;
    &lt;/main&gt;
  &lt;/div&gt;
&lt;/body&gt;
    at Object.getElementError (C:\Users\nicol\OneDrive\Documentos\GitHub\metricas\cliente\node_modules\@testing-library\dom\dist\config.js:37:19)
    at getAllByLabelText (C:\Users\nicol\OneDrive\Documentos\GitHub\metricas\cliente\node_modules\@testing-library\dom\dist\queries\label-text.js:103:38)
    at C:\Users\nicol\OneDrive\Documentos\GitHub\metricas\cliente\node_modules\@testing-library\dom\dist\query-helpers.js:52:17
    at C:\Users\nicol\OneDrive\Documentos\GitHub\metricas\cliente\node_modules\@testing-library\dom\dist\query-helpers.js:95:19
    at Object.getByLabelText (C:\Users\nicol\OneDrive\Documentos\GitHub\metricas\cliente\src\components\__tests__\Login.test.jsx:30:19)
    at Promise.then.completed (C:\Users\nicol\OneDrive\Documentos\GitHub\metricas\cliente\node_modules\jest-circus\build\utils.js:298:28)
    at new Promise (&lt;anonymous&gt;)
    at callAsyncCircusFn (C:\Users\nicol\OneDrive\Documentos\GitHub\metricas\cliente\node_modules\jest-circus\build\utils.js:231:10)
    at _callCircusTest (C:\Users\nicol\OneDrive\Documentos\GitHub\metricas\cliente\node_modules\jest-circus\build\run.js:316:40)
    at processTicksAndRejections (node:internal/process/task_queues:105:5)
    at _runTest (C:\Users\nicol\OneDrive\Documentos\GitHub\metricas\cliente\node_modules\jest-circus\build\run.js:252:3)
    at _runTestsForDescribeBlock (C:\Users\nicol\OneDrive\Documentos\GitHub\metricas\cliente\node_modules\jest-circus\build\run.js:126:9)
    at _runTestsForDescribeBlock (C:\Users\nicol\OneDrive\Documentos\GitHub\metricas\cliente\node_modules\jest-circus\build\run.js:121:9)
    at run (C:\Users\nicol\OneDrive\Documentos\GitHub\metricas\cliente\node_modules\jest-circus\build\run.js:71:3)
    at runAndTransformResultsToJestFormat (C:\Users\nicol\OneDrive\Documentos\GitHub\metricas\cliente\node_modules\jest-circus\build\legacy-code-todo-rewrite\jestAdapterInit.js:122:21)
    at jestAdapter (C:\Users\nicol\OneDrive\Documentos\GitHub\metricas\cliente\node_modules\jest-circus\build\legacy-code-todo-rewrite\jestAdapter.js:79:19)
    at runTestInternal (C:\Users\nicol\OneDrive\Documentos\GitHub\metricas\cliente\node_modules\jest-runner\build\runTest.js:367:16)
    at runTest (C:\Users\nicol\OneDrive\Documentos\GitHub\metricas\cliente\node_modules\jest-runner\build\runTest.js:444:34)
    at Object.worker (C:\Users\nicol\OneDrive\Documentos\GitHub\metricas\cliente\node_modules\jest-runner\build\testWorker.js:106:12)</failure>
    </testcase>
    <testcase classname="Login Component validates required fields" name="Login Component validates required fields" time="1.355">
      <failure>TestingLibraryElementError: Unable to find an accessible element with the role &quot;button&quot; and name `/iniciar sesión/i`

Here are the accessible roles:

  main:

  Name &quot;&quot;:
  &lt;main
    class=&quot;MuiContainer-root MuiContainer-maxWidthXs css-nzinn5-MuiContainer-root&quot;
  /&gt;

  --------------------------------------------------
  heading:

  Name &quot;Iniciar Sesión&quot;:
  &lt;h1
    class=&quot;MuiTypography-root MuiTypography-h5 css-ag7rrr-MuiTypography-root&quot;
  /&gt;

  --------------------------------------------------
  textbox:

  Name &quot;Correo Electrónico&quot;:
  &lt;input
    aria-describedby=&quot;email-helper-text&quot;
    aria-invalid=&quot;false&quot;
    autocomplete=&quot;email&quot;
    class=&quot;MuiInputBase-input MuiOutlinedInput-input css-1t8l2tu-MuiInputBase-input-MuiOutlinedInput-input&quot;
    id=&quot;email&quot;
    name=&quot;email&quot;
    required=&quot;&quot;
    type=&quot;email&quot;
    value=&quot;&quot;
  /&gt;

  --------------------------------------------------
  button:

  Name &quot;Entrar&quot;:
  &lt;button
    class=&quot;MuiButtonBase-root MuiButton-root MuiButton-contained MuiButton-containedPrimary MuiButton-sizeMedium MuiButton-containedSizeMedium MuiButton-colorPrimary MuiButton-fullWidth MuiButton-root MuiButton-contained MuiButton-containedPrimary MuiButton-sizeMedium MuiButton-containedSizeMedium MuiButton-colorPrimary MuiButton-fullWidth css-1vhaqj4-MuiButtonBase-root-MuiButton-root&quot;
    tabindex=&quot;0&quot;
    type=&quot;submit&quot;
  /&gt;

  Name &quot;¿No tienes una cuenta? Crear usuario&quot;:
  &lt;button
    class=&quot;MuiTypography-root MuiTypography-body2 MuiLink-root MuiLink-underlineAlways MuiLink-button css-z246bh-MuiTypography-root-MuiLink-root&quot;
  /&gt;

  --------------------------------------------------

Ignored nodes: comments, script, style
&lt;body&gt;
  &lt;div&gt;
    &lt;main
      class=&quot;MuiContainer-root MuiContainer-maxWidthXs css-nzinn5-MuiContainer-root&quot;
    &gt;
      &lt;div
        class=&quot;MuiBox-root css-binzgt&quot;
      &gt;
        &lt;div
          class=&quot;MuiPaper-root MuiPaper-elevation MuiPaper-rounded MuiPaper-elevation3 css-wv0jko-MuiPaper-root&quot;
        &gt;
          &lt;h1
            class=&quot;MuiTypography-root MuiTypography-h5 css-ag7rrr-MuiTypography-root&quot;
          &gt;
            Iniciar Sesión
          &lt;/h1&gt;
          &lt;form
            class=&quot;MuiBox-root css-164r41r&quot;
          &gt;
            &lt;div
              class=&quot;MuiFormControl-root MuiFormControl-marginNormal MuiFormControl-fullWidth MuiTextField-root css-17vbkzs-MuiFormControl-root-MuiTextField-root&quot;
            &gt;
              &lt;label
                class=&quot;MuiFormLabel-root MuiInputLabel-root MuiInputLabel-formControl MuiInputLabel-animated MuiInputLabel-shrink MuiInputLabel-sizeMedium MuiInputLabel-outlined MuiFormLabel-colorPrimary Mui-focused Mui-required MuiInputLabel-root MuiInputLabel-formControl MuiInputLabel-animated MuiInputLabel-shrink MuiInputLabel-sizeMedium MuiInputLabel-outlined css-1jy569b-MuiFormLabel-root-MuiInputLabel-root&quot;
                data-shrink=&quot;true&quot;
                for=&quot;email&quot;
                id=&quot;email-label&quot;
              &gt;
                Correo Electrónico
                &lt;span
                  aria-hidden=&quot;true&quot;
                  class=&quot;MuiFormLabel-asterisk MuiInputLabel-asterisk css-wgai2y-MuiFormLabel-asterisk&quot;
                &gt;
                   
                  *
                &lt;/span&gt;
              &lt;/label&gt;
              &lt;div
                class=&quot;MuiInputBase-root MuiOutlinedInput-root MuiInputBase-colorPrimary MuiInputBase-fullWidth Mui-focused MuiInputBase-formControl css-md26zr-MuiInputBase-root-MuiOutlinedInput-root&quot;
              &gt;
                &lt;input
                  aria-describedby=&quot;email-helper-text&quot;
                  aria-invalid=&quot;false&quot;
                  autocomplete=&quot;email&quot;
                  class=&quot;MuiInputBase-input MuiOutlinedInput-input css-1t8l2tu-MuiInputBase-input-MuiOutlinedInput-input&quot;
                  id=&quot;email&quot;
                  name=&quot;email&quot;
                  required=&quot;&quot;
                  type=&quot;email&quot;
                  value=&quot;&quot;
                /&gt;
                &lt;fieldset
                  aria-hidden=&quot;true&quot;
                  class=&quot;MuiOutlinedInput-notchedOutline css-1d3z3hw-MuiOutlinedInput-notchedOutline&quot;
                &gt;
                  &lt;legend
                    class=&quot;css-14lo706&quot;
                  &gt;
                    &lt;span&gt;
                      Correo Electrónico
                       
                      *
                    &lt;/span&gt;
                  &lt;/legend&gt;
                &lt;/fieldset&gt;
              &lt;/div&gt;
              &lt;p
                class=&quot;MuiFormHelperText-root MuiFormHelperText-sizeMedium MuiFormHelperText-contained Mui-focused Mui-required css-1wc848c-MuiFormHelperText-root&quot;
                id=&quot;email-helper-text&quot;
              &gt;
                Ingrese su correo electrónico
              &lt;/p&gt;
            &lt;/div&gt;
            &lt;div
              class=&quot;MuiFormControl-root MuiFormControl-marginNormal MuiFormControl-fullWidth MuiTextField-root css-17vbkzs-MuiFormControl-root-MuiTextField-root&quot;
            &gt;
              &lt;label
                class=&quot;MuiFormLabel-root MuiInputLabel-root MuiInputLabel-formControl MuiInputLabel-animated MuiInputLabel-sizeMedium MuiInputLabel-outlined MuiFormLabel-colorPrimary Mui-required MuiInputLabel-root MuiInputLabel-formControl MuiInputLabel-animated MuiInputLabel-sizeMedium MuiInputLabel-outlined css-14s5rfu-MuiFormLabel-root-MuiInputLabel-root&quot;
                data-shrink=&quot;false&quot;
                for=&quot;password&quot;
                id=&quot;password-label&quot;
              &gt;
                Contraseña
                &lt;span
                  aria-hidden=&quot;true&quot;
                  class=&quot;MuiFormLabel-asterisk MuiInputLabel-asterisk css-wgai2y-MuiFormLabel-asterisk&quot;
                &gt;
                   
                  *
                &lt;/span&gt;
              &lt;/label&gt;
              &lt;div
                class=&quot;MuiInputBase-root MuiOutlinedInput-root MuiInputBase-colorPrimary MuiInputBase-fullWidth MuiInputBase-formControl css-md26zr-MuiInputBase-root-MuiOutlinedInput-root&quot;
              &gt;
                &lt;input
                  aria-describedby=&quot;password-helper-text&quot;
                  aria-invalid=&quot;false&quot;
                  autocomplete=&quot;current-password&quot;
                  class=&quot;MuiInputBase-input MuiOutlinedInput-input css-1t8l2tu-MuiInputBase-input-MuiOutlinedInput-input&quot;
                  id=&quot;password&quot;
                  name=&quot;password&quot;
                  required=&quot;&quot;
                  type=&quot;password&quot;
                  value=&quot;&quot;
                /&gt;
                &lt;fieldset
                  aria-hidden=&quot;true&quot;
                  class=&quot;MuiOutlinedInput-notchedOutline css-1d3z3hw-MuiOutlinedInput-notchedOutline&quot;
                &gt;
                  &lt;legend
                    class=&quot;css-yjsfm1&quot;
                  &gt;
                    &lt;span&gt;
                      Contraseña
                       
                      *
                    &lt;/span&gt;
                  &lt;/legend&gt;
                &lt;/fieldset&gt;
              &lt;/div&gt;
              &lt;p
                class=&quot;MuiFormHelperText-root MuiFormHelperText-sizeMedium MuiFormHelperText-contained Mui-required css-1wc848c-MuiFormHelperText-root&quot;
                id=&quot;password-helper-text&quot;
              &gt;
                Ingrese su contraseña
              &lt;/p&gt;
            &lt;/div&gt;
            &lt;button
              class=&quot;MuiButtonBase-root MuiButton-root MuiButton-contained MuiButton-containedPrimary MuiButton-sizeMedium MuiButton-containedSizeMedium MuiButton-colorPrimary MuiButton-fullWidth MuiButton-root MuiButton-contained MuiButton-containedPrimary MuiButton-sizeMedium MuiButton-containedSizeMedium MuiButton-colorPrimary MuiButton-fullWidth css-1vhaqj4-MuiButtonBase-root-MuiButton-root&quot;
              tabindex=&quot;0&quot;
              type=&quot;submit&quot;
            &gt;
              Entrar
              &lt;span
                class=&quot;MuiTouchRipple-root css-8je8zh-MuiTouchRipple-root&quot;
              /&gt;
            &lt;/button&gt;
            &lt;div
              class=&quot;MuiBox-root css-xi606m&quot;
            &gt;
              &lt;button
                class=&quot;MuiTypography-root MuiTypography-body2 MuiLink-root MuiLink-underlineAlways MuiLink-button css-z246bh-MuiTypography-root-MuiLink-root&quot;
              &gt;
                ¿No tienes una cuenta? Crear usuario
              &lt;/button&gt;
            &lt;/div&gt;
          &lt;/form&gt;
        &lt;/div&gt;
      &lt;/div&gt;
    &lt;/main&gt;
  &lt;/div&gt;
&lt;/body&gt;
    at Object.getElementError (C:\Users\nicol\OneDrive\Documentos\GitHub\metricas\cliente\node_modules\@testing-library\dom\dist\config.js:37:19)
    at C:\Users\nicol\OneDrive\Documentos\GitHub\metricas\cliente\node_modules\@testing-library\dom\dist\query-helpers.js:76:38
    at C:\Users\nicol\OneDrive\Documentos\GitHub\metricas\cliente\node_modules\@testing-library\dom\dist\query-helpers.js:52:17
    at C:\Users\nicol\OneDrive\Documentos\GitHub\metricas\cliente\node_modules\@testing-library\dom\dist\query-helpers.js:95:19
    at getByRole (C:\Users\nicol\OneDrive\Documentos\GitHub\metricas\cliente\src\components\__tests__\Login.test.jsx:37:33)
    at call (C:\Users\nicol\OneDrive\Documentos\GitHub\metricas\cliente\src\components\__tests__\Login.test.jsx:2:1)
    at Generator.tryCatch (C:\Users\nicol\OneDrive\Documentos\GitHub\metricas\cliente\src\components\__tests__\Login.test.jsx:2:1)
    at Generator._invoke [as next] (C:\Users\nicol\OneDrive\Documentos\GitHub\metricas\cliente\src\components\__tests__\Login.test.jsx:2:1)
    at asyncGeneratorStep (C:\Users\nicol\OneDrive\Documentos\GitHub\metricas\cliente\src\components\__tests__\Login.test.jsx:2:1)
    at asyncGeneratorStep (C:\Users\nicol\OneDrive\Documentos\GitHub\metricas\cliente\src\components\__tests__\Login.test.jsx:2:1)
    at _next (C:\Users\nicol\OneDrive\Documentos\GitHub\metricas\cliente\src\components\__tests__\Login.test.jsx:2:1)
    at new Promise (&lt;anonymous&gt;)
    at Object.&lt;anonymous&gt; (C:\Users\nicol\OneDrive\Documentos\GitHub\metricas\cliente\src\components\__tests__\Login.test.jsx:2:1)
    at Promise.then.completed (C:\Users\nicol\OneDrive\Documentos\GitHub\metricas\cliente\node_modules\jest-circus\build\utils.js:298:28)
    at new Promise (&lt;anonymous&gt;)
    at callAsyncCircusFn (C:\Users\nicol\OneDrive\Documentos\GitHub\metricas\cliente\node_modules\jest-circus\build\utils.js:231:10)
    at _callCircusTest (C:\Users\nicol\OneDrive\Documentos\GitHub\metricas\cliente\node_modules\jest-circus\build\run.js:316:40)
    at processTicksAndRejections (node:internal/process/task_queues:105:5)
    at _runTest (C:\Users\nicol\OneDrive\Documentos\GitHub\metricas\cliente\node_modules\jest-circus\build\run.js:252:3)
    at _runTestsForDescribeBlock (C:\Users\nicol\OneDrive\Documentos\GitHub\metricas\cliente\node_modules\jest-circus\build\run.js:126:9)
    at _runTestsForDescribeBlock (C:\Users\nicol\OneDrive\Documentos\GitHub\metricas\cliente\node_modules\jest-circus\build\run.js:121:9)
    at run (C:\Users\nicol\OneDrive\Documentos\GitHub\metricas\cliente\node_modules\jest-circus\build\run.js:71:3)
    at runAndTransformResultsToJestFormat (C:\Users\nicol\OneDrive\Documentos\GitHub\metricas\cliente\node_modules\jest-circus\build\legacy-code-todo-rewrite\jestAdapterInit.js:122:21)
    at jestAdapter (C:\Users\nicol\OneDrive\Documentos\GitHub\metricas\cliente\node_modules\jest-circus\build\legacy-code-todo-rewrite\jestAdapter.js:79:19)
    at runTestInternal (C:\Users\nicol\OneDrive\Documentos\GitHub\metricas\cliente\node_modules\jest-runner\build\runTest.js:367:16)
    at runTest (C:\Users\nicol\OneDrive\Documentos\GitHub\metricas\cliente\node_modules\jest-runner\build\runTest.js:444:34)
    at Object.worker (C:\Users\nicol\OneDrive\Documentos\GitHub\metricas\cliente\node_modules\jest-runner\build\testWorker.js:106:12)</failure>
    </testcase>
    <testcase classname="Login Component validates email format" name="Login Component validates email format" time="0.071">
      <failure>TestingLibraryElementError: Unable to find a label with the text of: /email/i

Ignored nodes: comments, script, style
&lt;body&gt;
  &lt;div&gt;
    &lt;main
      class=&quot;MuiContainer-root MuiContainer-maxWidthXs css-nzinn5-MuiContainer-root&quot;
    &gt;
      &lt;div
        class=&quot;MuiBox-root css-binzgt&quot;
      &gt;
        &lt;div
          class=&quot;MuiPaper-root MuiPaper-elevation MuiPaper-rounded MuiPaper-elevation3 css-wv0jko-MuiPaper-root&quot;
        &gt;
          &lt;h1
            class=&quot;MuiTypography-root MuiTypography-h5 css-ag7rrr-MuiTypography-root&quot;
          &gt;
            Iniciar Sesión
          &lt;/h1&gt;
          &lt;form
            class=&quot;MuiBox-root css-164r41r&quot;
          &gt;
            &lt;div
              class=&quot;MuiFormControl-root MuiFormControl-marginNormal MuiFormControl-fullWidth MuiTextField-root css-17vbkzs-MuiFormControl-root-MuiTextField-root&quot;
            &gt;
              &lt;label
                class=&quot;MuiFormLabel-root MuiInputLabel-root MuiInputLabel-formControl MuiInputLabel-animated MuiInputLabel-shrink MuiInputLabel-sizeMedium MuiInputLabel-outlined MuiFormLabel-colorPrimary Mui-focused Mui-required MuiInputLabel-root MuiInputLabel-formControl MuiInputLabel-animated MuiInputLabel-shrink MuiInputLabel-sizeMedium MuiInputLabel-outlined css-1jy569b-MuiFormLabel-root-MuiInputLabel-root&quot;
                data-shrink=&quot;true&quot;
                for=&quot;email&quot;
                id=&quot;email-label&quot;
              &gt;
                Correo Electrónico
                &lt;span
                  aria-hidden=&quot;true&quot;
                  class=&quot;MuiFormLabel-asterisk MuiInputLabel-asterisk css-wgai2y-MuiFormLabel-asterisk&quot;
                &gt;
                   
                  *
                &lt;/span&gt;
              &lt;/label&gt;
              &lt;div
                class=&quot;MuiInputBase-root MuiOutlinedInput-root MuiInputBase-colorPrimary MuiInputBase-fullWidth Mui-focused MuiInputBase-formControl css-md26zr-MuiInputBase-root-MuiOutlinedInput-root&quot;
              &gt;
                &lt;input
                  aria-describedby=&quot;email-helper-text&quot;
                  aria-invalid=&quot;false&quot;
                  autocomplete=&quot;email&quot;
                  class=&quot;MuiInputBase-input MuiOutlinedInput-input css-1t8l2tu-MuiInputBase-input-MuiOutlinedInput-input&quot;
                  id=&quot;email&quot;
                  name=&quot;email&quot;
                  required=&quot;&quot;
                  type=&quot;email&quot;
                  value=&quot;&quot;
                /&gt;
                &lt;fieldset
                  aria-hidden=&quot;true&quot;
                  class=&quot;MuiOutlinedInput-notchedOutline css-1d3z3hw-MuiOutlinedInput-notchedOutline&quot;
                &gt;
                  &lt;legend
                    class=&quot;css-14lo706&quot;
                  &gt;
                    &lt;span&gt;
                      Correo Electrónico
                       
                      *
                    &lt;/span&gt;
                  &lt;/legend&gt;
                &lt;/fieldset&gt;
              &lt;/div&gt;
              &lt;p
                class=&quot;MuiFormHelperText-root MuiFormHelperText-sizeMedium MuiFormHelperText-contained Mui-focused Mui-required css-1wc848c-MuiFormHelperText-root&quot;
                id=&quot;email-helper-text&quot;
              &gt;
                Ingrese su correo electrónico
              &lt;/p&gt;
            &lt;/div&gt;
            &lt;div
              class=&quot;MuiFormControl-root MuiFormControl-marginNormal MuiFormControl-fullWidth MuiTextField-root css-17vbkzs-MuiFormControl-root-MuiTextField-root&quot;
            &gt;
              &lt;label
                class=&quot;MuiFormLabel-root MuiInputLabel-root MuiInputLabel-formControl MuiInputLabel-animated MuiInputLabel-sizeMedium MuiInputLabel-outlined MuiFormLabel-colorPrimary Mui-required MuiInputLabel-root MuiInputLabel-formControl MuiInputLabel-animated MuiInputLabel-sizeMedium MuiInputLabel-outlined css-14s5rfu-MuiFormLabel-root-MuiInputLabel-root&quot;
                data-shrink=&quot;false&quot;
                for=&quot;password&quot;
                id=&quot;password-label&quot;
              &gt;
                Contraseña
                &lt;span
                  aria-hidden=&quot;true&quot;
                  class=&quot;MuiFormLabel-asterisk MuiInputLabel-asterisk css-wgai2y-MuiFormLabel-asterisk&quot;
                &gt;
                   
                  *
                &lt;/span&gt;
              &lt;/label&gt;
              &lt;div
                class=&quot;MuiInputBase-root MuiOutlinedInput-root MuiInputBase-colorPrimary MuiInputBase-fullWidth MuiInputBase-formControl css-md26zr-MuiInputBase-root-MuiOutlinedInput-root&quot;
              &gt;
                &lt;input
                  aria-describedby=&quot;password-helper-text&quot;
                  aria-invalid=&quot;false&quot;
                  autocomplete=&quot;current-password&quot;
                  class=&quot;MuiInputBase-input MuiOutlinedInput-input css-1t8l2tu-MuiInputBase-input-MuiOutlinedInput-input&quot;
                  id=&quot;password&quot;
                  name=&quot;password&quot;
                  required=&quot;&quot;
                  type=&quot;password&quot;
                  value=&quot;&quot;
                /&gt;
                &lt;fieldset
                  aria-hidden=&quot;true&quot;
                  class=&quot;MuiOutlinedInput-notchedOutline css-1d3z3hw-MuiOutlinedInput-notchedOutline&quot;
                &gt;
                  &lt;legend
                    class=&quot;css-yjsfm1&quot;
                  &gt;
                    &lt;span&gt;
                      Contraseña
                       
                      *
                    &lt;/span&gt;
                  &lt;/legend&gt;
                &lt;/fieldset&gt;
              &lt;/div&gt;
              &lt;p
                class=&quot;MuiFormHelperText-root MuiFormHelperText-sizeMedium MuiFormHelperText-contained Mui-required css-1wc848c-MuiFormHelperText-root&quot;
                id=&quot;password-helper-text&quot;
              &gt;
                Ingrese su contraseña
              &lt;/p&gt;
            &lt;/div&gt;
            &lt;button
              class=&quot;MuiButtonBase-root MuiButton-root MuiButton-contained MuiButton-containedPrimary MuiButton-sizeMedium MuiButton-containedSizeMedium MuiButton-colorPrimary MuiButton-fullWidth MuiButton-root MuiButton-contained MuiButton-containedPrimary MuiButton-sizeMedium MuiButton-containedSizeMedium MuiButton-colorPrimary MuiButton-fullWidth css-1vhaqj4-MuiButtonBase-root-MuiButton-root&quot;
              tabindex=&quot;0&quot;
              type=&quot;submit&quot;
            &gt;
              Entrar
              &lt;span
                class=&quot;MuiTouchRipple-root css-8je8zh-MuiTouchRipple-root&quot;
              /&gt;
            &lt;/button&gt;
            &lt;div
              class=&quot;MuiBox-root css-xi606m&quot;
            &gt;
              &lt;button
                class=&quot;MuiTypography-root MuiTypography-body2 MuiLink-root MuiLink-underlineAlways MuiLink-button css-z246bh-MuiTypography-root-MuiLink-root&quot;
              &gt;
                ¿No tienes una cuenta? Crear usuario
              &lt;/button&gt;
            &lt;/div&gt;
          &lt;/form&gt;
        &lt;/div&gt;
      &lt;/div&gt;
    &lt;/main&gt;
  &lt;/div&gt;
&lt;/body&gt;
    at Object.getElementError (C:\Users\nicol\OneDrive\Documentos\GitHub\metricas\cliente\node_modules\@testing-library\dom\dist\config.js:37:19)
    at getAllByLabelText (C:\Users\nicol\OneDrive\Documentos\GitHub\metricas\cliente\node_modules\@testing-library\dom\dist\queries\label-text.js:103:38)
    at C:\Users\nicol\OneDrive\Documentos\GitHub\metricas\cliente\node_modules\@testing-library\dom\dist\query-helpers.js:52:17
    at C:\Users\nicol\OneDrive\Documentos\GitHub\metricas\cliente\node_modules\@testing-library\dom\dist\query-helpers.js:95:19
    at getByLabelText (C:\Users\nicol\OneDrive\Documentos\GitHub\metricas\cliente\src\components\__tests__\Login.test.jsx:49:31)
    at call (C:\Users\nicol\OneDrive\Documentos\GitHub\metricas\cliente\src\components\__tests__\Login.test.jsx:2:1)
    at Generator.tryCatch (C:\Users\nicol\OneDrive\Documentos\GitHub\metricas\cliente\src\components\__tests__\Login.test.jsx:2:1)
    at Generator._invoke [as next] (C:\Users\nicol\OneDrive\Documentos\GitHub\metricas\cliente\src\components\__tests__\Login.test.jsx:2:1)
    at asyncGeneratorStep (C:\Users\nicol\OneDrive\Documentos\GitHub\metricas\cliente\src\components\__tests__\Login.test.jsx:2:1)
    at asyncGeneratorStep (C:\Users\nicol\OneDrive\Documentos\GitHub\metricas\cliente\src\components\__tests__\Login.test.jsx:2:1)
    at _next (C:\Users\nicol\OneDrive\Documentos\GitHub\metricas\cliente\src\components\__tests__\Login.test.jsx:2:1)
    at new Promise (&lt;anonymous&gt;)
    at Object.&lt;anonymous&gt; (C:\Users\nicol\OneDrive\Documentos\GitHub\metricas\cliente\src\components\__tests__\Login.test.jsx:2:1)
    at Promise.then.completed (C:\Users\nicol\OneDrive\Documentos\GitHub\metricas\cliente\node_modules\jest-circus\build\utils.js:298:28)
    at new Promise (&lt;anonymous&gt;)
    at callAsyncCircusFn (C:\Users\nicol\OneDrive\Documentos\GitHub\metricas\cliente\node_modules\jest-circus\build\utils.js:231:10)
    at _callCircusTest (C:\Users\nicol\OneDrive\Documentos\GitHub\metricas\cliente\node_modules\jest-circus\build\run.js:316:40)
    at processTicksAndRejections (node:internal/process/task_queues:105:5)
    at _runTest (C:\Users\nicol\OneDrive\Documentos\GitHub\metricas\cliente\node_modules\jest-circus\build\run.js:252:3)
    at _runTestsForDescribeBlock (C:\Users\nicol\OneDrive\Documentos\GitHub\metricas\cliente\node_modules\jest-circus\build\run.js:126:9)
    at _runTestsForDescribeBlock (C:\Users\nicol\OneDrive\Documentos\GitHub\metricas\cliente\node_modules\jest-circus\build\run.js:121:9)
    at run (C:\Users\nicol\OneDrive\Documentos\GitHub\metricas\cliente\node_modules\jest-circus\build\run.js:71:3)
    at runAndTransformResultsToJestFormat (C:\Users\nicol\OneDrive\Documentos\GitHub\metricas\cliente\node_modules\jest-circus\build\legacy-code-todo-rewrite\jestAdapterInit.js:122:21)
    at jestAdapter (C:\Users\nicol\OneDrive\Documentos\GitHub\metricas\cliente\node_modules\jest-circus\build\legacy-code-todo-rewrite\jestAdapter.js:79:19)
    at runTestInternal (C:\Users\nicol\OneDrive\Documentos\GitHub\metricas\cliente\node_modules\jest-runner\build\runTest.js:367:16)
    at runTest (C:\Users\nicol\OneDrive\Documentos\GitHub\metricas\cliente\node_modules\jest-runner\build\runTest.js:444:34)
    at Object.worker (C:\Users\nicol\OneDrive\Documentos\GitHub\metricas\cliente\node_modules\jest-runner\build\testWorker.js:106:12)</failure>
    </testcase>
    <testcase classname="Login Component handles successful login" name="Login Component handles successful login" time="0.085">
      <failure>TestingLibraryElementError: Unable to find a label with the text of: /email/i

Ignored nodes: comments, script, style
&lt;body&gt;
  &lt;div&gt;
    &lt;main
      class=&quot;MuiContainer-root MuiContainer-maxWidthXs css-nzinn5-MuiContainer-root&quot;
    &gt;
      &lt;div
        class=&quot;MuiBox-root css-binzgt&quot;
      &gt;
        &lt;div
          class=&quot;MuiPaper-root MuiPaper-elevation MuiPaper-rounded MuiPaper-elevation3 css-wv0jko-MuiPaper-root&quot;
        &gt;
          &lt;h1
            class=&quot;MuiTypography-root MuiTypography-h5 css-ag7rrr-MuiTypography-root&quot;
          &gt;
            Iniciar Sesión
          &lt;/h1&gt;
          &lt;form
            class=&quot;MuiBox-root css-164r41r&quot;
          &gt;
            &lt;div
              class=&quot;MuiFormControl-root MuiFormControl-marginNormal MuiFormControl-fullWidth MuiTextField-root css-17vbkzs-MuiFormControl-root-MuiTextField-root&quot;
            &gt;
              &lt;label
                class=&quot;MuiFormLabel-root MuiInputLabel-root MuiInputLabel-formControl MuiInputLabel-animated MuiInputLabel-shrink MuiInputLabel-sizeMedium MuiInputLabel-outlined MuiFormLabel-colorPrimary Mui-focused Mui-required MuiInputLabel-root MuiInputLabel-formControl MuiInputLabel-animated MuiInputLabel-shrink MuiInputLabel-sizeMedium MuiInputLabel-outlined css-1jy569b-MuiFormLabel-root-MuiInputLabel-root&quot;
                data-shrink=&quot;true&quot;
                for=&quot;email&quot;
                id=&quot;email-label&quot;
              &gt;
                Correo Electrónico
                &lt;span
                  aria-hidden=&quot;true&quot;
                  class=&quot;MuiFormLabel-asterisk MuiInputLabel-asterisk css-wgai2y-MuiFormLabel-asterisk&quot;
                &gt;
                   
                  *
                &lt;/span&gt;
              &lt;/label&gt;
              &lt;div
                class=&quot;MuiInputBase-root MuiOutlinedInput-root MuiInputBase-colorPrimary MuiInputBase-fullWidth Mui-focused MuiInputBase-formControl css-md26zr-MuiInputBase-root-MuiOutlinedInput-root&quot;
              &gt;
                &lt;input
                  aria-describedby=&quot;email-helper-text&quot;
                  aria-invalid=&quot;false&quot;
                  autocomplete=&quot;email&quot;
                  class=&quot;MuiInputBase-input MuiOutlinedInput-input css-1t8l2tu-MuiInputBase-input-MuiOutlinedInput-input&quot;
                  id=&quot;email&quot;
                  name=&quot;email&quot;
                  required=&quot;&quot;
                  type=&quot;email&quot;
                  value=&quot;&quot;
                /&gt;
                &lt;fieldset
                  aria-hidden=&quot;true&quot;
                  class=&quot;MuiOutlinedInput-notchedOutline css-1d3z3hw-MuiOutlinedInput-notchedOutline&quot;
                &gt;
                  &lt;legend
                    class=&quot;css-14lo706&quot;
                  &gt;
                    &lt;span&gt;
                      Correo Electrónico
                       
                      *
                    &lt;/span&gt;
                  &lt;/legend&gt;
                &lt;/fieldset&gt;
              &lt;/div&gt;
              &lt;p
                class=&quot;MuiFormHelperText-root MuiFormHelperText-sizeMedium MuiFormHelperText-contained Mui-focused Mui-required css-1wc848c-MuiFormHelperText-root&quot;
                id=&quot;email-helper-text&quot;
              &gt;
                Ingrese su correo electrónico
              &lt;/p&gt;
            &lt;/div&gt;
            &lt;div
              class=&quot;MuiFormControl-root MuiFormControl-marginNormal MuiFormControl-fullWidth MuiTextField-root css-17vbkzs-MuiFormControl-root-MuiTextField-root&quot;
            &gt;
              &lt;label
                class=&quot;MuiFormLabel-root MuiInputLabel-root MuiInputLabel-formControl MuiInputLabel-animated MuiInputLabel-sizeMedium MuiInputLabel-outlined MuiFormLabel-colorPrimary Mui-required MuiInputLabel-root MuiInputLabel-formControl MuiInputLabel-animated MuiInputLabel-sizeMedium MuiInputLabel-outlined css-14s5rfu-MuiFormLabel-root-MuiInputLabel-root&quot;
                data-shrink=&quot;false&quot;
                for=&quot;password&quot;
                id=&quot;password-label&quot;
              &gt;
                Contraseña
                &lt;span
                  aria-hidden=&quot;true&quot;
                  class=&quot;MuiFormLabel-asterisk MuiInputLabel-asterisk css-wgai2y-MuiFormLabel-asterisk&quot;
                &gt;
                   
                  *
                &lt;/span&gt;
              &lt;/label&gt;
              &lt;div
                class=&quot;MuiInputBase-root MuiOutlinedInput-root MuiInputBase-colorPrimary MuiInputBase-fullWidth MuiInputBase-formControl css-md26zr-MuiInputBase-root-MuiOutlinedInput-root&quot;
              &gt;
                &lt;input
                  aria-describedby=&quot;password-helper-text&quot;
                  aria-invalid=&quot;false&quot;
                  autocomplete=&quot;current-password&quot;
                  class=&quot;MuiInputBase-input MuiOutlinedInput-input css-1t8l2tu-MuiInputBase-input-MuiOutlinedInput-input&quot;
                  id=&quot;password&quot;
                  name=&quot;password&quot;
                  required=&quot;&quot;
                  type=&quot;password&quot;
                  value=&quot;&quot;
                /&gt;
                &lt;fieldset
                  aria-hidden=&quot;true&quot;
                  class=&quot;MuiOutlinedInput-notchedOutline css-1d3z3hw-MuiOutlinedInput-notchedOutline&quot;
                &gt;
                  &lt;legend
                    class=&quot;css-yjsfm1&quot;
                  &gt;
                    &lt;span&gt;
                      Contraseña
                       
                      *
                    &lt;/span&gt;
                  &lt;/legend&gt;
                &lt;/fieldset&gt;
              &lt;/div&gt;
              &lt;p
                class=&quot;MuiFormHelperText-root MuiFormHelperText-sizeMedium MuiFormHelperText-contained Mui-required css-1wc848c-MuiFormHelperText-root&quot;
                id=&quot;password-helper-text&quot;
              &gt;
                Ingrese su contraseña
              &lt;/p&gt;
            &lt;/div&gt;
            &lt;button
              class=&quot;MuiButtonBase-root MuiButton-root MuiButton-contained MuiButton-containedPrimary MuiButton-sizeMedium MuiButton-containedSizeMedium MuiButton-colorPrimary MuiButton-fullWidth MuiButton-root MuiButton-contained MuiButton-containedPrimary MuiButton-sizeMedium MuiButton-containedSizeMedium MuiButton-colorPrimary MuiButton-fullWidth css-1vhaqj4-MuiButtonBase-root-MuiButton-root&quot;
              tabindex=&quot;0&quot;
              type=&quot;submit&quot;
            &gt;
              Entrar
              &lt;span
                class=&quot;MuiTouchRipple-root css-8je8zh-MuiTouchRipple-root&quot;
              /&gt;
            &lt;/button&gt;
            &lt;div
              class=&quot;MuiBox-root css-xi606m&quot;
            &gt;
              &lt;button
                class=&quot;MuiTypography-root MuiTypography-body2 MuiLink-root MuiLink-underlineAlways MuiLink-button css-z246bh-MuiTypography-root-MuiLink-root&quot;
              &gt;
                ¿No tienes una cuenta? Crear usuario
              &lt;/button&gt;
            &lt;/div&gt;
          &lt;/form&gt;
        &lt;/div&gt;
      &lt;/div&gt;
    &lt;/main&gt;
  &lt;/div&gt;
&lt;/body&gt;
    at Object.getElementError (C:\Users\nicol\OneDrive\Documentos\GitHub\metricas\cliente\node_modules\@testing-library\dom\dist\config.js:37:19)
    at getAllByLabelText (C:\Users\nicol\OneDrive\Documentos\GitHub\metricas\cliente\node_modules\@testing-library\dom\dist\queries\label-text.js:103:38)
    at C:\Users\nicol\OneDrive\Documentos\GitHub\metricas\cliente\node_modules\@testing-library\dom\dist\query-helpers.js:52:17
    at C:\Users\nicol\OneDrive\Documentos\GitHub\metricas\cliente\node_modules\@testing-library\dom\dist\query-helpers.js:95:19
    at getByLabelText (C:\Users\nicol\OneDrive\Documentos\GitHub\metricas\cliente\src\components\__tests__\Login.test.jsx:66:29)
    at call (C:\Users\nicol\OneDrive\Documentos\GitHub\metricas\cliente\src\components\__tests__\Login.test.jsx:2:1)
    at Generator.tryCatch (C:\Users\nicol\OneDrive\Documentos\GitHub\metricas\cliente\src\components\__tests__\Login.test.jsx:2:1)
    at Generator._invoke [as next] (C:\Users\nicol\OneDrive\Documentos\GitHub\metricas\cliente\src\components\__tests__\Login.test.jsx:2:1)
    at asyncGeneratorStep (C:\Users\nicol\OneDrive\Documentos\GitHub\metricas\cliente\src\components\__tests__\Login.test.jsx:2:1)
    at asyncGeneratorStep (C:\Users\nicol\OneDrive\Documentos\GitHub\metricas\cliente\src\components\__tests__\Login.test.jsx:2:1)
    at _next (C:\Users\nicol\OneDrive\Documentos\GitHub\metricas\cliente\src\components\__tests__\Login.test.jsx:2:1)
    at new Promise (&lt;anonymous&gt;)
    at Object.&lt;anonymous&gt; (C:\Users\nicol\OneDrive\Documentos\GitHub\metricas\cliente\src\components\__tests__\Login.test.jsx:2:1)
    at Promise.then.completed (C:\Users\nicol\OneDrive\Documentos\GitHub\metricas\cliente\node_modules\jest-circus\build\utils.js:298:28)
    at new Promise (&lt;anonymous&gt;)
    at callAsyncCircusFn (C:\Users\nicol\OneDrive\Documentos\GitHub\metricas\cliente\node_modules\jest-circus\build\utils.js:231:10)
    at _callCircusTest (C:\Users\nicol\OneDrive\Documentos\GitHub\metricas\cliente\node_modules\jest-circus\build\run.js:316:40)
    at processTicksAndRejections (node:internal/process/task_queues:105:5)
    at _runTest (C:\Users\nicol\OneDrive\Documentos\GitHub\metricas\cliente\node_modules\jest-circus\build\run.js:252:3)
    at _runTestsForDescribeBlock (C:\Users\nicol\OneDrive\Documentos\GitHub\metricas\cliente\node_modules\jest-circus\build\run.js:126:9)
    at _runTestsForDescribeBlock (C:\Users\nicol\OneDrive\Documentos\GitHub\metricas\cliente\node_modules\jest-circus\build\run.js:121:9)
    at run (C:\Users\nicol\OneDrive\Documentos\GitHub\metricas\cliente\node_modules\jest-circus\build\run.js:71:3)
    at runAndTransformResultsToJestFormat (C:\Users\nicol\OneDrive\Documentos\GitHub\metricas\cliente\node_modules\jest-circus\build\legacy-code-todo-rewrite\jestAdapterInit.js:122:21)
    at jestAdapter (C:\Users\nicol\OneDrive\Documentos\GitHub\metricas\cliente\node_modules\jest-circus\build\legacy-code-todo-rewrite\jestAdapter.js:79:19)
    at runTestInternal (C:\Users\nicol\OneDrive\Documentos\GitHub\metricas\cliente\node_modules\jest-runner\build\runTest.js:367:16)
    at runTest (C:\Users\nicol\OneDrive\Documentos\GitHub\metricas\cliente\node_modules\jest-runner\build\runTest.js:444:34)
    at Object.worker (C:\Users\nicol\OneDrive\Documentos\GitHub\metricas\cliente\node_modules\jest-runner\build\testWorker.js:106:12)</failure>
    </testcase>
    <testcase classname="Login Component handles login error" name="Login Component handles login error" time="0.089">
      <failure>TestingLibraryElementError: Unable to find a label with the text of: /email/i

Ignored nodes: comments, script, style
&lt;body&gt;
  &lt;div&gt;
    &lt;main
      class=&quot;MuiContainer-root MuiContainer-maxWidthXs css-nzinn5-MuiContainer-root&quot;
    &gt;
      &lt;div
        class=&quot;MuiBox-root css-binzgt&quot;
      &gt;
        &lt;div
          class=&quot;MuiPaper-root MuiPaper-elevation MuiPaper-rounded MuiPaper-elevation3 css-wv0jko-MuiPaper-root&quot;
        &gt;
          &lt;h1
            class=&quot;MuiTypography-root MuiTypography-h5 css-ag7rrr-MuiTypography-root&quot;
          &gt;
            Iniciar Sesión
          &lt;/h1&gt;
          &lt;form
            class=&quot;MuiBox-root css-164r41r&quot;
          &gt;
            &lt;div
              class=&quot;MuiFormControl-root MuiFormControl-marginNormal MuiFormControl-fullWidth MuiTextField-root css-17vbkzs-MuiFormControl-root-MuiTextField-root&quot;
            &gt;
              &lt;label
                class=&quot;MuiFormLabel-root MuiInputLabel-root MuiInputLabel-formControl MuiInputLabel-animated MuiInputLabel-shrink MuiInputLabel-sizeMedium MuiInputLabel-outlined MuiFormLabel-colorPrimary Mui-focused Mui-required MuiInputLabel-root MuiInputLabel-formControl MuiInputLabel-animated MuiInputLabel-shrink MuiInputLabel-sizeMedium MuiInputLabel-outlined css-1jy569b-MuiFormLabel-root-MuiInputLabel-root&quot;
                data-shrink=&quot;true&quot;
                for=&quot;email&quot;
                id=&quot;email-label&quot;
              &gt;
                Correo Electrónico
                &lt;span
                  aria-hidden=&quot;true&quot;
                  class=&quot;MuiFormLabel-asterisk MuiInputLabel-asterisk css-wgai2y-MuiFormLabel-asterisk&quot;
                &gt;
                   
                  *
                &lt;/span&gt;
              &lt;/label&gt;
              &lt;div
                class=&quot;MuiInputBase-root MuiOutlinedInput-root MuiInputBase-colorPrimary MuiInputBase-fullWidth Mui-focused MuiInputBase-formControl css-md26zr-MuiInputBase-root-MuiOutlinedInput-root&quot;
              &gt;
                &lt;input
                  aria-describedby=&quot;email-helper-text&quot;
                  aria-invalid=&quot;false&quot;
                  autocomplete=&quot;email&quot;
                  class=&quot;MuiInputBase-input MuiOutlinedInput-input css-1t8l2tu-MuiInputBase-input-MuiOutlinedInput-input&quot;
                  id=&quot;email&quot;
                  name=&quot;email&quot;
                  required=&quot;&quot;
                  type=&quot;email&quot;
                  value=&quot;&quot;
                /&gt;
                &lt;fieldset
                  aria-hidden=&quot;true&quot;
                  class=&quot;MuiOutlinedInput-notchedOutline css-1d3z3hw-MuiOutlinedInput-notchedOutline&quot;
                &gt;
                  &lt;legend
                    class=&quot;css-14lo706&quot;
                  &gt;
                    &lt;span&gt;
                      Correo Electrónico
                       
                      *
                    &lt;/span&gt;
                  &lt;/legend&gt;
                &lt;/fieldset&gt;
              &lt;/div&gt;
              &lt;p
                class=&quot;MuiFormHelperText-root MuiFormHelperText-sizeMedium MuiFormHelperText-contained Mui-focused Mui-required css-1wc848c-MuiFormHelperText-root&quot;
                id=&quot;email-helper-text&quot;
              &gt;
                Ingrese su correo electrónico
              &lt;/p&gt;
            &lt;/div&gt;
            &lt;div
              class=&quot;MuiFormControl-root MuiFormControl-marginNormal MuiFormControl-fullWidth MuiTextField-root css-17vbkzs-MuiFormControl-root-MuiTextField-root&quot;
            &gt;
              &lt;label
                class=&quot;MuiFormLabel-root MuiInputLabel-root MuiInputLabel-formControl MuiInputLabel-animated MuiInputLabel-sizeMedium MuiInputLabel-outlined MuiFormLabel-colorPrimary Mui-required MuiInputLabel-root MuiInputLabel-formControl MuiInputLabel-animated MuiInputLabel-sizeMedium MuiInputLabel-outlined css-14s5rfu-MuiFormLabel-root-MuiInputLabel-root&quot;
                data-shrink=&quot;false&quot;
                for=&quot;password&quot;
                id=&quot;password-label&quot;
              &gt;
                Contraseña
                &lt;span
                  aria-hidden=&quot;true&quot;
                  class=&quot;MuiFormLabel-asterisk MuiInputLabel-asterisk css-wgai2y-MuiFormLabel-asterisk&quot;
                &gt;
                   
                  *
                &lt;/span&gt;
              &lt;/label&gt;
              &lt;div
                class=&quot;MuiInputBase-root MuiOutlinedInput-root MuiInputBase-colorPrimary MuiInputBase-fullWidth MuiInputBase-formControl css-md26zr-MuiInputBase-root-MuiOutlinedInput-root&quot;
              &gt;
                &lt;input
                  aria-describedby=&quot;password-helper-text&quot;
                  aria-invalid=&quot;false&quot;
                  autocomplete=&quot;current-password&quot;
                  class=&quot;MuiInputBase-input MuiOutlinedInput-input css-1t8l2tu-MuiInputBase-input-MuiOutlinedInput-input&quot;
                  id=&quot;password&quot;
                  name=&quot;password&quot;
                  required=&quot;&quot;
                  type=&quot;password&quot;
                  value=&quot;&quot;
                /&gt;
                &lt;fieldset
                  aria-hidden=&quot;true&quot;
                  class=&quot;MuiOutlinedInput-notchedOutline css-1d3z3hw-MuiOutlinedInput-notchedOutline&quot;
                &gt;
                  &lt;legend
                    class=&quot;css-yjsfm1&quot;
                  &gt;
                    &lt;span&gt;
                      Contraseña
                       
                      *
                    &lt;/span&gt;
                  &lt;/legend&gt;
                &lt;/fieldset&gt;
              &lt;/div&gt;
              &lt;p
                class=&quot;MuiFormHelperText-root MuiFormHelperText-sizeMedium MuiFormHelperText-contained Mui-required css-1wc848c-MuiFormHelperText-root&quot;
                id=&quot;password-helper-text&quot;
              &gt;
                Ingrese su contraseña
              &lt;/p&gt;
            &lt;/div&gt;
            &lt;button
              class=&quot;MuiButtonBase-root MuiButton-root MuiButton-contained MuiButton-containedPrimary MuiButton-sizeMedium MuiButton-containedSizeMedium MuiButton-colorPrimary MuiButton-fullWidth MuiButton-root MuiButton-contained MuiButton-containedPrimary MuiButton-sizeMedium MuiButton-containedSizeMedium MuiButton-colorPrimary MuiButton-fullWidth css-1vhaqj4-MuiButtonBase-root-MuiButton-root&quot;
              tabindex=&quot;0&quot;
              type=&quot;submit&quot;
            &gt;
              Entrar
              &lt;span
                class=&quot;MuiTouchRipple-root css-8je8zh-MuiTouchRipple-root&quot;
              /&gt;
            &lt;/button&gt;
            &lt;div
              class=&quot;MuiBox-root css-xi606m&quot;
            &gt;
              &lt;button
                class=&quot;MuiTypography-root MuiTypography-body2 MuiLink-root MuiLink-underlineAlways MuiLink-button css-z246bh-MuiTypography-root-MuiLink-root&quot;
              &gt;
                ¿No tienes una cuenta? Crear usuario
              &lt;/button&gt;
            &lt;/div&gt;
          &lt;/form&gt;
        &lt;/div&gt;
      &lt;/div&gt;
    &lt;/main&gt;
  &lt;/div&gt;
&lt;/body&gt;
    at Object.getElementError (C:\Users\nicol\OneDrive\Documentos\GitHub\metricas\cliente\node_modules\@testing-library\dom\dist\config.js:37:19)
    at getAllByLabelText (C:\Users\nicol\OneDrive\Documentos\GitHub\metricas\cliente\node_modules\@testing-library\dom\dist\queries\label-text.js:103:38)
    at C:\Users\nicol\OneDrive\Documentos\GitHub\metricas\cliente\node_modules\@testing-library\dom\dist\query-helpers.js:52:17
    at C:\Users\nicol\OneDrive\Documentos\GitHub\metricas\cliente\node_modules\@testing-library\dom\dist\query-helpers.js:95:19
    at getByLabelText (C:\Users\nicol\OneDrive\Documentos\GitHub\metricas\cliente\src\components\__tests__\Login.test.jsx:89:29)
    at call (C:\Users\nicol\OneDrive\Documentos\GitHub\metricas\cliente\src\components\__tests__\Login.test.jsx:2:1)
    at Generator.tryCatch (C:\Users\nicol\OneDrive\Documentos\GitHub\metricas\cliente\src\components\__tests__\Login.test.jsx:2:1)
    at Generator._invoke [as next] (C:\Users\nicol\OneDrive\Documentos\GitHub\metricas\cliente\src\components\__tests__\Login.test.jsx:2:1)
    at asyncGeneratorStep (C:\Users\nicol\OneDrive\Documentos\GitHub\metricas\cliente\src\components\__tests__\Login.test.jsx:2:1)
    at asyncGeneratorStep (C:\Users\nicol\OneDrive\Documentos\GitHub\metricas\cliente\src\components\__tests__\Login.test.jsx:2:1)
    at _next (C:\Users\nicol\OneDrive\Documentos\GitHub\metricas\cliente\src\components\__tests__\Login.test.jsx:2:1)
    at new Promise (&lt;anonymous&gt;)
    at Object.&lt;anonymous&gt; (C:\Users\nicol\OneDrive\Documentos\GitHub\metricas\cliente\src\components\__tests__\Login.test.jsx:2:1)
    at Promise.then.completed (C:\Users\nicol\OneDrive\Documentos\GitHub\metricas\cliente\node_modules\jest-circus\build\utils.js:298:28)
    at new Promise (&lt;anonymous&gt;)
    at callAsyncCircusFn (C:\Users\nicol\OneDrive\Documentos\GitHub\metricas\cliente\node_modules\jest-circus\build\utils.js:231:10)
    at _callCircusTest (C:\Users\nicol\OneDrive\Documentos\GitHub\metricas\cliente\node_modules\jest-circus\build\run.js:316:40)
    at processTicksAndRejections (node:internal/process/task_queues:105:5)
    at _runTest (C:\Users\nicol\OneDrive\Documentos\GitHub\metricas\cliente\node_modules\jest-circus\build\run.js:252:3)
    at _runTestsForDescribeBlock (C:\Users\nicol\OneDrive\Documentos\GitHub\metricas\cliente\node_modules\jest-circus\build\run.js:126:9)
    at _runTestsForDescribeBlock (C:\Users\nicol\OneDrive\Documentos\GitHub\metricas\cliente\node_modules\jest-circus\build\run.js:121:9)
    at run (C:\Users\nicol\OneDrive\Documentos\GitHub\metricas\cliente\node_modules\jest-circus\build\run.js:71:3)
    at runAndTransformResultsToJestFormat (C:\Users\nicol\OneDrive\Documentos\GitHub\metricas\cliente\node_modules\jest-circus\build\legacy-code-todo-rewrite\jestAdapterInit.js:122:21)
    at jestAdapter (C:\Users\nicol\OneDrive\Documentos\GitHub\metricas\cliente\node_modules\jest-circus\build\legacy-code-todo-rewrite\jestAdapter.js:79:19)
    at runTestInternal (C:\Users\nicol\OneDrive\Documentos\GitHub\metricas\cliente\node_modules\jest-runner\build\runTest.js:367:16)
    at runTest (C:\Users\nicol\OneDrive\Documentos\GitHub\metricas\cliente\node_modules\jest-runner\build\runTest.js:444:34)
    at Object.worker (C:\Users\nicol\OneDrive\Documentos\GitHub\metricas\cliente\node_modules\jest-runner\build\testWorker.js:106:12)</failure>
    </testcase>
  </testsuite>
  <testsuite name="AddCancha Component" errors="0" failures="7" skipped="0" timestamp="2025-03-30T15:09:58" time="2.029" tests="7">
    <testcase classname="AddCancha Component renders add cancha form" name="AddCancha Component renders add cancha form" time="0.11">
      <failure>TestingLibraryElementError: Unable to find a label with the text of: /nombre/i

Ignored nodes: comments, script, style
&lt;body&gt;
  &lt;div&gt;
     // Wrap in Provider
    &lt;div
      class=&quot;d-flex justify-content-center align-items-center vh-100&quot;
    &gt;
      &lt;div
        class=&quot;p-4 border rounded shadow bg-light&quot;
      &gt;
        &lt;form&gt;
          &lt;div
            class=&quot;form-row&quot;
          &gt;
            &lt;div
              class=&quot;col mb-2&quot;
            &gt;
              &lt;input
                class=&quot;form-control&quot;
                placeholder=&quot;Nombre de la cancha&quot;
                type=&quot;text&quot;
                value=&quot;&quot;
              /&gt;
            &lt;/div&gt;
            &lt;div
              class=&quot;col mb-2&quot;
            &gt;
              &lt;input
                class=&quot;form-control&quot;
                placeholder=&quot;Ubicación de la cancha&quot;
                type=&quot;text&quot;
                value=&quot;&quot;
              /&gt;
            &lt;/div&gt;
            &lt;div
              class=&quot;col mb-2&quot;
            &gt;
              &lt;input
                class=&quot;form-control&quot;
                placeholder=&quot;Dirección de la cancha&quot;
                required=&quot;&quot;
                type=&quot;text&quot;
                value=&quot;&quot;
              /&gt;
            &lt;/div&gt;
            &lt;div
              class=&quot;col mb-2&quot;
            &gt;
              &lt;input
                class=&quot;form-control&quot;
                placeholder=&quot;Descripción de la cancha&quot;
                required=&quot;&quot;
                type=&quot;text&quot;
                value=&quot;&quot;
              /&gt;
            &lt;/div&gt;
            &lt;div
              class=&quot;col text-center&quot;
            &gt;
              &lt;button
                class=&quot;btn btn-primary w-100&quot;
                type=&quot;submit&quot;
              &gt;
                Añadir
              &lt;/button&gt;
            &lt;/div&gt;
          &lt;/div&gt;
        &lt;/form&gt;
      &lt;/div&gt;
    &lt;/div&gt;
  &lt;/div&gt;
&lt;/body&gt;
    at Object.getElementError (C:\Users\nicol\OneDrive\Documentos\GitHub\metricas\cliente\node_modules\@testing-library\dom\dist\config.js:37:19)
    at getAllByLabelText (C:\Users\nicol\OneDrive\Documentos\GitHub\metricas\cliente\node_modules\@testing-library\dom\dist\queries\label-text.js:103:38)
    at C:\Users\nicol\OneDrive\Documentos\GitHub\metricas\cliente\node_modules\@testing-library\dom\dist\query-helpers.js:52:17
    at C:\Users\nicol\OneDrive\Documentos\GitHub\metricas\cliente\node_modules\@testing-library\dom\dist\query-helpers.js:95:19
    at Object.getByLabelText (C:\Users\nicol\OneDrive\Documentos\GitHub\metricas\cliente\src\components\__tests__\AddCancha.test.jsx:39:19)
    at Promise.then.completed (C:\Users\nicol\OneDrive\Documentos\GitHub\metricas\cliente\node_modules\jest-circus\build\utils.js:298:28)
    at new Promise (&lt;anonymous&gt;)
    at callAsyncCircusFn (C:\Users\nicol\OneDrive\Documentos\GitHub\metricas\cliente\node_modules\jest-circus\build\utils.js:231:10)
    at _callCircusTest (C:\Users\nicol\OneDrive\Documentos\GitHub\metricas\cliente\node_modules\jest-circus\build\run.js:316:40)
    at processTicksAndRejections (node:internal/process/task_queues:105:5)
    at _runTest (C:\Users\nicol\OneDrive\Documentos\GitHub\metricas\cliente\node_modules\jest-circus\build\run.js:252:3)
    at _runTestsForDescribeBlock (C:\Users\nicol\OneDrive\Documentos\GitHub\metricas\cliente\node_modules\jest-circus\build\run.js:126:9)
    at _runTestsForDescribeBlock (C:\Users\nicol\OneDrive\Documentos\GitHub\metricas\cliente\node_modules\jest-circus\build\run.js:121:9)
    at run (C:\Users\nicol\OneDrive\Documentos\GitHub\metricas\cliente\node_modules\jest-circus\build\run.js:71:3)
    at runAndTransformResultsToJestFormat (C:\Users\nicol\OneDrive\Documentos\GitHub\metricas\cliente\node_modules\jest-circus\build\legacy-code-todo-rewrite\jestAdapterInit.js:122:21)
    at jestAdapter (C:\Users\nicol\OneDrive\Documentos\GitHub\metricas\cliente\node_modules\jest-circus\build\legacy-code-todo-rewrite\jestAdapter.js:79:19)
    at runTestInternal (C:\Users\nicol\OneDrive\Documentos\GitHub\metricas\cliente\node_modules\jest-runner\build\runTest.js:367:16)
    at runTest (C:\Users\nicol\OneDrive\Documentos\GitHub\metricas\cliente\node_modules\jest-runner\build\runTest.js:444:34)
    at Object.worker (C:\Users\nicol\OneDrive\Documentos\GitHub\metricas\cliente\node_modules\jest-runner\build\testWorker.js:106:12)</failure>
    </testcase>
    <testcase classname="AddCancha Component validates required fields and empty name" name="AddCancha Component validates required fields and empty name" time="0.302">
      <failure>TestingLibraryElementError: Unable to find an accessible element with the role &quot;button&quot; and name `/agregar cancha/i`

Here are the accessible roles:

  textbox:

  Name &quot;&quot;:
  &lt;input
    class=&quot;form-control&quot;
    placeholder=&quot;Nombre de la cancha&quot;
    type=&quot;text&quot;
    value=&quot;&quot;
  /&gt;

  Name &quot;&quot;:
  &lt;input
    class=&quot;form-control&quot;
    placeholder=&quot;Ubicación de la cancha&quot;
    type=&quot;text&quot;
    value=&quot;&quot;
  /&gt;

  Name &quot;&quot;:
  &lt;input
    class=&quot;form-control&quot;
    placeholder=&quot;Dirección de la cancha&quot;
    required=&quot;&quot;
    type=&quot;text&quot;
    value=&quot;&quot;
  /&gt;

  Name &quot;&quot;:
  &lt;input
    class=&quot;form-control&quot;
    placeholder=&quot;Descripción de la cancha&quot;
    required=&quot;&quot;
    type=&quot;text&quot;
    value=&quot;&quot;
  /&gt;

  --------------------------------------------------
  button:

  Name &quot;Añadir&quot;:
  &lt;button
    class=&quot;btn btn-primary w-100&quot;
    type=&quot;submit&quot;
  /&gt;

  --------------------------------------------------

Ignored nodes: comments, script, style
&lt;body&gt;
  &lt;div&gt;
     // Wrap in Provider
    &lt;div
      class=&quot;d-flex justify-content-center align-items-center vh-100&quot;
    &gt;
      &lt;div
        class=&quot;p-4 border rounded shadow bg-light&quot;
      &gt;
        &lt;form&gt;
          &lt;div
            class=&quot;form-row&quot;
          &gt;
            &lt;div
              class=&quot;col mb-2&quot;
            &gt;
              &lt;input
                class=&quot;form-control&quot;
                placeholder=&quot;Nombre de la cancha&quot;
                type=&quot;text&quot;
                value=&quot;&quot;
              /&gt;
            &lt;/div&gt;
            &lt;div
              class=&quot;col mb-2&quot;
            &gt;
              &lt;input
                class=&quot;form-control&quot;
                placeholder=&quot;Ubicación de la cancha&quot;
                type=&quot;text&quot;
                value=&quot;&quot;
              /&gt;
            &lt;/div&gt;
            &lt;div
              class=&quot;col mb-2&quot;
            &gt;
              &lt;input
                class=&quot;form-control&quot;
                placeholder=&quot;Dirección de la cancha&quot;
                required=&quot;&quot;
                type=&quot;text&quot;
                value=&quot;&quot;
              /&gt;
            &lt;/div&gt;
            &lt;div
              class=&quot;col mb-2&quot;
            &gt;
              &lt;input
                class=&quot;form-control&quot;
                placeholder=&quot;Descripción de la cancha&quot;
                required=&quot;&quot;
                type=&quot;text&quot;
                value=&quot;&quot;
              /&gt;
            &lt;/div&gt;
            &lt;div
              class=&quot;col text-center&quot;
            &gt;
              &lt;button
                class=&quot;btn btn-primary w-100&quot;
                type=&quot;submit&quot;
              &gt;
                Añadir
              &lt;/button&gt;
            &lt;/div&gt;
          &lt;/div&gt;
        &lt;/form&gt;
      &lt;/div&gt;
    &lt;/div&gt;
  &lt;/div&gt;
&lt;/body&gt;
    at Object.getElementError (C:\Users\nicol\OneDrive\Documentos\GitHub\metricas\cliente\node_modules\@testing-library\dom\dist\config.js:37:19)
    at C:\Users\nicol\OneDrive\Documentos\GitHub\metricas\cliente\node_modules\@testing-library\dom\dist\query-helpers.js:76:38
    at C:\Users\nicol\OneDrive\Documentos\GitHub\metricas\cliente\node_modules\@testing-library\dom\dist\query-helpers.js:52:17
    at C:\Users\nicol\OneDrive\Documentos\GitHub\metricas\cliente\node_modules\@testing-library\dom\dist\query-helpers.js:95:19
    at getByRole (C:\Users\nicol\OneDrive\Documentos\GitHub\metricas\cliente\src\components\__tests__\AddCancha.test.jsx:48:33)
    at call (C:\Users\nicol\OneDrive\Documentos\GitHub\metricas\cliente\src\components\__tests__\AddCancha.test.jsx:2:1)
    at Generator.tryCatch (C:\Users\nicol\OneDrive\Documentos\GitHub\metricas\cliente\src\components\__tests__\AddCancha.test.jsx:2:1)
    at Generator._invoke [as next] (C:\Users\nicol\OneDrive\Documentos\GitHub\metricas\cliente\src\components\__tests__\AddCancha.test.jsx:2:1)
    at asyncGeneratorStep (C:\Users\nicol\OneDrive\Documentos\GitHub\metricas\cliente\src\components\__tests__\AddCancha.test.jsx:2:1)
    at asyncGeneratorStep (C:\Users\nicol\OneDrive\Documentos\GitHub\metricas\cliente\src\components\__tests__\AddCancha.test.jsx:2:1)
    at _next (C:\Users\nicol\OneDrive\Documentos\GitHub\metricas\cliente\src\components\__tests__\AddCancha.test.jsx:2:1)
    at new Promise (&lt;anonymous&gt;)
    at Object.&lt;anonymous&gt; (C:\Users\nicol\OneDrive\Documentos\GitHub\metricas\cliente\src\components\__tests__\AddCancha.test.jsx:2:1)
    at Promise.then.completed (C:\Users\nicol\OneDrive\Documentos\GitHub\metricas\cliente\node_modules\jest-circus\build\utils.js:298:28)
    at new Promise (&lt;anonymous&gt;)
    at callAsyncCircusFn (C:\Users\nicol\OneDrive\Documentos\GitHub\metricas\cliente\node_modules\jest-circus\build\utils.js:231:10)
    at _callCircusTest (C:\Users\nicol\OneDrive\Documentos\GitHub\metricas\cliente\node_modules\jest-circus\build\run.js:316:40)
    at processTicksAndRejections (node:internal/process/task_queues:105:5)
    at _runTest (C:\Users\nicol\OneDrive\Documentos\GitHub\metricas\cliente\node_modules\jest-circus\build\run.js:252:3)
    at _runTestsForDescribeBlock (C:\Users\nicol\OneDrive\Documentos\GitHub\metricas\cliente\node_modules\jest-circus\build\run.js:126:9)
    at _runTestsForDescribeBlock (C:\Users\nicol\OneDrive\Documentos\GitHub\metricas\cliente\node_modules\jest-circus\build\run.js:121:9)
    at run (C:\Users\nicol\OneDrive\Documentos\GitHub\metricas\cliente\node_modules\jest-circus\build\run.js:71:3)
    at runAndTransformResultsToJestFormat (C:\Users\nicol\OneDrive\Documentos\GitHub\metricas\cliente\node_modules\jest-circus\build\legacy-code-todo-rewrite\jestAdapterInit.js:122:21)
    at jestAdapter (C:\Users\nicol\OneDrive\Documentos\GitHub\metricas\cliente\node_modules\jest-circus\build\legacy-code-todo-rewrite\jestAdapter.js:79:19)
    at runTestInternal (C:\Users\nicol\OneDrive\Documentos\GitHub\metricas\cliente\node_modules\jest-runner\build\runTest.js:367:16)
    at runTest (C:\Users\nicol\OneDrive\Documentos\GitHub\metricas\cliente\node_modules\jest-runner\build\runTest.js:444:34)
    at Object.worker (C:\Users\nicol\OneDrive\Documentos\GitHub\metricas\cliente\node_modules\jest-runner\build\testWorker.js:106:12)</failure>
    </testcase>
    <testcase classname="AddCancha Component validates price format" name="AddCancha Component validates price format" time="0.009">
      <failure>TestingLibraryElementError: Unable to find a label with the text of: /precio/i

Ignored nodes: comments, script, style
&lt;body&gt;
  &lt;div&gt;
     // Wrap in Provider
    &lt;div
      class=&quot;d-flex justify-content-center align-items-center vh-100&quot;
    &gt;
      &lt;div
        class=&quot;p-4 border rounded shadow bg-light&quot;
      &gt;
        &lt;form&gt;
          &lt;div
            class=&quot;form-row&quot;
          &gt;
            &lt;div
              class=&quot;col mb-2&quot;
            &gt;
              &lt;input
                class=&quot;form-control&quot;
                placeholder=&quot;Nombre de la cancha&quot;
                type=&quot;text&quot;
                value=&quot;&quot;
              /&gt;
            &lt;/div&gt;
            &lt;div
              class=&quot;col mb-2&quot;
            &gt;
              &lt;input
                class=&quot;form-control&quot;
                placeholder=&quot;Ubicación de la cancha&quot;
                type=&quot;text&quot;
                value=&quot;&quot;
              /&gt;
            &lt;/div&gt;
            &lt;div
              class=&quot;col mb-2&quot;
            &gt;
              &lt;input
                class=&quot;form-control&quot;
                placeholder=&quot;Dirección de la cancha&quot;
                required=&quot;&quot;
                type=&quot;text&quot;
                value=&quot;&quot;
              /&gt;
            &lt;/div&gt;
            &lt;div
              class=&quot;col mb-2&quot;
            &gt;
              &lt;input
                class=&quot;form-control&quot;
                placeholder=&quot;Descripción de la cancha&quot;
                required=&quot;&quot;
                type=&quot;text&quot;
                value=&quot;&quot;
              /&gt;
            &lt;/div&gt;
            &lt;div
              class=&quot;col text-center&quot;
            &gt;
              &lt;button
                class=&quot;btn btn-primary w-100&quot;
                type=&quot;submit&quot;
              &gt;
                Añadir
              &lt;/button&gt;
            &lt;/div&gt;
          &lt;/div&gt;
        &lt;/form&gt;
      &lt;/div&gt;
    &lt;/div&gt;
  &lt;/div&gt;
&lt;/body&gt;
    at Object.getElementError (C:\Users\nicol\OneDrive\Documentos\GitHub\metricas\cliente\node_modules\@testing-library\dom\dist\config.js:37:19)
    at getAllByLabelText (C:\Users\nicol\OneDrive\Documentos\GitHub\metricas\cliente\node_modules\@testing-library\dom\dist\queries\label-text.js:103:38)
    at C:\Users\nicol\OneDrive\Documentos\GitHub\metricas\cliente\node_modules\@testing-library\dom\dist\query-helpers.js:52:17
    at C:\Users\nicol\OneDrive\Documentos\GitHub\metricas\cliente\node_modules\@testing-library\dom\dist\query-helpers.js:95:19
    at getByLabelText (C:\Users\nicol\OneDrive\Documentos\GitHub\metricas\cliente\src\components\__tests__\AddCancha.test.jsx:61:32)
    at call (C:\Users\nicol\OneDrive\Documentos\GitHub\metricas\cliente\src\components\__tests__\AddCancha.test.jsx:2:1)
    at Generator.tryCatch (C:\Users\nicol\OneDrive\Documentos\GitHub\metricas\cliente\src\components\__tests__\AddCancha.test.jsx:2:1)
    at Generator._invoke [as next] (C:\Users\nicol\OneDrive\Documentos\GitHub\metricas\cliente\src\components\__tests__\AddCancha.test.jsx:2:1)
    at asyncGeneratorStep (C:\Users\nicol\OneDrive\Documentos\GitHub\metricas\cliente\src\components\__tests__\AddCancha.test.jsx:2:1)
    at asyncGeneratorStep (C:\Users\nicol\OneDrive\Documentos\GitHub\metricas\cliente\src\components\__tests__\AddCancha.test.jsx:2:1)
    at _next (C:\Users\nicol\OneDrive\Documentos\GitHub\metricas\cliente\src\components\__tests__\AddCancha.test.jsx:2:1)
    at new Promise (&lt;anonymous&gt;)
    at Object.&lt;anonymous&gt; (C:\Users\nicol\OneDrive\Documentos\GitHub\metricas\cliente\src\components\__tests__\AddCancha.test.jsx:2:1)
    at Promise.then.completed (C:\Users\nicol\OneDrive\Documentos\GitHub\metricas\cliente\node_modules\jest-circus\build\utils.js:298:28)
    at new Promise (&lt;anonymous&gt;)
    at callAsyncCircusFn (C:\Users\nicol\OneDrive\Documentos\GitHub\metricas\cliente\node_modules\jest-circus\build\utils.js:231:10)
    at _callCircusTest (C:\Users\nicol\OneDrive\Documentos\GitHub\metricas\cliente\node_modules\jest-circus\build\run.js:316:40)
    at processTicksAndRejections (node:internal/process/task_queues:105:5)
    at _runTest (C:\Users\nicol\OneDrive\Documentos\GitHub\metricas\cliente\node_modules\jest-circus\build\run.js:252:3)
    at _runTestsForDescribeBlock (C:\Users\nicol\OneDrive\Documentos\GitHub\metricas\cliente\node_modules\jest-circus\build\run.js:126:9)
    at _runTestsForDescribeBlock (C:\Users\nicol\OneDrive\Documentos\GitHub\metricas\cliente\node_modules\jest-circus\build\run.js:121:9)
    at run (C:\Users\nicol\OneDrive\Documentos\GitHub\metricas\cliente\node_modules\jest-circus\build\run.js:71:3)
    at runAndTransformResultsToJestFormat (C:\Users\nicol\OneDrive\Documentos\GitHub\metricas\cliente\node_modules\jest-circus\build\legacy-code-todo-rewrite\jestAdapterInit.js:122:21)
    at jestAdapter (C:\Users\nicol\OneDrive\Documentos\GitHub\metricas\cliente\node_modules\jest-circus\build\legacy-code-todo-rewrite\jestAdapter.js:79:19)
    at runTestInternal (C:\Users\nicol\OneDrive\Documentos\GitHub\metricas\cliente\node_modules\jest-runner\build\runTest.js:367:16)
    at runTest (C:\Users\nicol\OneDrive\Documentos\GitHub\metricas\cliente\node_modules\jest-runner\build\runTest.js:444:34)
    at Object.worker (C:\Users\nicol\OneDrive\Documentos\GitHub\metricas\cliente\node_modules\jest-runner\build\testWorker.js:106:12)</failure>
    </testcase>
    <testcase classname="AddCancha Component validates address format" name="AddCancha Component validates address format" time="0.006">
      <failure>TestingLibraryElementError: Unable to find a label with the text of: /dirección/i

Ignored nodes: comments, script, style
&lt;body&gt;
  &lt;div&gt;
     // Wrap in Provider
    &lt;div
      class=&quot;d-flex justify-content-center align-items-center vh-100&quot;
    &gt;
      &lt;div
        class=&quot;p-4 border rounded shadow bg-light&quot;
      &gt;
        &lt;form&gt;
          &lt;div
            class=&quot;form-row&quot;
          &gt;
            &lt;div
              class=&quot;col mb-2&quot;
            &gt;
              &lt;input
                class=&quot;form-control&quot;
                placeholder=&quot;Nombre de la cancha&quot;
                type=&quot;text&quot;
                value=&quot;&quot;
              /&gt;
            &lt;/div&gt;
            &lt;div
              class=&quot;col mb-2&quot;
            &gt;
              &lt;input
                class=&quot;form-control&quot;
                placeholder=&quot;Ubicación de la cancha&quot;
                type=&quot;text&quot;
                value=&quot;&quot;
              /&gt;
            &lt;/div&gt;
            &lt;div
              class=&quot;col mb-2&quot;
            &gt;
              &lt;input
                class=&quot;form-control&quot;
                placeholder=&quot;Dirección de la cancha&quot;
                required=&quot;&quot;
                type=&quot;text&quot;
                value=&quot;&quot;
              /&gt;
            &lt;/div&gt;
            &lt;div
              class=&quot;col mb-2&quot;
            &gt;
              &lt;input
                class=&quot;form-control&quot;
                placeholder=&quot;Descripción de la cancha&quot;
                required=&quot;&quot;
                type=&quot;text&quot;
                value=&quot;&quot;
              /&gt;
            &lt;/div&gt;
            &lt;div
              class=&quot;col text-center&quot;
            &gt;
              &lt;button
                class=&quot;btn btn-primary w-100&quot;
                type=&quot;submit&quot;
              &gt;
                Añadir
              &lt;/button&gt;
            &lt;/div&gt;
          &lt;/div&gt;
        &lt;/form&gt;
      &lt;/div&gt;
    &lt;/div&gt;
  &lt;/div&gt;
&lt;/body&gt;
    at Object.getElementError (C:\Users\nicol\OneDrive\Documentos\GitHub\metricas\cliente\node_modules\@testing-library\dom\dist\config.js:37:19)
    at getAllByLabelText (C:\Users\nicol\OneDrive\Documentos\GitHub\metricas\cliente\node_modules\@testing-library\dom\dist\queries\label-text.js:103:38)
    at C:\Users\nicol\OneDrive\Documentos\GitHub\metricas\cliente\node_modules\@testing-library\dom\dist\query-helpers.js:52:17
    at C:\Users\nicol\OneDrive\Documentos\GitHub\metricas\cliente\node_modules\@testing-library\dom\dist\query-helpers.js:95:19
    at getByLabelText (C:\Users\nicol\OneDrive\Documentos\GitHub\metricas\cliente\src\components\__tests__\AddCancha.test.jsx:73:33)
    at call (C:\Users\nicol\OneDrive\Documentos\GitHub\metricas\cliente\src\components\__tests__\AddCancha.test.jsx:2:1)
    at Generator.tryCatch (C:\Users\nicol\OneDrive\Documentos\GitHub\metricas\cliente\src\components\__tests__\AddCancha.test.jsx:2:1)
    at Generator._invoke [as next] (C:\Users\nicol\OneDrive\Documentos\GitHub\metricas\cliente\src\components\__tests__\AddCancha.test.jsx:2:1)
    at asyncGeneratorStep (C:\Users\nicol\OneDrive\Documentos\GitHub\metricas\cliente\src\components\__tests__\AddCancha.test.jsx:2:1)
    at asyncGeneratorStep (C:\Users\nicol\OneDrive\Documentos\GitHub\metricas\cliente\src\components\__tests__\AddCancha.test.jsx:2:1)
    at _next (C:\Users\nicol\OneDrive\Documentos\GitHub\metricas\cliente\src\components\__tests__\AddCancha.test.jsx:2:1)
    at new Promise (&lt;anonymous&gt;)
    at Object.&lt;anonymous&gt; (C:\Users\nicol\OneDrive\Documentos\GitHub\metricas\cliente\src\components\__tests__\AddCancha.test.jsx:2:1)
    at Promise.then.completed (C:\Users\nicol\OneDrive\Documentos\GitHub\metricas\cliente\node_modules\jest-circus\build\utils.js:298:28)
    at new Promise (&lt;anonymous&gt;)
    at callAsyncCircusFn (C:\Users\nicol\OneDrive\Documentos\GitHub\metricas\cliente\node_modules\jest-circus\build\utils.js:231:10)
    at _callCircusTest (C:\Users\nicol\OneDrive\Documentos\GitHub\metricas\cliente\node_modules\jest-circus\build\run.js:316:40)
    at processTicksAndRejections (node:internal/process/task_queues:105:5)
    at _runTest (C:\Users\nicol\OneDrive\Documentos\GitHub\metricas\cliente\node_modules\jest-circus\build\run.js:252:3)
    at _runTestsForDescribeBlock (C:\Users\nicol\OneDrive\Documentos\GitHub\metricas\cliente\node_modules\jest-circus\build\run.js:126:9)
    at _runTestsForDescribeBlock (C:\Users\nicol\OneDrive\Documentos\GitHub\metricas\cliente\node_modules\jest-circus\build\run.js:121:9)
    at run (C:\Users\nicol\OneDrive\Documentos\GitHub\metricas\cliente\node_modules\jest-circus\build\run.js:71:3)
    at runAndTransformResultsToJestFormat (C:\Users\nicol\OneDrive\Documentos\GitHub\metricas\cliente\node_modules\jest-circus\build\legacy-code-todo-rewrite\jestAdapterInit.js:122:21)
    at jestAdapter (C:\Users\nicol\OneDrive\Documentos\GitHub\metricas\cliente\node_modules\jest-circus\build\legacy-code-todo-rewrite\jestAdapter.js:79:19)
    at runTestInternal (C:\Users\nicol\OneDrive\Documentos\GitHub\metricas\cliente\node_modules\jest-runner\build\runTest.js:367:16)
    at runTest (C:\Users\nicol\OneDrive\Documentos\GitHub\metricas\cliente\node_modules\jest-runner\build\runTest.js:444:34)
    at Object.worker (C:\Users\nicol\OneDrive\Documentos\GitHub\metricas\cliente\node_modules\jest-runner\build\testWorker.js:106:12)</failure>
    </testcase>
    <testcase classname="AddCancha Component handles successful cancha creation" name="AddCancha Component handles successful cancha creation" time="0.013">
      <failure>TestingLibraryElementError: Unable to find a label with the text of: /nombre/i

Ignored nodes: comments, script, style
&lt;body&gt;
  &lt;div&gt;
     // Wrap in Provider
    &lt;div
      class=&quot;d-flex justify-content-center align-items-center vh-100&quot;
    &gt;
      &lt;div
        class=&quot;p-4 border rounded shadow bg-light&quot;
      &gt;
        &lt;form&gt;
          &lt;div
            class=&quot;form-row&quot;
          &gt;
            &lt;div
              class=&quot;col mb-2&quot;
            &gt;
              &lt;input
                class=&quot;form-control&quot;
                placeholder=&quot;Nombre de la cancha&quot;
                type=&quot;text&quot;
                value=&quot;&quot;
              /&gt;
            &lt;/div&gt;
            &lt;div
              class=&quot;col mb-2&quot;
            &gt;
              &lt;input
                class=&quot;form-control&quot;
                placeholder=&quot;Ubicación de la cancha&quot;
                type=&quot;text&quot;
                value=&quot;&quot;
              /&gt;
            &lt;/div&gt;
            &lt;div
              class=&quot;col mb-2&quot;
            &gt;
              &lt;input
                class=&quot;form-control&quot;
                placeholder=&quot;Dirección de la cancha&quot;
                required=&quot;&quot;
                type=&quot;text&quot;
                value=&quot;&quot;
              /&gt;
            &lt;/div&gt;
            &lt;div
              class=&quot;col mb-2&quot;
            &gt;
              &lt;input
                class=&quot;form-control&quot;
                placeholder=&quot;Descripción de la cancha&quot;
                required=&quot;&quot;
                type=&quot;text&quot;
                value=&quot;&quot;
              /&gt;
            &lt;/div&gt;
            &lt;div
              class=&quot;col text-center&quot;
            &gt;
              &lt;button
                class=&quot;btn btn-primary w-100&quot;
                type=&quot;submit&quot;
              &gt;
                Añadir
              &lt;/button&gt;
            &lt;/div&gt;
          &lt;/div&gt;
        &lt;/form&gt;
      &lt;/div&gt;
    &lt;/div&gt;
  &lt;/div&gt;
&lt;/body&gt;
    at Object.getElementError (C:\Users\nicol\OneDrive\Documentos\GitHub\metricas\cliente\node_modules\@testing-library\dom\dist\config.js:37:19)
    at getAllByLabelText (C:\Users\nicol\OneDrive\Documentos\GitHub\metricas\cliente\node_modules\@testing-library\dom\dist\queries\label-text.js:103:38)
    at C:\Users\nicol\OneDrive\Documentos\GitHub\metricas\cliente\node_modules\@testing-library\dom\dist\query-helpers.js:52:17
    at C:\Users\nicol\OneDrive\Documentos\GitHub\metricas\cliente\node_modules\@testing-library\dom\dist\query-helpers.js:95:19
    at getByLabelText (C:\Users\nicol\OneDrive\Documentos\GitHub\metricas\cliente\src\components\__tests__\AddCancha.test.jsx:96:29)
    at call (C:\Users\nicol\OneDrive\Documentos\GitHub\metricas\cliente\src\components\__tests__\AddCancha.test.jsx:2:1)
    at Generator.tryCatch (C:\Users\nicol\OneDrive\Documentos\GitHub\metricas\cliente\src\components\__tests__\AddCancha.test.jsx:2:1)
    at Generator._invoke [as next] (C:\Users\nicol\OneDrive\Documentos\GitHub\metricas\cliente\src\components\__tests__\AddCancha.test.jsx:2:1)
    at asyncGeneratorStep (C:\Users\nicol\OneDrive\Documentos\GitHub\metricas\cliente\src\components\__tests__\AddCancha.test.jsx:2:1)
    at asyncGeneratorStep (C:\Users\nicol\OneDrive\Documentos\GitHub\metricas\cliente\src\components\__tests__\AddCancha.test.jsx:2:1)
    at _next (C:\Users\nicol\OneDrive\Documentos\GitHub\metricas\cliente\src\components\__tests__\AddCancha.test.jsx:2:1)
    at new Promise (&lt;anonymous&gt;)
    at Object.&lt;anonymous&gt; (C:\Users\nicol\OneDrive\Documentos\GitHub\metricas\cliente\src\components\__tests__\AddCancha.test.jsx:2:1)
    at Promise.then.completed (C:\Users\nicol\OneDrive\Documentos\GitHub\metricas\cliente\node_modules\jest-circus\build\utils.js:298:28)
    at new Promise (&lt;anonymous&gt;)
    at callAsyncCircusFn (C:\Users\nicol\OneDrive\Documentos\GitHub\metricas\cliente\node_modules\jest-circus\build\utils.js:231:10)
    at _callCircusTest (C:\Users\nicol\OneDrive\Documentos\GitHub\metricas\cliente\node_modules\jest-circus\build\run.js:316:40)
    at processTicksAndRejections (node:internal/process/task_queues:105:5)
    at _runTest (C:\Users\nicol\OneDrive\Documentos\GitHub\metricas\cliente\node_modules\jest-circus\build\run.js:252:3)
    at _runTestsForDescribeBlock (C:\Users\nicol\OneDrive\Documentos\GitHub\metricas\cliente\node_modules\jest-circus\build\run.js:126:9)
    at _runTestsForDescribeBlock (C:\Users\nicol\OneDrive\Documentos\GitHub\metricas\cliente\node_modules\jest-circus\build\run.js:121:9)
    at run (C:\Users\nicol\OneDrive\Documentos\GitHub\metricas\cliente\node_modules\jest-circus\build\run.js:71:3)
    at runAndTransformResultsToJestFormat (C:\Users\nicol\OneDrive\Documentos\GitHub\metricas\cliente\node_modules\jest-circus\build\legacy-code-todo-rewrite\jestAdapterInit.js:122:21)
    at jestAdapter (C:\Users\nicol\OneDrive\Documentos\GitHub\metricas\cliente\node_modules\jest-circus\build\legacy-code-todo-rewrite\jestAdapter.js:79:19)
    at runTestInternal (C:\Users\nicol\OneDrive\Documentos\GitHub\metricas\cliente\node_modules\jest-runner\build\runTest.js:367:16)
    at runTest (C:\Users\nicol\OneDrive\Documentos\GitHub\metricas\cliente\node_modules\jest-runner\build\runTest.js:444:34)
    at Object.worker (C:\Users\nicol\OneDrive\Documentos\GitHub\metricas\cliente\node_modules\jest-runner\build\testWorker.js:106:12)</failure>
    </testcase>
    <testcase classname="AddCancha Component validates location coordinates" name="AddCancha Component validates location coordinates" time="0.017">
      <failure>TestingLibraryElementError: Unable to find a label with the text of: /ubicación/i

Ignored nodes: comments, script, style
&lt;body&gt;
  &lt;div&gt;
     // Wrap in Provider
    &lt;div
      class=&quot;d-flex justify-content-center align-items-center vh-100&quot;
    &gt;
      &lt;div
        class=&quot;p-4 border rounded shadow bg-light&quot;
      &gt;
        &lt;form&gt;
          &lt;div
            class=&quot;form-row&quot;
          &gt;
            &lt;div
              class=&quot;col mb-2&quot;
            &gt;
              &lt;input
                class=&quot;form-control&quot;
                placeholder=&quot;Nombre de la cancha&quot;
                type=&quot;text&quot;
                value=&quot;&quot;
              /&gt;
            &lt;/div&gt;
            &lt;div
              class=&quot;col mb-2&quot;
            &gt;
              &lt;input
                class=&quot;form-control&quot;
                placeholder=&quot;Ubicación de la cancha&quot;
                type=&quot;text&quot;
                value=&quot;&quot;
              /&gt;
            &lt;/div&gt;
            &lt;div
              class=&quot;col mb-2&quot;
            &gt;
              &lt;input
                class=&quot;form-control&quot;
                placeholder=&quot;Dirección de la cancha&quot;
                required=&quot;&quot;
                type=&quot;text&quot;
                value=&quot;&quot;
              /&gt;
            &lt;/div&gt;
            &lt;div
              class=&quot;col mb-2&quot;
            &gt;
              &lt;input
                class=&quot;form-control&quot;
                placeholder=&quot;Descripción de la cancha&quot;
                required=&quot;&quot;
                type=&quot;text&quot;
                value=&quot;&quot;
              /&gt;
            &lt;/div&gt;
            &lt;div
              class=&quot;col text-center&quot;
            &gt;
              &lt;button
                class=&quot;btn btn-primary w-100&quot;
                type=&quot;submit&quot;
              &gt;
                Añadir
              &lt;/button&gt;
            &lt;/div&gt;
          &lt;/div&gt;
        &lt;/form&gt;
      &lt;/div&gt;
    &lt;/div&gt;
  &lt;/div&gt;
&lt;/body&gt;
    at Object.getElementError (C:\Users\nicol\OneDrive\Documentos\GitHub\metricas\cliente\node_modules\@testing-library\dom\dist\config.js:37:19)
    at getAllByLabelText (C:\Users\nicol\OneDrive\Documentos\GitHub\metricas\cliente\node_modules\@testing-library\dom\dist\queries\label-text.js:103:38)
    at C:\Users\nicol\OneDrive\Documentos\GitHub\metricas\cliente\node_modules\@testing-library\dom\dist\query-helpers.js:52:17
    at C:\Users\nicol\OneDrive\Documentos\GitHub\metricas\cliente\node_modules\@testing-library\dom\dist\query-helpers.js:95:19
    at getByLabelText (C:\Users\nicol\OneDrive\Documentos\GitHub\metricas\cliente\src\components\__tests__\AddCancha.test.jsx:115:34)
    at call (C:\Users\nicol\OneDrive\Documentos\GitHub\metricas\cliente\src\components\__tests__\AddCancha.test.jsx:2:1)
    at Generator.tryCatch (C:\Users\nicol\OneDrive\Documentos\GitHub\metricas\cliente\src\components\__tests__\AddCancha.test.jsx:2:1)
    at Generator._invoke [as next] (C:\Users\nicol\OneDrive\Documentos\GitHub\metricas\cliente\src\components\__tests__\AddCancha.test.jsx:2:1)
    at asyncGeneratorStep (C:\Users\nicol\OneDrive\Documentos\GitHub\metricas\cliente\src\components\__tests__\AddCancha.test.jsx:2:1)
    at asyncGeneratorStep (C:\Users\nicol\OneDrive\Documentos\GitHub\metricas\cliente\src\components\__tests__\AddCancha.test.jsx:2:1)
    at _next (C:\Users\nicol\OneDrive\Documentos\GitHub\metricas\cliente\src\components\__tests__\AddCancha.test.jsx:2:1)
    at new Promise (&lt;anonymous&gt;)
    at Object.&lt;anonymous&gt; (C:\Users\nicol\OneDrive\Documentos\GitHub\metricas\cliente\src\components\__tests__\AddCancha.test.jsx:2:1)
    at Promise.then.completed (C:\Users\nicol\OneDrive\Documentos\GitHub\metricas\cliente\node_modules\jest-circus\build\utils.js:298:28)
    at new Promise (&lt;anonymous&gt;)
    at callAsyncCircusFn (C:\Users\nicol\OneDrive\Documentos\GitHub\metricas\cliente\node_modules\jest-circus\build\utils.js:231:10)
    at _callCircusTest (C:\Users\nicol\OneDrive\Documentos\GitHub\metricas\cliente\node_modules\jest-circus\build\run.js:316:40)
    at processTicksAndRejections (node:internal/process/task_queues:105:5)
    at _runTest (C:\Users\nicol\OneDrive\Documentos\GitHub\metricas\cliente\node_modules\jest-circus\build\run.js:252:3)
    at _runTestsForDescribeBlock (C:\Users\nicol\OneDrive\Documentos\GitHub\metricas\cliente\node_modules\jest-circus\build\run.js:126:9)
    at _runTestsForDescribeBlock (C:\Users\nicol\OneDrive\Documentos\GitHub\metricas\cliente\node_modules\jest-circus\build\run.js:121:9)
    at run (C:\Users\nicol\OneDrive\Documentos\GitHub\metricas\cliente\node_modules\jest-circus\build\run.js:71:3)
    at runAndTransformResultsToJestFormat (C:\Users\nicol\OneDrive\Documentos\GitHub\metricas\cliente\node_modules\jest-circus\build\legacy-code-todo-rewrite\jestAdapterInit.js:122:21)
    at jestAdapter (C:\Users\nicol\OneDrive\Documentos\GitHub\metricas\cliente\node_modules\jest-circus\build\legacy-code-todo-rewrite\jestAdapter.js:79:19)
    at runTestInternal (C:\Users\nicol\OneDrive\Documentos\GitHub\metricas\cliente\node_modules\jest-runner\build\runTest.js:367:16)
    at runTest (C:\Users\nicol\OneDrive\Documentos\GitHub\metricas\cliente\node_modules\jest-runner\build\runTest.js:444:34)
    at Object.worker (C:\Users\nicol\OneDrive\Documentos\GitHub\metricas\cliente\node_modules\jest-runner\build\testWorker.js:106:12)</failure>
    </testcase>
    <testcase classname="AddCancha Component handles creation error" name="AddCancha Component handles creation error" time="0.007">
      <failure>TestingLibraryElementError: Unable to find a label with the text of: /nombre/i

Ignored nodes: comments, script, style
&lt;body&gt;
  &lt;div&gt;
     // Wrap in Provider
    &lt;div
      class=&quot;d-flex justify-content-center align-items-center vh-100&quot;
    &gt;
      &lt;div
        class=&quot;p-4 border rounded shadow bg-light&quot;
      &gt;
        &lt;form&gt;
          &lt;div
            class=&quot;form-row&quot;
          &gt;
            &lt;div
              class=&quot;col mb-2&quot;
            &gt;
              &lt;input
                class=&quot;form-control&quot;
                placeholder=&quot;Nombre de la cancha&quot;
                type=&quot;text&quot;
                value=&quot;&quot;
              /&gt;
            &lt;/div&gt;
            &lt;div
              class=&quot;col mb-2&quot;
            &gt;
              &lt;input
                class=&quot;form-control&quot;
                placeholder=&quot;Ubicación de la cancha&quot;
                type=&quot;text&quot;
                value=&quot;&quot;
              /&gt;
            &lt;/div&gt;
            &lt;div
              class=&quot;col mb-2&quot;
            &gt;
              &lt;input
                class=&quot;form-control&quot;
                placeholder=&quot;Dirección de la cancha&quot;
                required=&quot;&quot;
                type=&quot;text&quot;
                value=&quot;&quot;
              /&gt;
            &lt;/div&gt;
            &lt;div
              class=&quot;col mb-2&quot;
            &gt;
              &lt;input
                class=&quot;form-control&quot;
                placeholder=&quot;Descripción de la cancha&quot;
                required=&quot;&quot;
                type=&quot;text&quot;
                value=&quot;&quot;
              /&gt;
            &lt;/div&gt;
            &lt;div
              class=&quot;col text-center&quot;
            &gt;
              &lt;button
                class=&quot;btn btn-primary w-100&quot;
                type=&quot;submit&quot;
              &gt;
                Añadir
              &lt;/button&gt;
            &lt;/div&gt;
          &lt;/div&gt;
        &lt;/form&gt;
      &lt;/div&gt;
    &lt;/div&gt;
  &lt;/div&gt;
&lt;/body&gt;
    at Object.getElementError (C:\Users\nicol\OneDrive\Documentos\GitHub\metricas\cliente\node_modules\@testing-library\dom\dist\config.js:37:19)
    at getAllByLabelText (C:\Users\nicol\OneDrive\Documentos\GitHub\metricas\cliente\node_modules\@testing-library\dom\dist\queries\label-text.js:103:38)
    at C:\Users\nicol\OneDrive\Documentos\GitHub\metricas\cliente\node_modules\@testing-library\dom\dist\query-helpers.js:52:17
    at C:\Users\nicol\OneDrive\Documentos\GitHub\metricas\cliente\node_modules\@testing-library\dom\dist\query-helpers.js:95:19
    at getByLabelText (C:\Users\nicol\OneDrive\Documentos\GitHub\metricas\cliente\src\components\__tests__\AddCancha.test.jsx:132:29)
    at call (C:\Users\nicol\OneDrive\Documentos\GitHub\metricas\cliente\src\components\__tests__\AddCancha.test.jsx:2:1)
    at Generator.tryCatch (C:\Users\nicol\OneDrive\Documentos\GitHub\metricas\cliente\src\components\__tests__\AddCancha.test.jsx:2:1)
    at Generator._invoke [as next] (C:\Users\nicol\OneDrive\Documentos\GitHub\metricas\cliente\src\components\__tests__\AddCancha.test.jsx:2:1)
    at asyncGeneratorStep (C:\Users\nicol\OneDrive\Documentos\GitHub\metricas\cliente\src\components\__tests__\AddCancha.test.jsx:2:1)
    at asyncGeneratorStep (C:\Users\nicol\OneDrive\Documentos\GitHub\metricas\cliente\src\components\__tests__\AddCancha.test.jsx:2:1)
    at _next (C:\Users\nicol\OneDrive\Documentos\GitHub\metricas\cliente\src\components\__tests__\AddCancha.test.jsx:2:1)
    at new Promise (&lt;anonymous&gt;)
    at Object.&lt;anonymous&gt; (C:\Users\nicol\OneDrive\Documentos\GitHub\metricas\cliente\src\components\__tests__\AddCancha.test.jsx:2:1)
    at Promise.then.completed (C:\Users\nicol\OneDrive\Documentos\GitHub\metricas\cliente\node_modules\jest-circus\build\utils.js:298:28)
    at new Promise (&lt;anonymous&gt;)
    at callAsyncCircusFn (C:\Users\nicol\OneDrive\Documentos\GitHub\metricas\cliente\node_modules\jest-circus\build\utils.js:231:10)
    at _callCircusTest (C:\Users\nicol\OneDrive\Documentos\GitHub\metricas\cliente\node_modules\jest-circus\build\run.js:316:40)
    at processTicksAndRejections (node:internal/process/task_queues:105:5)
    at _runTest (C:\Users\nicol\OneDrive\Documentos\GitHub\metricas\cliente\node_modules\jest-circus\build\run.js:252:3)
    at _runTestsForDescribeBlock (C:\Users\nicol\OneDrive\Documentos\GitHub\metricas\cliente\node_modules\jest-circus\build\run.js:126:9)
    at _runTestsForDescribeBlock (C:\Users\nicol\OneDrive\Documentos\GitHub\metricas\cliente\node_modules\jest-circus\build\run.js:121:9)
    at run (C:\Users\nicol\OneDrive\Documentos\GitHub\metricas\cliente\node_modules\jest-circus\build\run.js:71:3)
    at runAndTransformResultsToJestFormat (C:\Users\nicol\OneDrive\Documentos\GitHub\metricas\cliente\node_modules\jest-circus\build\legacy-code-todo-rewrite\jestAdapterInit.js:122:21)
    at jestAdapter (C:\Users\nicol\OneDrive\Documentos\GitHub\metricas\cliente\node_modules\jest-circus\build\legacy-code-todo-rewrite\jestAdapter.js:79:19)
    at runTestInternal (C:\Users\nicol\OneDrive\Documentos\GitHub\metricas\cliente\node_modules\jest-runner\build\runTest.js:367:16)
    at runTest (C:\Users\nicol\OneDrive\Documentos\GitHub\metricas\cliente\node_modules\jest-runner\build\runTest.js:444:34)
    at Object.worker (C:\Users\nicol\OneDrive\Documentos\GitHub\metricas\cliente\node_modules\jest-runner\build\testWorker.js:106:12)</failure>
    </testcase>
  </testsuite>
  <testsuite name="ActualizarCancha Component" errors="0" failures="10" skipped="0" timestamp="2025-03-30T15:09:52" time="8.473" tests="10">
    <testcase classname="ActualizarCancha Component loads and displays cancha data" name="ActualizarCancha Component loads and displays cancha data" time="1.255">
      <failure>Error: expect(element).toHaveValue(Cancha Test)

Expected the element to have value:
  Cancha Test
Received:


Ignored nodes: comments, script, style
&lt;html&gt;
  &lt;head /&gt;
  &lt;body&gt;
    &lt;div&gt;
      &lt;div&gt;
        &lt;form&gt;
          &lt;div
            class=&quot;form-group&quot;
          &gt;
            &lt;label
              for=&quot;nombre&quot;
            &gt;
              Nombre
            &lt;/label&gt;
            &lt;input
              class=&quot;form-control&quot;
              id=&quot;nombre&quot;
              type=&quot;text&quot;
              value=&quot;&quot;
            /&gt;
          &lt;/div&gt;
          &lt;div
            class=&quot;form-group&quot;
          &gt;
            &lt;label
              for=&quot;locacion&quot;
            &gt;
              Locación
            &lt;/label&gt;
            &lt;input
              class=&quot;form-control&quot;
              id=&quot;locacion&quot;
              type=&quot;text&quot;
              value=&quot;&quot;
            /&gt;
          &lt;/div&gt;
          &lt;div
            class=&quot;form-group&quot;
          &gt;
            &lt;label
              for=&quot;direccion&quot;
            &gt;
              Dirección
            &lt;/label&gt;
            &lt;input
              class=&quot;form-control&quot;
              id=&quot;direccion&quot;
              type=&quot;text&quot;
              value=&quot;&quot;
            /&gt;
          &lt;/div&gt;
          &lt;div
            class=&quot;form-group&quot;
          &gt;
            &lt;label
              for=&quot;descripcion&quot;
            &gt;
              Descripción
            &lt;/label&gt;
            &lt;textarea
              class=&quot;form-control&quot;
              id=&quot;descripcion&quot;
              rows=&quot;4&quot;
            /&gt;
          &lt;/div&gt;
          &lt;button
            class=&quot;btn btn-primary&quot;
            type=&quot;submit&quot;
          &gt;
            Actualizar Cancha
          &lt;/button&gt;
        &lt;/form&gt;
      &lt;/div&gt;
    &lt;/div&gt;
  &lt;/body&gt;
&lt;/html&gt;
    at toHaveValue (C:\Users\nicol\OneDrive\Documentos\GitHub\metricas\cliente\src\components\__tests__\ActualizarCancha.test.jsx:49:48)
    at runWithExpensiveErrorDiagnosticsDisabled (C:\Users\nicol\OneDrive\Documentos\GitHub\metricas\cliente\node_modules\@testing-library\dom\dist\config.js:47:12)
    at checkCallback (C:\Users\nicol\OneDrive\Documentos\GitHub\metricas\cliente\node_modules\@testing-library\dom\dist\wait-for.js:127:77)
    at checkRealTimersCallback (C:\Users\nicol\OneDrive\Documentos\GitHub\metricas\cliente\node_modules\@testing-library\dom\dist\wait-for.js:121:16)
    at Timeout.task [as _onTimeout] (C:\Users\nicol\OneDrive\Documentos\GitHub\metricas\cliente\node_modules\jsdom\lib\jsdom\browser\Window.js:520:19)
    at listOnTimeout (node:internal/timers:594:17)
    at processTimers (node:internal/timers:529:7)</failure>
    </testcase>
    <testcase classname="ActualizarCancha Component handles loading state" name="ActualizarCancha Component handles loading state" time="0.05">
      <failure>TestingLibraryElementError: Unable to find an element with the text: /cargando/i. This could be because the text is broken up by multiple elements. In this case, you can provide a function for your text matcher to make your matcher more flexible.

Ignored nodes: comments, script, style
&lt;body&gt;
  &lt;div&gt;
    &lt;div&gt;
      &lt;form&gt;
        &lt;div
          class=&quot;form-group&quot;
        &gt;
          &lt;label
            for=&quot;nombre&quot;
          &gt;
            Nombre
          &lt;/label&gt;
          &lt;input
            class=&quot;form-control&quot;
            id=&quot;nombre&quot;
            type=&quot;text&quot;
            value=&quot;&quot;
          /&gt;
        &lt;/div&gt;
        &lt;div
          class=&quot;form-group&quot;
        &gt;
          &lt;label
            for=&quot;locacion&quot;
          &gt;
            Locación
          &lt;/label&gt;
          &lt;input
            class=&quot;form-control&quot;
            id=&quot;locacion&quot;
            type=&quot;text&quot;
            value=&quot;&quot;
          /&gt;
        &lt;/div&gt;
        &lt;div
          class=&quot;form-group&quot;
        &gt;
          &lt;label
            for=&quot;direccion&quot;
          &gt;
            Dirección
          &lt;/label&gt;
          &lt;input
            class=&quot;form-control&quot;
            id=&quot;direccion&quot;
            type=&quot;text&quot;
            value=&quot;&quot;
          /&gt;
        &lt;/div&gt;
        &lt;div
          class=&quot;form-group&quot;
        &gt;
          &lt;label
            for=&quot;descripcion&quot;
          &gt;
            Descripción
          &lt;/label&gt;
          &lt;textarea
            class=&quot;form-control&quot;
            id=&quot;descripcion&quot;
            rows=&quot;4&quot;
          /&gt;
        &lt;/div&gt;
        &lt;button
          class=&quot;btn btn-primary&quot;
          type=&quot;submit&quot;
        &gt;
          Actualizar Cancha
        &lt;/button&gt;
      &lt;/form&gt;
    &lt;/div&gt;
  &lt;/div&gt;
&lt;/body&gt;
    at Object.getElementError (C:\Users\nicol\OneDrive\Documentos\GitHub\metricas\cliente\node_modules\@testing-library\dom\dist\config.js:37:19)
    at C:\Users\nicol\OneDrive\Documentos\GitHub\metricas\cliente\node_modules\@testing-library\dom\dist\query-helpers.js:76:38
    at C:\Users\nicol\OneDrive\Documentos\GitHub\metricas\cliente\node_modules\@testing-library\dom\dist\query-helpers.js:52:17
    at C:\Users\nicol\OneDrive\Documentos\GitHub\metricas\cliente\node_modules\@testing-library\dom\dist\query-helpers.js:95:19
    at Object.getByText (C:\Users\nicol\OneDrive\Documentos\GitHub\metricas\cliente\src\components\__tests__\ActualizarCancha.test.jsx:62:19)
    at Promise.then.completed (C:\Users\nicol\OneDrive\Documentos\GitHub\metricas\cliente\node_modules\jest-circus\build\utils.js:298:28)
    at new Promise (&lt;anonymous&gt;)
    at callAsyncCircusFn (C:\Users\nicol\OneDrive\Documentos\GitHub\metricas\cliente\node_modules\jest-circus\build\utils.js:231:10)
    at _callCircusTest (C:\Users\nicol\OneDrive\Documentos\GitHub\metricas\cliente\node_modules\jest-circus\build\run.js:316:40)
    at _runTest (C:\Users\nicol\OneDrive\Documentos\GitHub\metricas\cliente\node_modules\jest-circus\build\run.js:252:3)
    at _runTestsForDescribeBlock (C:\Users\nicol\OneDrive\Documentos\GitHub\metricas\cliente\node_modules\jest-circus\build\run.js:126:9)
    at _runTestsForDescribeBlock (C:\Users\nicol\OneDrive\Documentos\GitHub\metricas\cliente\node_modules\jest-circus\build\run.js:121:9)
    at run (C:\Users\nicol\OneDrive\Documentos\GitHub\metricas\cliente\node_modules\jest-circus\build\run.js:71:3)
    at runAndTransformResultsToJestFormat (C:\Users\nicol\OneDrive\Documentos\GitHub\metricas\cliente\node_modules\jest-circus\build\legacy-code-todo-rewrite\jestAdapterInit.js:122:21)
    at jestAdapter (C:\Users\nicol\OneDrive\Documentos\GitHub\metricas\cliente\node_modules\jest-circus\build\legacy-code-todo-rewrite\jestAdapter.js:79:19)
    at runTestInternal (C:\Users\nicol\OneDrive\Documentos\GitHub\metricas\cliente\node_modules\jest-runner\build\runTest.js:367:16)
    at runTest (C:\Users\nicol\OneDrive\Documentos\GitHub\metricas\cliente\node_modules\jest-runner\build\runTest.js:444:34)
    at Object.worker (C:\Users\nicol\OneDrive\Documentos\GitHub\metricas\cliente\node_modules\jest-runner\build\testWorker.js:106:12)</failure>
    </testcase>
    <testcase classname="ActualizarCancha Component handles load error with network timeout" name="ActualizarCancha Component handles load error with network timeout" time="1.047">
      <failure>Error: Unable to find an element with the text: /error al cargar la cancha/i. This could be because the text is broken up by multiple elements. In this case, you can provide a function for your text matcher to make your matcher more flexible.

Ignored nodes: comments, script, style
&lt;body&gt;
  &lt;div&gt;
    &lt;div&gt;
      &lt;form&gt;
        &lt;div
          class=&quot;form-group&quot;
        &gt;
          &lt;label
            for=&quot;nombre&quot;
          &gt;
            Nombre
          &lt;/label&gt;
          &lt;input
            class=&quot;form-control&quot;
            id=&quot;nombre&quot;
            type=&quot;text&quot;
            value=&quot;&quot;
          /&gt;
        &lt;/div&gt;
        &lt;div
          class=&quot;form-group&quot;
        &gt;
          &lt;label
            for=&quot;locacion&quot;
          &gt;
            Locación
          &lt;/label&gt;
          &lt;input
            class=&quot;form-control&quot;
            id=&quot;locacion&quot;
            type=&quot;text&quot;
            value=&quot;&quot;
          /&gt;
        &lt;/div&gt;
        &lt;div
          class=&quot;form-group&quot;
        &gt;
          &lt;label
            for=&quot;direccion&quot;
          &gt;
            Dirección
          &lt;/label&gt;
          &lt;input
            class=&quot;form-control&quot;
            id=&quot;direccion&quot;
            type=&quot;text&quot;
            value=&quot;&quot;
          /&gt;
        &lt;/div&gt;
        &lt;div
          class=&quot;form-group&quot;
        &gt;
          &lt;label
            for=&quot;descripcion&quot;
          &gt;
            Descripción
          &lt;/label&gt;
          &lt;textarea
            class=&quot;form-control&quot;
            id=&quot;descripcion&quot;
            rows=&quot;4&quot;
          /&gt;
        &lt;/div&gt;
        &lt;button
          class=&quot;btn btn-primary&quot;
          type=&quot;submit&quot;
        &gt;
          Actualizar Cancha
        &lt;/button&gt;
      &lt;/form&gt;
    &lt;/div&gt;
  &lt;/div&gt;
&lt;/body&gt;
    at waitForWrapper (C:\Users\nicol\OneDrive\Documentos\GitHub\metricas\cliente\node_modules\@testing-library\dom\dist\wait-for.js:166:27)
    at _callee2$ (C:\Users\nicol\OneDrive\Documentos\GitHub\metricas\cliente\src\components\__tests__\ActualizarCancha.test.jsx:72:18)
    at call (C:\Users\nicol\OneDrive\Documentos\GitHub\metricas\cliente\src\components\__tests__\ActualizarCancha.test.jsx:2:1)
    at Generator.tryCatch (C:\Users\nicol\OneDrive\Documentos\GitHub\metricas\cliente\src\components\__tests__\ActualizarCancha.test.jsx:2:1)
    at Generator._invoke [as next] (C:\Users\nicol\OneDrive\Documentos\GitHub\metricas\cliente\src\components\__tests__\ActualizarCancha.test.jsx:2:1)
    at asyncGeneratorStep (C:\Users\nicol\OneDrive\Documentos\GitHub\metricas\cliente\src\components\__tests__\ActualizarCancha.test.jsx:2:1)
    at asyncGeneratorStep (C:\Users\nicol\OneDrive\Documentos\GitHub\metricas\cliente\src\components\__tests__\ActualizarCancha.test.jsx:2:1)
    at _next (C:\Users\nicol\OneDrive\Documentos\GitHub\metricas\cliente\src\components\__tests__\ActualizarCancha.test.jsx:2:1)
    at new Promise (&lt;anonymous&gt;)
    at Object.&lt;anonymous&gt; (C:\Users\nicol\OneDrive\Documentos\GitHub\metricas\cliente\src\components\__tests__\ActualizarCancha.test.jsx:2:1)
    at Promise.then.completed (C:\Users\nicol\OneDrive\Documentos\GitHub\metricas\cliente\node_modules\jest-circus\build\utils.js:298:28)
    at new Promise (&lt;anonymous&gt;)
    at callAsyncCircusFn (C:\Users\nicol\OneDrive\Documentos\GitHub\metricas\cliente\node_modules\jest-circus\build\utils.js:231:10)
    at _callCircusTest (C:\Users\nicol\OneDrive\Documentos\GitHub\metricas\cliente\node_modules\jest-circus\build\run.js:316:40)
    at _runTest (C:\Users\nicol\OneDrive\Documentos\GitHub\metricas\cliente\node_modules\jest-circus\build\run.js:252:3)
    at _runTestsForDescribeBlock (C:\Users\nicol\OneDrive\Documentos\GitHub\metricas\cliente\node_modules\jest-circus\build\run.js:126:9)
    at _runTestsForDescribeBlock (C:\Users\nicol\OneDrive\Documentos\GitHub\metricas\cliente\node_modules\jest-circus\build\run.js:121:9)
    at run (C:\Users\nicol\OneDrive\Documentos\GitHub\metricas\cliente\node_modules\jest-circus\build\run.js:71:3)
    at runAndTransformResultsToJestFormat (C:\Users\nicol\OneDrive\Documentos\GitHub\metricas\cliente\node_modules\jest-circus\build\legacy-code-todo-rewrite\jestAdapterInit.js:122:21)
    at jestAdapter (C:\Users\nicol\OneDrive\Documentos\GitHub\metricas\cliente\node_modules\jest-circus\build\legacy-code-todo-rewrite\jestAdapter.js:79:19)
    at runTestInternal (C:\Users\nicol\OneDrive\Documentos\GitHub\metricas\cliente\node_modules\jest-runner\build\runTest.js:367:16)
    at runTest (C:\Users\nicol\OneDrive\Documentos\GitHub\metricas\cliente\node_modules\jest-runner\build\runTest.js:444:34)
    at Object.worker (C:\Users\nicol\OneDrive\Documentos\GitHub\metricas\cliente\node_modules\jest-runner\build\testWorker.js:106:12)</failure>
    </testcase>
    <testcase classname="ActualizarCancha Component validates required fields with malformed data" name="ActualizarCancha Component validates required fields with malformed data" time="0.208">
      <failure>TestingLibraryElementError: Unable to find a label with the text of: /precio/i

Ignored nodes: comments, script, style
&lt;body&gt;
  &lt;div&gt;
    &lt;div&gt;
      &lt;form&gt;
        &lt;div
          class=&quot;form-group&quot;
        &gt;
          &lt;label
            for=&quot;nombre&quot;
          &gt;
            Nombre
          &lt;/label&gt;
          &lt;input
            class=&quot;form-control&quot;
            id=&quot;nombre&quot;
            type=&quot;text&quot;
            value=&quot;&quot;
          /&gt;
        &lt;/div&gt;
        &lt;div
          class=&quot;form-group&quot;
        &gt;
          &lt;label
            for=&quot;locacion&quot;
          &gt;
            Locación
          &lt;/label&gt;
          &lt;input
            class=&quot;form-control&quot;
            id=&quot;locacion&quot;
            type=&quot;text&quot;
            value=&quot;&quot;
          /&gt;
        &lt;/div&gt;
        &lt;div
          class=&quot;form-group&quot;
        &gt;
          &lt;label
            for=&quot;direccion&quot;
          &gt;
            Dirección
          &lt;/label&gt;
          &lt;input
            class=&quot;form-control&quot;
            id=&quot;direccion&quot;
            type=&quot;text&quot;
            value=&quot;&quot;
          /&gt;
        &lt;/div&gt;
        &lt;div
          class=&quot;form-group&quot;
        &gt;
          &lt;label
            for=&quot;descripcion&quot;
          &gt;
            Descripción
          &lt;/label&gt;
          &lt;textarea
            class=&quot;form-control&quot;
            id=&quot;descripcion&quot;
            rows=&quot;4&quot;
          /&gt;
        &lt;/div&gt;
        &lt;button
          class=&quot;btn btn-primary&quot;
          type=&quot;submit&quot;
        &gt;
          Actualizar Cancha
        &lt;/button&gt;
      &lt;/form&gt;
    &lt;/div&gt;
  &lt;/div&gt;
&lt;/body&gt;
    at Object.getElementError (C:\Users\nicol\OneDrive\Documentos\GitHub\metricas\cliente\node_modules\@testing-library\dom\dist\config.js:37:19)
    at getAllByLabelText (C:\Users\nicol\OneDrive\Documentos\GitHub\metricas\cliente\node_modules\@testing-library\dom\dist\queries\label-text.js:103:38)
    at C:\Users\nicol\OneDrive\Documentos\GitHub\metricas\cliente\node_modules\@testing-library\dom\dist\query-helpers.js:52:17
    at C:\Users\nicol\OneDrive\Documentos\GitHub\metricas\cliente\node_modules\@testing-library\dom\dist\query-helpers.js:95:19
    at getByLabelText (C:\Users\nicol\OneDrive\Documentos\GitHub\metricas\cliente\src\components\__tests__\ActualizarCancha.test.jsx:90:29)
    at call (C:\Users\nicol\OneDrive\Documentos\GitHub\metricas\cliente\src\components\__tests__\ActualizarCancha.test.jsx:2:1)
    at Generator.tryCatch (C:\Users\nicol\OneDrive\Documentos\GitHub\metricas\cliente\src\components\__tests__\ActualizarCancha.test.jsx:2:1)
    at Generator._invoke [as next] (C:\Users\nicol\OneDrive\Documentos\GitHub\metricas\cliente\src\components\__tests__\ActualizarCancha.test.jsx:2:1)
    at asyncGeneratorStep (C:\Users\nicol\OneDrive\Documentos\GitHub\metricas\cliente\src\components\__tests__\ActualizarCancha.test.jsx:2:1)
    at asyncGeneratorStep (C:\Users\nicol\OneDrive\Documentos\GitHub\metricas\cliente\src\components\__tests__\ActualizarCancha.test.jsx:2:1)</failure>
    </testcase>
    <testcase classname="ActualizarCancha Component validates price format" name="ActualizarCancha Component validates price format" time="1.047">
      <failure>Error: Unable to find a label with the text of: /precio/i

Ignored nodes: comments, script, style
&lt;body&gt;
  &lt;div&gt;
    &lt;div&gt;
      &lt;form&gt;
        &lt;div
          class=&quot;form-group&quot;
        &gt;
          &lt;label
            for=&quot;nombre&quot;
          &gt;
            Nombre
          &lt;/label&gt;
          &lt;input
            class=&quot;form-control&quot;
            id=&quot;nombre&quot;
            type=&quot;text&quot;
            value=&quot;&quot;
          /&gt;
        &lt;/div&gt;
        &lt;div
          class=&quot;form-group&quot;
        &gt;
          &lt;label
            for=&quot;locacion&quot;
          &gt;
            Locación
          &lt;/label&gt;
          &lt;input
            class=&quot;form-control&quot;
            id=&quot;locacion&quot;
            type=&quot;text&quot;
            value=&quot;&quot;
          /&gt;
        &lt;/div&gt;
        &lt;div
          class=&quot;form-group&quot;
        &gt;
          &lt;label
            for=&quot;direccion&quot;
          &gt;
            Dirección
          &lt;/label&gt;
          &lt;input
            class=&quot;form-control&quot;
            id=&quot;direccion&quot;
            type=&quot;text&quot;
            value=&quot;&quot;
          /&gt;
        &lt;/div&gt;
        &lt;div
          class=&quot;form-group&quot;
        &gt;
          &lt;label
            for=&quot;descripcion&quot;
          &gt;
            Descripción
          &lt;/label&gt;
          &lt;textarea
            class=&quot;form-control&quot;
            id=&quot;descripcion&quot;
            rows=&quot;4&quot;
          /&gt;
        &lt;/div&gt;
        &lt;button
          class=&quot;btn btn-primary&quot;
          type=&quot;submit&quot;
        &gt;
          Actualizar Cancha
        &lt;/button&gt;
      &lt;/form&gt;
    &lt;/div&gt;
  &lt;/div&gt;
&lt;/body&gt;
    at waitForWrapper (C:\Users\nicol\OneDrive\Documentos\GitHub\metricas\cliente\node_modules\@testing-library\dom\dist\wait-for.js:166:27)
    at _callee4$ (C:\Users\nicol\OneDrive\Documentos\GitHub\metricas\cliente\src\components\__tests__\ActualizarCancha.test.jsx:104:18)
    at call (C:\Users\nicol\OneDrive\Documentos\GitHub\metricas\cliente\src\components\__tests__\ActualizarCancha.test.jsx:2:1)
    at Generator.tryCatch (C:\Users\nicol\OneDrive\Documentos\GitHub\metricas\cliente\src\components\__tests__\ActualizarCancha.test.jsx:2:1)
    at Generator._invoke [as next] (C:\Users\nicol\OneDrive\Documentos\GitHub\metricas\cliente\src\components\__tests__\ActualizarCancha.test.jsx:2:1)
    at asyncGeneratorStep (C:\Users\nicol\OneDrive\Documentos\GitHub\metricas\cliente\src\components\__tests__\ActualizarCancha.test.jsx:2:1)
    at asyncGeneratorStep (C:\Users\nicol\OneDrive\Documentos\GitHub\metricas\cliente\src\components\__tests__\ActualizarCancha.test.jsx:2:1)
    at _next (C:\Users\nicol\OneDrive\Documentos\GitHub\metricas\cliente\src\components\__tests__\ActualizarCancha.test.jsx:2:1)
    at new Promise (&lt;anonymous&gt;)
    at Object.&lt;anonymous&gt; (C:\Users\nicol\OneDrive\Documentos\GitHub\metricas\cliente\src\components\__tests__\ActualizarCancha.test.jsx:2:1)
    at Promise.then.completed (C:\Users\nicol\OneDrive\Documentos\GitHub\metricas\cliente\node_modules\jest-circus\build\utils.js:298:28)
    at new Promise (&lt;anonymous&gt;)
    at callAsyncCircusFn (C:\Users\nicol\OneDrive\Documentos\GitHub\metricas\cliente\node_modules\jest-circus\build\utils.js:231:10)
    at _callCircusTest (C:\Users\nicol\OneDrive\Documentos\GitHub\metricas\cliente\node_modules\jest-circus\build\run.js:316:40)
    at _runTest (C:\Users\nicol\OneDrive\Documentos\GitHub\metricas\cliente\node_modules\jest-circus\build\run.js:252:3)
    at _runTestsForDescribeBlock (C:\Users\nicol\OneDrive\Documentos\GitHub\metricas\cliente\node_modules\jest-circus\build\run.js:126:9)
    at _runTestsForDescribeBlock (C:\Users\nicol\OneDrive\Documentos\GitHub\metricas\cliente\node_modules\jest-circus\build\run.js:121:9)
    at run (C:\Users\nicol\OneDrive\Documentos\GitHub\metricas\cliente\node_modules\jest-circus\build\run.js:71:3)
    at runAndTransformResultsToJestFormat (C:\Users\nicol\OneDrive\Documentos\GitHub\metricas\cliente\node_modules\jest-circus\build\legacy-code-todo-rewrite\jestAdapterInit.js:122:21)
    at jestAdapter (C:\Users\nicol\OneDrive\Documentos\GitHub\metricas\cliente\node_modules\jest-circus\build\legacy-code-todo-rewrite\jestAdapter.js:79:19)
    at runTestInternal (C:\Users\nicol\OneDrive\Documentos\GitHub\metricas\cliente\node_modules\jest-runner\build\runTest.js:367:16)
    at runTest (C:\Users\nicol\OneDrive\Documentos\GitHub\metricas\cliente\node_modules\jest-runner\build\runTest.js:444:34)
    at Object.worker (C:\Users\nicol\OneDrive\Documentos\GitHub\metricas\cliente\node_modules\jest-runner\build\testWorker.js:106:12)</failure>
    </testcase>
    <testcase classname="ActualizarCancha Component handles successful update with malformed response" name="ActualizarCancha Component handles successful update with malformed response" time="1.132">
      <failure>Error: expect(jest.fn()).toHaveBeenCalledWith(...expected)

Expected: 1, {&quot;descripcion&quot;: &quot;Descripción de prueba&quot;, &quot;estado&quot;: &quot;disponible&quot;, &quot;id&quot;: 1, &quot;nombre&quot;: &quot;Cancha Actualizada&quot;, &quot;precio&quot;: &quot;100&quot;}

Number of calls: 0

Ignored nodes: comments, script, style
&lt;html&gt;
  &lt;head /&gt;
  &lt;body&gt;
    &lt;div&gt;
      &lt;div&gt;
        &lt;form&gt;
          &lt;div
            class=&quot;form-group&quot;
          &gt;
            &lt;label
              for=&quot;nombre&quot;
            &gt;
              Nombre
            &lt;/label&gt;
            &lt;input
              class=&quot;form-control&quot;
              id=&quot;nombre&quot;
              type=&quot;text&quot;
              value=&quot;Cancha Actualizada&quot;
            /&gt;
          &lt;/div&gt;
          &lt;div
            class=&quot;form-group&quot;
          &gt;
            &lt;label
              for=&quot;locacion&quot;
            &gt;
              Locación
            &lt;/label&gt;
            &lt;input
              class=&quot;form-control&quot;
              id=&quot;locacion&quot;
              type=&quot;text&quot;
              value=&quot;&quot;
            /&gt;
          &lt;/div&gt;
          &lt;div
            class=&quot;form-group&quot;
          &gt;
            &lt;label
              for=&quot;direccion&quot;
            &gt;
              Dirección
            &lt;/label&gt;
            &lt;input
              class=&quot;form-control&quot;
              id=&quot;direccion&quot;
              type=&quot;text&quot;
              value=&quot;&quot;
            /&gt;
          &lt;/div&gt;
          &lt;div
            class=&quot;form-group&quot;
          &gt;
            &lt;label
              for=&quot;descripcion&quot;
            &gt;
              Descripción
            &lt;/label&gt;
            &lt;textarea
              class=&quot;form-control&quot;
              id=&quot;descripcion&quot;
              rows=&quot;4&quot;
            /&gt;
          &lt;/div&gt;
          &lt;button
            class=&quot;btn btn-primary&quot;
            type=&quot;submit&quot;
          &gt;
            Actualizar Cancha
          &lt;/button&gt;
        &lt;/form&gt;
      &lt;/div&gt;
    &lt;/div&gt;
  &lt;/body&gt;
&lt;/html&gt;
    at toHaveBeenCalledWith (C:\Users\nicol\OneDrive\Documentos\GitHub\metricas\cliente\src\components\__tests__\ActualizarCancha.test.jsx:135:32)
    at runWithExpensiveErrorDiagnosticsDisabled (C:\Users\nicol\OneDrive\Documentos\GitHub\metricas\cliente\node_modules\@testing-library\dom\dist\config.js:47:12)
    at checkCallback (C:\Users\nicol\OneDrive\Documentos\GitHub\metricas\cliente\node_modules\@testing-library\dom\dist\wait-for.js:127:77)
    at checkRealTimersCallback (C:\Users\nicol\OneDrive\Documentos\GitHub\metricas\cliente\node_modules\@testing-library\dom\dist\wait-for.js:121:16)
    at Timeout.task [as _onTimeout] (C:\Users\nicol\OneDrive\Documentos\GitHub\metricas\cliente\node_modules\jsdom\lib\jsdom\browser\Window.js:520:19)
    at listOnTimeout (node:internal/timers:594:17)
    at processTimers (node:internal/timers:529:7)</failure>
    </testcase>
    <testcase classname="ActualizarCancha Component handles update error with network failure" name="ActualizarCancha Component handles update error with network failure" time="1.061">
      <failure>Error: Unable to find an element with the text: /error al actualizar la cancha/i. This could be because the text is broken up by multiple elements. In this case, you can provide a function for your text matcher to make your matcher more flexible.

Ignored nodes: comments, script, style
&lt;body&gt;
  &lt;div&gt;
    &lt;div&gt;
      &lt;form&gt;
        &lt;div
          class=&quot;form-group&quot;
        &gt;
          &lt;label
            for=&quot;nombre&quot;
          &gt;
            Nombre
          &lt;/label&gt;
          &lt;input
            class=&quot;form-control&quot;
            id=&quot;nombre&quot;
            type=&quot;text&quot;
            value=&quot;&quot;
          /&gt;
        &lt;/div&gt;
        &lt;div
          class=&quot;form-group&quot;
        &gt;
          &lt;label
            for=&quot;locacion&quot;
          &gt;
            Locación
          &lt;/label&gt;
          &lt;input
            class=&quot;form-control&quot;
            id=&quot;locacion&quot;
            type=&quot;text&quot;
            value=&quot;&quot;
          /&gt;
        &lt;/div&gt;
        &lt;div
          class=&quot;form-group&quot;
        &gt;
          &lt;label
            for=&quot;direccion&quot;
          &gt;
            Dirección
          &lt;/label&gt;
          &lt;input
            class=&quot;form-control&quot;
            id=&quot;direccion&quot;
            type=&quot;text&quot;
            value=&quot;&quot;
          /&gt;
        &lt;/div&gt;
        &lt;div
          class=&quot;form-group&quot;
        &gt;
          &lt;label
            for=&quot;descripcion&quot;
          &gt;
            Descripción
          &lt;/label&gt;
          &lt;textarea
            class=&quot;form-control&quot;
            id=&quot;descripcion&quot;
            rows=&quot;4&quot;
          /&gt;
        &lt;/div&gt;
        &lt;button
          class=&quot;btn btn-primary&quot;
          type=&quot;submit&quot;
        &gt;
          Actualizar Cancha
        &lt;/button&gt;
      &lt;/form&gt;
    &lt;/div&gt;
  &lt;/div&gt;
&lt;/body&gt;
    at waitForWrapper (C:\Users\nicol\OneDrive\Documentos\GitHub\metricas\cliente\node_modules\@testing-library\dom\dist\wait-for.js:166:27)
    at _callee6$ (C:\Users\nicol\OneDrive\Documentos\GitHub\metricas\cliente\src\components\__tests__\ActualizarCancha.test.jsx:156:18)
    at call (C:\Users\nicol\OneDrive\Documentos\GitHub\metricas\cliente\src\components\__tests__\ActualizarCancha.test.jsx:2:1)
    at Generator.tryCatch (C:\Users\nicol\OneDrive\Documentos\GitHub\metricas\cliente\src\components\__tests__\ActualizarCancha.test.jsx:2:1)
    at Generator._invoke [as next] (C:\Users\nicol\OneDrive\Documentos\GitHub\metricas\cliente\src\components\__tests__\ActualizarCancha.test.jsx:2:1)
    at asyncGeneratorStep (C:\Users\nicol\OneDrive\Documentos\GitHub\metricas\cliente\src\components\__tests__\ActualizarCancha.test.jsx:2:1)
    at asyncGeneratorStep (C:\Users\nicol\OneDrive\Documentos\GitHub\metricas\cliente\src\components\__tests__\ActualizarCancha.test.jsx:2:1)</failure>
    </testcase>
    <testcase classname="ActualizarCancha Component navigates back on cancel" name="ActualizarCancha Component navigates back on cancel" time="1.02">
      <failure>Error: Unable to find role=&quot;button&quot; and name `/cancelar/i`

Ignored nodes: comments, script, style
&lt;body&gt;
  &lt;div&gt;
    &lt;div&gt;
      &lt;form&gt;
        &lt;div
          class=&quot;form-group&quot;
        &gt;
          &lt;label
            for=&quot;nombre&quot;
          &gt;
            Nombre
          &lt;/label&gt;
          &lt;input
            class=&quot;form-control&quot;
            id=&quot;nombre&quot;
            type=&quot;text&quot;
            value=&quot;&quot;
          /&gt;
        &lt;/div&gt;
        &lt;div
          class=&quot;form-group&quot;
        &gt;
          &lt;label
            for=&quot;locacion&quot;
          &gt;
            Locación
          &lt;/label&gt;
          &lt;input
            class=&quot;form-control&quot;
            id=&quot;locacion&quot;
            type=&quot;text&quot;
            value=&quot;&quot;
          /&gt;
        &lt;/div&gt;
        &lt;div
          class=&quot;form-group&quot;
        &gt;
          &lt;label
            for=&quot;direccion&quot;
          &gt;
            Dirección
          &lt;/label&gt;
          &lt;input
            class=&quot;form-control&quot;
            id=&quot;direccion&quot;
            type=&quot;text&quot;
            value=&quot;&quot;
          /&gt;
        &lt;/div&gt;
        &lt;div
          class=&quot;form-group&quot;
        &gt;
          &lt;label
            for=&quot;descripcion&quot;
          &gt;
            Descripción
          &lt;/label&gt;
          &lt;textarea
            class=&quot;form-control&quot;
            id=&quot;descripcion&quot;
            rows=&quot;4&quot;
          /&gt;
        &lt;/div&gt;
        &lt;button
          class=&quot;btn btn-primary&quot;
          type=&quot;submit&quot;
        &gt;
          Actualizar Cancha
        &lt;/button&gt;
      &lt;/form&gt;
    &lt;/div&gt;
  &lt;/div&gt;
&lt;/body&gt;
    at waitForWrapper (C:\Users\nicol\OneDrive\Documentos\GitHub\metricas\cliente\node_modules\@testing-library\dom\dist\wait-for.js:166:27)
    at _callee7$ (C:\Users\nicol\OneDrive\Documentos\GitHub\metricas\cliente\src\components\__tests__\ActualizarCancha.test.jsx:164:18)
    at call (C:\Users\nicol\OneDrive\Documentos\GitHub\metricas\cliente\src\components\__tests__\ActualizarCancha.test.jsx:2:1)
    at Generator.tryCatch (C:\Users\nicol\OneDrive\Documentos\GitHub\metricas\cliente\src\components\__tests__\ActualizarCancha.test.jsx:2:1)
    at Generator._invoke [as next] (C:\Users\nicol\OneDrive\Documentos\GitHub\metricas\cliente\src\components\__tests__\ActualizarCancha.test.jsx:2:1)
    at asyncGeneratorStep (C:\Users\nicol\OneDrive\Documentos\GitHub\metricas\cliente\src\components\__tests__\ActualizarCancha.test.jsx:2:1)
    at asyncGeneratorStep (C:\Users\nicol\OneDrive\Documentos\GitHub\metricas\cliente\src\components\__tests__\ActualizarCancha.test.jsx:2:1)
    at _next (C:\Users\nicol\OneDrive\Documentos\GitHub\metricas\cliente\src\components\__tests__\ActualizarCancha.test.jsx:2:1)
    at new Promise (&lt;anonymous&gt;)
    at Object.&lt;anonymous&gt; (C:\Users\nicol\OneDrive\Documentos\GitHub\metricas\cliente\src\components\__tests__\ActualizarCancha.test.jsx:2:1)
    at Promise.then.completed (C:\Users\nicol\OneDrive\Documentos\GitHub\metricas\cliente\node_modules\jest-circus\build\utils.js:298:28)
    at new Promise (&lt;anonymous&gt;)
    at callAsyncCircusFn (C:\Users\nicol\OneDrive\Documentos\GitHub\metricas\cliente\node_modules\jest-circus\build\utils.js:231:10)
    at _callCircusTest (C:\Users\nicol\OneDrive\Documentos\GitHub\metricas\cliente\node_modules\jest-circus\build\run.js:316:40)
    at _runTest (C:\Users\nicol\OneDrive\Documentos\GitHub\metricas\cliente\node_modules\jest-circus\build\run.js:252:3)
    at _runTestsForDescribeBlock (C:\Users\nicol\OneDrive\Documentos\GitHub\metricas\cliente\node_modules\jest-circus\build\run.js:126:9)
    at _runTestsForDescribeBlock (C:\Users\nicol\OneDrive\Documentos\GitHub\metricas\cliente\node_modules\jest-circus\build\run.js:121:9)
    at run (C:\Users\nicol\OneDrive\Documentos\GitHub\metricas\cliente\node_modules\jest-circus\build\run.js:71:3)
    at runAndTransformResultsToJestFormat (C:\Users\nicol\OneDrive\Documentos\GitHub\metricas\cliente\node_modules\jest-circus\build\legacy-code-todo-rewrite\jestAdapterInit.js:122:21)
    at jestAdapter (C:\Users\nicol\OneDrive\Documentos\GitHub\metricas\cliente\node_modules\jest-circus\build\legacy-code-todo-rewrite\jestAdapter.js:79:19)
    at runTestInternal (C:\Users\nicol\OneDrive\Documentos\GitHub\metricas\cliente\node_modules\jest-runner\build\runTest.js:367:16)
    at runTest (C:\Users\nicol\OneDrive\Documentos\GitHub\metricas\cliente\node_modules\jest-runner\build\runTest.js:444:34)
    at Object.worker (C:\Users\nicol\OneDrive\Documentos\GitHub\metricas\cliente\node_modules\jest-runner\build\testWorker.js:106:12)</failure>
    </testcase>
    <testcase classname="ActualizarCancha Component handles form state changes" name="ActualizarCancha Component handles form state changes" time="0.042">
      <failure>TestingLibraryElementError: Unable to find a label with the text of: /descripcion/i

Ignored nodes: comments, script, style
&lt;body&gt;
  &lt;div&gt;
    &lt;div&gt;
      &lt;form&gt;
        &lt;div
          class=&quot;form-group&quot;
        &gt;
          &lt;label
            for=&quot;nombre&quot;
          &gt;
            Nombre
          &lt;/label&gt;
          &lt;input
            class=&quot;form-control&quot;
            id=&quot;nombre&quot;
            type=&quot;text&quot;
            value=&quot;Nuevo Nombre&quot;
          /&gt;
        &lt;/div&gt;
        &lt;div
          class=&quot;form-group&quot;
        &gt;
          &lt;label
            for=&quot;locacion&quot;
          &gt;
            Locación
          &lt;/label&gt;
          &lt;input
            class=&quot;form-control&quot;
            id=&quot;locacion&quot;
            type=&quot;text&quot;
            value=&quot;&quot;
          /&gt;
        &lt;/div&gt;
        &lt;div
          class=&quot;form-group&quot;
        &gt;
          &lt;label
            for=&quot;direccion&quot;
          &gt;
            Dirección
          &lt;/label&gt;
          &lt;input
            class=&quot;form-control&quot;
            id=&quot;direccion&quot;
            type=&quot;text&quot;
            value=&quot;&quot;
          /&gt;
        &lt;/div&gt;
        &lt;div
          class=&quot;form-group&quot;
        &gt;
          &lt;label
            for=&quot;descripcion&quot;
          &gt;
            Descripción
          &lt;/label&gt;
          &lt;textarea
            class=&quot;form-control&quot;
            id=&quot;descripcion&quot;
            rows=&quot;4&quot;
          /&gt;
        &lt;/div&gt;
        &lt;button
          class=&quot;btn btn-primary&quot;
          type=&quot;submit&quot;
        &gt;
          Actualizar Cancha
        &lt;/button&gt;
      &lt;/form&gt;
    &lt;/div&gt;
  &lt;/div&gt;
&lt;/body&gt;
    at Object.getElementError (C:\Users\nicol\OneDrive\Documentos\GitHub\metricas\cliente\node_modules\@testing-library\dom\dist\config.js:37:19)
    at getAllByLabelText (C:\Users\nicol\OneDrive\Documentos\GitHub\metricas\cliente\node_modules\@testing-library\dom\dist\queries\label-text.js:103:38)
    at C:\Users\nicol\OneDrive\Documentos\GitHub\metricas\cliente\node_modules\@testing-library\dom\dist\query-helpers.js:52:17
    at C:\Users\nicol\OneDrive\Documentos\GitHub\metricas\cliente\node_modules\@testing-library\dom\dist\query-helpers.js:95:19
    at getByLabelText (C:\Users\nicol\OneDrive\Documentos\GitHub\metricas\cliente\src\components\__tests__\ActualizarCancha.test.jsx:188:31)
    at Array.forEach (&lt;anonymous&gt;)
    at forEach (C:\Users\nicol\OneDrive\Documentos\GitHub\metricas\cliente\src\components\__tests__\ActualizarCancha.test.jsx:187:29)
    at call (C:\Users\nicol\OneDrive\Documentos\GitHub\metricas\cliente\src\components\__tests__\ActualizarCancha.test.jsx:2:1)
    at Generator.tryCatch (C:\Users\nicol\OneDrive\Documentos\GitHub\metricas\cliente\src\components\__tests__\ActualizarCancha.test.jsx:2:1)
    at Generator._invoke [as next] (C:\Users\nicol\OneDrive\Documentos\GitHub\metricas\cliente\src\components\__tests__\ActualizarCancha.test.jsx:2:1)
    at asyncGeneratorStep (C:\Users\nicol\OneDrive\Documentos\GitHub\metricas\cliente\src\components\__tests__\ActualizarCancha.test.jsx:2:1)
    at asyncGeneratorStep (C:\Users\nicol\OneDrive\Documentos\GitHub\metricas\cliente\src\components\__tests__\ActualizarCancha.test.jsx:2:1)</failure>
    </testcase>
    <testcase classname="ActualizarCancha Component preserves original data when form is reset" name="ActualizarCancha Component preserves original data when form is reset" time="0.328">
      <failure>TestingLibraryElementError: Unable to find an accessible element with the role &quot;button&quot; and name `/restablecer/i`

Here are the accessible roles:

  textbox:

  Name &quot;Nombre&quot;:
  &lt;input
    class=&quot;form-control&quot;
    id=&quot;nombre&quot;
    type=&quot;text&quot;
    value=&quot;Nombre Temporal&quot;
  /&gt;

  Name &quot;Locación&quot;:
  &lt;input
    class=&quot;form-control&quot;
    id=&quot;locacion&quot;
    type=&quot;text&quot;
    value=&quot;&quot;
  /&gt;

  Name &quot;Dirección&quot;:
  &lt;input
    class=&quot;form-control&quot;
    id=&quot;direccion&quot;
    type=&quot;text&quot;
    value=&quot;&quot;
  /&gt;

  Name &quot;Descripción&quot;:
  &lt;textarea
    class=&quot;form-control&quot;
    id=&quot;descripcion&quot;
    rows=&quot;4&quot;
  /&gt;

  --------------------------------------------------
  button:

  Name &quot;Actualizar Cancha&quot;:
  &lt;button
    class=&quot;btn btn-primary&quot;
    type=&quot;submit&quot;
  /&gt;

  --------------------------------------------------

Ignored nodes: comments, script, style
&lt;body&gt;
  &lt;div&gt;
    &lt;div&gt;
      &lt;form&gt;
        &lt;div
          class=&quot;form-group&quot;
        &gt;
          &lt;label
            for=&quot;nombre&quot;
          &gt;
            Nombre
          &lt;/label&gt;
          &lt;input
            class=&quot;form-control&quot;
            id=&quot;nombre&quot;
            type=&quot;text&quot;
            value=&quot;Nombre Temporal&quot;
          /&gt;
        &lt;/div&gt;
        &lt;div
          class=&quot;form-group&quot;
        &gt;
          &lt;label
            for=&quot;locacion&quot;
          &gt;
            Locación
          &lt;/label&gt;
          &lt;input
            class=&quot;form-control&quot;
            id=&quot;locacion&quot;
            type=&quot;text&quot;
            value=&quot;&quot;
          /&gt;
        &lt;/div&gt;
        &lt;div
          class=&quot;form-group&quot;
        &gt;
          &lt;label
            for=&quot;direccion&quot;
          &gt;
            Dirección
          &lt;/label&gt;
          &lt;input
            class=&quot;form-control&quot;
            id=&quot;direccion&quot;
            type=&quot;text&quot;
            value=&quot;&quot;
          /&gt;
        &lt;/div&gt;
        &lt;div
          class=&quot;form-group&quot;
        &gt;
          &lt;label
            for=&quot;descripcion&quot;
          &gt;
            Descripción
          &lt;/label&gt;
          &lt;textarea
            class=&quot;form-control&quot;
            id=&quot;descripcion&quot;
            rows=&quot;4&quot;
          /&gt;
        &lt;/div&gt;
        &lt;button
          class=&quot;btn btn-primary&quot;
          type=&quot;submit&quot;
        &gt;
          Actualizar Cancha
        &lt;/button&gt;
      &lt;/form&gt;
    &lt;/div&gt;
  &lt;/div&gt;
&lt;/body&gt;
    at Object.getElementError (C:\Users\nicol\OneDrive\Documentos\GitHub\metricas\cliente\node_modules\@testing-library\dom\dist\config.js:37:19)
    at C:\Users\nicol\OneDrive\Documentos\GitHub\metricas\cliente\node_modules\@testing-library\dom\dist\query-helpers.js:76:38
    at C:\Users\nicol\OneDrive\Documentos\GitHub\metricas\cliente\node_modules\@testing-library\dom\dist\query-helpers.js:52:17
    at C:\Users\nicol\OneDrive\Documentos\GitHub\metricas\cliente\node_modules\@testing-library\dom\dist\query-helpers.js:95:19
    at getByRole (C:\Users\nicol\OneDrive\Documentos\GitHub\metricas\cliente\src\components\__tests__\ActualizarCancha.test.jsx:212:28)
    at call (C:\Users\nicol\OneDrive\Documentos\GitHub\metricas\cliente\src\components\__tests__\ActualizarCancha.test.jsx:2:1)
    at Generator.tryCatch (C:\Users\nicol\OneDrive\Documentos\GitHub\metricas\cliente\src\components\__tests__\ActualizarCancha.test.jsx:2:1)
    at Generator._invoke [as next] (C:\Users\nicol\OneDrive\Documentos\GitHub\metricas\cliente\src\components\__tests__\ActualizarCancha.test.jsx:2:1)
    at asyncGeneratorStep (C:\Users\nicol\OneDrive\Documentos\GitHub\metricas\cliente\src\components\__tests__\ActualizarCancha.test.jsx:2:1)
    at asyncGeneratorStep (C:\Users\nicol\OneDrive\Documentos\GitHub\metricas\cliente\src\components\__tests__\ActualizarCancha.test.jsx:2:1)</failure>
    </testcase>
  </testsuite>
  <testsuite name="AuthContext" errors="0" failures="6" skipped="0" timestamp="2025-03-30T15:09:57" time="3.986" tests="6">
    <testcase classname="AuthContext provides initial unauthenticated state" name="AuthContext provides initial unauthenticated state" time="0.018">
      <failure>TypeError: expect(...).toHaveTextContent is not a function
    at Object.toHaveTextContent (C:\Users\nicol\OneDrive\Documentos\GitHub\metricas\cliente\src\context\__tests__\AuthContext.test.js:50:47)
    at Promise.then.completed (C:\Users\nicol\OneDrive\Documentos\GitHub\metricas\cliente\node_modules\jest-circus\build\utils.js:298:28)
    at new Promise (&lt;anonymous&gt;)
    at callAsyncCircusFn (C:\Users\nicol\OneDrive\Documentos\GitHub\metricas\cliente\node_modules\jest-circus\build\utils.js:231:10)
    at _callCircusTest (C:\Users\nicol\OneDrive\Documentos\GitHub\metricas\cliente\node_modules\jest-circus\build\run.js:316:40)
    at processTicksAndRejections (node:internal/process/task_queues:105:5)
    at _runTest (C:\Users\nicol\OneDrive\Documentos\GitHub\metricas\cliente\node_modules\jest-circus\build\run.js:252:3)
    at _runTestsForDescribeBlock (C:\Users\nicol\OneDrive\Documentos\GitHub\metricas\cliente\node_modules\jest-circus\build\run.js:126:9)
    at _runTestsForDescribeBlock (C:\Users\nicol\OneDrive\Documentos\GitHub\metricas\cliente\node_modules\jest-circus\build\run.js:121:9)
    at run (C:\Users\nicol\OneDrive\Documentos\GitHub\metricas\cliente\node_modules\jest-circus\build\run.js:71:3)
    at runAndTransformResultsToJestFormat (C:\Users\nicol\OneDrive\Documentos\GitHub\metricas\cliente\node_modules\jest-circus\build\legacy-code-todo-rewrite\jestAdapterInit.js:122:21)
    at jestAdapter (C:\Users\nicol\OneDrive\Documentos\GitHub\metricas\cliente\node_modules\jest-circus\build\legacy-code-todo-rewrite\jestAdapter.js:79:19)
    at runTestInternal (C:\Users\nicol\OneDrive\Documentos\GitHub\metricas\cliente\node_modules\jest-runner\build\runTest.js:367:16)
    at runTest (C:\Users\nicol\OneDrive\Documentos\GitHub\metricas\cliente\node_modules\jest-runner\build\runTest.js:444:34)
    at Object.worker (C:\Users\nicol\OneDrive\Documentos\GitHub\metricas\cliente\node_modules\jest-runner\build\testWorker.js:106:12)</failure>
    </testcase>
    <testcase classname="AuthContext handles successful login" name="AuthContext handles successful login" time="1.137">
      <failure>TypeError: expect(...).toHaveTextContent is not a function

Ignored nodes: comments, script, style
&lt;html&gt;
  &lt;head /&gt;
  &lt;body&gt;
    &lt;div&gt;
      &lt;div&gt;
        &lt;div
          data-testid=&quot;auth-status&quot;
        &gt;
          Not authenticated
        &lt;/div&gt;
        &lt;button&gt;
          Login
        &lt;/button&gt;
        &lt;button&gt;
          Register
        &lt;/button&gt;
        &lt;button&gt;
          Logout
        &lt;/button&gt;
      &lt;/div&gt;
    &lt;/div&gt;
  &lt;/body&gt;
&lt;/html&gt;
    at toHaveTextContent (C:\Users\nicol\OneDrive\Documentos\GitHub\metricas\cliente\src\context\__tests__\AuthContext.test.js:65:49)
    at runWithExpensiveErrorDiagnosticsDisabled (C:\Users\nicol\OneDrive\Documentos\GitHub\metricas\cliente\node_modules\@testing-library\dom\dist\config.js:47:12)
    at checkCallback (C:\Users\nicol\OneDrive\Documentos\GitHub\metricas\cliente\node_modules\@testing-library\dom\dist\wait-for.js:127:77)
    at checkRealTimersCallback (C:\Users\nicol\OneDrive\Documentos\GitHub\metricas\cliente\node_modules\@testing-library\dom\dist\wait-for.js:121:16)
    at Timeout.task [as _onTimeout] (C:\Users\nicol\OneDrive\Documentos\GitHub\metricas\cliente\node_modules\jsdom\lib\jsdom\browser\Window.js:520:19)
    at listOnTimeout (node:internal/timers:594:17)
    at processTimers (node:internal/timers:529:7)</failure>
    </testcase>
    <testcase classname="AuthContext handles successful registration" name="AuthContext handles successful registration" time="1.052">
      <failure>TypeError: expect(...).toHaveTextContent is not a function

Ignored nodes: comments, script, style
&lt;html&gt;
  &lt;head /&gt;
  &lt;body&gt;
    &lt;div&gt;
      &lt;div&gt;
        &lt;div
          data-testid=&quot;auth-status&quot;
        &gt;
          Not authenticated
        &lt;/div&gt;
        &lt;button&gt;
          Login
        &lt;/button&gt;
        &lt;button&gt;
          Register
        &lt;/button&gt;
        &lt;button&gt;
          Logout
        &lt;/button&gt;
      &lt;/div&gt;
    &lt;/div&gt;
  &lt;/body&gt;
&lt;/html&gt;
    at toHaveTextContent (C:\Users\nicol\OneDrive\Documentos\GitHub\metricas\cliente\src\context\__tests__\AuthContext.test.js:85:49)
    at runWithExpensiveErrorDiagnosticsDisabled (C:\Users\nicol\OneDrive\Documentos\GitHub\metricas\cliente\node_modules\@testing-library\dom\dist\config.js:47:12)
    at checkCallback (C:\Users\nicol\OneDrive\Documentos\GitHub\metricas\cliente\node_modules\@testing-library\dom\dist\wait-for.js:127:77)
    at checkRealTimersCallback (C:\Users\nicol\OneDrive\Documentos\GitHub\metricas\cliente\node_modules\@testing-library\dom\dist\wait-for.js:121:16)
    at Timeout.task [as _onTimeout] (C:\Users\nicol\OneDrive\Documentos\GitHub\metricas\cliente\node_modules\jsdom\lib\jsdom\browser\Window.js:520:19)
    at listOnTimeout (node:internal/timers:594:17)
    at processTimers (node:internal/timers:529:7)</failure>
    </testcase>
    <testcase classname="AuthContext handles logout" name="AuthContext handles logout" time="1.037">
      <failure>TypeError: expect(...).toHaveTextContent is not a function

Ignored nodes: comments, script, style
&lt;html&gt;
  &lt;head /&gt;
  &lt;body&gt;
    &lt;div&gt;
      &lt;div&gt;
        &lt;div
          data-testid=&quot;auth-status&quot;
        &gt;
          Not authenticated
        &lt;/div&gt;
        &lt;button&gt;
          Login
        &lt;/button&gt;
        &lt;button&gt;
          Register
        &lt;/button&gt;
        &lt;button&gt;
          Logout
        &lt;/button&gt;
      &lt;/div&gt;
    &lt;/div&gt;
  &lt;/body&gt;
&lt;/html&gt;
    at toHaveTextContent (C:\Users\nicol\OneDrive\Documentos\GitHub\metricas\cliente\src\context\__tests__\AuthContext.test.js:105:49)
    at runWithExpensiveErrorDiagnosticsDisabled (C:\Users\nicol\OneDrive\Documentos\GitHub\metricas\cliente\node_modules\@testing-library\dom\dist\config.js:47:12)
    at checkCallback (C:\Users\nicol\OneDrive\Documentos\GitHub\metricas\cliente\node_modules\@testing-library\dom\dist\wait-for.js:127:77)
    at checkRealTimersCallback (C:\Users\nicol\OneDrive\Documentos\GitHub\metricas\cliente\node_modules\@testing-library\dom\dist\wait-for.js:121:16)
    at Timeout.task [as _onTimeout] (C:\Users\nicol\OneDrive\Documentos\GitHub\metricas\cliente\node_modules\jsdom\lib\jsdom\browser\Window.js:520:19)
    at listOnTimeout (node:internal/timers:594:17)
    at processTimers (node:internal/timers:529:7)</failure>
    </testcase>
    <testcase classname="AuthContext restores auth state from localStorage" name="AuthContext restores auth state from localStorage" time="0.001">
      <failure>TypeError: localStorage.getItem.mockImplementation is not a function
    at Object.mockImplementation (C:\Users\nicol\OneDrive\Documentos\GitHub\metricas\cliente\src\context\__tests__\AuthContext.test.js:124:26)
    at Promise.then.completed (C:\Users\nicol\OneDrive\Documentos\GitHub\metricas\cliente\node_modules\jest-circus\build\utils.js:298:28)
    at new Promise (&lt;anonymous&gt;)
    at callAsyncCircusFn (C:\Users\nicol\OneDrive\Documentos\GitHub\metricas\cliente\node_modules\jest-circus\build\utils.js:231:10)
    at _callCircusTest (C:\Users\nicol\OneDrive\Documentos\GitHub\metricas\cliente\node_modules\jest-circus\build\run.js:316:40)
    at _runTest (C:\Users\nicol\OneDrive\Documentos\GitHub\metricas\cliente\node_modules\jest-circus\build\run.js:252:3)
    at _runTestsForDescribeBlock (C:\Users\nicol\OneDrive\Documentos\GitHub\metricas\cliente\node_modules\jest-circus\build\run.js:126:9)
    at _runTestsForDescribeBlock (C:\Users\nicol\OneDrive\Documentos\GitHub\metricas\cliente\node_modules\jest-circus\build\run.js:121:9)
    at run (C:\Users\nicol\OneDrive\Documentos\GitHub\metricas\cliente\node_modules\jest-circus\build\run.js:71:3)
    at runAndTransformResultsToJestFormat (C:\Users\nicol\OneDrive\Documentos\GitHub\metricas\cliente\node_modules\jest-circus\build\legacy-code-todo-rewrite\jestAdapterInit.js:122:21)
    at jestAdapter (C:\Users\nicol\OneDrive\Documentos\GitHub\metricas\cliente\node_modules\jest-circus\build\legacy-code-todo-rewrite\jestAdapter.js:79:19)
    at runTestInternal (C:\Users\nicol\OneDrive\Documentos\GitHub\metricas\cliente\node_modules\jest-runner\build\runTest.js:367:16)
    at runTest (C:\Users\nicol\OneDrive\Documentos\GitHub\metricas\cliente\node_modules\jest-runner\build\runTest.js:444:34)
    at Object.worker (C:\Users\nicol\OneDrive\Documentos\GitHub\metricas\cliente\node_modules\jest-runner\build\testWorker.js:106:12)</failure>
    </testcase>
    <testcase classname="AuthContext handles invalid localStorage data" name="AuthContext handles invalid localStorage data" time="0.001">
      <failure>TypeError: localStorage.getItem.mockImplementation is not a function
    at Object.mockImplementation (C:\Users\nicol\OneDrive\Documentos\GitHub\metricas\cliente\src\context\__tests__\AuthContext.test.js:138:26)
    at Promise.then.completed (C:\Users\nicol\OneDrive\Documentos\GitHub\metricas\cliente\node_modules\jest-circus\build\utils.js:298:28)
    at new Promise (&lt;anonymous&gt;)
    at callAsyncCircusFn (C:\Users\nicol\OneDrive\Documentos\GitHub\metricas\cliente\node_modules\jest-circus\build\utils.js:231:10)
    at _callCircusTest (C:\Users\nicol\OneDrive\Documentos\GitHub\metricas\cliente\node_modules\jest-circus\build\run.js:316:40)
    at _runTest (C:\Users\nicol\OneDrive\Documentos\GitHub\metricas\cliente\node_modules\jest-circus\build\run.js:252:3)
    at _runTestsForDescribeBlock (C:\Users\nicol\OneDrive\Documentos\GitHub\metricas\cliente\node_modules\jest-circus\build\run.js:126:9)
    at _runTestsForDescribeBlock (C:\Users\nicol\OneDrive\Documentos\GitHub\metricas\cliente\node_modules\jest-circus\build\run.js:121:9)
    at run (C:\Users\nicol\OneDrive\Documentos\GitHub\metricas\cliente\node_modules\jest-circus\build\run.js:71:3)
    at runAndTransformResultsToJestFormat (C:\Users\nicol\OneDrive\Documentos\GitHub\metricas\cliente\node_modules\jest-circus\build\legacy-code-todo-rewrite\jestAdapterInit.js:122:21)
    at jestAdapter (C:\Users\nicol\OneDrive\Documentos\GitHub\metricas\cliente\node_modules\jest-circus\build\legacy-code-todo-rewrite\jestAdapter.js:79:19)
    at runTestInternal (C:\Users\nicol\OneDrive\Documentos\GitHub\metricas\cliente\node_modules\jest-runner\build\runTest.js:367:16)
    at runTest (C:\Users\nicol\OneDrive\Documentos\GitHub\metricas\cliente\node_modules\jest-runner\build\runTest.js:444:34)
    at Object.worker (C:\Users\nicol\OneDrive\Documentos\GitHub\metricas\cliente\node_modules\jest-runner\build\testWorker.js:106:12)</failure>
    </testcase>
  </testsuite>
</testsuites>